◇ injected env (15) from .env.local // tip: ⌁ auth for agents [www.vestauth.com]
◇ injected env (61) from .env // tip: ◈ encrypted .env [www.dotenvx.com]
{
  "mode": "READ_ONLY_LIVE_SP_API_CAPTURE",
  "snapshot_path": "data/repairs/rollback/UAPS-20260720T020146537Z-46a80e727880-3c48e4600da4.json",
  "snapshot_id": "UAPS-20260720T020146537Z-46a80e727880",
  "snapshot_sha256": "3c48e4600da478d1bcf0209e8c08c92362371aff2488366391cec14519860f3d",
  "exact_scope": {
    "expected": 164,
    "captured": 164,
    "unique_skus": 164,
    "unique_asins": 164,
    "stores": [
      1
    ]
  },
  "image_capture": {
    "unique_urls": 248,
    "captured": 0,
    "failed": 248,
    "complete": false
  },
  "snapshot_apply_eligible": true,
  "rollback_path": null,
  "rollback": null,
  "external_mutations": {
    "amazon_writes": 0,
    "r2_writes": 0,
    "database_writes": 0
  }
}
