GEN_OK ready 134 · publishing 134 (skip already applied/qarth)

[WALMART][STORE1] token issued, expires at 2026-07-12T18:52:23.327Z
[WALMART][STORE1] GET /v3/items/FaisalX-2045 → 200 (tokens: 149, 485ms, cid=d831275f-0c85-4831-baf2-ad02e47c16e9)
[WALMART][STORE1] GET /v3/items/RizwanX-269 → 200 (tokens: 149, 442ms, cid=671f881b-6cc2-4ce7-b005-d877f4c46316)
[WALMART][STORE1] GET /v3/items/RizwanX-276 → 200 (tokens: 149, 421ms, cid=24823375-64c0-43de-8db8-3100c8d81719)
[WALMART][STORE1] GET /v3/items/RizwanX-290 → 200 (tokens: 149, 434ms, cid=7a55b98c-e52f-4408-a92b-b058cbf16e8d)
[WALMART][STORE1] GET /v3/items/RizwanX-302 → 200 (tokens: 149, 431ms, cid=abdac8cb-7035-48cc-89da-590452fdca78)
[WALMART][STORE1] GET /v3/items/RizwanX-303 → 200 (tokens: 149, 422ms, cid=197716ac-f7ef-442d-8e7e-84fb47bf3c30)
[WALMART][STORE1] GET /v3/items/RizwanX-332 → 200 (tokens: 149, 522ms, cid=0f639d3d-f424-48dd-90a7-ff810dbe54fc)
[WALMART][STORE1] GET /v3/items/RizwanX-341 → 200 (tokens: 149, 480ms, cid=dc480eec-dd1a-4b8e-8c51-4cd4a428c1a9)
[WALMART][STORE1] GET /v3/items/RizwanX-340 → 200 (tokens: 149, 441ms, cid=981a3762-dcd8-45e6-bcba-1d28878246a0)
[WALMART][STORE1] GET /v3/items/RizwanX-342 → 200 (tokens: 149, 477ms, cid=ed6f18c6-c24c-445a-8824-177b850b697e)
[WALMART][STORE1] GET /v3/items/RizwanX-3499 → 200 (tokens: 149, 476ms, cid=bd63b4e4-24a6-46fa-babf-4e6cd4d5cc72)
[WALMART][STORE1] GET /v3/items/RizwanX-3523 → 200 (tokens: 149, 409ms, cid=84adcb8a-dc02-4394-a341-d3b4a05ebab4)
[WALMART][STORE1] GET /v3/items/RizwanX-3610 → 200 (tokens: 148, 407ms, cid=7599efcc-7f6b-4ecf-90d8-3e2815354084)
[WALMART][STORE1] GET /v3/items/RizwanX-359 → 200 (tokens: 149, 513ms, cid=e56f7295-c69a-4a19-925e-0396c2444862)
[WALMART][STORE1] GET /v3/items/RizwanX-360 → 200 (tokens: 149, 480ms, cid=c777076f-03b3-4e00-85f9-d7895b6229c7)
[WALMART][STORE1] GET /v3/items/RizwanX-3603 → 200 (tokens: 149, 753ms, cid=6a39f0a8-17dd-4d43-bfdb-544a3cb12bfc)
[WALMART][STORE1] GET /v3/items/RizwanX-3604 → 200 (tokens: 149, 643ms, cid=53873f11-7018-4bd6-9726-579d3c7504e1)
[WALMART][STORE1] GET /v3/items/RizwanX-3614 → 200 (tokens: 149, 538ms, cid=6464540c-8d16-480a-8e6b-74cfc8c983ff)
[WALMART][STORE1] GET /v3/items/RizwanX-3611 → 200 (tokens: 149, 461ms, cid=f796e0f2-6aad-4598-ab75-d6fda5946e37)
[WALMART][STORE1] GET /v3/items/RizwanX-3708 → 200 (tokens: 149, 497ms, cid=3114b517-6f5b-4421-9b31-a3a3573ac661)
[WALMART][STORE1] GET /v3/items/RizwanX-372 → 200 (tokens: 149, 415ms, cid=fc23a09c-66b0-4ab3-a9e1-506b470f9f0c)
[WALMART][STORE1] GET /v3/items/RizwanX-371 → 200 (tokens: 149, 428ms, cid=61c440fa-7582-4492-b65f-ec6b8733807c)
[WALMART][STORE1] GET /v3/items/RizwanX-374 → 200 (tokens: 149, 504ms, cid=99736e53-b571-405e-a042-8751cd8f2168)
[WALMART][STORE1] GET /v3/items/RizwanX-384 → 200 (tokens: 149, 412ms, cid=0cd8be20-ae72-444d-bd21-a4b19418ef12)
[WALMART][STORE1] GET /v3/items/RizwanX-380 → 200 (tokens: 149, 436ms, cid=f376dfae-e570-4fc0-8922-2920443eaf07)
[WALMART][STORE1] GET /v3/items/RizwanX-381 → 200 (tokens: 149, 408ms, cid=c3f5b3ab-5212-43a5-86dc-6a9ce0df58d9)
[WALMART][STORE1] GET /v3/items/RizwanX-3843 → 200 (tokens: 149, 546ms, cid=7b98d431-c078-46d9-954b-1252cc2d203e)
[WALMART][STORE1] GET /v3/items/RizwanX-3841 → 200 (tokens: 149, 415ms, cid=7df8d710-30e8-41d5-a41a-6ab0c5213f18)
[WALMART][STORE1] GET /v3/items/RizwanX-3842 → 200 (tokens: 149, 437ms, cid=014ec6d3-e0ab-4325-8216-449fd18b658c)
[WALMART][STORE1] GET /v3/items/RizwanX-3852 → 200 (tokens: 149, 601ms, cid=ff6b3a80-e66b-43c4-bbc8-9ef498bf9ecb)
[WALMART][STORE1] GET /v3/items/RizwanX-3851 → 200 (tokens: 149, 429ms, cid=afb0af6a-690e-449c-96cd-6b6ae63c898a)
[WALMART][STORE1] GET /v3/items/RizwanX-3875 → 200 (tokens: 149, 432ms, cid=7edde440-d826-4c25-b7f0-214bac65156b)
[WALMART][STORE1] GET /v3/items/RizwanX-3872 → 200 (tokens: 148, 482ms, cid=502847c6-5af4-4e0f-9141-d0d7406031ff)
[WALMART][STORE1] GET /v3/items/RizwanX-3871 → 200 (tokens: 149, 502ms, cid=01e50a29-ecaf-478e-b5f3-d6112983ccea)
[WALMART][STORE1] GET /v3/items/RizwanX-3883 → 200 (tokens: 148, 523ms, cid=34c65fef-6255-4ff4-8be5-7027e43cd76d)
[WALMART][STORE1] GET /v3/items/RizwanX-3881 → 200 (tokens: 149, 619ms, cid=3e8dbcdb-092c-4448-b1dc-63f988f2a4c4)
[WALMART][STORE1] GET /v3/items/RizwanX-3921 → 200 (tokens: 149, 567ms, cid=89491153-c127-4dc5-8270-df1505b82b3d)
[WALMART][STORE1] GET /v3/items/RizwanX-3919 → 200 (tokens: 148, 397ms, cid=25560499-266f-4532-9721-6fb8f6b549e8)
[WALMART][STORE1] GET /v3/items/RizwanX-3908 → 200 (tokens: 148, 443ms, cid=ff1ce5e4-00c3-41ee-abeb-e9445c7115d5)
[WALMART][STORE1] GET /v3/items/RizwanX-3920 → 200 (tokens: 149, 470ms, cid=d5f3a78b-bf5f-4d88-96ec-087cfac169b2)
[WALMART][STORE1] GET /v3/items/RizwanX-404 → 200 (tokens: 149, 456ms, cid=99e23461-5337-4f37-9cb4-3a9084aca45a)
[WALMART][STORE1] GET /v3/items/RizwanX-396 → 200 (tokens: 149, 395ms, cid=ee4a0bdd-11b0-4d89-8b99-82920e604de6)
[WALMART][STORE1] GET /v3/items/RizwanX-405 → 200 (tokens: 149, 419ms, cid=ace6ac22-2f8c-4810-9527-48a98eb58074)
[WALMART][STORE1] GET /v3/items/RizwanX-403 → 200 (tokens: 149, 424ms, cid=012f74d5-9db4-4f49-88af-4a82aae1ade1)
[WALMART][STORE1] GET /v3/items/RizwanX-410 → 200 (tokens: 149, 610ms, cid=c7b38dd6-d39b-49f9-81e9-2e7dcbf6dc3e)
[WALMART][STORE1] GET /v3/items/RizwanX-411 → 200 (tokens: 149, 646ms, cid=a3d7a4c8-5659-4603-bdf0-dccf723fcdeb)
[WALMART][STORE1] GET /v3/items/RizwanX-4107 → 200 (tokens: 149, 397ms, cid=5eeed8d2-ad37-4687-b2ed-366241b01793)
[WALMART][STORE1] GET /v3/items/RizwanX-417 → 200 (tokens: 149, 433ms, cid=bfd7ec7f-b517-4e80-84c9-e219a2b5d05b)
[WALMART][STORE1] GET /v3/items/RizwanX-409 → 200 (tokens: 149, 562ms, cid=b4e436aa-69ac-43a8-8872-d037192c4c2d)
[WALMART][STORE1] GET /v3/items/RizwanX-416 → 200 (tokens: 149, 443ms, cid=75e05842-c560-4854-bed8-b60ddf731e66)
[WALMART][STORE1] GET /v3/items/RizwanX-428 → 200 (tokens: 149, 435ms, cid=f1a2217b-4290-4bdc-98e3-0ef243c6eada)
[WALMART][STORE1] GET /v3/items/RizwanX-430 → 200 (tokens: 149, 419ms, cid=f4bb4224-877f-4f2a-ba22-00313969cf30)
[WALMART][STORE1] GET /v3/items/RizwanX-432 → 200 (tokens: 149, 409ms, cid=a5d24c6b-cab8-4a98-bb18-d38457d44f6f)
[WALMART][STORE1] GET /v3/items/RizwanX-436 → 200 (tokens: 149, 405ms, cid=8a263e86-72e2-4af8-9029-3a1ba3a67579)
[WALMART][STORE1] GET /v3/items/RizwanX-438 → 200 (tokens: 149, 444ms, cid=0b552ac6-9dbb-4210-ab67-81529f364555)
[WALMART][STORE1] GET /v3/items/RizwanX-443 → 200 (tokens: 149, 422ms, cid=6da0f70f-9b28-4368-9ad0-17b5399a7661)
[WALMART][STORE1] GET /v3/items/RizwanX-444 → 200 (tokens: 149, 473ms, cid=2f899d07-21bd-49a8-9fad-8acc59165bb4)
[WALMART][STORE1] GET /v3/items/RizwanX-445 → 200 (tokens: 149, 419ms, cid=ac7aaf77-4c22-49d3-97fe-413ecb280a34)
[WALMART][STORE1] GET /v3/items/RizwanX-446 → 200 (tokens: 149, 453ms, cid=ea16fbd9-92a8-4e8d-9930-b71958db2435)
[WALMART][STORE1] GET /v3/items/RizwanX-449 → 200 (tokens: 149, 421ms, cid=7c486229-57f6-4222-a757-b046f1d67f6c)
[WALMART][STORE1] GET /v3/items/RizwanX-447 → 200 (tokens: 149, 470ms, cid=83277b2c-46db-4262-993f-4cbb4a7bfbb5)
[WALMART][STORE1] GET /v3/items/RizwanX-4532 → 200 (tokens: 149, 509ms, cid=3eb5088e-ed02-4cad-b682-92d2479a9f14)
[WALMART][STORE1] GET /v3/items/RizwanX-4530 → 200 (tokens: 149, 477ms, cid=5be77505-e447-4741-9988-1d1e7f25660d)
[WALMART][STORE1] GET /v3/items/RizwanX-4526 → 200 (tokens: 149, 431ms, cid=c07a891b-176d-4e5f-94b6-cd52a0f2f4c5)
[WALMART][STORE1] GET /v3/items/RizwanX-4538 → 200 (tokens: 149, 362ms, cid=5c2fe19c-320b-4a31-84a5-b83789a61157)
[WALMART][STORE1] GET /v3/items/RizwanX-4539 → 200 (tokens: 149, 363ms, cid=41b190e0-e030-4a97-a395-07c3deb1e701)
[WALMART][STORE1] GET /v3/items/RizwanX-473 → 200 (tokens: 149, 404ms, cid=d3702924-4dd8-446f-bea0-0b030e682352)
[WALMART][STORE1] GET /v3/items/RizwanX-472 → 200 (tokens: 148, 401ms, cid=e610101f-8669-4960-9a2c-6510f8ae4866)
[WALMART][STORE1] GET /v3/items/RizwanX-486 → 200 (tokens: 149, 442ms, cid=36a7494e-af6f-4472-8bee-ce143e21414b)
[WALMART][STORE1] GET /v3/items/RizwanX-49 → 200 (tokens: 149, 422ms, cid=6f3ba81a-c855-4844-a1fd-c6caf3d017d5)
[WALMART][STORE1] GET /v3/items/RizwanX-477 → 200 (tokens: 149, 572ms, cid=17acd70b-700f-4df8-94b8-89dc382764c7)
[WALMART][STORE1] GET /v3/items/RizwanX-475 → 200 (tokens: 149, 580ms, cid=2eae3c8c-fe8c-45cf-bbd7-5cf720252326)
[WALMART][STORE1] GET /v3/items/RizwanX-488 → 200 (tokens: 149, 418ms, cid=9b14548d-4662-46b9-94dc-5ab7a892a31b)
[WALMART][STORE1] GET /v3/items/RizwanX-476 → 200 (tokens: 149, 666ms, cid=68c5626d-0787-400c-ad65-9bbd2854d4fc)
[WALMART][STORE1] GET /v3/items/RizwanX-485 → 200 (tokens: 149, 433ms, cid=51a13d5a-59d2-4240-9acd-3a6bd6747bd7)
[WALMART][STORE1] GET /v3/items/RizwanX-497 → 200 (tokens: 149, 531ms, cid=8746765a-d923-4584-bbaa-f2b5d1b0a2d3)
[WALMART][STORE1] GET /v3/items/RizwanX-507 → 200 (tokens: 149, 442ms, cid=c4fcaf3e-aaa0-4890-9399-9c764417c0f9)
[WALMART][STORE1] GET /v3/items/RizwanX-505 → 200 (tokens: 148, 690ms, cid=69689338-6a84-4c1b-9b22-3932c206022b)
[WALMART][STORE1] GET /v3/items/RizwanX-498 → 200 (tokens: 149, 423ms, cid=140e25cd-61a8-4ca4-8cef-eccc8dc13293)
[WALMART][STORE1] GET /v3/items/RizwanX-538 → 200 (tokens: 149, 466ms, cid=5fe7eb86-d3c7-443b-8dd3-70d07de971b4)
[WALMART][STORE1] GET /v3/items/RizwanX-537 → 200 (tokens: 148, 458ms, cid=3fc3fbfa-43f4-4363-9206-e8429010b651)
[WALMART][STORE1] GET /v3/items/RizwanX-53 → 200 (tokens: 148, 435ms, cid=439eb1bf-ea66-401a-bba0-677b51ac3cfd)
[WALMART][STORE1] GET /v3/items/RizwanX-52 → 200 (tokens: 149, 432ms, cid=92373167-54f7-460c-9387-eba6308ca09d)
[WALMART][STORE1] GET /v3/items/RizwanX-536 → 200 (tokens: 149, 1146ms, cid=bb4debf0-20b6-4c14-ba92-6a270fdd0295)
[WALMART][STORE1] GET /v3/items/RizwanX-515 → 200 (tokens: 148, 758ms, cid=803cec17-8cbf-4c30-b685-4c649475317d)
[WALMART][STORE1] GET /v3/items/RizwanX-520 → 200 (tokens: 149, 837ms, cid=3907ca6d-01b2-4e58-ba3f-65dcaf5a1f6d)
[WALMART][STORE1] GET /v3/items/RizwanX-541 → 200 (tokens: 149, 1020ms, cid=a6f758c7-9e8c-4fa3-9c33-55f9b50bb0f2)
[WALMART][STORE1] GET /v3/items/RizwanX-547 → 200 (tokens: 149, 728ms, cid=57701c71-683c-43ff-bd1b-35b4b051f4f2)
[WALMART][STORE1] GET /v3/items/RizwanX-539 → 200 (tokens: 149, 729ms, cid=9b38ca44-e789-4b8f-8444-09e30959a795)
[WALMART][STORE1] GET /v3/items/RizwanX-546 → 200 (tokens: 149, 799ms, cid=9e669f2a-62e4-4573-af33-15ddabbe9552)
[WALMART][STORE1] GET /v3/items/RizwanX-540 → 200 (tokens: 149, 935ms, cid=d9b233b0-35a5-4c53-bfb3-5577dbcb7921)
[WALMART][STORE1] GET /v3/items/RizwanX-549 → 200 (tokens: 149, 726ms, cid=c43df23a-d9cf-413b-8544-ced8e0e19fda)
[WALMART][STORE1] GET /v3/items/RizwanX-543 → 200 (tokens: 149, 815ms, cid=46ab689d-f13b-47be-9b60-bd7f35bf1352)
[WALMART][STORE1] GET /v3/items/RizwanX-552 → 200 (tokens: 149, 798ms, cid=daa3336b-f250-4f43-9617-3002f6c2980c)
[WALMART][STORE1] GET /v3/items/RizwanX-56 → 200 (tokens: 149, 798ms, cid=b78ef099-0945-4017-b87a-af451b996961)
[WALMART][STORE1] GET /v3/items/RizwanX-550 → 200 (tokens: 148, 709ms, cid=630726d7-6f3c-49d1-b72b-b47efd89fe83)
[WALMART][STORE1] GET /v3/items/RizwanX-57 → 200 (tokens: 149, 924ms, cid=b12de387-2438-470e-926a-a34dda3ca971)
[WALMART][STORE1] GET /v3/items/RizwanX-570 → 200 (tokens: 149, 785ms, cid=8060e81f-bf68-469e-8326-3d8d9e48e392)
[WALMART][STORE1] GET /v3/items/RizwanX-587 → 200 (tokens: 149, 705ms, cid=edfbe4d5-730e-4a06-aa63-edaccb5724ee)
[WALMART][STORE1] GET /v3/items/RizwanX-586 → 200 (tokens: 149, 753ms, cid=39349a02-85dc-4d46-a565-21e2d3d42a3c)
[WALMART][STORE1] GET /v3/items/RizwanX-584 → 200 (tokens: 149, 819ms, cid=723c5c77-e1c4-492d-83a8-17b1e10ea758)
[WALMART][STORE1] GET /v3/items/RizwanX-585 → 200 (tokens: 148, 863ms, cid=5f5fda69-cfc3-47c9-9393-d7f8b25f5e67)
[WALMART][STORE1] GET /v3/items/RizwanX-588 → 200 (tokens: 149, 781ms, cid=b87ad746-8fd8-43c1-823e-b546663c64f7)
[WALMART][STORE1] GET /v3/items/RizwanX-621 → 200 (tokens: 149, 938ms, cid=7b2c6930-2ac3-48d9-8a8c-042ffd6e15ff)
[WALMART][STORE1] GET /v3/items/RizwanX-614 → 200 (tokens: 149, 749ms, cid=022fa0e8-1167-46f4-92b1-bddd151d5189)
[WALMART][STORE1] GET /v3/items/RizwanX-611 → 200 (tokens: 149, 798ms, cid=9cb82b52-43df-4368-8d5f-929669066af7)
[WALMART][STORE1] GET /v3/items/RizwanX-617 → 200 (tokens: 149, 707ms, cid=80ea5dd1-61cc-48e9-95a4-98b17dd712d5)
[WALMART][STORE1] GET /v3/items/RizwanX-610 → 200 (tokens: 149, 847ms, cid=57949fc7-0f21-41b2-95f6-84d9eb55683f)
[WALMART][STORE1] GET /v3/items/RizwanX-618 → 200 (tokens: 149, 872ms, cid=0c363018-d182-4481-95d2-1af180d81705)
[WALMART][STORE1] GET /v3/items/RizwanX-602 → 200 (tokens: 149, 690ms, cid=c4619c83-1927-4562-90cb-6566703e949c)
[WALMART][STORE1] GET /v3/items/RizwanX-620 → 200 (tokens: 149, 861ms, cid=50d0bf3d-e102-4c73-bb0a-0e0383b8edf3)
[WALMART][STORE1] GET /v3/items/RizwanX-625 → 200 (tokens: 149, 735ms, cid=cdba2b77-ca75-47b5-b1d5-3528c60d0bdd)
[WALMART][STORE1] GET /v3/items/RizwanX-626 → 200 (tokens: 149, 759ms, cid=16b7a4e6-879f-454b-9684-78d08a4eda21)
[WALMART][STORE1] GET /v3/items/RizwanX-648 → 200 (tokens: 149, 743ms, cid=51db2bdc-e5a8-42c7-8257-698deb79ce18)
[WALMART][STORE1] GET /v3/items/RizwanX-642 → 200 (tokens: 149, 808ms, cid=2bc31a8f-a4e8-4ba0-a92d-043ca9662d86)
[WALMART][STORE1] GET /v3/items/RizwanX-647 → 200 (tokens: 149, 778ms, cid=9b215a8c-d0c8-44e6-ba84-6f0ee526c869)
[WALMART][STORE1] GET /v3/items/RizwanX-640 → 200 (tokens: 149, 780ms, cid=1a889193-c1d7-4b27-a664-d06fab1ee577)
[WALMART][STORE1] GET /v3/items/RizwanX-653 → 200 (tokens: 148, 935ms, cid=5254fdc0-b456-4df9-a677-b9f7b8171135)
[WALMART][STORE1] GET /v3/items/RizwanX-650 → 200 (tokens: 149, 734ms, cid=b820aad7-2cef-4498-8a4e-9b95a2cbca7c)
[WALMART][STORE1] GET /v3/items/RizwanX-652 → 200 (tokens: 149, 725ms, cid=bac1f8fe-62e9-40d4-a97a-1312f04314d9)
[WALMART][STORE1] GET /v3/items/RizwanX-651 → 200 (tokens: 148, 745ms, cid=9917dc97-e669-4915-b242-606cfb991315)
[WALMART][STORE1] GET /v3/items/RizwanX-672 → 200 (tokens: 149, 744ms, cid=7d622d29-8d19-44ce-b9eb-aa7b062a965c)
[WALMART][STORE1] GET /v3/items/RizwanX-775 → 200 (tokens: 149, 866ms, cid=73826bb3-07a9-4eda-8d12-4b3762cecf79)
[WALMART][STORE1] GET /v3/items/RizwanX-777 → 200 (tokens: 149, 738ms, cid=956ab637-2891-4e70-b298-9ae1af5dfa33)
[WALMART][STORE1] GET /v3/items/RizwanX-781 → 200 (tokens: 149, 843ms, cid=291b84f5-2574-46e9-9e66-aa1234ad6f7d)
[WALMART][STORE1] GET /v3/items/RizwanX-783 → 200 (tokens: 149, 863ms, cid=6bc79d3b-6dd5-4eaf-9207-8da102b52168)
[WALMART][STORE1] GET /v3/items/RizwanX-782 → 200 (tokens: 148, 808ms, cid=2c9d06bc-6c0a-47c6-8c28-d67b09c7f098)
[WALMART][STORE1] GET /v3/items/RizwanX-806 → 200 (tokens: 149, 846ms, cid=94f72c51-f002-4ac9-b6cd-55afeabf166c)
[WALMART][STORE1] GET /v3/items/RizwanX-810 → 200 (tokens: 148, 757ms, cid=cd48eadc-9f36-4e64-975f-e5c8f7b59ffa)
[WALMART][STORE1] GET /v3/items/RizwanX-825 → 200 (tokens: 149, 851ms, cid=604d17be-ca48-45ca-bcc7-fb578c3dce95)
[WALMART][STORE1] GET /v3/items/RizwanX-83 → 200 (tokens: 149, 758ms, cid=a74a3983-f4c1-4e0f-8f3c-c187297024e9)
[WALMART][STORE1] GET /v3/items/RizwanX-93 → 200 (tokens: 149, 711ms, cid=902ec3c1-cc6a-413f-8b24-691d28b29ebc)
[WALMART][STORE1] GET /v3/items/RizwanX-92 → 200 (tokens: 149, 812ms, cid=83e9cee3-2489-498b-a6e6-b6f2b0b2f1d7)
[WALMART][STORE1] GET /v3/items/RizwanX-841 → 200 (tokens: 148, 807ms, cid=26217f8f-ca2c-48ba-860e-e63ca4234ab3)
built 134 MPItems

[WALMART][STORE1] POST /v3/feeds?feedType=MP_MAINTENANCE → 200 (tokens: 4, 976ms, cid=0bb76cc3-f89a-4884-9005-ddbf8c4cc6aa)
  batch 1/3: feed 18C19ED981FF5253… (50) draining…
[WALMART][STORE1] GET /v3/feeds/18C19ED981FF5253AF2A9A0EA386FDB6%40AX8BBgA?includeDetails=true → 200 (tokens: 832, 440ms, cid=98fee5c0-3c1d-47ad-9a68-7dc57f8aca2b)
[WALMART][STORE1] GET /v3/feeds/18C19ED981FF5253AF2A9A0EA386FDB6%40AX8BBgA?includeDetails=true → 200 (tokens: 832, 365ms, cid=8f7332eb-565e-4865-98b1-c16a1553c68e)
[WALMART][STORE1] GET /v3/feeds/18C19ED981FF5253AF2A9A0EA386FDB6%40AX8BBgA?includeDetails=true → 200 (tokens: 832, 412ms, cid=9cc033a2-7678-43f0-af4e-25a40d670c5a)
[WALMART][STORE1] GET /v3/feeds/18C19ED981FF5253AF2A9A0EA386FDB6%40AX8BBgA?includeDetails=true → 200 (tokens: 832, 367ms, cid=8f648057-8586-4322-a33e-a2a295e623ba)
[WALMART][STORE1] GET /v3/feeds/18C19ED981FF5253AF2A9A0EA386FDB6%40AX8BBgA?includeDetails=true → 200 (tokens: 832, 384ms, cid=8d4805bc-a60f-48aa-9da7-0b179c910116)
[WALMART][STORE1] GET /v3/feeds/18C19ED981FF5253AF2A9A0EA386FDB6%40AX8BBgA?includeDetails=true → 200 (tokens: 832, 365ms, cid=bd12177b-1a66-4f92-ad62-6f7f26422510)
[WALMART][STORE1] GET /v3/feeds/18C19ED981FF5253AF2A9A0EA386FDB6%40AX8BBgA?includeDetails=true → 200 (tokens: 832, 237ms, cid=854e9d1d-0a8e-409a-8f95-64829db1c71b)
  batch 1/3: applied 49 · qarth 0 · fail 1 (cumulative)
[WALMART][STORE1] POST /v3/feeds?feedType=MP_MAINTENANCE → 200 (tokens: 3, 1232ms, cid=de06243e-5470-4856-a0f2-2eadfe9c517f)
  batch 2/3: feed 18C19EF3DABF5533… (50) draining…
[WALMART][STORE1] GET /v3/feeds/18C19EF3DABF5533A09E1D0A62BE9AA0%40AX8BBwA?includeDetails=true → 200 (tokens: 832, 301ms, cid=c47a0fa1-c818-4e1a-811c-479a1b8c6414)
[WALMART][STORE1] GET /v3/feeds/18C19EF3DABF5533A09E1D0A62BE9AA0%40AX8BBwA?includeDetails=true → 200 (tokens: 832, 265ms, cid=070b4da2-ff73-47e6-b160-979fbb5ddd02)
[WALMART][STORE1] GET /v3/feeds/18C19EF3DABF5533A09E1D0A62BE9AA0%40AX8BBwA?includeDetails=true → 200 (tokens: 832, 305ms, cid=7ac3986c-5971-4e47-8e5b-4b223514c319)
[WALMART][STORE1] GET /v3/feeds/18C19EF3DABF5533A09E1D0A62BE9AA0%40AX8BBwA?includeDetails=true → 200 (tokens: 832, 449ms, cid=c3b04cd0-7356-487b-ae9b-60c79335e390)
[WALMART][STORE1] GET /v3/feeds/18C19EF3DABF5533A09E1D0A62BE9AA0%40AX8BBwA?includeDetails=true → 200 (tokens: 832, 339ms, cid=e431749b-ecdb-4067-960c-a3b708292380)
  batch 2/3: applied 99 · qarth 0 · fail 1 (cumulative)
[WALMART][STORE1] POST /v3/feeds?feedType=MP_MAINTENANCE → 200 (tokens: 2, 420ms, cid=ac77645d-b2fc-498a-85a8-fdddf5592804)
  batch 3/3: feed 18C19F06A5525C0B… (34) draining…
[WALMART][STORE1] GET /v3/feeds/18C19F06A5525C0B9254C647B0F767C5%40AX8BBwA?includeDetails=true → 200 (tokens: 832, 387ms, cid=600dcc11-387d-409a-bc8c-cecbe6ff0d9b)
[WALMART][STORE1] GET /v3/feeds/18C19F06A5525C0B9254C647B0F767C5%40AX8BBwA?includeDetails=true → 200 (tokens: 832, 271ms, cid=2049ab29-a804-4f30-8a31-05be3cd65d09)
[WALMART][STORE1] GET /v3/feeds/18C19F06A5525C0B9254C647B0F767C5%40AX8BBwA?includeDetails=true → 200 (tokens: 832, 276ms, cid=1ade3916-6e95-4f1b-8f2e-1ed1107fc32e)
[WALMART][STORE1] GET /v3/feeds/18C19F06A5525C0B9254C647B0F767C5%40AX8BBwA?includeDetails=true → 200 (tokens: 832, 450ms, cid=67e52aaf-facc-4e8c-ada8-50500042784d)
[WALMART][STORE1] GET /v3/feeds/18C19F06A5525C0B9254C647B0F767C5%40AX8BBwA?includeDetails=true → 200 (tokens: 832, 261ms, cid=af59d05a-47f1-4476-83b2-76bc8d309c6b)
[WALMART][STORE1] GET /v3/feeds/18C19F06A5525C0B9254C647B0F767C5%40AX8BBwA?includeDetails=true → 200 (tokens: 832, 297ms, cid=9c012dbc-97c3-44fb-9929-2ac07d1cbdb3)
[WALMART][STORE1] GET /v3/feeds/18C19F06A5525C0B9254C647B0F767C5%40AX8BBwA?includeDetails=true → 200 (tokens: 832, 381ms, cid=71045925-072a-412f-9760-b9a6878feb9e)
[WALMART][STORE1] GET /v3/feeds/18C19F06A5525C0B9254C647B0F767C5%40AX8BBwA?includeDetails=true → 200 (tokens: 832, 359ms, cid=598f5eba-9573-40a3-81c5-bf74a9111905)
  batch 3/3: applied 133 · qarth 0 · fail 1 (cumulative)

=== PUBLISH_GEN cumulative === applied 1206 · qarth 69 · failed 1 · submitted 2 · post_failed 0 · build_skip 2
