GEN_OK ready 293 · publishing 293 (skip already applied/qarth)

[WALMART][STORE1] token issued, expires at 2026-07-13T00:00:39.690Z
[WALMART][STORE1] GET /v3/items/FaisalX-3339 → 200 (tokens: 149, 679ms, cid=6a9749e1-ace1-421d-86aa-004faab62582)
[WALMART][STORE1] GET /v3/items/FaisalX-2264 → 200 (tokens: 149, 746ms, cid=345c29f2-4ac0-4364-a1f1-5d9b9290d44d)
[WALMART][STORE1] GET /v3/items/FaisalX-3804 → 200 (tokens: 149, 461ms, cid=f4ba308b-ab9d-4f05-913e-b48ade40ed89)
[WALMART][STORE1] GET /v3/items/FaisalX-3682 → 200 (tokens: 149, 726ms, cid=6eafb144-a229-4db1-86af-3fd179a79dc6)
[WALMART][STORE1] GET /v3/items/FaisalX-4210 → 200 (tokens: 148, 657ms, cid=7be7e356-3dbb-47f8-aae4-d2ded5b345e8)
[WALMART][STORE1] GET /v3/items/FaisalX-3925 → 200 (tokens: 149, 772ms, cid=46936247-3ccb-4370-b26d-7c7b760c0c16)
[WALMART][STORE1] GET /v3/items/FaisalX-4519 → 200 (tokens: 149, 496ms, cid=db900dfa-0bc2-4464-a1da-be2ccc456843)
[WALMART][STORE1] GET /v3/items/FaisalX-5231 → 200 (tokens: 149, 530ms, cid=4c38a522-2085-4fb8-b75c-4416beeabe2a)
[WALMART][STORE1] GET /v3/items/FaisalX-4324 → 200 (tokens: 149, 770ms, cid=1803302b-0519-4b98-9bc9-f3be4b75a7c8)
[WALMART][STORE1] GET /v3/items/RizwanX-120 → 200 (tokens: 149, 514ms, cid=6ddc9adf-7576-4303-a6f6-e4c2e0767760)
[WALMART][STORE1] GET /v3/items/RizwanX-109 → 200 (tokens: 149, 469ms, cid=0d050189-3980-4489-aeee-becde7a28566)
[WALMART][STORE1] GET /v3/items/RizwanX-2404 → 200 (tokens: 149, 471ms, cid=13e1c9f5-49ea-4cf5-8b8b-4dde3332832b)
[WALMART][STORE1] GET /v3/items/RizwanX-119 → 200 (tokens: 148, 437ms, cid=b1b0382c-7539-47d8-af3e-fca3dc9139d9)
[WALMART][STORE1] GET /v3/items/RizwanX-2439 → 200 (tokens: 149, 628ms, cid=1cf49c64-e21a-4d03-8d61-0a0b6b59fbf2)
[WALMART][STORE1] GET /v3/items/RizwanX-2722 → 200 (tokens: 149, 502ms, cid=4fb1b397-321b-4637-8a83-748cc1b8a207)
[WALMART][STORE1] GET /v3/items/RizwanX-2475 → 200 (tokens: 149, 473ms, cid=c607c0f0-cd41-49f7-8af2-672109694704)
[WALMART][STORE1] GET /v3/items/RizwanX-2428 → 200 (tokens: 149, 508ms, cid=9f59ec90-9e13-4e81-b58f-3cc34413fdee)
[WALMART][STORE1] GET /v3/items/RizwanX-2435 → 200 (tokens: 149, 433ms, cid=b46bf512-e639-4eb0-8f4f-818f84af0f1d)
[WALMART][STORE1] GET /v3/items/RizwanX-2984 → 200 (tokens: 149, 597ms, cid=6808b905-7dac-4be0-8ef6-513326af630e)
[WALMART][STORE1] GET /v3/items/RizwanX-2964 → 200 (tokens: 148, 566ms, cid=a2540394-dab9-48ed-b31c-a0262461797f)
[WALMART][STORE1] GET /v3/items/RizwanX-3316 → 200 (tokens: 149, 698ms, cid=7cb821e4-9dff-4629-9567-b02c2245020f)
[WALMART][STORE1] GET /v3/items/RizwanX-3569 → 200 (tokens: 149, 460ms, cid=22388215-ddde-49d2-a37e-df2dd094bf34)
[WALMART][STORE1] GET /v3/items/RizwanX-3320 → 200 (tokens: 149, 459ms, cid=0832cb9c-a335-4039-ace5-d385cf646d64)
[WALMART][STORE1] GET /v3/items/FaisalX-1194 → 200 (tokens: 149, 460ms, cid=70df86be-4836-46ed-9eaa-b9014aa6cf3a)
[WALMART][STORE1] GET /v3/items/FaisalX-1119 → 200 (tokens: 149, 462ms, cid=1a237a88-5cda-41cc-b291-87e396a69403)
[WALMART][STORE1] GET /v3/items/FaisalX-1682 → 200 (tokens: 149, 480ms, cid=c336b87e-82e2-4f8c-86d7-2e53af2faff7)
[WALMART][STORE1] GET /v3/items/FaisalX-3524 → 200 (tokens: 149, 488ms, cid=031d88e4-6776-4f9c-9241-c2d298c896da)
[WALMART][STORE1] GET /v3/items/FaisalX-3476 → 200 (tokens: 149, 491ms, cid=2d7538e7-0b4a-4bce-bec0-a5049434643d)
[WALMART][STORE1] GET /v3/items/FaisalX-2533 → 200 (tokens: 149, 504ms, cid=da4c2197-b3e5-4db4-8c81-30c0bc1a814b)
[WALMART][STORE1] GET /v3/items/FaisalX-3755 → 200 (tokens: 149, 464ms, cid=45b9d356-78b3-4b84-9b74-4594766a7056)
[WALMART][STORE1] GET /v3/items/FaisalX-3600 → 200 (tokens: 149, 448ms, cid=8e366160-1e43-4b9d-ae62-a69ebc2ae7eb)
[WALMART][STORE1] GET /v3/items/FaisalX-390 → 200 (tokens: 149, 558ms, cid=129b5c4e-5213-41c2-8498-a4b8db23321c)
[WALMART][STORE1] GET /v3/items/FaisalX-5351 → 200 (tokens: 149, 489ms, cid=2ba6be44-6ded-4c30-b539-3f0991d8d6cb)
[WALMART][STORE1] GET /v3/items/FaisalX-4723 → 200 (tokens: 149, 413ms, cid=8ad61fd6-0a83-4518-89a5-7a048d94993d)
[WALMART][STORE1] GET /v3/items/FaisalX-4454 → 200 (tokens: 149, 459ms, cid=90c5191b-1fbb-48d0-bf19-ad4c01401f58)
[WALMART][STORE1] GET /v3/items/FaisalX-5206 → 200 (tokens: 149, 529ms, cid=53e6793c-35a0-4b28-b816-e3a7a78eda46)
[WALMART][STORE1] GET /v3/items/FaisalX-5193 → 200 (tokens: 148, 443ms, cid=2718c451-5f13-43e1-b4f8-47ab2ee73377)
[WALMART][STORE1] GET /v3/items/FaisalX-5191 → 200 (tokens: 149, 451ms, cid=51f5464f-59bc-46d0-8c23-af69c4d6dbca)
[WALMART][STORE1] GET /v3/items/RizwanX-2291 → 200 (tokens: 149, 446ms, cid=49ab7365-b848-4d9f-a2c7-3cda2b2e280e)
[WALMART][STORE1] GET /v3/items/RizwanX-2294 → 200 (tokens: 149, 460ms, cid=06347916-c42c-4d85-b039-08eabd23abbf)
[WALMART][STORE1] GET /v3/items/RizwanX-3127 → 200 (tokens: 149, 501ms, cid=a67c186d-7ac6-4c76-b578-3d9429cc43f8)
[WALMART][STORE1] GET /v3/items/RizwanX-3155 → 200 (tokens: 149, 529ms, cid=968844bc-eaa6-49f9-87c7-1980f7085e31)
[WALMART][STORE1] GET /v3/items/RizwanX-2394 → 200 (tokens: 149, 551ms, cid=e92e3ffb-7782-4ac8-922b-0479191ade16)
[WALMART][STORE1] GET /v3/items/RizwanX-3807 → 200 (tokens: 148, 438ms, cid=da75be70-1557-4247-afb6-fe76129a8611)
[WALMART][STORE1] GET /v3/items/RizwanX-3806 → 200 (tokens: 149, 477ms, cid=065a39c8-6958-4596-9af0-96320889013f)
[WALMART][STORE1] GET /v3/items/RizwanX-3324 → 200 (tokens: 148, 587ms, cid=3fa7ba4f-b1c9-4370-a5c6-23b153302cf2)
[WALMART][STORE1] GET /v3/items/RizwanX-3613 → 200 (tokens: 149, 447ms, cid=14d33bd5-5f97-4a55-a2b6-8e13c3e85cea)
[WALMART][STORE1] GET /v3/items/FaisalX-1767 → 200 (tokens: 149, 636ms, cid=37b154f0-b166-48e8-b706-939239f9d78d)
[WALMART][STORE1] GET /v3/items/FaisalX-1114 → 200 (tokens: 149, 471ms, cid=fab4f749-d060-4cb5-910a-0bdc6068ffc2)
[WALMART][STORE1] GET /v3/items/FaisalX-1204 → 200 (tokens: 148, 610ms, cid=0ac093b9-f184-46ca-8ccd-fe9d54436c29)
[WALMART][STORE1] GET /v3/items/FaisalX-1768 → 200 (tokens: 149, 449ms, cid=87a9b780-7198-4fb7-9f02-fcdb91de991d)
[WALMART][STORE1] GET /v3/items/FaisalX-2487 → 200 (tokens: 149, 441ms, cid=1bcd1f45-8e68-432c-8df5-92c15c7aff77)
[WALMART][STORE1] GET /v3/items/FaisalX-2279 → 200 (tokens: 149, 448ms, cid=3ba96829-850c-468d-8d1d-637c77f623ed)
[WALMART][STORE1] GET /v3/items/FaisalX-299 → 200 (tokens: 149, 487ms, cid=5ef4d72f-1b38-4e11-b712-07f032a7fb12)
[WALMART][STORE1] GET /v3/items/FaisalX-2785 → 200 (tokens: 149, 530ms, cid=b815042a-8e20-481c-be81-b8ffed15c3bc)
[WALMART][STORE1] GET /v3/items/FaisalX-379 → 200 (tokens: 149, 442ms, cid=14807dac-5a94-4e8f-b1a0-0f844c6f0a54)
[WALMART][STORE1] GET /v3/items/FaisalX-378 → 200 (tokens: 149, 473ms, cid=065634ca-3a91-4391-bf51-ea408d3b1804)
[WALMART][STORE1] GET /v3/items/FaisalX-3775 → 200 (tokens: 148, 444ms, cid=6959e4bc-35d1-45d3-be1c-1ef30682f8e6)
[WALMART][STORE1] GET /v3/items/FaisalX-4239 → 200 (tokens: 149, 464ms, cid=7ed3d065-81e8-4863-96aa-bca12d991ef3)
[WALMART][STORE1] GET /v3/items/FaisalX-389 → 200 (tokens: 149, 478ms, cid=746c655e-ab26-41f9-9265-33b40b259b83)
[WALMART][STORE1] GET /v3/items/FaisalX-3827 → 200 (tokens: 148, 391ms, cid=c9a0a366-9c5c-48c7-84b1-ecbb3b828900)
[WALMART][STORE1] GET /v3/items/FaisalX-5285 → 200 (tokens: 149, 497ms, cid=912b548a-243e-4526-b8f3-a8fcd9328fe5)
[WALMART][STORE1] GET /v3/items/FaisalX-4869 → 200 (tokens: 149, 472ms, cid=cc010130-2ace-4b57-b820-ef17a9e64c89)
[WALMART][STORE1] GET /v3/items/FaisalX-5303 → 200 (tokens: 149, 457ms, cid=a935f03a-b337-45ad-aede-cd709df299a0)
[WALMART][STORE1] GET /v3/items/RizwanX-171 → 200 (tokens: 148, 558ms, cid=a87f7142-6959-446f-838b-6feb0475903f)
[WALMART][STORE1] GET /v3/items/FaisalX-777 → 200 (tokens: 149, 417ms, cid=7c1d9e60-90ec-4d3d-95ad-4492370d19c1)
[WALMART][STORE1] GET /v3/items/FaisalX-811 → 200 (tokens: 149, 480ms, cid=3eb4dbf5-c59e-470f-9c42-69eb6ccef65d)
[WALMART][STORE1] GET /v3/items/FaisalX-757 → 200 (tokens: 149, 423ms, cid=69d77eae-e695-4eee-9263-d95cfabc08f4)
[WALMART][STORE1] GET /v3/items/RizwanX-183 → 200 (tokens: 149, 474ms, cid=4157c659-6315-4dd8-bd06-f6072bfc76f7)
[WALMART][STORE1] GET /v3/items/RizwanX-2298 → 200 (tokens: 148, 457ms, cid=d6b80a69-7dcd-4e8f-b80a-4ebc1eaeec38)
[WALMART][STORE1] GET /v3/items/RizwanX-2334 → 200 (tokens: 149, 570ms, cid=566aa26c-6540-4e34-9099-b3e583c18305)
[WALMART][STORE1] GET /v3/items/RizwanX-204 → 200 (tokens: 149, 446ms, cid=41274164-386e-4b9a-a4e2-8dd7215740ee)
[WALMART][STORE1] GET /v3/items/RizwanX-2726 → 200 (tokens: 149, 436ms, cid=e5318178-59fa-4c7f-abbd-dd91c80d73bf)
[WALMART][STORE1] GET /v3/items/RizwanX-2415 → 200 (tokens: 149, 400ms, cid=b5c74a37-fd60-438c-9bb9-036910772764)
[WALMART][STORE1] GET /v3/items/RizwanX-3135 → 200 (tokens: 149, 731ms, cid=84c3829e-0c7e-40ad-a4c6-65720c416d64)
[WALMART][STORE1] GET /v3/items/RizwanX-3115 → 200 (tokens: 149, 459ms, cid=51171205-6db5-4d7a-8b6a-ffcfb3fb41ee)
[WALMART][STORE1] GET /v3/items/RizwanX-2487 → 200 (tokens: 149, 506ms, cid=9f3bb4d3-3f92-468c-848d-645d77f094ce)
[WALMART][STORE1] GET /v3/items/RizwanX-3284 → 200 (tokens: 149, 458ms, cid=ba63df7b-686d-49ec-834d-9040ae841d69)
[WALMART][STORE1] GET /v3/items/RizwanX-3318 → 200 (tokens: 149, 442ms, cid=e7a5ad83-caf7-49f6-af8d-c8ce35cffa01)
[WALMART][STORE1] GET /v3/items/RizwanX-3169 → 200 (tokens: 149, 454ms, cid=3f57d915-af8c-49dc-9adc-f6bbcfebad85)
[WALMART][STORE1] GET /v3/items/FaisalX-1179 → 200 (tokens: 148, 451ms, cid=67b0d1bc-35f9-4f56-86e3-3ef397ecae57)
[WALMART][STORE1] GET /v3/items/RizwanX-44 → 200 (tokens: 149, 679ms, cid=68686e29-a432-4aae-a9fd-e41ed19f3df0)
[WALMART][STORE1] GET /v3/items/FaisalX-1237 → 200 (tokens: 149, 454ms, cid=f7c1614d-96a3-4a48-b36a-2756cbbc3b59)
[WALMART][STORE1] GET /v3/items/FaisalX-238 → 200 (tokens: 149, 522ms, cid=4d0e881f-c851-4b83-a92a-1761ec34048c)
[WALMART][STORE1] GET /v3/items/FaisalX-1771 → 200 (tokens: 149, 426ms, cid=17507326-886c-4d3a-85c5-9303553d7754)
[WALMART][STORE1] GET /v3/items/FaisalX-2013 → 200 (tokens: 149, 445ms, cid=cd7159ea-bd2f-4e73-95e5-6b1a28f62c10)
[WALMART][STORE1] GET /v3/items/FaisalX-1911 → 200 (tokens: 149, 436ms, cid=d5f5ae62-c5f2-448d-adbe-b8d689314405)
[WALMART][STORE1] GET /v3/items/FaisalX-2751 → 200 (tokens: 149, 409ms, cid=cf8a7fd0-f9e1-4295-a3d5-b9cc8808ff26)
[WALMART][STORE1] GET /v3/items/FaisalX-3331 → 200 (tokens: 148, 464ms, cid=7c03c27b-286b-41f1-a98f-0a5a8b755889)
[WALMART][STORE1] GET /v3/items/FaisalX-245 → 200 (tokens: 148, 403ms, cid=14dd53dd-6e0c-4c7e-896a-ab36485db714)
[WALMART][STORE1] GET /v3/items/FaisalX-2587 → 200 (tokens: 149, 455ms, cid=a3b49ff3-6868-48c8-a9ca-a7935547be2a)
[WALMART][STORE1] GET /v3/items/FaisalX-247 → 200 (tokens: 149, 462ms, cid=cde36c60-96a3-4b89-aa37-372ed0946bd2)
[WALMART][STORE1] GET /v3/items/FaisalX-3506 → 200 (tokens: 149, 492ms, cid=49bbac9b-b4bc-46db-b772-78b67bfa401d)
[WALMART][STORE1] GET /v3/items/FaisalX-3489 → 200 (tokens: 149, 436ms, cid=21550d33-2b28-40b6-8866-dc2ff77dac7e)
[WALMART][STORE1] GET /v3/items/FaisalX-3466 → 200 (tokens: 149, 483ms, cid=aac22c48-0b45-43f2-be54-c7e29cf30673)
[WALMART][STORE1] GET /v3/items/FaisalX-3675 → 200 (tokens: 149, 461ms, cid=3271e659-0a0c-4192-aa95-036feb9dc5eb)
[WALMART][STORE1] GET /v3/items/FaisalX-3883 → 200 (tokens: 148, 1022ms, cid=196b6d1c-de73-420f-b9ea-63453dbfaa9e)
[WALMART][STORE1] GET /v3/items/FaisalX-3759 → 200 (tokens: 148, 1088ms, cid=4012b890-6783-40d5-922e-3972f0e38853)
[WALMART][STORE1] GET /v3/items/FaisalX-373 → 200 (tokens: 149, 828ms, cid=744f5ceb-b1e9-460f-8a46-3043474abd00)
[WALMART][STORE1] GET /v3/items/FaisalX-3965 → 200 (tokens: 149, 1241ms, cid=2e438ffc-437b-4863-89b8-fcff36a9ff2c)
[WALMART][STORE1] GET /v3/items/FaisalX-3927 → 200 (tokens: 149, 1006ms, cid=127c7569-3d3e-405f-a0fa-b138ab09dbb4)
[WALMART][STORE1] GET /v3/items/FaisalX-4003 → 200 (tokens: 149, 779ms, cid=a4f28a45-5c44-43ed-a0a5-b8766928ba1d)
[WALMART][STORE1] GET /v3/items/FaisalX-3890 → 200 (tokens: 149, 1107ms, cid=fe52e87c-9db2-4a39-83b5-af7626538e60)
[WALMART][STORE1] GET /v3/items/FaisalX-394 → 200 (tokens: 148, 1005ms, cid=62f0cf86-8da0-4bea-9327-51a221bf8482)
[WALMART][STORE1] GET /v3/items/FaisalX-4245 → 200 (tokens: 149, 965ms, cid=108dd7fa-4ad1-4a73-94a0-954aa91ed55b)
[WALMART][STORE1] GET /v3/items/FaisalX-4120 → 200 (tokens: 149, 773ms, cid=4642db31-c776-4502-8282-eebada0d1a51)
[WALMART][STORE1] GET /v3/items/FaisalX-4533 → 200 (tokens: 149, 730ms, cid=49474313-3b4c-4ab4-91a9-86fe833184c0)
[WALMART][STORE1] GET /v3/items/FaisalX-4698 → 200 (tokens: 149, 707ms, cid=d943ecdd-f34e-4a0a-95bf-73533788d575)
[WALMART][STORE1] GET /v3/items/FaisalX-4767 → 200 (tokens: 149, 791ms, cid=02df0580-2783-4376-9bb7-17d0a068e1e5)
[WALMART][STORE1] GET /v3/items/FaisalX-4714 → 200 (tokens: 149, 723ms, cid=a114db37-d88b-47f8-951a-eede87aaf17f)
[WALMART][STORE1] GET /v3/items/FaisalX-4838 → 200 (tokens: 149, 801ms, cid=ef0f48f5-2fc5-4f17-b894-e5262ea74e41)
[WALMART][STORE1] GET /v3/items/FaisalX-4879 → 200 (tokens: 149, 716ms, cid=35a6202a-eaac-4948-bcd8-f48c91dffe5b)
[WALMART][STORE1] GET /v3/items/FaisalX-4978 → 200 (tokens: 149, 1065ms, cid=d4e1ba25-033d-4989-875f-26d3a440de15)
[WALMART][STORE1] GET /v3/items/RizwanX-2412 → 200 (tokens: 149, 750ms, cid=33dcc38c-ca95-4699-9bbe-b9bae547af2b)
[WALMART][STORE1] GET /v3/items/RizwanX-2397 → 200 (tokens: 149, 764ms, cid=c949ce3c-c83b-416d-b8b9-b64e83b4bc92)
[WALMART][STORE1] GET /v3/items/RizwanX-129 → 200 (tokens: 149, 745ms, cid=d564337f-dac4-450c-a27c-e33f882f0468)
[WALMART][STORE1] GET /v3/items/RizwanX-155 → 200 (tokens: 149, 773ms, cid=78ff1635-ae78-482c-a4c5-cae86d783ba3)
[WALMART][STORE1] GET /v3/items/RizwanX-3134 → 200 (tokens: 149, 857ms, cid=8683570c-5f76-4308-81ca-1c86bfa2931e)
[WALMART][STORE1] GET /v3/items/RizwanX-3128 → 200 (tokens: 149, 737ms, cid=9a83002e-c81d-4717-abce-4ce294b5e8ef)
[WALMART][STORE1] GET /v3/items/RizwanX-2983 → 200 (tokens: 149, 1186ms, cid=2c0bd553-92fa-4742-b9c9-98fb877b85d7)
[WALMART][STORE1] GET /v3/items/RizwanX-2684 → 200 (tokens: 149, 879ms, cid=4ab1eb94-09cb-4591-b8dd-3ff68aea3b5c)
[WALMART][STORE1] GET /v3/items/RizwanX-3215 → 200 (tokens: 149, 840ms, cid=bbbda1c2-349e-4fd4-a0d0-ee8d6b729e38)
[WALMART][STORE1] GET /v3/items/RizwanX-3311 → 200 (tokens: 149, 754ms, cid=6f09c7c8-8201-4a6e-9a53-ecbf530190ac)
[WALMART][STORE1] GET /v3/items/FaisalX-1128 → 200 (tokens: 149, 792ms, cid=8ba9ffb7-eaa9-4df9-abb4-8a66b57dfaef)
[WALMART][STORE1] GET /v3/items/FaisalX-1174 → 200 (tokens: 149, 844ms, cid=00b8ac0c-c132-481b-b5fa-879170f5e158)
[WALMART][STORE1] GET /v3/items/FaisalX-1159 → 200 (tokens: 149, 818ms, cid=73fcbdda-56e0-49d4-af6e-827fece24071)
[WALMART][STORE1] GET /v3/items/FaisalX-1227 → 200 (tokens: 149, 767ms, cid=a08a10bb-2a59-4318-80ac-1e242f2264c7)
[WALMART][STORE1] GET /v3/items/FaisalX-1201 → 200 (tokens: 149, 723ms, cid=4ac0f97d-6d1b-4ccd-80df-f11899bb57ae)
[WALMART][STORE1] GET /v3/items/FaisalX-1216 → 200 (tokens: 149, 785ms, cid=7f2d17e9-8c75-4559-a795-98b95f2b547c)
[WALMART][STORE1] GET /v3/items/FaisalX-1683 → 200 (tokens: 149, 901ms, cid=a2335a3f-84e2-43e2-8ffa-8d3c3fe252dd)
[WALMART][STORE1] GET /v3/items/FaisalX-1233 → 200 (tokens: 149, 715ms, cid=62e01393-81e1-4a80-b157-df5b5a1e05da)
[WALMART][STORE1] GET /v3/items/FaisalX-1236 → 200 (tokens: 149, 763ms, cid=57625a8d-847c-403f-9fa1-54283f1be527)
[WALMART][STORE1] GET /v3/items/FaisalX-1801 → 200 (tokens: 149, 827ms, cid=a5e009d6-dcfa-4e4e-8698-81e933543fad)
[WALMART][STORE1] GET /v3/items/FaisalX-2126 → 200 (tokens: 149, 711ms, cid=ce8a908e-3eb9-468b-b8ea-0689ddd135b4)
[WALMART][STORE1] GET /v3/items/FaisalX-2163 → 200 (tokens: 149, 778ms, cid=559d967c-0b3b-4cda-85eb-75a68a44dd7d)
[WALMART][STORE1] GET /v3/items/FaisalX-2040 → 200 (tokens: 148, 845ms, cid=9168ba16-4712-41b0-b373-ff10823c1411)
[WALMART][STORE1] GET /v3/items/FaisalX-2082 → 200 (tokens: 149, 737ms, cid=6570f7e9-d1a4-41a9-a2bf-2fa5229938c5)
[WALMART][STORE1] GET /v3/items/FaisalX-2254 → 200 (tokens: 149, 952ms, cid=e66c3669-f0e9-4643-82ad-d4a35644fb0d)
[WALMART][STORE1] GET /v3/items/FaisalX-292 → 200 (tokens: 148, 758ms, cid=724b4a7f-c9ed-4955-a8a3-824945bb7b35)
[WALMART][STORE1] GET /v3/items/FaisalX-3691 → 200 (tokens: 149, 779ms, cid=c6137eee-c2c0-4fe2-bb37-6c257f7c91f0)
[WALMART][STORE1] GET /v3/items/FaisalX-3464 → 200 (tokens: 149, 742ms, cid=33dd243b-02a8-4de6-88b5-6a5ec8867302)
[WALMART][STORE1] GET /v3/items/FaisalX-3603 → 200 (tokens: 149, 1042ms, cid=1feb8ee4-a9de-4c72-a9cd-51d804115854)
[WALMART][STORE1] GET /v3/items/FaisalX-3798 → 200 (tokens: 149, 772ms, cid=c7985527-0149-4d67-a257-f4f47c49e0e4)
[WALMART][STORE1] GET /v3/items/FaisalX-4359 → 200 (tokens: 149, 783ms, cid=db73d8d0-2232-47c2-abc0-773c2683d319)
[WALMART][STORE1] GET /v3/items/FaisalX-4320 → 200 (tokens: 149, 726ms, cid=ff2a2d52-4f70-4c48-a331-518b8c5b0191)
[WALMART][STORE1] GET /v3/items/FaisalX-388 → 200 (tokens: 149, 746ms, cid=133204cc-64b5-47b1-998b-f550352358a0)
[WALMART][STORE1] GET /v3/items/FaisalX-4371 → 200 (tokens: 149, 789ms, cid=facc3459-1c13-48d7-8554-4261d7ee03fe)
[WALMART][STORE1] GET /v3/items/FaisalX-4549 → 200 (tokens: 149, 677ms, cid=64c10dee-601e-474f-b828-bdb243a7cd42)
[WALMART][STORE1] GET /v3/items/FaisalX-4532 → 200 (tokens: 149, 813ms, cid=5acfa39a-fa8e-49b4-a2b7-81245fb3c3a9)
[WALMART][STORE1] GET /v3/items/FaisalX-4456 → 200 (tokens: 149, 764ms, cid=8c9663b1-7208-4ee0-ad74-b3498492f569)
[WALMART][STORE1] GET /v3/items/FaisalX-4730 → 200 (tokens: 149, 722ms, cid=0527b5be-d81b-4057-8c31-3133495bb003)
[WALMART][STORE1] GET /v3/items/FaisalX-5284 → 200 (tokens: 148, 781ms, cid=310721c4-5ec6-485a-9564-8c66c30ef8bc)
[WALMART][STORE1] GET /v3/items/RizwanX-02 → 200 (tokens: 149, 864ms, cid=fa58a157-c044-49ef-8a42-f07be421b165)
[WALMART][STORE1] GET /v3/items/FaisalX-793 → 200 (tokens: 149, 762ms, cid=6c8d41bf-f897-4da6-a31d-d0cc3c60ff05)
[WALMART][STORE1] GET /v3/items/RizwanX-12 → 200 (tokens: 149, 820ms, cid=85ad8493-a79e-4acc-ab8e-d22a10238261)
[WALMART][STORE1] GET /v3/items/RizwanX-156 → 200 (tokens: 149, 798ms, cid=eba40326-7aec-4b8c-a412-2b29508ca7a1)
[WALMART][STORE1] GET /v3/items/RizwanX-138 → 200 (tokens: 149, 958ms, cid=0afe9aaa-fb85-49b6-a629-c12e7acca3bb)
[WALMART][STORE1] GET /v3/items/RizwanX-2286 → 200 (tokens: 149, 832ms, cid=24ae19d3-7cdb-434a-8012-8caca801585d)
[WALMART][STORE1] GET /v3/items/RizwanX-2292 → 200 (tokens: 149, 729ms, cid=a8c6f395-8181-4a76-978b-a1d22d0f55fd)
[WALMART][STORE1] GET /v3/items/RizwanX-2401 → 200 (tokens: 149, 753ms, cid=02a6f374-ba04-45ff-9f51-cdd70fcbcb9d)
[WALMART][STORE1] GET /v3/items/RizwanX-3117 → 200 (tokens: 149, 817ms, cid=8e9e2164-08ef-4aa8-a718-bd8b78453933)
[WALMART][STORE1] GET /v3/items/RizwanX-3477 → 200 (tokens: 148, 773ms, cid=ddab8e40-afbf-4144-a114-e9e6ba19e735)
[WALMART][STORE1] GET /v3/items/RizwanX-3319 → 200 (tokens: 149, 750ms, cid=06d2a067-0b0d-4bad-ba6c-796c1f7057b4)
[WALMART][STORE1] GET /v3/items/RizwanX-3179 → 200 (tokens: 148, 792ms, cid=08f7b090-bf08-4e54-9f2f-b4be7d64dfe2)
[WALMART][STORE1] GET /v3/items/RizwanX-3209 → 200 (tokens: 149, 760ms, cid=037fcf97-828e-401b-a4a1-8f3f66cdc98c)
[WALMART][STORE1] GET /v3/items/RizwanX-3510 → 200 (tokens: 149, 679ms, cid=1e21975b-4fa5-4794-a30c-967c01033641)
[WALMART][STORE1] GET /v3/items/RizwanX-3684 → 200 (tokens: 149, 745ms, cid=32c77ee3-6e11-4417-83aa-853c5767b81d)
[WALMART][STORE1] GET /v3/items/RizwanX-3496 → 200 (tokens: 149, 772ms, cid=4591b83c-6fa7-40bd-bf79-479cc883f5d4)
[WALMART][STORE1] GET /v3/items/RizwanX-3869 → 200 (tokens: 149, 785ms, cid=4660d0ec-7eda-4686-acec-a4fc8d506305)
[WALMART][STORE1] GET /v3/items/RizwanX-3804 → 200 (tokens: 149, 821ms, cid=d8badc4e-2828-4dec-a941-82d6f492cf37)
[WALMART][STORE1] GET /v3/items/FaisalX-1156 → 200 (tokens: 149, 756ms, cid=c45a0ea0-c4f1-4bc4-947a-a87fdcc6b2cb)
[WALMART][STORE1] GET /v3/items/RizwanX-59 → 200 (tokens: 149, 495ms, cid=9ec4b2fb-2150-4f4b-bc1d-bed0f605c97d)
[WALMART][STORE1] GET /v3/items/RizwanX-47 → 200 (tokens: 149, 512ms, cid=f304b15a-13a4-4274-b534-86ea985f9c38)
[WALMART][STORE1] GET /v3/items/FaisalX-1147 → 200 (tokens: 149, 446ms, cid=9194f49f-2c7c-4b1b-bdf1-d62544f67be7)
[WALMART][STORE1] GET /v3/items/FaisalX-2214 → 200 (tokens: 149, 446ms, cid=60bfa2cb-78c3-48c7-adce-b742181af031)
[WALMART][STORE1] GET /v3/items/FaisalX-2195 → 200 (tokens: 149, 425ms, cid=f023a101-9356-4b43-b465-72605dcba445)
[WALMART][STORE1] GET /v3/items/FaisalX-1287 → 200 (tokens: 149, 667ms, cid=abf002a4-9b15-4c81-8360-82e2f972d31a)
[WALMART][STORE1] GET /v3/items/FaisalX-1800 → 200 (tokens: 149, 486ms, cid=c946694b-9ca8-4d98-90fc-c10fb14c91f3)
[WALMART][STORE1] GET /v3/items/FaisalX-2586 → 200 (tokens: 149, 432ms, cid=11bf6978-586e-44bb-886f-99bd39809d91)
[WALMART][STORE1] GET /v3/items/FaisalX-2563 → 200 (tokens: 149, 358ms, cid=a33a06b0-83f1-4fa4-a337-6c1caa6e4ee8)
[WALMART][STORE1] GET /v3/items/FaisalX-2808 → 200 (tokens: 149, 440ms, cid=b792d12d-d572-45b6-903b-331af9336305)
[WALMART][STORE1] GET /v3/items/FaisalX-3453 → 200 (tokens: 149, 363ms, cid=cf378ff7-8ee6-41d0-95a1-03d6808dbbe2)
[WALMART][STORE1] GET /v3/items/FaisalX-319 → 200 (tokens: 149, 421ms, cid=8e25f7bc-b1b1-43b4-a58c-a171faf1da90)
[WALMART][STORE1] GET /v3/items/FaisalX-3454 → 200 (tokens: 149, 426ms, cid=3654618f-0d85-42bb-8ca8-834ffc59ca2c)
[WALMART][STORE1] GET /v3/items/FaisalX-3654 → 200 (tokens: 148, 495ms, cid=08bc7378-027e-4d2c-9c10-4968fb476a8d)
[WALMART][STORE1] GET /v3/items/FaisalX-3724 → 200 (tokens: 149, 430ms, cid=8f927109-884e-48f8-8496-5b12a6030573)
[WALMART][STORE1] GET /v3/items/FaisalX-3637 → 200 (tokens: 149, 385ms, cid=8a2247ba-6f25-40cc-b35f-296824546ffa)
[WALMART][STORE1] GET /v3/items/FaisalX-367 → 200 (tokens: 149, 449ms, cid=b0858eba-f0db-4621-9d56-91bb45e1c1b3)
[WALMART][STORE1] GET /v3/items/FaisalX-3785 → 200 (tokens: 149, 455ms, cid=b4d64462-eb62-473a-8f11-8743c5cf34bb)
[WALMART][STORE1] GET /v3/items/FaisalX-402 → 200 (tokens: 149, 403ms, cid=98c7cfd3-9c72-4f1e-9f13-d1e63ec1f728)
[WALMART][STORE1] GET /v3/items/FaisalX-5192 → 200 (tokens: 148, 453ms, cid=31687153-81d1-4a76-bfab-fa1486cf2a90)
[WALMART][STORE1] GET /v3/items/FaisalX-5190 → 200 (tokens: 149, 512ms, cid=d8263b39-5f64-41ec-91ae-ef6681a05f98)
[WALMART][STORE1] GET /v3/items/FaisalX-4498 → 200 (tokens: 149, 412ms, cid=d6f60289-c72a-49ac-9391-0980e61d9dc2)
[WALMART][STORE1] GET /v3/items/FaisalX-5619 → 200 (tokens: 149, 414ms, cid=c89e566c-e7e4-46c1-b7bb-b61e51b66afd)
[WALMART][STORE1] GET /v3/items/FaisalX-5315 → 200 (tokens: 148, 458ms, cid=0ccd90b5-f242-47b5-8557-be02a22323f6)
[WALMART][STORE1] GET /v3/items/RizwanX-140 → 200 (tokens: 147, 555ms, cid=34889a29-97e4-4022-99f3-7477354f6c89)
[WALMART][STORE1] GET /v3/items/RizwanX-220 → 200 (tokens: 149, 403ms, cid=0d899d19-5534-4ba5-ab1c-c62230e30133)
[WALMART][STORE1] GET /v3/items/RizwanX-2205 → 200 (tokens: 149, 493ms, cid=c7911999-4411-4189-a757-060a754eb88e)
[WALMART][STORE1] GET /v3/items/RizwanX-2194 → 200 (tokens: 149, 458ms, cid=d1ac137b-3909-4d57-8dc0-85ca5dd10032)
[WALMART][STORE1] GET /v3/items/RizwanX-2275 → 200 (tokens: 149, 458ms, cid=ea6a5d1b-a079-4bb6-93fc-b0e9fb30fa21)
[WALMART][STORE1] GET /v3/items/RizwanX-2293 → 200 (tokens: 149, 492ms, cid=7d9f7303-d362-4bce-a1e6-d730a3edacb1)
[WALMART][STORE1] GET /v3/items/RizwanX-2285 → 200 (tokens: 149, 522ms, cid=7ab7ea4a-f795-475a-a42f-d0d81af4583a)
[WALMART][STORE1] GET /v3/items/RizwanX-2325 → 200 (tokens: 149, 421ms, cid=66d125cf-f865-41bd-9363-2266b628c4a4)
[WALMART][STORE1] GET /v3/items/RizwanX-2406 → 200 (tokens: 149, 427ms, cid=9e5841e4-6a8b-4e80-88f5-417d2075bd35)
[WALMART][STORE1] GET /v3/items/RizwanX-2450 → 200 (tokens: 149, 472ms, cid=876cb7cf-24dc-4aec-a70f-2f1ffcac040d)
[WALMART][STORE1] GET /v3/items/RizwanX-2705 → 200 (tokens: 149, 426ms, cid=a2132e51-0438-4cdc-bd27-98d9a2343cda)
[WALMART][STORE1] GET /v3/items/RizwanX-2956 → 200 (tokens: 149, 442ms, cid=5801bd8f-f04f-4b7b-bcef-068b5d235162)
[WALMART][STORE1] GET /v3/items/RizwanX-3026 → 200 (tokens: 149, 457ms, cid=2121cb3e-9221-4c19-9b7a-e6215d142529)
[WALMART][STORE1] GET /v3/items/RizwanX-3178 → 200 (tokens: 149, 446ms, cid=35bafdd1-f78a-4ec9-8462-72963ba6122f)
[WALMART][STORE1] GET /v3/items/RizwanX-3088 → 200 (tokens: 149, 539ms, cid=bae8ab1c-c679-4844-bdf4-0ce6f67dd092)
[WALMART][STORE1] GET /v3/items/RizwanX-2985 → 200 (tokens: 149, 405ms, cid=ec6f543e-cc12-416a-8f12-80242aa46e71)
[WALMART][STORE1] GET /v3/items/RizwanX-2748 → 200 (tokens: 149, 405ms, cid=04ac488f-2db2-429c-9a5b-3c649e1f1fdd)
[WALMART][STORE1] GET /v3/items/FaisalX-1155 → 200 (tokens: 149, 419ms, cid=0c236ed9-c8ec-469a-a4da-e5a581c2944a)
[WALMART][STORE1] GET /v3/items/FaisalX-1143 → 200 (tokens: 149, 399ms, cid=2e900d84-21e3-4aa9-b65f-d933b87a0308)
[WALMART][STORE1] GET /v3/items/RizwanX-3260 → 200 (tokens: 149, 463ms, cid=456442e0-c2a1-4a24-bbcc-688987e81bce)
[WALMART][STORE1] GET /v3/items/FaisalX-1247 → 200 (tokens: 149, 406ms, cid=36c8cf4e-efa3-4b23-9284-2965f3961740)
[WALMART][STORE1] GET /v3/items/FaisalX-1228 → 200 (tokens: 149, 428ms, cid=2287d3a1-9404-48f7-bbe1-e84506992b45)
[WALMART][STORE1] GET /v3/items/FaisalX-1212 → 200 (tokens: 149, 412ms, cid=d857b29a-1275-40e2-90d9-b4b397745539)
[WALMART][STORE1] GET /v3/items/FaisalX-1214 → 200 (tokens: 149, 487ms, cid=d1cc08dd-18da-49ba-a739-78548858c061)
[WALMART][STORE1] GET /v3/items/FaisalX-1845 → 200 (tokens: 149, 537ms, cid=c0ac9558-5495-4a0f-ae4c-353c0739f19f)
[WALMART][STORE1] GET /v3/items/FaisalX-2011 → 200 (tokens: 149, 429ms, cid=550878d9-1eb6-4c8c-b9c2-3d4b0af215ec)
[WALMART][STORE1] GET /v3/items/FaisalX-2658 → 200 (tokens: 149, 482ms, cid=59529c0b-6068-487d-97e7-3c2342fbd933)
[WALMART][STORE1] GET /v3/items/FaisalX-2535 → 200 (tokens: 149, 473ms, cid=a8fc6dc8-4c5b-4f49-bc14-ef3f018008a3)
[WALMART][STORE1] GET /v3/items/FaisalX-2225 → 200 (tokens: 149, 476ms, cid=d1f8bfdb-8ee5-4666-abca-77a20c93cefd)
[WALMART][STORE1] GET /v3/items/FaisalX-2731 → 200 (tokens: 149, 420ms, cid=63843404-c827-4b3f-b71d-e002366e4756)
[WALMART][STORE1] GET /v3/items/FaisalX-303 → 200 (tokens: 149, 417ms, cid=01c5e7b5-129c-4516-9c9d-779cc76d31da)
[WALMART][STORE1] GET /v3/items/FaisalX-3446 → 200 (tokens: 149, 395ms, cid=cb5db81c-0422-4f29-b39d-52248b90bdbc)
[WALMART][STORE1] GET /v3/items/FaisalX-3488 → 200 (tokens: 149, 425ms, cid=52f8be16-9d46-4616-8408-ffd37d9eb216)
[WALMART][STORE1] GET /v3/items/FaisalX-3692 → 200 (tokens: 149, 487ms, cid=df952209-2aad-433e-b9f1-0efedf6cab62)
[WALMART][STORE1] GET /v3/items/FaisalX-3678 → 200 (tokens: 149, 477ms, cid=856b500a-6920-43b2-afa0-da690f1783e4)
[WALMART][STORE1] GET /v3/items/FaisalX-3776 → 200 (tokens: 149, 458ms, cid=b843c7fe-7cc2-4bda-abe9-fe3c3c6112a6)
[WALMART][STORE1] GET /v3/items/FaisalX-384 → 200 (tokens: 149, 634ms, cid=21abab2d-ada0-4d21-9fb8-2a2e9fb1a3ba)
[WALMART][STORE1] GET /v3/items/FaisalX-3793 → 200 (tokens: 149, 473ms, cid=bdf9c798-3ac4-4941-a7ba-deab8e55090c)
[WALMART][STORE1] GET /v3/items/FaisalX-3748 → 200 (tokens: 149, 565ms, cid=1ffc1852-9fb3-40b7-aa96-b227f985657c)
[WALMART][STORE1] GET /v3/items/FaisalX-401 → 200 (tokens: 149, 458ms, cid=a05da64d-b62b-49fa-a30a-4e011c8ed183)
[WALMART][STORE1] GET /v3/items/FaisalX-4235 → 200 (tokens: 148, 402ms, cid=2fae1e2d-8ecc-41f1-910d-a5498e4235eb)
[WALMART][STORE1] GET /v3/items/FaisalX-4301 → 200 (tokens: 149, 583ms, cid=6fe31532-d18d-4616-9de2-a99ef27ced51)
[WALMART][STORE1] GET /v3/items/FaisalX-4736 → 200 (tokens: 149, 450ms, cid=13a3bedf-c051-477c-8ef9-4aa5978b0698)
[WALMART][STORE1] GET /v3/items/FaisalX-4494 → 200 (tokens: 149, 492ms, cid=799cdfc6-02ef-487d-98a6-bf75fcc30e4d)
[WALMART][STORE1] GET /v3/items/FaisalX-5422 → 200 (tokens: 149, 428ms, cid=7fe27140-7b87-4815-ae87-4c7f6bd0b389)
[WALMART][STORE1] GET /v3/items/FaisalX-5614 → 200 (tokens: 149, 446ms, cid=698c3389-a196-44ae-8de4-4ddde050b741)
[WALMART][STORE1] GET /v3/items/FaisalX-5342 → 200 (tokens: 149, 451ms, cid=089504ce-ec9d-4851-a50f-e2e48654d7ed)
[WALMART][STORE1] GET /v3/items/RizwanX-134 → 200 (tokens: 149, 556ms, cid=788310a0-88d4-4a43-9614-0a3e0763739d)
[WALMART][STORE1] GET /v3/items/RizwanX-167 → 200 (tokens: 149, 453ms, cid=450f86df-b693-4844-952d-46d55f78c5e8)
[WALMART][STORE1] GET /v3/items/RizwanX-136 → 200 (tokens: 149, 401ms, cid=02ee3744-7877-4257-aa20-d368e0bbfb24)
[WALMART][STORE1] GET /v3/items/RizwanX-198 → 200 (tokens: 148, 410ms, cid=7f0df3c0-67be-43fc-acc0-04f943a8eaf4)
[WALMART][STORE1] GET /v3/items/RizwanX-126 → 200 (tokens: 149, 470ms, cid=558a176b-466a-4be0-ba6f-62c91e522887)
[WALMART][STORE1] GET /v3/items/RizwanX-2416 → 200 (tokens: 149, 485ms, cid=20f29898-f821-4607-969e-7ce3258368d4)
[WALMART][STORE1] GET /v3/items/RizwanX-2393 → 200 (tokens: 149, 428ms, cid=7c233250-6f5d-49a5-a484-53cb8007a3f5)
[WALMART][STORE1] GET /v3/items/RizwanX-2694 → 200 (tokens: 149, 438ms, cid=c04ad0ed-e128-4e92-b804-faa99bb1d797)
[WALMART][STORE1] GET /v3/items/RizwanX-2695 → 200 (tokens: 149, 430ms, cid=251b6cbb-71ec-4869-851a-a494fdb6fb86)
[WALMART][STORE1] GET /v3/items/RizwanX-2685 → 200 (tokens: 149, 412ms, cid=13d119c2-311f-4780-a1cc-349e4585ee62)
[WALMART][STORE1] GET /v3/items/RizwanX-3100 → 200 (tokens: 148, 579ms, cid=d805b994-481f-4950-ab7b-52db3a49b3dc)
[WALMART][STORE1] GET /v3/items/RizwanX-2783 → 200 (tokens: 149, 466ms, cid=35546e70-271b-439d-af74-7f66384a8b5f)
[WALMART][STORE1] GET /v3/items/RizwanX-3151 → 200 (tokens: 149, 562ms, cid=d4987028-1868-4d45-afab-382267d7cde9)
[WALMART][STORE1] GET /v3/items/RizwanX-3067 → 200 (tokens: 149, 489ms, cid=8d91c3da-68ef-4832-a34e-e5c4dc9644b2)
[WALMART][STORE1] GET /v3/items/RizwanX-3321 → 200 (tokens: 149, 467ms, cid=a03caf91-2e08-43b5-acd7-485b818a6ea7)
[WALMART][STORE1] GET /v3/items/RizwanX-3153 → 200 (tokens: 149, 506ms, cid=83efa81f-2773-4381-bb01-45cb5ae09a2c)
[WALMART][STORE1] GET /v3/items/RizwanX-3210 → 200 (tokens: 149, 476ms, cid=50882d10-f452-4691-9932-ac5c8d2fc65e)
[WALMART][STORE1] GET /v3/items/RizwanX-3322 → 200 (tokens: 149, 549ms, cid=eb2abf1b-a09c-464e-a6d2-10c27ca7262d)
[WALMART][STORE1] GET /v3/items/RizwanX-3285 → 200 (tokens: 149, 488ms, cid=c6902ddc-dda0-4a37-b42a-5a943b9798f1)
[WALMART][STORE1] GET /v3/items/RizwanX-3805 → 200 (tokens: 149, 667ms, cid=58d28d4a-810b-4a4a-9d39-e4c7833a8843)
[WALMART][STORE1] GET /v3/items/RizwanX-50 → 200 (tokens: 148, 519ms, cid=a38c3041-e62f-4224-8881-e7790067848f)
[WALMART][STORE1] GET /v3/items/FaisalX-1138 → 200 (tokens: 149, 486ms, cid=8ed70ba8-40e3-4265-9ab8-a357c2b1b340)
[WALMART][STORE1] GET /v3/items/FaisalX-257 → 200 (tokens: 148, 402ms, cid=84209ebd-945b-4133-9eee-e646f54ee8c5)
[WALMART][STORE1] GET /v3/items/FaisalX-2515 → 200 (tokens: 149, 420ms, cid=687ecb15-bbab-4401-b1fc-e090aa5897dc)
[WALMART][STORE1] GET /v3/items/FaisalX-249 → 200 (tokens: 149, 634ms, cid=1044e1b5-6b8a-4267-8ddf-5203c5eac4c1)
[WALMART][STORE1] GET /v3/items/FaisalX-1770 → 200 (tokens: 149, 474ms, cid=1d32364f-4f8b-4ffa-81f7-96c245e9ab15)
[WALMART][STORE1] GET /v3/items/FaisalX-1635 → 200 (tokens: 149, 451ms, cid=990606a3-43f3-4c74-a1ae-7eff26ed928f)
[WALMART][STORE1] GET /v3/items/FaisalX-1810 → 200 (tokens: 149, 418ms, cid=bf25a4a7-e152-471e-ada7-cfb5a73c9d6f)
[WALMART][STORE1] GET /v3/items/FaisalX-2607 → 200 (tokens: 148, 515ms, cid=a92b37ed-b3f7-4ac9-88cd-300a0d42d55b)
[WALMART][STORE1] GET /v3/items/FaisalX-298 → 200 (tokens: 149, 453ms, cid=93fafdf5-4d15-4d1a-b1ed-44c12d702ce7)
[WALMART][STORE1] GET /v3/items/FaisalX-3758 → 200 (tokens: 149, 465ms, cid=99bd7265-0071-420c-b515-a1ae55e889b4)
[WALMART][STORE1] GET /v3/items/FaisalX-3727 → 200 (tokens: 148, 420ms, cid=c639d42a-0d9a-44ac-b3bd-b6f6a2a13627)
[WALMART][STORE1] GET /v3/items/FaisalX-3467 → 200 (tokens: 149, 557ms, cid=7c375dad-cb30-41f5-ac72-5ba4291c4539)
[WALMART][STORE1] GET /v3/items/FaisalX-3374 → 200 (tokens: 149, 470ms, cid=989c5d82-3cc5-4433-8a6f-b4f98b038e56)
[WALMART][STORE1] GET /v3/items/FaisalX-3503 → 200 (tokens: 149, 410ms, cid=e7d72acb-f67c-4396-9f6e-cb62a6d363db)
[WALMART][STORE1] GET /v3/items/FaisalX-4044 → 200 (tokens: 149, 431ms, cid=464a4b83-ecfd-46a5-8ee1-223f3d4ee129)
[WALMART][STORE1] GET /v3/items/FaisalX-3943 → 200 (tokens: 149, 457ms, cid=cdefacda-de9b-4e7f-95a2-f250c34516c7)
[WALMART][STORE1] GET /v3/items/FaisalX-4124 → 200 (tokens: 149, 610ms, cid=4e1aa8aa-8544-4bcc-a20c-e3b9fb599661)
[WALMART][STORE1] GET /v3/items/FaisalX-393 → 200 (tokens: 149, 419ms, cid=0e9fec5e-1b1c-4856-aff4-1ba465504078)
[WALMART][STORE1] GET /v3/items/FaisalX-4481 → 200 (tokens: 149, 437ms, cid=fe61fb7b-73cc-4fed-9c14-9e8bb48c17e0)
[WALMART][STORE1] GET /v3/items/FaisalX-4761 → 200 (tokens: 149, 396ms, cid=324703f5-c8dc-4ad9-9736-6f027012a1b3)
[WALMART][STORE1] GET /v3/items/FaisalX-5360 → 200 (tokens: 149, 412ms, cid=457191aa-d5bc-425d-a76d-a9220619781b)
[WALMART][STORE1] GET /v3/items/RizwanX-179 → 200 (tokens: 149, 420ms, cid=d721cbe7-0bee-4dbd-bc54-cad5efd0ecce)
[WALMART][STORE1] GET /v3/items/RizwanX-137 → 200 (tokens: 149, 429ms, cid=af548a6e-3911-4079-8dba-7380f8ba7d40)
[WALMART][STORE1] GET /v3/items/RizwanX-161 → 200 (tokens: 149, 427ms, cid=08e1a17c-6750-4b71-b831-cdf6c41b9176)
[WALMART][STORE1] GET /v3/items/RizwanX-2198 → 200 (tokens: 149, 574ms, cid=4a448314-0852-4faf-9908-04cd35e0d3de)
[WALMART][STORE1] GET /v3/items/RizwanX-2366 → 200 (tokens: 149, 469ms, cid=1327439e-6689-4b03-9a3e-659a64ff49a2)
[WALMART][STORE1] GET /v3/items/RizwanX-2425 → 200 (tokens: 148, 425ms, cid=bc20f307-7efd-409b-845f-8c77ddb4bded)
[WALMART][STORE1] GET /v3/items/RizwanX-3509 → 200 (tokens: 149, 500ms, cid=fc498a16-27db-49a1-9376-196cdf1468d7)
[WALMART][STORE1] GET /v3/items/RizwanX-3317 → 200 (tokens: 148, 541ms, cid=c5124615-ec3e-4a3d-8eaf-766d97d88888)
[WALMART][STORE1] GET /v3/items/RizwanX-2784 → 200 (tokens: 149, 586ms, cid=5d070484-454e-433d-bf78-b9ab33beed19)
built 293 MPItems

[WALMART][STORE1] POST /v3/feeds?feedType=MP_MAINTENANCE → 200 (tokens: 9, 862ms, cid=155c5799-0969-4d69-b852-383445939cbb)
  batch 1/6: feed 18C1AFC015995D62… (50) draining…
[WALMART][STORE1] GET /v3/feeds/18C1AFC015995D62AABE5E34E01002B0%40AX8BBwA?includeDetails=true → 200 (tokens: 832, 409ms, cid=689c9981-7807-4545-83a8-ba59aa6da461)
[WALMART][STORE1] GET /v3/feeds/18C1AFC015995D62AABE5E34E01002B0%40AX8BBwA?includeDetails=true → 200 (tokens: 832, 380ms, cid=c37562ea-5a18-4c43-9ac2-e85872d398c6)
[WALMART][STORE1] GET /v3/feeds/18C1AFC015995D62AABE5E34E01002B0%40AX8BBwA?includeDetails=true → 200 (tokens: 832, 549ms, cid=37b46695-2b2f-4cae-ab0f-aaacb7016e8d)
[WALMART][STORE1] GET /v3/feeds/18C1AFC015995D62AABE5E34E01002B0%40AX8BBwA?includeDetails=true → 200 (tokens: 832, 274ms, cid=928ca3e3-233f-4082-8720-459eb517b5c0)
[WALMART][STORE1] GET /v3/feeds/18C1AFC015995D62AABE5E34E01002B0%40AX8BBwA?includeDetails=true → 200 (tokens: 832, 343ms, cid=7172c6f4-b1b0-4c3b-8e2c-4e1461015468)
[WALMART][STORE1] GET /v3/feeds/18C1AFC015995D62AABE5E34E01002B0%40AX8BBwA?includeDetails=true → 200 (tokens: 832, 358ms, cid=85e930a0-f991-454d-9e33-dc525978cf94)
[WALMART][STORE1] GET /v3/feeds/18C1AFC015995D62AABE5E34E01002B0%40AX8BBwA?includeDetails=true → 200 (tokens: 832, 241ms, cid=b8478e41-2e25-4f5d-88f9-ac5df081512a)
[WALMART][STORE1] GET /v3/feeds/18C1AFC015995D62AABE5E34E01002B0%40AX8BBwA?includeDetails=true → 200 (tokens: 832, 225ms, cid=99abf344-c9d1-4440-8c65-26c6d71394a8)
[WALMART][STORE1] GET /v3/feeds/18C1AFC015995D62AABE5E34E01002B0%40AX8BBwA?includeDetails=true → 200 (tokens: 832, 357ms, cid=0a0c0a7a-617e-4044-bea0-d9637b8a63e8)
[WALMART][STORE1] GET /v3/feeds/18C1AFC015995D62AABE5E34E01002B0%40AX8BBwA?includeDetails=true → 200 (tokens: 832, 507ms, cid=0b45168e-3f9f-440d-a81f-9cd34210482f)
[WALMART][STORE1] GET /v3/feeds/18C1AFC015995D62AABE5E34E01002B0%40AX8BBwA?includeDetails=true → 200 (tokens: 832, 214ms, cid=0917b35e-8cf4-4dee-8447-b6d5caa8fe7d)
[WALMART][STORE1] GET /v3/feeds/18C1AFC015995D62AABE5E34E01002B0%40AX8BBwA?includeDetails=true → 200 (tokens: 832, 345ms, cid=3a148451-9dbf-46b5-8d5a-5f03a73efc77)
[WALMART][STORE1] GET /v3/feeds/18C1AFC015995D62AABE5E34E01002B0%40AX8BBwA?includeDetails=true → 200 (tokens: 832, 275ms, cid=2fa87b63-362f-4970-bb79-34ee93878b86)
[WALMART][STORE1] GET /v3/feeds/18C1AFC015995D62AABE5E34E01002B0%40AX8BBwA?includeDetails=true → 200 (tokens: 832, 216ms, cid=ac4b2f33-3537-4075-9ef7-f5970ef95a15)
[WALMART][STORE1] GET /v3/feeds/18C1AFC015995D62AABE5E34E01002B0%40AX8BBwA?includeDetails=true → 200 (tokens: 832, 286ms, cid=7b789586-53ff-418b-b910-aa5fb0366c80)
[WALMART][STORE1] GET /v3/feeds/18C1AFC015995D62AABE5E34E01002B0%40AX8BBwA?includeDetails=true → 200 (tokens: 832, 262ms, cid=e130e9e4-8c3c-4037-a272-ac29d93505b2)
[WALMART][STORE1] GET /v3/feeds/18C1AFC015995D62AABE5E34E01002B0%40AX8BBwA?includeDetails=true → 200 (tokens: 832, 415ms, cid=5422bd7f-bb5a-4331-8b5c-82b656dac580)
[WALMART][STORE1] GET /v3/feeds/18C1AFC015995D62AABE5E34E01002B0%40AX8BBwA?includeDetails=true → 200 (tokens: 832, 359ms, cid=15256a77-dc7e-457a-bfd6-baa20ac295bc)
[WALMART][STORE1] GET /v3/feeds/18C1AFC015995D62AABE5E34E01002B0%40AX8BBwA?includeDetails=true → 200 (tokens: 832, 257ms, cid=ff185998-b33f-486f-bcd1-43ad708a00fa)
[WALMART][STORE1] GET /v3/feeds/18C1AFC015995D62AABE5E34E01002B0%40AX8BBwA?includeDetails=true → 200 (tokens: 832, 322ms, cid=492bed57-8f17-4154-a0f7-dafe709ec3d5)
[WALMART][STORE1] GET /v3/feeds/18C1AFC015995D62AABE5E34E01002B0%40AX8BBwA?includeDetails=true → 200 (tokens: 832, 334ms, cid=f314d891-e4af-43fe-acea-02daa895eeb6)
[WALMART][STORE1] GET /v3/feeds/18C1AFC015995D62AABE5E34E01002B0%40AX8BBwA?includeDetails=true → 200 (tokens: 832, 445ms, cid=b212b083-84b5-4eae-839f-bea46a0305ef)
[WALMART][STORE1] GET /v3/feeds/18C1AFC015995D62AABE5E34E01002B0%40AX8BBwA?includeDetails=true → 200 (tokens: 832, 238ms, cid=0c930b95-22d9-43f8-96bd-fe70b059e34e)
[WALMART][STORE1] GET /v3/feeds/18C1AFC015995D62AABE5E34E01002B0%40AX8BBwA?includeDetails=true → 200 (tokens: 832, 215ms, cid=1dbb0aa8-f197-4662-9cae-8e92a4649318)
[WALMART][STORE1] GET /v3/feeds/18C1AFC015995D62AABE5E34E01002B0%40AX8BBwA?includeDetails=true → 200 (tokens: 832, 436ms, cid=5a2567e8-e0d0-4a1f-b48d-f241e63574f8)
[WALMART][STORE1] GET /v3/feeds/18C1AFC015995D62AABE5E34E01002B0%40AX8BBwA?includeDetails=true → 200 (tokens: 832, 388ms, cid=6d95259a-2e7e-4446-b4f4-2c329d03db8a)
[WALMART][STORE1] GET /v3/feeds/18C1AFC015995D62AABE5E34E01002B0%40AX8BBwA?includeDetails=true → 200 (tokens: 832, 327ms, cid=303a349d-aea7-4d24-a7e9-8573b8ce26a5)
[WALMART][STORE1] GET /v3/feeds/18C1AFC015995D62AABE5E34E01002B0%40AX8BBwA?includeDetails=true → 200 (tokens: 832, 536ms, cid=f0392389-d594-4960-977a-fbadd9fcddad)
[WALMART][STORE1] GET /v3/feeds/18C1AFC015995D62AABE5E34E01002B0%40AX8BBwA?includeDetails=true → 200 (tokens: 832, 532ms, cid=9aaed2f9-36fa-435b-be07-87edfafe19e2)
[WALMART][STORE1] GET /v3/feeds/18C1AFC015995D62AABE5E34E01002B0%40AX8BBwA?includeDetails=true → 200 (tokens: 832, 344ms, cid=2c148b6f-79bd-4009-945b-5d931a6c32f1)
[WALMART][STORE1] GET /v3/feeds/18C1AFC015995D62AABE5E34E01002B0%40AX8BBwA?includeDetails=true → 200 (tokens: 832, 393ms, cid=16e10cbe-8747-47f5-94fe-86b7713e1367)
[WALMART][STORE1] GET /v3/feeds/18C1AFC015995D62AABE5E34E01002B0%40AX8BBwA?includeDetails=true → 200 (tokens: 832, 391ms, cid=0b26ca97-8e7d-438d-8342-7d2d6ba0b22b)
[WALMART][STORE1] GET /v3/feeds/18C1AFC015995D62AABE5E34E01002B0%40AX8BBwA?includeDetails=true → 200 (tokens: 832, 384ms, cid=084bfa04-f960-49c6-96e1-c3827ef44224)
[WALMART][STORE1] GET /v3/feeds/18C1AFC015995D62AABE5E34E01002B0%40AX8BBwA?includeDetails=true → 200 (tokens: 832, 388ms, cid=7d73aefc-c152-4a2f-9f93-3639fac7118a)
[WALMART][STORE1] GET /v3/feeds/18C1AFC015995D62AABE5E34E01002B0%40AX8BBwA?includeDetails=true → 200 (tokens: 832, 357ms, cid=a92db2b6-09f3-4bb0-ad96-fd959d14bec3)
[WALMART][STORE1] GET /v3/feeds/18C1AFC015995D62AABE5E34E01002B0%40AX8BBwA?includeDetails=true → 200 (tokens: 832, 379ms, cid=1d8143a4-caf2-450c-a5f1-928630ed0b20)
[WALMART][STORE1] GET /v3/feeds/18C1AFC015995D62AABE5E34E01002B0%40AX8BBwA?includeDetails=true → 200 (tokens: 832, 389ms, cid=b8b14226-1242-4415-a56a-b063678500cb)
[WALMART][STORE1] GET /v3/feeds/18C1AFC015995D62AABE5E34E01002B0%40AX8BBwA?includeDetails=true → 200 (tokens: 832, 473ms, cid=ab7a63ce-97b1-4691-88f5-18404ff5d4aa)
[WALMART][STORE1] GET /v3/feeds/18C1AFC015995D62AABE5E34E01002B0%40AX8BBwA?includeDetails=true → 200 (tokens: 832, 383ms, cid=378db93f-2721-4184-abab-967a6cafacbf)
[WALMART][STORE1] token issued, expires at 2026-07-13T00:13:41.234Z
[WALMART][STORE1] GET /v3/feeds/18C1AFC015995D62AABE5E34E01002B0%40AX8BBwA?includeDetails=true → 200 (tokens: 832, 437ms, cid=27da185b-fc29-4c09-87a8-bd6d160660c7)
  batch 1/6: applied 14 · qarth 36 · fail 0 (cumulative)
[WALMART][STORE1] POST /v3/feeds?feedType=MP_MAINTENANCE → 200 (tokens: 9, 1088ms, cid=0d12658e-9d5a-4a55-955e-cf552a996c5a)
  batch 2/6: feed 18C1B05087A75A14… (50) draining…
[WALMART][STORE1] GET /v3/feeds/18C1B05087A75A14B1C72C88C4DE4058%40AX8BBwA?includeDetails=true → 200 (tokens: 832, 394ms, cid=3d3ff25b-eabe-4b03-b416-f5c8793979c3)
[WALMART][STORE1] GET /v3/feeds/18C1B05087A75A14B1C72C88C4DE4058%40AX8BBwA?includeDetails=true → 200 (tokens: 832, 447ms, cid=7aa4079b-ba6e-4b5e-87db-5eb3b2a2fffd)
[WALMART][STORE1] GET /v3/feeds/18C1B05087A75A14B1C72C88C4DE4058%40AX8BBwA?includeDetails=true → 200 (tokens: 832, 432ms, cid=c7ab884f-686a-49bf-98c1-a0f448a1dd68)
[WALMART][STORE1] GET /v3/feeds/18C1B05087A75A14B1C72C88C4DE4058%40AX8BBwA?includeDetails=true → 200 (tokens: 832, 302ms, cid=8bda9f05-16e2-4eb8-8c00-b7f1d326e6ab)
[WALMART][STORE1] GET /v3/feeds/18C1B05087A75A14B1C72C88C4DE4058%40AX8BBwA?includeDetails=true → 200 (tokens: 832, 417ms, cid=7eb8c338-ac1d-4743-80bf-95b63e8da259)
[WALMART][STORE1] GET /v3/feeds/18C1B05087A75A14B1C72C88C4DE4058%40AX8BBwA?includeDetails=true → 200 (tokens: 832, 252ms, cid=457dd201-97d0-48a3-9bb1-428520b33d8b)
[WALMART][STORE1] GET /v3/feeds/18C1B05087A75A14B1C72C88C4DE4058%40AX8BBwA?includeDetails=true → 200 (tokens: 832, 252ms, cid=0481708b-4e4d-4af2-b1df-4ef24042ef0f)
[WALMART][STORE1] GET /v3/feeds/18C1B05087A75A14B1C72C88C4DE4058%40AX8BBwA?includeDetails=true → 200 (tokens: 832, 681ms, cid=ae2e15d9-04e6-4cb8-8048-7e44b3138fdb)
[WALMART][STORE1] GET /v3/feeds/18C1B05087A75A14B1C72C88C4DE4058%40AX8BBwA?includeDetails=true → 200 (tokens: 832, 232ms, cid=46d0ec99-bd9c-4762-8ee2-50f1bd78feeb)
[WALMART][STORE1] GET /v3/feeds/18C1B05087A75A14B1C72C88C4DE4058%40AX8BBwA?includeDetails=true → 200 (tokens: 832, 287ms, cid=609a1a3f-6fc4-47d2-9f61-c205d646d22e)
[WALMART][STORE1] GET /v3/feeds/18C1B05087A75A14B1C72C88C4DE4058%40AX8BBwA?includeDetails=true → 200 (tokens: 832, 404ms, cid=2278f168-df4f-4acc-8a37-4f38aec7cdf3)
[WALMART][STORE1] GET /v3/feeds/18C1B05087A75A14B1C72C88C4DE4058%40AX8BBwA?includeDetails=true → 200 (tokens: 832, 293ms, cid=8b6177de-70d5-4502-b129-00c3bf4cfdcc)
[WALMART][STORE1] GET /v3/feeds/18C1B05087A75A14B1C72C88C4DE4058%40AX8BBwA?includeDetails=true → 200 (tokens: 832, 248ms, cid=801cb710-f256-46ca-beb4-93c60575ac76)
[WALMART][STORE1] GET /v3/feeds/18C1B05087A75A14B1C72C88C4DE4058%40AX8BBwA?includeDetails=true → 200 (tokens: 832, 340ms, cid=c74007dd-aa2a-4fbe-a23a-a23c2e68c421)
[WALMART][STORE1] GET /v3/feeds/18C1B05087A75A14B1C72C88C4DE4058%40AX8BBwA?includeDetails=true → 200 (tokens: 832, 393ms, cid=b70bc56c-76f0-4be9-8586-c9bc7bd6d525)
[WALMART][STORE1] GET /v3/feeds/18C1B05087A75A14B1C72C88C4DE4058%40AX8BBwA?includeDetails=true → 200 (tokens: 832, 617ms, cid=ee27ac6c-82e0-423f-a84f-1bcc7d898274)
[WALMART][STORE1] GET /v3/feeds/18C1B05087A75A14B1C72C88C4DE4058%40AX8BBwA?includeDetails=true → 200 (tokens: 832, 309ms, cid=fbc720bd-b4a2-45fc-a6c9-2735b4759c53)
[WALMART][STORE1] GET /v3/feeds/18C1B05087A75A14B1C72C88C4DE4058%40AX8BBwA?includeDetails=true → 200 (tokens: 832, 325ms, cid=d4ed6f4a-6afa-4eec-a192-0b56781f0a47)
[WALMART][STORE1] GET /v3/feeds/18C1B05087A75A14B1C72C88C4DE4058%40AX8BBwA?includeDetails=true → 200 (tokens: 832, 406ms, cid=c7568a79-5020-49f9-817d-a4a0717f6e65)
[WALMART][STORE1] GET /v3/feeds/18C1B05087A75A14B1C72C88C4DE4058%40AX8BBwA?includeDetails=true → 200 (tokens: 832, 277ms, cid=e778b6ad-3950-4430-b3eb-d70a29d5065c)
[WALMART][STORE1] GET /v3/feeds/18C1B05087A75A14B1C72C88C4DE4058%40AX8BBwA?includeDetails=true → 200 (tokens: 832, 442ms, cid=96e9f459-b193-4cc2-9021-f4934c21c027)
[WALMART][STORE1] GET /v3/feeds/18C1B05087A75A14B1C72C88C4DE4058%40AX8BBwA?includeDetails=true → 200 (tokens: 832, 451ms, cid=f16ee9d9-63e3-4bea-9683-b48c04e9ad1a)
[WALMART][STORE1] GET /v3/feeds/18C1B05087A75A14B1C72C88C4DE4058%40AX8BBwA?includeDetails=true → 200 (tokens: 832, 418ms, cid=2286f710-0da5-4fd6-8049-8a0a3d5c9938)
[WALMART][STORE1] GET /v3/feeds/18C1B05087A75A14B1C72C88C4DE4058%40AX8BBwA?includeDetails=true → 200 (tokens: 832, 516ms, cid=b5c5c24c-3791-4892-9e6e-6580ea886fce)
[WALMART][STORE1] GET /v3/feeds/18C1B05087A75A14B1C72C88C4DE4058%40AX8BBwA?includeDetails=true → 200 (tokens: 832, 335ms, cid=87571180-065e-4fe5-9e49-1984cee1e6f1)
[WALMART][STORE1] GET /v3/feeds/18C1B05087A75A14B1C72C88C4DE4058%40AX8BBwA?includeDetails=true → 200 (tokens: 832, 271ms, cid=546534e8-b198-4ef3-a5e6-f63c932c8bfc)
[WALMART][STORE1] GET /v3/feeds/18C1B05087A75A14B1C72C88C4DE4058%40AX8BBwA?includeDetails=true → 200 (tokens: 832, 271ms, cid=2f281e87-7f98-45ac-bc80-620050267181)
[WALMART][STORE1] GET /v3/feeds/18C1B05087A75A14B1C72C88C4DE4058%40AX8BBwA?includeDetails=true → 200 (tokens: 832, 341ms, cid=1d448c4b-70b9-403c-a9d0-4f59fa88a674)
[WALMART][STORE1] GET /v3/feeds/18C1B05087A75A14B1C72C88C4DE4058%40AX8BBwA?includeDetails=true → 200 (tokens: 832, 462ms, cid=e50aa62d-5a9d-41ff-b0c5-e555f3e874b4)
[WALMART][STORE1] GET /v3/feeds/18C1B05087A75A14B1C72C88C4DE4058%40AX8BBwA?includeDetails=true → 200 (tokens: 832, 305ms, cid=eb9caca6-22e4-436c-b59b-c77a10f7a543)
[WALMART][STORE1] GET /v3/feeds/18C1B05087A75A14B1C72C88C4DE4058%40AX8BBwA?includeDetails=true → 200 (tokens: 832, 242ms, cid=8f57ec52-4076-4e84-b209-d56f8bcc833f)
[WALMART][STORE1] GET /v3/feeds/18C1B05087A75A14B1C72C88C4DE4058%40AX8BBwA?includeDetails=true → 200 (tokens: 832, 519ms, cid=94c112bf-92dd-4451-be17-a5e236401d09)
[WALMART][STORE1] GET /v3/feeds/18C1B05087A75A14B1C72C88C4DE4058%40AX8BBwA?includeDetails=true → 200 (tokens: 832, 374ms, cid=bda4a68a-76b2-4a62-84bf-1958f4c02855)
[WALMART][STORE1] GET /v3/feeds/18C1B05087A75A14B1C72C88C4DE4058%40AX8BBwA?includeDetails=true → 200 (tokens: 832, 331ms, cid=e40f74a0-7e63-4f9a-90d0-38e80fd55528)
[WALMART][STORE1] GET /v3/feeds/18C1B05087A75A14B1C72C88C4DE4058%40AX8BBwA?includeDetails=true → 200 (tokens: 832, 409ms, cid=6afc731e-553e-4aa3-a3c7-26f5e53a45ce)
[WALMART][STORE1] GET /v3/feeds/18C1B05087A75A14B1C72C88C4DE4058%40AX8BBwA?includeDetails=true → 200 (tokens: 832, 338ms, cid=054fa0a0-3998-4669-825d-0f0b32f61291)
[WALMART][STORE1] GET /v3/feeds/18C1B05087A75A14B1C72C88C4DE4058%40AX8BBwA?includeDetails=true → 200 (tokens: 832, 353ms, cid=17dbddfe-b0d0-423d-b409-d06ed9ceaee7)
[WALMART][STORE1] GET /v3/feeds/18C1B05087A75A14B1C72C88C4DE4058%40AX8BBwA?includeDetails=true → 200 (tokens: 832, 311ms, cid=8567be08-da0d-4691-9a69-ec7a32df6076)
[WALMART][STORE1] GET /v3/feeds/18C1B05087A75A14B1C72C88C4DE4058%40AX8BBwA?includeDetails=true → 200 (tokens: 832, 408ms, cid=41870dd2-aad9-4e2b-af27-fa5c12b7ea4a)
[WALMART][STORE1] GET /v3/feeds/18C1B05087A75A14B1C72C88C4DE4058%40AX8BBwA?includeDetails=true → 200 (tokens: 832, 349ms, cid=c1fb5a62-4989-4225-9581-8773ed174512)
[WALMART][STORE1] GET /v3/feeds/18C1B05087A75A14B1C72C88C4DE4058%40AX8BBwA?includeDetails=true → 200 (tokens: 832, 271ms, cid=570f9f91-3ea4-40e3-825f-674fb30b8e68)
[WALMART][STORE1] GET /v3/feeds/18C1B05087A75A14B1C72C88C4DE4058%40AX8BBwA?includeDetails=true → 200 (tokens: 832, 254ms, cid=a6807843-257a-4b41-95d9-3e50df1b12fe)
[WALMART][STORE1] GET /v3/feeds/18C1B05087A75A14B1C72C88C4DE4058%40AX8BBwA?includeDetails=true → 200 (tokens: 832, 235ms, cid=97ea5fc7-1d6d-4862-8ce5-5e743da4fa24)
[WALMART][STORE1] GET /v3/feeds/18C1B05087A75A14B1C72C88C4DE4058%40AX8BBwA?includeDetails=true → 200 (tokens: 832, 350ms, cid=f73e54af-6f43-4379-ab87-2133d4c0a037)
[WALMART][STORE1] GET /v3/feeds/18C1B05087A75A14B1C72C88C4DE4058%40AX8BBwA?includeDetails=true → 200 (tokens: 832, 317ms, cid=016341e0-c386-492a-adc4-31e0383714a1)
[WALMART][STORE1] GET /v3/feeds/18C1B05087A75A14B1C72C88C4DE4058%40AX8BBwA?includeDetails=true → 200 (tokens: 832, 292ms, cid=f99cba88-f480-4333-8690-d07110547f5e)
[WALMART][STORE1] GET /v3/feeds/18C1B05087A75A14B1C72C88C4DE4058%40AX8BBwA?includeDetails=true → 200 (tokens: 832, 235ms, cid=b8b1f573-d89a-4287-806b-6413f44b4e7b)
[WALMART][STORE1] GET /v3/feeds/18C1B05087A75A14B1C72C88C4DE4058%40AX8BBwA?includeDetails=true → 200 (tokens: 832, 344ms, cid=fe9846f3-c112-489e-a02e-6dfe8d0e8316)
[WALMART][STORE1] GET /v3/feeds/18C1B05087A75A14B1C72C88C4DE4058%40AX8BBwA?includeDetails=true → 200 (tokens: 832, 334ms, cid=9da22edb-14bb-4b22-9b5a-5c8406c26a88)
[WALMART][STORE1] GET /v3/feeds/18C1B05087A75A14B1C72C88C4DE4058%40AX8BBwA?includeDetails=true → 200 (tokens: 832, 469ms, cid=b23b3655-045d-4ce1-af55-c68413427753)
[WALMART][STORE1] token issued, expires at 2026-07-13T00:26:50.566Z
[WALMART][STORE1] GET /v3/feeds/18C1B05087A75A14B1C72C88C4DE4058%40AX8BBwA?includeDetails=true → 200 (tokens: 832, 253ms, cid=9c781611-ff77-4f9c-b33b-6b0efa8fc796)
[WALMART][STORE1] GET /v3/feeds/18C1B05087A75A14B1C72C88C4DE4058%40AX8BBwA?includeDetails=true → 200 (tokens: 832, 238ms, cid=b2c08be1-9509-4977-9141-f7d253e4ef68)
[WALMART][STORE1] GET /v3/feeds/18C1B05087A75A14B1C72C88C4DE4058%40AX8BBwA?includeDetails=true → 200 (tokens: 832, 952ms, cid=b54e40f8-8a81-4a33-915b-969910385599)
[WALMART][STORE1] GET /v3/feeds/18C1B05087A75A14B1C72C88C4DE4058%40AX8BBwA?includeDetails=true → 200 (tokens: 832, 370ms, cid=6dc22bb1-be07-44b9-8688-90707eaa9c35)
[WALMART][STORE1] GET /v3/feeds/18C1B05087A75A14B1C72C88C4DE4058%40AX8BBwA?includeDetails=true → 200 (tokens: 832, 861ms, cid=49afae29-94da-4ced-a826-98d325043548)
[WALMART][STORE1] GET /v3/feeds/18C1B05087A75A14B1C72C88C4DE4058%40AX8BBwA?includeDetails=true → 200 (tokens: 832, 252ms, cid=e07faae1-12b4-428e-b83b-07bb905c6307)
[WALMART][STORE1] GET /v3/feeds/18C1B05087A75A14B1C72C88C4DE4058%40AX8BBwA?includeDetails=true → 200 (tokens: 832, 550ms, cid=212eee4c-511d-4f57-b672-6919bd535220)
[WALMART][STORE1] GET /v3/feeds/18C1B05087A75A14B1C72C88C4DE4058%40AX8BBwA?includeDetails=true → 200 (tokens: 832, 375ms, cid=48a52666-4986-4e8c-97b6-f910b5418316)
[WALMART][STORE1] GET /v3/feeds/18C1B05087A75A14B1C72C88C4DE4058%40AX8BBwA?includeDetails=true → 200 (tokens: 832, 510ms, cid=4afb799b-5f3f-4f57-8518-97919382e3af)
  batch 2/6: INPROGRESS at budget — marked submitted
[WALMART][STORE1] POST /v3/feeds?feedType=MP_MAINTENANCE → 200 (tokens: 9, 444ms, cid=c40076e6-99d9-4ee5-8deb-8f5488804547)
  batch 3/6: feed 18C1B124D9F45539… (50) draining…
[WALMART][STORE1] GET /v3/feeds/18C1B124D9F45539BE9D7220E0DCF5DD%40AX8BBgA?includeDetails=true → 200 (tokens: 832, 401ms, cid=68f5fbf0-2f33-45b2-a35c-33372dc68481)
[WALMART][STORE1] GET /v3/feeds/18C1B124D9F45539BE9D7220E0DCF5DD%40AX8BBgA?includeDetails=true → 200 (tokens: 832, 470ms, cid=1daa2950-9a35-4427-a591-404851a8ca1b)
[WALMART][STORE1] GET /v3/feeds/18C1B124D9F45539BE9D7220E0DCF5DD%40AX8BBgA?includeDetails=true → 200 (tokens: 832, 386ms, cid=38870a8f-6058-4158-b5fb-84ab9a3e11c6)
[WALMART][STORE1] GET /v3/feeds/18C1B124D9F45539BE9D7220E0DCF5DD%40AX8BBgA?includeDetails=true → 200 (tokens: 832, 265ms, cid=9adeb3b7-bde7-4794-8048-6acf60239c02)
[WALMART][STORE1] GET /v3/feeds/18C1B124D9F45539BE9D7220E0DCF5DD%40AX8BBgA?includeDetails=true → 200 (tokens: 832, 584ms, cid=7dbfe312-e6e5-40b3-937e-50a9857ed2e7)
[WALMART][STORE1] GET /v3/feeds/18C1B124D9F45539BE9D7220E0DCF5DD%40AX8BBgA?includeDetails=true → 200 (tokens: 832, 340ms, cid=cab67648-65da-4979-878e-28d8e558d9cb)
[WALMART][STORE1] GET /v3/feeds/18C1B124D9F45539BE9D7220E0DCF5DD%40AX8BBgA?includeDetails=true → 200 (tokens: 832, 232ms, cid=19fd3eae-243c-4ddd-b878-18844eb4c562)
[WALMART][STORE1] GET /v3/feeds/18C1B124D9F45539BE9D7220E0DCF5DD%40AX8BBgA?includeDetails=true → 200 (tokens: 832, 483ms, cid=35429ac3-821f-49c1-b777-79ec87fc53d5)
[WALMART][STORE1] GET /v3/feeds/18C1B124D9F45539BE9D7220E0DCF5DD%40AX8BBgA?includeDetails=true → 200 (tokens: 832, 354ms, cid=8e54ecd3-b605-42ff-be29-e29bd385dc5a)
[WALMART][STORE1] GET /v3/feeds/18C1B124D9F45539BE9D7220E0DCF5DD%40AX8BBgA?includeDetails=true → 200 (tokens: 832, 538ms, cid=1850a339-23a4-4837-950f-44a48a80ff2e)
[WALMART][STORE1] GET /v3/feeds/18C1B124D9F45539BE9D7220E0DCF5DD%40AX8BBgA?includeDetails=true → 200 (tokens: 832, 238ms, cid=a82b7914-71b2-4747-9181-0e3dea1b2129)
[WALMART][STORE1] GET /v3/feeds/18C1B124D9F45539BE9D7220E0DCF5DD%40AX8BBgA?includeDetails=true → 200 (tokens: 832, 263ms, cid=328de3e4-a8c1-4487-9c2b-3edd38ed61da)
[WALMART][STORE1] GET /v3/feeds/18C1B124D9F45539BE9D7220E0DCF5DD%40AX8BBgA?includeDetails=true → 200 (tokens: 832, 256ms, cid=96d19e9f-9946-49ce-ac75-4c91abf90a20)
[WALMART][STORE1] GET /v3/feeds/18C1B124D9F45539BE9D7220E0DCF5DD%40AX8BBgA?includeDetails=true → 200 (tokens: 832, 278ms, cid=487e1957-1d49-4df5-9517-a7c26f9f4324)
[WALMART][STORE1] GET /v3/feeds/18C1B124D9F45539BE9D7220E0DCF5DD%40AX8BBgA?includeDetails=true → 200 (tokens: 832, 424ms, cid=fd310a37-46b2-437e-bcff-3b9b07e419eb)
[WALMART][STORE1] GET /v3/feeds/18C1B124D9F45539BE9D7220E0DCF5DD%40AX8BBgA?includeDetails=true → 200 (tokens: 832, 305ms, cid=95957ca6-b2f8-4993-bcc6-74d9e1b5e308)
[WALMART][STORE1] GET /v3/feeds/18C1B124D9F45539BE9D7220E0DCF5DD%40AX8BBgA?includeDetails=true → 200 (tokens: 832, 529ms, cid=f6927b75-5928-45ca-b547-c8652ed8121f)
[WALMART][STORE1] GET /v3/feeds/18C1B124D9F45539BE9D7220E0DCF5DD%40AX8BBgA?includeDetails=true → 200 (tokens: 832, 372ms, cid=8b81cc6d-c917-4c32-aa0e-6b13bb9dad82)
[WALMART][STORE1] GET /v3/feeds/18C1B124D9F45539BE9D7220E0DCF5DD%40AX8BBgA?includeDetails=true → 200 (tokens: 832, 492ms, cid=7b155a1e-715d-47a2-9100-8785803f20d8)
[WALMART][STORE1] GET /v3/feeds/18C1B124D9F45539BE9D7220E0DCF5DD%40AX8BBgA?includeDetails=true → 200 (tokens: 832, 283ms, cid=73b93500-0274-4eda-927d-4717b5d44864)
[WALMART][STORE1] GET /v3/feeds/18C1B124D9F45539BE9D7220E0DCF5DD%40AX8BBgA?includeDetails=true → 200 (tokens: 832, 278ms, cid=a6ec07b9-e922-4924-a718-705b6775781f)
[WALMART][STORE1] GET /v3/feeds/18C1B124D9F45539BE9D7220E0DCF5DD%40AX8BBgA?includeDetails=true → 200 (tokens: 832, 455ms, cid=aa61af67-2700-4f14-bdf9-9fdb5be3c58c)
[WALMART][STORE1] GET /v3/feeds/18C1B124D9F45539BE9D7220E0DCF5DD%40AX8BBgA?includeDetails=true → 200 (tokens: 832, 232ms, cid=8c694086-23f0-47cd-a376-1924c340cc4c)
[WALMART][STORE1] GET /v3/feeds/18C1B124D9F45539BE9D7220E0DCF5DD%40AX8BBgA?includeDetails=true → 200 (tokens: 832, 266ms, cid=890466d3-d93f-4d3c-b955-7cc169c402a3)
[WALMART][STORE1] GET /v3/feeds/18C1B124D9F45539BE9D7220E0DCF5DD%40AX8BBgA?includeDetails=true → 200 (tokens: 832, 426ms, cid=10298b54-fec6-44b7-ad3b-f05f8fb32809)
[WALMART][STORE1] GET /v3/feeds/18C1B124D9F45539BE9D7220E0DCF5DD%40AX8BBgA?includeDetails=true → 200 (tokens: 832, 602ms, cid=779e3a96-5c3e-45b4-b251-98301afa4dbc)
[WALMART][STORE1] GET /v3/feeds/18C1B124D9F45539BE9D7220E0DCF5DD%40AX8BBgA?includeDetails=true → 200 (tokens: 832, 428ms, cid=6e563efe-600c-454d-baa4-91a66f7a3891)
[WALMART][STORE1] GET /v3/feeds/18C1B124D9F45539BE9D7220E0DCF5DD%40AX8BBgA?includeDetails=true → 200 (tokens: 832, 399ms, cid=c056ef9b-03fb-4a1a-ae3f-b75e4a9ae221)
[WALMART][STORE1] GET /v3/feeds/18C1B124D9F45539BE9D7220E0DCF5DD%40AX8BBgA?includeDetails=true → 200 (tokens: 832, 471ms, cid=794616ee-4065-483b-870d-4015aec080e8)
[WALMART][STORE1] GET /v3/feeds/18C1B124D9F45539BE9D7220E0DCF5DD%40AX8BBgA?includeDetails=true → 200 (tokens: 832, 251ms, cid=97184178-ad50-4013-b19a-5d207feab1f7)
[WALMART][STORE1] GET /v3/feeds/18C1B124D9F45539BE9D7220E0DCF5DD%40AX8BBgA?includeDetails=true → 200 (tokens: 832, 227ms, cid=9c251131-71fd-4595-a371-3175e3b8827f)
[WALMART][STORE1] GET /v3/feeds/18C1B124D9F45539BE9D7220E0DCF5DD%40AX8BBgA?includeDetails=true → 200 (tokens: 832, 425ms, cid=789f17a5-4118-42cc-9c76-e56c3c5b301c)
[WALMART][STORE1] GET /v3/feeds/18C1B124D9F45539BE9D7220E0DCF5DD%40AX8BBgA?includeDetails=true → 200 (tokens: 832, 268ms, cid=600fbc18-a591-4881-b71e-e363fca0940e)
[WALMART][STORE1] GET /v3/feeds/18C1B124D9F45539BE9D7220E0DCF5DD%40AX8BBgA?includeDetails=true → 200 (tokens: 832, 421ms, cid=469f22d3-3e60-484f-b0cb-63af8ca2cda6)
[WALMART][STORE1] GET /v3/feeds/18C1B124D9F45539BE9D7220E0DCF5DD%40AX8BBgA?includeDetails=true → 200 (tokens: 832, 306ms, cid=e22ef3a6-de74-45bd-b843-9766821bbc49)
[WALMART][STORE1] GET /v3/feeds/18C1B124D9F45539BE9D7220E0DCF5DD%40AX8BBgA?includeDetails=true → 200 (tokens: 832, 241ms, cid=a97139f2-af08-4a24-ad83-bdf9121b6855)
[WALMART][STORE1] GET /v3/feeds/18C1B124D9F45539BE9D7220E0DCF5DD%40AX8BBgA?includeDetails=true → 200 (tokens: 832, 249ms, cid=2089165d-1bd5-407f-baeb-eea9bf38a5ee)
[WALMART][STORE1] GET /v3/feeds/18C1B124D9F45539BE9D7220E0DCF5DD%40AX8BBgA?includeDetails=true → 200 (tokens: 832, 259ms, cid=d7a8fa1f-cfe3-4702-a9d0-9629d06584ea)
[WALMART][STORE1] GET /v3/feeds/18C1B124D9F45539BE9D7220E0DCF5DD%40AX8BBgA?includeDetails=true → 200 (tokens: 832, 330ms, cid=a4a0b507-eb5c-4e0f-8da4-de3833436b90)
[WALMART][STORE1] GET /v3/feeds/18C1B124D9F45539BE9D7220E0DCF5DD%40AX8BBgA?includeDetails=true → 200 (tokens: 832, 250ms, cid=cadadea6-788b-4d00-88e1-3a6aa732e322)
[WALMART][STORE1] GET /v3/feeds/18C1B124D9F45539BE9D7220E0DCF5DD%40AX8BBgA?includeDetails=true → 200 (tokens: 832, 398ms, cid=058249f6-d28c-4155-b4ab-a5199e346ef3)
[WALMART][STORE1] GET /v3/feeds/18C1B124D9F45539BE9D7220E0DCF5DD%40AX8BBgA?includeDetails=true → 200 (tokens: 832, 488ms, cid=5b6f3e41-c30a-4127-8601-bc0275527129)
[WALMART][STORE1] token issued, expires at 2026-07-13T00:39:59.778Z
[WALMART][STORE1] GET /v3/feeds/18C1B124D9F45539BE9D7220E0DCF5DD%40AX8BBgA?includeDetails=true → 200 (tokens: 832, 392ms, cid=8060d06e-e3a9-4d73-92b8-3e3d84ff409b)
[WALMART][STORE1] GET /v3/feeds/18C1B124D9F45539BE9D7220E0DCF5DD%40AX8BBgA?includeDetails=true → 200 (tokens: 832, 479ms, cid=534e6dce-7d6f-4831-8950-8b4c67f12fc1)
[WALMART][STORE1] GET /v3/feeds/18C1B124D9F45539BE9D7220E0DCF5DD%40AX8BBgA?includeDetails=true → 200 (tokens: 832, 604ms, cid=db4ae7c8-98ae-472e-9fae-ee98df8d6762)
[WALMART][STORE1] GET /v3/feeds/18C1B124D9F45539BE9D7220E0DCF5DD%40AX8BBgA?includeDetails=true → 200 (tokens: 832, 378ms, cid=5a20bdd4-9de5-4aa4-96f1-e695da733ba3)
[WALMART][STORE1] GET /v3/feeds/18C1B124D9F45539BE9D7220E0DCF5DD%40AX8BBgA?includeDetails=true → 200 (tokens: 832, 337ms, cid=ec195c20-6a0f-4d75-8423-ad84ef6592bc)
[WALMART][STORE1] GET /v3/feeds/18C1B124D9F45539BE9D7220E0DCF5DD%40AX8BBgA?includeDetails=true → 200 (tokens: 832, 431ms, cid=7249701c-ee86-4c6d-9634-0f140abaccbf)
[WALMART][STORE1] GET /v3/feeds/18C1B124D9F45539BE9D7220E0DCF5DD%40AX8BBgA?includeDetails=true → 200 (tokens: 832, 255ms, cid=e319519b-3553-432b-8f2a-ecad78b0095f)
[WALMART][STORE1] GET /v3/feeds/18C1B124D9F45539BE9D7220E0DCF5DD%40AX8BBgA?includeDetails=true → 200 (tokens: 832, 270ms, cid=4096fda7-b94c-4b36-8afe-f831566e20b2)
[WALMART][STORE1] GET /v3/feeds/18C1B124D9F45539BE9D7220E0DCF5DD%40AX8BBgA?includeDetails=true → 200 (tokens: 832, 663ms, cid=ed95d2ec-1548-4b39-897a-83d94def664a)
[WALMART][STORE1] GET /v3/feeds/18C1B124D9F45539BE9D7220E0DCF5DD%40AX8BBgA?includeDetails=true → 200 (tokens: 832, 371ms, cid=d9bdcc8d-1c70-4315-9559-35469f55adca)
[WALMART][STORE1] GET /v3/feeds/18C1B124D9F45539BE9D7220E0DCF5DD%40AX8BBgA?includeDetails=true → 200 (tokens: 832, 380ms, cid=8b6b139c-5fb8-47e8-ad54-be9b1a5bb546)
[WALMART][STORE1] GET /v3/feeds/18C1B124D9F45539BE9D7220E0DCF5DD%40AX8BBgA?includeDetails=true → 200 (tokens: 832, 371ms, cid=e75f3c69-ba50-42da-ad79-245a597659c4)
[WALMART][STORE1] GET /v3/feeds/18C1B124D9F45539BE9D7220E0DCF5DD%40AX8BBgA?includeDetails=true → 200 (tokens: 832, 350ms, cid=ee4e9a90-600a-47af-a1c6-7e2af08ceb3d)
[WALMART][STORE1] GET /v3/feeds/18C1B124D9F45539BE9D7220E0DCF5DD%40AX8BBgA?includeDetails=true → 200 (tokens: 832, 409ms, cid=d45ffef2-7e63-42c7-afa2-0c84529a7e53)
[WALMART][STORE1] GET /v3/feeds/18C1B124D9F45539BE9D7220E0DCF5DD%40AX8BBgA?includeDetails=true → 200 (tokens: 832, 396ms, cid=ec9e530f-ef11-4bf7-b8bf-32ccc21cf363)
[WALMART][STORE1] GET /v3/feeds/18C1B124D9F45539BE9D7220E0DCF5DD%40AX8BBgA?includeDetails=true → 200 (tokens: 832, 453ms, cid=25adf4d8-306a-4db9-8de9-74a32fbdf44f)
[WALMART][STORE1] GET /v3/feeds/18C1B124D9F45539BE9D7220E0DCF5DD%40AX8BBgA?includeDetails=true → 200 (tokens: 832, 460ms, cid=70934dd9-ea35-4a1a-8ad9-b8c10fbb2833)
  batch 3/6: INPROGRESS at budget — marked submitted
[WALMART][STORE1] POST /v3/feeds?feedType=MP_MAINTENANCE → 200 (tokens: 9, 546ms, cid=4fa56075-0979-4c81-b199-d278bd470d2c)
  batch 4/6: feed 18C1B1F9B719520D… (50) draining…
[WALMART][STORE1] GET /v3/feeds/18C1B1F9B719520D902B5EBA49143A79%40AX8BBwA?includeDetails=true → 200 (tokens: 832, 436ms, cid=51ece21d-0eb5-44e5-b778-51a6144c8d53)
[WALMART][STORE1] GET /v3/feeds/18C1B1F9B719520D902B5EBA49143A79%40AX8BBwA?includeDetails=true → 200 (tokens: 832, 345ms, cid=73c9b826-a9b3-4a38-b237-5600b063221d)
[WALMART][STORE1] GET /v3/feeds/18C1B1F9B719520D902B5EBA49143A79%40AX8BBwA?includeDetails=true → 200 (tokens: 832, 396ms, cid=6cb9c91e-8c04-4849-94e0-951076bdaace)
[WALMART][STORE1] GET /v3/feeds/18C1B1F9B719520D902B5EBA49143A79%40AX8BBwA?includeDetails=true → 200 (tokens: 832, 340ms, cid=f4db0336-16aa-4564-8b71-d1b89eb8ab6d)
[WALMART][STORE1] GET /v3/feeds/18C1B1F9B719520D902B5EBA49143A79%40AX8BBwA?includeDetails=true → 200 (tokens: 832, 315ms, cid=6df69040-68ca-4053-9625-d7cffe697556)
[WALMART][STORE1] GET /v3/feeds/18C1B1F9B719520D902B5EBA49143A79%40AX8BBwA?includeDetails=true → 200 (tokens: 832, 312ms, cid=f459b8e9-9ca2-4c98-8489-372d0dcf75c4)
[WALMART][STORE1] GET /v3/feeds/18C1B1F9B719520D902B5EBA49143A79%40AX8BBwA?includeDetails=true → 200 (tokens: 832, 338ms, cid=3725a5da-058f-46aa-9399-acb965258d5f)
[WALMART][STORE1] GET /v3/feeds/18C1B1F9B719520D902B5EBA49143A79%40AX8BBwA?includeDetails=true → 200 (tokens: 832, 390ms, cid=cd6a5a06-99db-4db2-abb4-b2b732c8d05d)
[WALMART][STORE1] GET /v3/feeds/18C1B1F9B719520D902B5EBA49143A79%40AX8BBwA?includeDetails=true → 200 (tokens: 832, 384ms, cid=356b38a6-f32a-4a8b-b977-bdd006a33906)
[WALMART][STORE1] GET /v3/feeds/18C1B1F9B719520D902B5EBA49143A79%40AX8BBwA?includeDetails=true → 200 (tokens: 832, 457ms, cid=212cb061-bb03-4bd5-9705-ef6db02156bb)
[WALMART][STORE1] GET /v3/feeds/18C1B1F9B719520D902B5EBA49143A79%40AX8BBwA?includeDetails=true → 200 (tokens: 832, 358ms, cid=034cb7bb-4439-4830-bf2f-09deeabb1c6c)
[WALMART][STORE1] GET /v3/feeds/18C1B1F9B719520D902B5EBA49143A79%40AX8BBwA?includeDetails=true → 200 (tokens: 832, 620ms, cid=35de9967-ca00-46ee-b848-07f989384f35)
[WALMART][STORE1] GET /v3/feeds/18C1B1F9B719520D902B5EBA49143A79%40AX8BBwA?includeDetails=true → 200 (tokens: 832, 337ms, cid=f9150933-f053-4ce2-9f7c-d27d08c31f99)
[WALMART][STORE1] GET /v3/feeds/18C1B1F9B719520D902B5EBA49143A79%40AX8BBwA?includeDetails=true → 200 (tokens: 832, 402ms, cid=b56efdd4-d410-4fa0-b009-870ab83afc87)
[WALMART][STORE1] GET /v3/feeds/18C1B1F9B719520D902B5EBA49143A79%40AX8BBwA?includeDetails=true → 200 (tokens: 832, 343ms, cid=33728e60-a9fa-415c-a3f8-fdb7229cca70)
[WALMART][STORE1] GET /v3/feeds/18C1B1F9B719520D902B5EBA49143A79%40AX8BBwA?includeDetails=true → 200 (tokens: 832, 381ms, cid=706969ea-2685-48f0-b043-1aec5f0dd4cd)
[WALMART][STORE1] GET /v3/feeds/18C1B1F9B719520D902B5EBA49143A79%40AX8BBwA?includeDetails=true → 200 (tokens: 832, 465ms, cid=6b8b3fce-f294-4f40-bcbc-433a8fd2fbeb)
[WALMART][STORE1] GET /v3/feeds/18C1B1F9B719520D902B5EBA49143A79%40AX8BBwA?includeDetails=true → 200 (tokens: 832, 275ms, cid=89517856-456e-432d-b73b-41f1ad17a466)
[WALMART][STORE1] GET /v3/feeds/18C1B1F9B719520D902B5EBA49143A79%40AX8BBwA?includeDetails=true → 200 (tokens: 832, 514ms, cid=be47a49e-e624-4a88-879a-6e1207a97852)
[WALMART][STORE1] GET /v3/feeds/18C1B1F9B719520D902B5EBA49143A79%40AX8BBwA?includeDetails=true → 200 (tokens: 832, 287ms, cid=b2441853-e7dd-40f9-8e64-d88bb0639550)
[WALMART][STORE1] GET /v3/feeds/18C1B1F9B719520D902B5EBA49143A79%40AX8BBwA?includeDetails=true → 200 (tokens: 832, 289ms, cid=88d0a57a-a9e0-4e75-85a5-e3761acc5664)
[WALMART][STORE1] GET /v3/feeds/18C1B1F9B719520D902B5EBA49143A79%40AX8BBwA?includeDetails=true → 200 (tokens: 832, 414ms, cid=5d2a0a04-a634-44ec-a9ee-27a74a54a745)
[WALMART][STORE1] GET /v3/feeds/18C1B1F9B719520D902B5EBA49143A79%40AX8BBwA?includeDetails=true → 200 (tokens: 832, 559ms, cid=77d99220-20ce-43e8-8b37-7f0f4f0a681d)
[WALMART][STORE1] GET /v3/feeds/18C1B1F9B719520D902B5EBA49143A79%40AX8BBwA?includeDetails=true → 200 (tokens: 832, 256ms, cid=3d7bc466-ffe6-4ac5-ac94-c9c3590faaf3)
[WALMART][STORE1] GET /v3/feeds/18C1B1F9B719520D902B5EBA49143A79%40AX8BBwA?includeDetails=true → 200 (tokens: 832, 260ms, cid=c083244b-7e88-42db-86c7-3bc94ac1f343)
[WALMART][STORE1] GET /v3/feeds/18C1B1F9B719520D902B5EBA49143A79%40AX8BBwA?includeDetails=true → 200 (tokens: 832, 454ms, cid=7dbeb0f8-dbe7-4a8e-b550-cc68748896f4)
[WALMART][STORE1] GET /v3/feeds/18C1B1F9B719520D902B5EBA49143A79%40AX8BBwA?includeDetails=true → 200 (tokens: 832, 629ms, cid=fb0e9abd-811d-4bbe-a578-f116042d8cc4)
[WALMART][STORE1] GET /v3/feeds/18C1B1F9B719520D902B5EBA49143A79%40AX8BBwA?includeDetails=true → 200 (tokens: 832, 340ms, cid=d09572b4-cee5-4bf5-8ca0-0bfd743d3138)
[WALMART][STORE1] GET /v3/feeds/18C1B1F9B719520D902B5EBA49143A79%40AX8BBwA?includeDetails=true → 200 (tokens: 832, 391ms, cid=ef1dd3ed-cec9-47ed-aa10-1b04d1c7d069)
[WALMART][STORE1] GET /v3/feeds/18C1B1F9B719520D902B5EBA49143A79%40AX8BBwA?includeDetails=true → 200 (tokens: 832, 377ms, cid=30780190-31b6-4308-98ea-2170f4377796)
[WALMART][STORE1] GET /v3/feeds/18C1B1F9B719520D902B5EBA49143A79%40AX8BBwA?includeDetails=true → 200 (tokens: 832, 456ms, cid=856a159b-f569-413d-8afe-5483b7cd041f)
[WALMART][STORE1] GET /v3/feeds/18C1B1F9B719520D902B5EBA49143A79%40AX8BBwA?includeDetails=true → 200 (tokens: 832, 321ms, cid=8b855269-6aaf-4a73-9fee-ca3a3b46cff7)
[WALMART][STORE1] GET /v3/feeds/18C1B1F9B719520D902B5EBA49143A79%40AX8BBwA?includeDetails=true → 200 (tokens: 832, 341ms, cid=d9b9547b-a229-48b1-860e-d8413fd6fc3a)
[WALMART][STORE1] GET /v3/feeds/18C1B1F9B719520D902B5EBA49143A79%40AX8BBwA?includeDetails=true → 200 (tokens: 832, 407ms, cid=637bf8e0-579c-4dbe-b2aa-b4ffe1eb0d22)
[WALMART][STORE1] token issued, expires at 2026-07-13T00:53:12.098Z
[WALMART][STORE1] GET /v3/feeds/18C1B1F9B719520D902B5EBA49143A79%40AX8BBwA?includeDetails=true → 200 (tokens: 832, 234ms, cid=080ecbbb-a5c4-4804-98a6-cfab86acc2be)
[WALMART][STORE1] GET /v3/feeds/18C1B1F9B719520D902B5EBA49143A79%40AX8BBwA?includeDetails=true → 200 (tokens: 832, 268ms, cid=285e14f6-f947-4609-b284-6372621c5c99)
[WALMART][STORE1] GET /v3/feeds/18C1B1F9B719520D902B5EBA49143A79%40AX8BBwA?includeDetails=true → 200 (tokens: 832, 467ms, cid=6134a34a-a437-4ced-a510-322f992b6f96)
[WALMART][STORE1] GET /v3/feeds/18C1B1F9B719520D902B5EBA49143A79%40AX8BBwA?includeDetails=true → 200 (tokens: 832, 452ms, cid=9357f3c2-09ee-4671-9cd0-532cefc98e65)
[WALMART][STORE1] GET /v3/feeds/18C1B1F9B719520D902B5EBA49143A79%40AX8BBwA?includeDetails=true → 200 (tokens: 832, 249ms, cid=bd79f90b-3483-4fe9-87ee-70c1ff0089ab)
[WALMART][STORE1] GET /v3/feeds/18C1B1F9B719520D902B5EBA49143A79%40AX8BBwA?includeDetails=true → 200 (tokens: 832, 411ms, cid=5e15aa6c-ad2b-47ee-956f-e8be30a995ee)
[WALMART][STORE1] GET /v3/feeds/18C1B1F9B719520D902B5EBA49143A79%40AX8BBwA?includeDetails=true → 200 (tokens: 832, 395ms, cid=58fbf23e-4e0f-4672-b547-274429d53db3)
[WALMART][STORE1] GET /v3/feeds/18C1B1F9B719520D902B5EBA49143A79%40AX8BBwA?includeDetails=true → 200 (tokens: 832, 301ms, cid=d7b899e8-8ee9-4541-8427-4cfe40b2714d)
[WALMART][STORE1] GET /v3/feeds/18C1B1F9B719520D902B5EBA49143A79%40AX8BBwA?includeDetails=true → 200 (tokens: 832, 408ms, cid=844ccadb-c926-499a-b466-916a3006e4a6)
[WALMART][STORE1] GET /v3/feeds/18C1B1F9B719520D902B5EBA49143A79%40AX8BBwA?includeDetails=true → 200 (tokens: 832, 334ms, cid=aa0684ac-d42c-48e3-a3b4-a26af39cd45e)
[WALMART][STORE1] GET /v3/feeds/18C1B1F9B719520D902B5EBA49143A79%40AX8BBwA?includeDetails=true → 200 (tokens: 832, 636ms, cid=bc0a9f20-e182-498c-879d-0fc317350774)
[WALMART][STORE1] GET /v3/feeds/18C1B1F9B719520D902B5EBA49143A79%40AX8BBwA?includeDetails=true → 200 (tokens: 832, 921ms, cid=cb4e6d3f-28ec-46ff-a406-3ecb46ebe367)
[WALMART][STORE1] GET /v3/feeds/18C1B1F9B719520D902B5EBA49143A79%40AX8BBwA?includeDetails=true → 200 (tokens: 832, 599ms, cid=55fa30c0-952d-4df6-84a3-09de813a31a7)
[WALMART][STORE1] GET /v3/feeds/18C1B1F9B719520D902B5EBA49143A79%40AX8BBwA?includeDetails=true → 200 (tokens: 832, 443ms, cid=26d5bc99-5d59-48d8-9908-abb7824ab61b)
[WALMART][STORE1] GET /v3/feeds/18C1B1F9B719520D902B5EBA49143A79%40AX8BBwA?includeDetails=true → 200 (tokens: 832, 755ms, cid=167e0e4f-1430-45c9-99c1-56f5b253efae)
[WALMART][STORE1] GET /v3/feeds/18C1B1F9B719520D902B5EBA49143A79%40AX8BBwA?includeDetails=true → 200 (tokens: 832, 259ms, cid=41a7ddb8-f1f3-40f2-8b93-46ffb32de060)
[WALMART][STORE1] GET /v3/feeds/18C1B1F9B719520D902B5EBA49143A79%40AX8BBwA?includeDetails=true → 200 (tokens: 832, 472ms, cid=f62e0ede-b261-4015-b3d9-d47b18481ac1)
[WALMART][STORE1] GET /v3/feeds/18C1B1F9B719520D902B5EBA49143A79%40AX8BBwA?includeDetails=true → 200 (tokens: 832, 304ms, cid=4f84dd83-b95e-4e4c-a14f-16b1357f620e)
[WALMART][STORE1] GET /v3/feeds/18C1B1F9B719520D902B5EBA49143A79%40AX8BBwA?includeDetails=true → 200 (tokens: 832, 378ms, cid=9806efad-313e-4da1-accf-3bbe65a32d5d)
[WALMART][STORE1] GET /v3/feeds/18C1B1F9B719520D902B5EBA49143A79%40AX8BBwA?includeDetails=true → 200 (tokens: 832, 375ms, cid=1b1510bc-7832-45eb-963c-7b5d1cfd04cc)
[WALMART][STORE1] GET /v3/feeds/18C1B1F9B719520D902B5EBA49143A79%40AX8BBwA?includeDetails=true → 200 (tokens: 832, 402ms, cid=58f882ba-2499-4ce2-9032-aee9845a38de)
[WALMART][STORE1] GET /v3/feeds/18C1B1F9B719520D902B5EBA49143A79%40AX8BBwA?includeDetails=true → 200 (tokens: 832, 395ms, cid=3a036065-1246-454c-b9bb-6aa5ad86ea9f)
[WALMART][STORE1] GET /v3/feeds/18C1B1F9B719520D902B5EBA49143A79%40AX8BBwA?includeDetails=true → 200 (tokens: 832, 414ms, cid=12a3ba5c-7455-480a-873c-3297c6143e23)
[WALMART][STORE1] GET /v3/feeds/18C1B1F9B719520D902B5EBA49143A79%40AX8BBwA?includeDetails=true → 200 (tokens: 832, 458ms, cid=7fefadfc-68c0-4d54-a01e-e4d54674671c)
[WALMART][STORE1] GET /v3/feeds/18C1B1F9B719520D902B5EBA49143A79%40AX8BBwA?includeDetails=true → 200 (tokens: 832, 367ms, cid=bce7eac6-bade-437f-8c07-2290819d6e62)
  batch 4/6: INPROGRESS at budget — marked submitted
[WALMART][STORE1] POST /v3/feeds?feedType=MP_MAINTENANCE → 200 (tokens: 9, 708ms, cid=2994e7b7-4885-4411-bc11-04cb6860b582)
  batch 5/6: feed 18C1B2CEAFAE51E5… (50) draining…
[WALMART][STORE1] GET /v3/feeds/18C1B2CEAFAE51E5A09D97F90074A417%40AX8BBgA?includeDetails=true → 200 (tokens: 832, 614ms, cid=634a864a-386a-44b7-a33c-a912ed287bc7)
[WALMART][STORE1] GET /v3/feeds/18C1B2CEAFAE51E5A09D97F90074A417%40AX8BBgA?includeDetails=true → 200 (tokens: 832, 365ms, cid=2be619d9-3acc-4f1b-89b5-c9809d5c9bb5)
[WALMART][STORE1] GET /v3/feeds/18C1B2CEAFAE51E5A09D97F90074A417%40AX8BBgA?includeDetails=true → 200 (tokens: 832, 683ms, cid=c5aa697c-ff21-4ea6-bf0a-48ce9726f9d2)
[WALMART][STORE1] GET /v3/feeds/18C1B2CEAFAE51E5A09D97F90074A417%40AX8BBgA?includeDetails=true → 200 (tokens: 832, 454ms, cid=3a34f731-e212-4908-8af8-b718cb751e7d)
[WALMART][STORE1] GET /v3/feeds/18C1B2CEAFAE51E5A09D97F90074A417%40AX8BBgA?includeDetails=true → 200 (tokens: 832, 245ms, cid=393a0018-6c13-4ffa-96c3-60d78765a7b2)
[WALMART][STORE1] GET /v3/feeds/18C1B2CEAFAE51E5A09D97F90074A417%40AX8BBgA?includeDetails=true → 200 (tokens: 832, 283ms, cid=fdfaeefe-45bf-42aa-b2d5-0e2233b4dd6b)
[WALMART][STORE1] GET /v3/feeds/18C1B2CEAFAE51E5A09D97F90074A417%40AX8BBgA?includeDetails=true → 200 (tokens: 832, 489ms, cid=8cb95450-6a28-46d3-80d0-628edcadc97d)
[WALMART][STORE1] GET /v3/feeds/18C1B2CEAFAE51E5A09D97F90074A417%40AX8BBgA?includeDetails=true → 200 (tokens: 832, 458ms, cid=fb39c1f8-e4d6-4c86-859d-ea6b94a788fc)
[WALMART][STORE1] GET /v3/feeds/18C1B2CEAFAE51E5A09D97F90074A417%40AX8BBgA?includeDetails=true → 200 (tokens: 832, 711ms, cid=7971fbb7-3dc8-45f8-a1e5-08c431d2ab53)
[WALMART][STORE1] GET /v3/feeds/18C1B2CEAFAE51E5A09D97F90074A417%40AX8BBgA?includeDetails=true → 200 (tokens: 832, 654ms, cid=c0bbffb1-da33-4f2c-be10-326d805ab546)
[WALMART][STORE1] GET /v3/feeds/18C1B2CEAFAE51E5A09D97F90074A417%40AX8BBgA?includeDetails=true → 200 (tokens: 832, 235ms, cid=2f3c9d40-c12e-42ba-987d-515cce239524)
[WALMART][STORE1] GET /v3/feeds/18C1B2CEAFAE51E5A09D97F90074A417%40AX8BBgA?includeDetails=true → 200 (tokens: 832, 304ms, cid=a2afa95d-7129-4fdb-bfed-e0872f20588a)
[WALMART][STORE1] GET /v3/feeds/18C1B2CEAFAE51E5A09D97F90074A417%40AX8BBgA?includeDetails=true → 200 (tokens: 832, 371ms, cid=6bf73f87-bb68-453e-a7e6-8d8330cfce25)
[WALMART][STORE1] GET /v3/feeds/18C1B2CEAFAE51E5A09D97F90074A417%40AX8BBgA?includeDetails=true → 200 (tokens: 832, 568ms, cid=d84c29e5-e9e0-4a77-bc4c-6b2dde2acc27)
[WALMART][STORE1] GET /v3/feeds/18C1B2CEAFAE51E5A09D97F90074A417%40AX8BBgA?includeDetails=true → 200 (tokens: 832, 353ms, cid=53ce65cc-e47c-456a-831e-691b969f7371)
[WALMART][STORE1] GET /v3/feeds/18C1B2CEAFAE51E5A09D97F90074A417%40AX8BBgA?includeDetails=true → 200 (tokens: 832, 261ms, cid=02a65b1f-6084-438c-abc2-979a9872e867)
[WALMART][STORE1] GET /v3/feeds/18C1B2CEAFAE51E5A09D97F90074A417%40AX8BBgA?includeDetails=true → 200 (tokens: 832, 493ms, cid=8df42bb2-9b95-4564-927d-1a1210e913d9)
[WALMART][STORE1] GET /v3/feeds/18C1B2CEAFAE51E5A09D97F90074A417%40AX8BBgA?includeDetails=true → 200 (tokens: 832, 536ms, cid=b74effc8-34bd-4e1b-bee0-887b2174cd71)
[WALMART][STORE1] GET /v3/feeds/18C1B2CEAFAE51E5A09D97F90074A417%40AX8BBgA?includeDetails=true → 200 (tokens: 832, 491ms, cid=61124c6f-4975-4dea-963a-abdc6bba11a4)
[WALMART][STORE1] GET /v3/feeds/18C1B2CEAFAE51E5A09D97F90074A417%40AX8BBgA?includeDetails=true → 200 (tokens: 832, 242ms, cid=714cd868-a876-4f3c-8245-d52aa1a738d5)
[WALMART][STORE1] GET /v3/feeds/18C1B2CEAFAE51E5A09D97F90074A417%40AX8BBgA?includeDetails=true → 200 (tokens: 832, 269ms, cid=617a154c-f706-43b4-a51b-6d38720def7e)
[WALMART][STORE1] GET /v3/feeds/18C1B2CEAFAE51E5A09D97F90074A417%40AX8BBgA?includeDetails=true → 200 (tokens: 832, 484ms, cid=f245e93a-1ec2-4b5d-a635-9d7da1328124)
[WALMART][STORE1] GET /v3/feeds/18C1B2CEAFAE51E5A09D97F90074A417%40AX8BBgA?includeDetails=true → 200 (tokens: 832, 371ms, cid=86ac39e5-80d9-4d71-814c-c0f3fa07c5d2)
[WALMART][STORE1] GET /v3/feeds/18C1B2CEAFAE51E5A09D97F90074A417%40AX8BBgA?includeDetails=true → 200 (tokens: 832, 423ms, cid=99cd26ab-d4da-4152-b710-901c3b073269)
[WALMART][STORE1] GET /v3/feeds/18C1B2CEAFAE51E5A09D97F90074A417%40AX8BBgA?includeDetails=true → 200 (tokens: 832, 393ms, cid=3214df74-7f4d-4af0-8b24-4ff85e40d203)
[WALMART][STORE1] GET /v3/feeds/18C1B2CEAFAE51E5A09D97F90074A417%40AX8BBgA?includeDetails=true → 200 (tokens: 832, 382ms, cid=a44eabf1-20a2-4f05-a27f-509d3eb8b2d8)
[WALMART][STORE1] token issued, expires at 2026-07-13T01:06:24.710Z
[WALMART][STORE1] GET /v3/feeds/18C1B2CEAFAE51E5A09D97F90074A417%40AX8BBgA?includeDetails=true → 200 (tokens: 832, 326ms, cid=a00eb103-78b7-487e-b841-0eac3c975b00)
[WALMART][STORE1] GET /v3/feeds/18C1B2CEAFAE51E5A09D97F90074A417%40AX8BBgA?includeDetails=true → 200 (tokens: 832, 276ms, cid=3141ee5a-7204-49e0-aeaa-ec6591466062)
[WALMART][STORE1] GET /v3/feeds/18C1B2CEAFAE51E5A09D97F90074A417%40AX8BBgA?includeDetails=true → 200 (tokens: 832, 472ms, cid=7cc87d23-a972-4a8f-afd4-ba9923c62d50)
[WALMART][STORE1] GET /v3/feeds/18C1B2CEAFAE51E5A09D97F90074A417%40AX8BBgA?includeDetails=true → 200 (tokens: 832, 352ms, cid=2573a758-30c1-4e7d-85b6-ee6d494d1bf0)
[WALMART][STORE1] GET /v3/feeds/18C1B2CEAFAE51E5A09D97F90074A417%40AX8BBgA?includeDetails=true → 200 (tokens: 832, 461ms, cid=2502681f-a977-44a1-8760-2cb652880b35)
[WALMART][STORE1] GET /v3/feeds/18C1B2CEAFAE51E5A09D97F90074A417%40AX8BBgA?includeDetails=true → 200 (tokens: 832, 449ms, cid=e08a0607-5bec-4da0-b605-af76425ba79b)
[WALMART][STORE1] GET /v3/feeds/18C1B2CEAFAE51E5A09D97F90074A417%40AX8BBgA?includeDetails=true → 200 (tokens: 832, 430ms, cid=a77092b0-907d-45e0-b263-1b14fa2f46ac)
[WALMART][STORE1] GET /v3/feeds/18C1B2CEAFAE51E5A09D97F90074A417%40AX8BBgA?includeDetails=true → 200 (tokens: 832, 396ms, cid=1fdfb607-4012-4072-a246-8faba85e5fa0)
[WALMART][STORE1] GET /v3/feeds/18C1B2CEAFAE51E5A09D97F90074A417%40AX8BBgA?includeDetails=true → 200 (tokens: 832, 384ms, cid=0651a025-6d1f-4715-95c3-a964487f7154)
[WALMART][STORE1] GET /v3/feeds/18C1B2CEAFAE51E5A09D97F90074A417%40AX8BBgA?includeDetails=true → 200 (tokens: 832, 484ms, cid=1e395d65-f91e-4aca-897e-5c1a4d58729e)
[WALMART][STORE1] GET /v3/feeds/18C1B2CEAFAE51E5A09D97F90074A417%40AX8BBgA?includeDetails=true → 200 (tokens: 832, 542ms, cid=d43b1163-6c12-444d-8e17-d44ad73943f6)
[WALMART][STORE1] GET /v3/feeds/18C1B2CEAFAE51E5A09D97F90074A417%40AX8BBgA?includeDetails=true → 200 (tokens: 832, 372ms, cid=e1b5b9c6-064f-46cc-90a6-f205cc94b21d)
[WALMART][STORE1] GET /v3/feeds/18C1B2CEAFAE51E5A09D97F90074A417%40AX8BBgA?includeDetails=true → 200 (tokens: 832, 261ms, cid=9447859a-8145-4c0e-b160-fe2a18c6ef2a)
[WALMART][STORE1] GET /v3/feeds/18C1B2CEAFAE51E5A09D97F90074A417%40AX8BBgA?includeDetails=true → 200 (tokens: 832, 257ms, cid=acf87c82-a850-4377-a56b-d286ea42f53b)
[WALMART][STORE1] GET /v3/feeds/18C1B2CEAFAE51E5A09D97F90074A417%40AX8BBgA?includeDetails=true → 200 (tokens: 832, 471ms, cid=0fe9160c-f7cf-4efb-b9e5-bb659c5f062d)
[WALMART][STORE1] GET /v3/feeds/18C1B2CEAFAE51E5A09D97F90074A417%40AX8BBgA?includeDetails=true → 200 (tokens: 832, 453ms, cid=bdd528bd-2d18-4dd2-95fa-3183536da84d)
[WALMART][STORE1] GET /v3/feeds/18C1B2CEAFAE51E5A09D97F90074A417%40AX8BBgA?includeDetails=true → 200 (tokens: 832, 222ms, cid=1dfba2ff-ca39-451b-bbb8-ef8ff95358d7)
[WALMART][STORE1] GET /v3/feeds/18C1B2CEAFAE51E5A09D97F90074A417%40AX8BBgA?includeDetails=true → 200 (tokens: 832, 446ms, cid=bf635673-cfb9-479d-8c9a-af70aa0018c0)
[WALMART][STORE1] GET /v3/feeds/18C1B2CEAFAE51E5A09D97F90074A417%40AX8BBgA?includeDetails=true → 200 (tokens: 832, 401ms, cid=a682b99c-53f3-4576-ba7b-2b3c57771bac)
[WALMART][STORE1] GET /v3/feeds/18C1B2CEAFAE51E5A09D97F90074A417%40AX8BBgA?includeDetails=true → 200 (tokens: 832, 517ms, cid=5e2afe8f-a899-409e-89a0-592a0da8a8b1)
[WALMART][STORE1] GET /v3/feeds/18C1B2CEAFAE51E5A09D97F90074A417%40AX8BBgA?includeDetails=true → 200 (tokens: 832, 245ms, cid=dd3bdede-c4a3-44a8-93ff-52a33d1bfc44)
[WALMART][STORE1] GET /v3/feeds/18C1B2CEAFAE51E5A09D97F90074A417%40AX8BBgA?includeDetails=true → 200 (tokens: 832, 575ms, cid=eae06fe1-7181-4d19-b7d5-fd4c5bab273d)
[WALMART][STORE1] GET /v3/feeds/18C1B2CEAFAE51E5A09D97F90074A417%40AX8BBgA?includeDetails=true → 200 (tokens: 832, 666ms, cid=82bfe82a-8f76-4b56-a22d-8bc75d33b033)
[WALMART][STORE1] GET /v3/feeds/18C1B2CEAFAE51E5A09D97F90074A417%40AX8BBgA?includeDetails=true → 200 (tokens: 832, 791ms, cid=f0013648-641a-4f7a-952c-5234c84ddff5)
[WALMART][STORE1] GET /v3/feeds/18C1B2CEAFAE51E5A09D97F90074A417%40AX8BBgA?includeDetails=true → 200 (tokens: 832, 450ms, cid=fee8e436-aaf3-43a4-9968-453f14f45c7f)
[WALMART][STORE1] GET /v3/feeds/18C1B2CEAFAE51E5A09D97F90074A417%40AX8BBgA?includeDetails=true → 200 (tokens: 832, 393ms, cid=78f7db9c-1fbe-45c5-87eb-17f38051033b)
[WALMART][STORE1] GET /v3/feeds/18C1B2CEAFAE51E5A09D97F90074A417%40AX8BBgA?includeDetails=true → 200 (tokens: 832, 461ms, cid=9482abdb-7a76-438a-9557-cbbb4348d9fb)
[WALMART][STORE1] GET /v3/feeds/18C1B2CEAFAE51E5A09D97F90074A417%40AX8BBgA?includeDetails=true → 200 (tokens: 832, 335ms, cid=40d67ec8-f878-4ee1-a325-caebe0fdc6b9)
[WALMART][STORE1] GET /v3/feeds/18C1B2CEAFAE51E5A09D97F90074A417%40AX8BBgA?includeDetails=true → 200 (tokens: 832, 389ms, cid=7006abe3-87e9-4da7-adf2-3d6578d80c31)
[WALMART][STORE1] GET /v3/feeds/18C1B2CEAFAE51E5A09D97F90074A417%40AX8BBgA?includeDetails=true → 200 (tokens: 832, 411ms, cid=47d76a30-9d13-4fbb-97b5-5a51b6d3aaeb)
[WALMART][STORE1] GET /v3/feeds/18C1B2CEAFAE51E5A09D97F90074A417%40AX8BBgA?includeDetails=true → 200 (tokens: 832, 470ms, cid=47df289e-3422-413b-ad5e-8629581eec1b)
[WALMART][STORE1] GET /v3/feeds/18C1B2CEAFAE51E5A09D97F90074A417%40AX8BBgA?includeDetails=true → 200 (tokens: 832, 376ms, cid=ffc232e9-7079-4e3d-bb06-d56c1520cdc7)
[WALMART][STORE1] GET /v3/feeds/18C1B2CEAFAE51E5A09D97F90074A417%40AX8BBgA?includeDetails=true → 200 (tokens: 832, 444ms, cid=3f796266-7dbe-43d8-a896-cfa0285f192d)
  batch 5/6: INPROGRESS at budget — marked submitted
[WALMART][STORE1] POST /v3/feeds?feedType=MP_MAINTENANCE → 200 (tokens: 9, 759ms, cid=1d450616-1fe5-4922-87e4-6cad4c6d3653)
  batch 6/6: feed 18C1B3A530DC5826… (43) draining…
[WALMART][STORE1] GET /v3/feeds/18C1B3A530DC582687E8392C7F1351F5%40AX8BBwA?includeDetails=true → 200 (tokens: 832, 575ms, cid=9d875ea0-efc6-466a-b3c0-0b4a8132636a)
[WALMART][STORE1] GET /v3/feeds/18C1B3A530DC582687E8392C7F1351F5%40AX8BBwA?includeDetails=true → 200 (tokens: 832, 593ms, cid=e0314c55-a088-47b9-9984-6e7ad16f4627)
[WALMART][STORE1] GET /v3/feeds/18C1B3A530DC582687E8392C7F1351F5%40AX8BBwA?includeDetails=true → 200 (tokens: 832, 1031ms, cid=2ba5c6f8-d916-4199-ac86-7e5dd5ddf9ef)
[WALMART][STORE1] GET /v3/feeds/18C1B3A530DC582687E8392C7F1351F5%40AX8BBwA?includeDetails=true → 200 (tokens: 832, 697ms, cid=b671cb6b-d0c2-43f5-9c49-b0cfba7419ac)
[WALMART][STORE1] GET /v3/feeds/18C1B3A530DC582687E8392C7F1351F5%40AX8BBwA?includeDetails=true → 200 (tokens: 832, 359ms, cid=18dfb77e-fb6b-4162-b6fc-3e4a961fe8f8)
[WALMART][STORE1] GET /v3/feeds/18C1B3A530DC582687E8392C7F1351F5%40AX8BBwA?includeDetails=true → 200 (tokens: 832, 468ms, cid=1160a83f-4304-4ab6-bcaf-99d47e3b5825)
[WALMART][STORE1] GET /v3/feeds/18C1B3A530DC582687E8392C7F1351F5%40AX8BBwA?includeDetails=true → 200 (tokens: 832, 370ms, cid=237c85d0-b449-445f-884f-bcb51a770ac6)
[WALMART][STORE1] GET /v3/feeds/18C1B3A530DC582687E8392C7F1351F5%40AX8BBwA?includeDetails=true → 200 (tokens: 832, 413ms, cid=698455c6-b3bd-4a16-ac19-92cd91096a55)
[WALMART][STORE1] GET /v3/feeds/18C1B3A530DC582687E8392C7F1351F5%40AX8BBwA?includeDetails=true → 200 (tokens: 832, 427ms, cid=1a640431-6f43-40b8-876e-fae1e41568c4)
[WALMART][STORE1] GET /v3/feeds/18C1B3A530DC582687E8392C7F1351F5%40AX8BBwA?includeDetails=true → 200 (tokens: 832, 342ms, cid=ef24b906-6852-4ac7-a01a-f331e638e05e)
[WALMART][STORE1] GET /v3/feeds/18C1B3A530DC582687E8392C7F1351F5%40AX8BBwA?includeDetails=true → 200 (tokens: 832, 454ms, cid=433ffeda-3c97-403b-ba63-da20be8f6f33)
[WALMART][STORE1] GET /v3/feeds/18C1B3A530DC582687E8392C7F1351F5%40AX8BBwA?includeDetails=true → 200 (tokens: 832, 369ms, cid=2e9e2f14-86c4-469f-9bbf-1d92e7934507)
[WALMART][STORE1] GET /v3/feeds/18C1B3A530DC582687E8392C7F1351F5%40AX8BBwA?includeDetails=true → 200 (tokens: 832, 312ms, cid=54f30bf2-58a4-4fb5-b6d6-924443f81cd6)
[WALMART][STORE1] GET /v3/feeds/18C1B3A530DC582687E8392C7F1351F5%40AX8BBwA?includeDetails=true → 200 (tokens: 832, 477ms, cid=1cf88f04-a837-41bf-a5a9-26d359fc5831)
[WALMART][STORE1] GET /v3/feeds/18C1B3A530DC582687E8392C7F1351F5%40AX8BBwA?includeDetails=true → 200 (tokens: 832, 369ms, cid=b7594394-4cc3-40da-9694-a8fb04f2c641)
[WALMART][STORE1] GET /v3/feeds/18C1B3A530DC582687E8392C7F1351F5%40AX8BBwA?includeDetails=true → 200 (tokens: 832, 418ms, cid=adaabfe3-9116-458b-8116-29690a5fb16e)
[WALMART][STORE1] GET /v3/feeds/18C1B3A530DC582687E8392C7F1351F5%40AX8BBwA?includeDetails=true → 200 (tokens: 832, 517ms, cid=75b00724-2888-4959-9489-3dcafcb9224a)
[WALMART][STORE1] token issued, expires at 2026-07-13T01:19:27.990Z
[WALMART][STORE1] GET /v3/feeds/18C1B3A530DC582687E8392C7F1351F5%40AX8BBwA?includeDetails=true → 200 (tokens: 832, 390ms, cid=46f8d7b2-a3c3-4646-b8aa-ce58d15569fe)
[WALMART][STORE1] GET /v3/feeds/18C1B3A530DC582687E8392C7F1351F5%40AX8BBwA?includeDetails=true → 200 (tokens: 832, 508ms, cid=7e15f4c3-a014-4b30-ba45-af0b1881863e)
[WALMART][STORE1] GET /v3/feeds/18C1B3A530DC582687E8392C7F1351F5%40AX8BBwA?includeDetails=true → 200 (tokens: 832, 624ms, cid=59cd120e-42ee-441c-b522-8b3f0aa0716b)
[WALMART][STORE1] GET /v3/feeds/18C1B3A530DC582687E8392C7F1351F5%40AX8BBwA?includeDetails=true → 200 (tokens: 832, 600ms, cid=23fd339f-e5d2-48cb-a5e3-7bbc709030c5)
[WALMART][STORE1] GET /v3/feeds/18C1B3A530DC582687E8392C7F1351F5%40AX8BBwA?includeDetails=true → 200 (tokens: 832, 401ms, cid=cd108073-df85-44aa-a012-76d0831ec365)
[WALMART][STORE1] GET /v3/feeds/18C1B3A530DC582687E8392C7F1351F5%40AX8BBwA?includeDetails=true → 200 (tokens: 832, 435ms, cid=58d4f555-adb0-4fe1-8a0f-01d4e89e9594)
[WALMART][STORE1] GET /v3/feeds/18C1B3A530DC582687E8392C7F1351F5%40AX8BBwA?includeDetails=true → 200 (tokens: 832, 558ms, cid=e4580ce0-dd86-4caf-8e80-3f61971e749c)
[WALMART][STORE1] GET /v3/feeds/18C1B3A530DC582687E8392C7F1351F5%40AX8BBwA?includeDetails=true → 200 (tokens: 832, 431ms, cid=1e6416d5-a86b-4eac-bc6b-d4ff4f7a922d)
[WALMART][STORE1] GET /v3/feeds/18C1B3A530DC582687E8392C7F1351F5%40AX8BBwA?includeDetails=true → 200 (tokens: 832, 377ms, cid=9a8e8e06-63b4-48ee-a774-1dd37e51da0f)
[WALMART][STORE1] GET /v3/feeds/18C1B3A530DC582687E8392C7F1351F5%40AX8BBwA?includeDetails=true → 200 (tokens: 832, 387ms, cid=c71ea513-4c7b-4ea4-b18e-9874c082039d)
[WALMART][STORE1] GET /v3/feeds/18C1B3A530DC582687E8392C7F1351F5%40AX8BBwA?includeDetails=true → 200 (tokens: 832, 437ms, cid=40cf6a95-26e2-49f9-a384-dbbbc7724bc0)
[WALMART][STORE1] GET /v3/feeds/18C1B3A530DC582687E8392C7F1351F5%40AX8BBwA?includeDetails=true → 200 (tokens: 832, 274ms, cid=0d470783-c0a9-4fdf-acb3-4ed30ad3566c)
[WALMART][STORE1] GET /v3/feeds/18C1B3A530DC582687E8392C7F1351F5%40AX8BBwA?includeDetails=true → 200 (tokens: 832, 305ms, cid=97cb7cee-6a11-4273-9634-3009d4246a2b)
[WALMART][STORE1] GET /v3/feeds/18C1B3A530DC582687E8392C7F1351F5%40AX8BBwA?includeDetails=true → 200 (tokens: 832, 245ms, cid=b9e5736b-d80b-4dc9-9e5e-b48f60bf80fe)
[WALMART][STORE1] GET /v3/feeds/18C1B3A530DC582687E8392C7F1351F5%40AX8BBwA?includeDetails=true → 200 (tokens: 832, 264ms, cid=63a6b73f-842b-45ff-a137-71ef16d2a864)
[WALMART][STORE1] GET /v3/feeds/18C1B3A530DC582687E8392C7F1351F5%40AX8BBwA?includeDetails=true → 200 (tokens: 832, 480ms, cid=a68bd05b-3541-4df0-9761-27fed124ea63)
[WALMART][STORE1] GET /v3/feeds/18C1B3A530DC582687E8392C7F1351F5%40AX8BBwA?includeDetails=true → 200 (tokens: 832, 350ms, cid=f40cf01c-832c-407c-93b5-2febc6b4c760)
[WALMART][STORE1] GET /v3/feeds/18C1B3A530DC582687E8392C7F1351F5%40AX8BBwA?includeDetails=true → 200 (tokens: 832, 400ms, cid=61405297-d4b4-4b48-b750-d422bc0abe97)
[WALMART][STORE1] GET /v3/feeds/18C1B3A530DC582687E8392C7F1351F5%40AX8BBwA?includeDetails=true → 200 (tokens: 832, 421ms, cid=69507205-c712-4faf-b20a-66c6b1d59c3f)
[WALMART][STORE1] GET /v3/feeds/18C1B3A530DC582687E8392C7F1351F5%40AX8BBwA?includeDetails=true → 200 (tokens: 832, 599ms, cid=59e34759-1f38-48ab-9873-09e48d2c6387)
[WALMART][STORE1] GET /v3/feeds/18C1B3A530DC582687E8392C7F1351F5%40AX8BBwA?includeDetails=true → 200 (tokens: 832, 390ms, cid=4627650c-128c-4a3e-8d01-5d662f1e1585)
[WALMART][STORE1] GET /v3/feeds/18C1B3A530DC582687E8392C7F1351F5%40AX8BBwA?includeDetails=true → 200 (tokens: 832, 323ms, cid=59dae31a-850f-4f95-9aed-a3b210e285aa)
[WALMART][STORE1] GET /v3/feeds/18C1B3A530DC582687E8392C7F1351F5%40AX8BBwA?includeDetails=true → 200 (tokens: 832, 433ms, cid=4300d12c-a8f9-426b-bb09-6275324b60ff)
[WALMART][STORE1] GET /v3/feeds/18C1B3A530DC582687E8392C7F1351F5%40AX8BBwA?includeDetails=true → 200 (tokens: 832, 413ms, cid=a5857462-2146-48fb-bcc6-f38327662ac9)
[WALMART][STORE1] GET /v3/feeds/18C1B3A530DC582687E8392C7F1351F5%40AX8BBwA?includeDetails=true → 200 (tokens: 832, 502ms, cid=df242968-6501-4bb0-8825-3cf762f1806b)
[WALMART][STORE1] GET /v3/feeds/18C1B3A530DC582687E8392C7F1351F5%40AX8BBwA?includeDetails=true → 200 (tokens: 832, 477ms, cid=46350a81-e895-4eb7-82fe-4ac3fda47bca)
[WALMART][STORE1] GET /v3/feeds/18C1B3A530DC582687E8392C7F1351F5%40AX8BBwA?includeDetails=true → 200 (tokens: 832, 284ms, cid=ae694a4d-cc9c-4d9f-88a8-6f04b86c42b1)
[WALMART][STORE1] GET /v3/feeds/18C1B3A530DC582687E8392C7F1351F5%40AX8BBwA?includeDetails=true → 200 (tokens: 832, 286ms, cid=2907b9b1-d121-449f-aec8-715f959625d3)
[WALMART][STORE1] GET /v3/feeds/18C1B3A530DC582687E8392C7F1351F5%40AX8BBwA?includeDetails=true → 200 (tokens: 832, 325ms, cid=0917e6b9-29c0-43ee-9a3f-d11a61aa7f6c)
[WALMART][STORE1] GET /v3/feeds/18C1B3A530DC582687E8392C7F1351F5%40AX8BBwA?includeDetails=true → 200 (tokens: 832, 280ms, cid=675dd376-8b1f-41a9-9b8c-1f77f02a437d)
[WALMART][STORE1] GET /v3/feeds/18C1B3A530DC582687E8392C7F1351F5%40AX8BBwA?includeDetails=true → 200 (tokens: 832, 381ms, cid=c0fa17fb-6056-4da1-9998-368b2ab03b95)
[WALMART][STORE1] GET /v3/feeds/18C1B3A530DC582687E8392C7F1351F5%40AX8BBwA?includeDetails=true → 200 (tokens: 832, 401ms, cid=94c7098d-f51b-4d81-9143-795571473d98)
[WALMART][STORE1] GET /v3/feeds/18C1B3A530DC582687E8392C7F1351F5%40AX8BBwA?includeDetails=true → 200 (tokens: 832, 531ms, cid=057eb327-7b52-4e92-845a-3fb3db0a3fbe)
[WALMART][STORE1] GET /v3/feeds/18C1B3A530DC582687E8392C7F1351F5%40AX8BBwA?includeDetails=true → 200 (tokens: 832, 634ms, cid=3e546297-3694-40ac-962c-0dc6edbc11a9)
[WALMART][STORE1] GET /v3/feeds/18C1B3A530DC582687E8392C7F1351F5%40AX8BBwA?includeDetails=true → 200 (tokens: 832, 296ms, cid=24b40110-9b59-498b-9027-a70a4717eb99)
[WALMART][STORE1] GET /v3/feeds/18C1B3A530DC582687E8392C7F1351F5%40AX8BBwA?includeDetails=true → 200 (tokens: 832, 263ms, cid=3ac621c9-541c-4619-801a-37773065d8ed)
[WALMART][STORE1] GET /v3/feeds/18C1B3A530DC582687E8392C7F1351F5%40AX8BBwA?includeDetails=true → 200 (tokens: 832, 595ms, cid=9a573f56-b277-4f7a-a0b8-b6db7bffc746)
[WALMART][STORE1] GET /v3/feeds/18C1B3A530DC582687E8392C7F1351F5%40AX8BBwA?includeDetails=true → 200 (tokens: 832, 318ms, cid=8f83707d-2e12-4e3d-b51e-ba8c7ec8aba1)
[WALMART][STORE1] GET /v3/feeds/18C1B3A530DC582687E8392C7F1351F5%40AX8BBwA?includeDetails=true → 200 (tokens: 832, 328ms, cid=3adcd205-c0c9-4c71-a95a-734a86a2af8f)
[WALMART][STORE1] GET /v3/feeds/18C1B3A530DC582687E8392C7F1351F5%40AX8BBwA?includeDetails=true → 200 (tokens: 832, 604ms, cid=6a6002f3-f9b5-4032-b6f8-b9a3df32ec17)
[WALMART][STORE1] GET /v3/feeds/18C1B3A530DC582687E8392C7F1351F5%40AX8BBwA?includeDetails=true → 200 (tokens: 832, 256ms, cid=dcc007ca-813f-4b97-86d5-8414d8126568)
[WALMART][STORE1] GET /v3/feeds/18C1B3A530DC582687E8392C7F1351F5%40AX8BBwA?includeDetails=true → 200 (tokens: 832, 515ms, cid=ecdf818c-e09f-44e7-bd29-97697c7fd4fb)
  batch 6/6: INPROGRESS at budget — marked submitted

=== PUBLISH_GEN cumulative === applied 1222 · qarth 105 · failed 0 · submitted 251 · post_failed 0 · build_skip 2
