GEN_OK ready 22 · publishing 22 (skip already applied/qarth)

[WALMART][STORE1] token issued, expires at 2026-07-10T04:32:43.160Z
[WALMART][STORE1] GET /v3/items/FaisalX-363 → 200 (tokens: 149, 669ms, cid=d4cda427-0faa-41f5-9004-f962a2e119a4)
[WALMART][STORE1] GET /v3/items/FaisalX-3645 → 200 (tokens: 148, 1049ms, cid=52891fe4-9d7d-489f-a309-6555d210e2ad)
[WALMART][STORE1] GET /v3/items/FaisalX-3676 → 200 (tokens: 149, 482ms, cid=886b0ced-0a37-4af8-b469-0feaeaa31325)
[WALMART][STORE1] GET /v3/items/FaisalX-3667 → 200 (tokens: 149, 827ms, cid=1d3d6f5a-8ba9-4e6b-8f19-a8d88552a82b)
[WALMART][STORE1] GET /v3/items/FaisalX-3668 → 200 (tokens: 149, 448ms, cid=758e0139-a318-41ec-af53-a216465d74cc)
[WALMART][STORE1] GET /v3/items/FaisalX-364 → 200 (tokens: 149, 878ms, cid=7ef224ca-f8a4-4407-bfc3-e01f78eefff4)
[WALMART][STORE1] GET /v3/items/FaisalX-3684 → 200 (tokens: 149, 717ms, cid=fec03659-8158-4dca-9104-f55ea612c9dc)
[WALMART][STORE1] GET /v3/items/FaisalX-3746 → 200 (tokens: 149, 1054ms, cid=5de923c9-79b2-4eb1-963f-8bf99ba54cf8)
[WALMART][STORE1] GET /v3/items/FaisalX-3693 → 200 (tokens: 149, 479ms, cid=21589051-5592-44b1-b617-4fb9035fe52c)
[WALMART][STORE1] GET /v3/items/FaisalX-3708 → 200 (tokens: 149, 822ms, cid=8097527c-c717-47ab-aad5-1e9b5156a338)
[WALMART][STORE1] GET /v3/items/FaisalX-3787 → 200 (tokens: 149, 555ms, cid=4a370a4d-be73-423f-a818-b143b2613af4)
[WALMART][STORE1] GET /v3/items/FaisalX-375 → 200 (tokens: 149, 848ms, cid=297b1e66-c86b-43af-9bd7-922425532cad)
[WALMART][STORE1] GET /v3/items/FaisalX-3769 → 200 (tokens: 149, 651ms, cid=a2c187a6-481e-485d-b279-cf2c61a2e978)
[WALMART][STORE1] GET /v3/items/FaisalX-3782 → 200 (tokens: 149, 889ms, cid=e2795047-6bcb-4c3d-a665-9c492e81ae64)
[WALMART][STORE1] GET /v3/items/FaisalX-3750 → 200 (tokens: 149, 568ms, cid=75cdb15b-0805-480e-a1a1-9c6d06301199)
[WALMART][STORE1] GET /v3/items/FaisalX-3789 → 200 (tokens: 149, 794ms, cid=e0c2de2a-ea6b-4759-9c3e-032a98097cb6)
[WALMART][STORE1] GET /v3/items/FaisalX-3797 → 200 (tokens: 148, 508ms, cid=a1ee948a-0b69-4ea6-8f13-addc147c1648)
[WALMART][STORE1] GET /v3/items/FaisalX-3788 → 200 (tokens: 149, 743ms, cid=72cc8d8a-5a9b-479e-ac5d-1fdc359642b1)
[WALMART][STORE1] GET /v3/items/FaisalX-387 → 200 (tokens: 149, 585ms, cid=1956d106-47fc-4f0d-9c26-45adfcd1e4bb)
[WALMART][STORE1] GET /v3/items/FaisalX-3891 → 200 (tokens: 149, 832ms, cid=ce227251-2161-4254-bbce-84976d9e7733)
[WALMART][STORE1] GET /v3/items/FaisalX-3896 → 200 (tokens: 149, 479ms, cid=293a79af-4909-4607-8a6e-b42c1ba4b765)
[WALMART][STORE1] GET /v3/items/FaisalX-392 → 200 (tokens: 149, 799ms, cid=eb9f64bd-e6d9-4909-8b7e-7c54b41fc2d2)
built 22 MPItems

[WALMART][STORE1] POST /v3/feeds?feedType=MP_MAINTENANCE → 200 (tokens: 9, 501ms, cid=3a032358-3373-4c22-93bd-88902de58c6b)
  batch 1/1: feed 18C0D2B7CA515BA2… (22) draining…
[WALMART][STORE1] GET /v3/feeds/18C0D2B7CA515BA2802360D9C1B16EBA%40AX8BBgA?includeDetails=true → 200 (tokens: 832, 468ms, cid=0a61e4da-eaec-46ee-bab8-0ed23e5a3679)
[WALMART][STORE1] GET /v3/feeds/18C0D2B7CA515BA2802360D9C1B16EBA%40AX8BBgA?includeDetails=true → 200 (tokens: 832, 479ms, cid=2163b352-1765-467b-bb35-aa0764afb193)
[WALMART][STORE1] GET /v3/feeds/18C0D2B7CA515BA2802360D9C1B16EBA%40AX8BBgA?includeDetails=true → 200 (tokens: 832, 218ms, cid=fa51d71a-c947-4642-97af-deb36a018bd6)
[WALMART][STORE1] GET /v3/feeds/18C0D2B7CA515BA2802360D9C1B16EBA%40AX8BBgA?includeDetails=true → 200 (tokens: 832, 423ms, cid=2439c7a3-aa11-48c2-9235-ba50caf465fe)
[WALMART][STORE1] GET /v3/feeds/18C0D2B7CA515BA2802360D9C1B16EBA%40AX8BBgA?includeDetails=true → 200 (tokens: 832, 288ms, cid=746a3a3a-b400-49cd-a9ff-781d1dffad92)
[WALMART][STORE1] GET /v3/feeds/18C0D2B7CA515BA2802360D9C1B16EBA%40AX8BBgA?includeDetails=true → 200 (tokens: 832, 275ms, cid=b0c13382-3550-4572-84f7-2487488127c7)
[WALMART][STORE1] GET /v3/feeds/18C0D2B7CA515BA2802360D9C1B16EBA%40AX8BBgA?includeDetails=true → 200 (tokens: 832, 253ms, cid=c680bee1-fe2e-4492-b7fa-3ca638214bdb)
[WALMART][STORE1] GET /v3/feeds/18C0D2B7CA515BA2802360D9C1B16EBA%40AX8BBgA?includeDetails=true → 200 (tokens: 832, 431ms, cid=c3e1a874-edb9-48d7-8f38-de5b24880bc0)
[WALMART][STORE1] GET /v3/feeds/18C0D2B7CA515BA2802360D9C1B16EBA%40AX8BBgA?includeDetails=true → 200 (tokens: 832, 254ms, cid=ec148acd-a276-47ea-9fb0-b9e8658eb95e)
[WALMART][STORE1] GET /v3/feeds/18C0D2B7CA515BA2802360D9C1B16EBA%40AX8BBgA?includeDetails=true → 200 (tokens: 832, 399ms, cid=ba765316-b959-4776-8685-13a50a335a3b)
[WALMART][STORE1] GET /v3/feeds/18C0D2B7CA515BA2802360D9C1B16EBA%40AX8BBgA?includeDetails=true → 200 (tokens: 832, 336ms, cid=fb04709b-7724-4e0c-9de7-01b30493d343)
[WALMART][STORE1] GET /v3/feeds/18C0D2B7CA515BA2802360D9C1B16EBA%40AX8BBgA?includeDetails=true → 200 (tokens: 832, 356ms, cid=ba5bcfda-b1a2-411c-a50f-e87bdf70fe70)
[WALMART][STORE1] GET /v3/feeds/18C0D2B7CA515BA2802360D9C1B16EBA%40AX8BBgA?includeDetails=true → 200 (tokens: 832, 400ms, cid=7e7e4461-28fa-44b7-a324-3f82a7b5f460)
[WALMART][STORE1] GET /v3/feeds/18C0D2B7CA515BA2802360D9C1B16EBA%40AX8BBgA?includeDetails=true → 200 (tokens: 832, 442ms, cid=c58ce7f8-8e93-43f5-b499-88a0040100eb)
[WALMART][STORE1] GET /v3/feeds/18C0D2B7CA515BA2802360D9C1B16EBA%40AX8BBgA?includeDetails=true → 200 (tokens: 832, 322ms, cid=b8ae3804-99da-4106-9aea-271286a66987)
[WALMART][STORE1] GET /v3/feeds/18C0D2B7CA515BA2802360D9C1B16EBA%40AX8BBgA?includeDetails=true → 200 (tokens: 832, 278ms, cid=36cb6514-5b24-44cb-8ee5-0eda85e1317c)
[WALMART][STORE1] GET /v3/feeds/18C0D2B7CA515BA2802360D9C1B16EBA%40AX8BBgA?includeDetails=true → 200 (tokens: 832, 222ms, cid=4da5fc7c-d7ec-4562-a96f-3044ddc6b738)
[WALMART][STORE1] GET /v3/feeds/18C0D2B7CA515BA2802360D9C1B16EBA%40AX8BBgA?includeDetails=true → 200 (tokens: 832, 252ms, cid=d7972b77-8d3f-46a4-81e9-904a9a8746d7)
[WALMART][STORE1] GET /v3/feeds/18C0D2B7CA515BA2802360D9C1B16EBA%40AX8BBgA?includeDetails=true → 200 (tokens: 832, 528ms, cid=c45e6d83-eaa3-4cd1-80e4-800c61f35147)
[WALMART][STORE1] GET /v3/feeds/18C0D2B7CA515BA2802360D9C1B16EBA%40AX8BBgA?includeDetails=true → 200 (tokens: 832, 455ms, cid=bc46cdfc-edd5-479e-a674-056eac30b04b)
[WALMART][STORE1] GET /v3/feeds/18C0D2B7CA515BA2802360D9C1B16EBA%40AX8BBgA?includeDetails=true → 200 (tokens: 832, 439ms, cid=2f68fed7-4715-4ac1-ab9c-2cf48a3934d5)
[WALMART][STORE1] GET /v3/feeds/18C0D2B7CA515BA2802360D9C1B16EBA%40AX8BBgA?includeDetails=true → 200 (tokens: 832, 413ms, cid=465bcf00-7ea6-4629-913a-3b2e7bbf29e2)
[WALMART][STORE1] GET /v3/feeds/18C0D2B7CA515BA2802360D9C1B16EBA%40AX8BBgA?includeDetails=true → 200 (tokens: 832, 238ms, cid=f774d986-4e67-4134-b5ab-f055179f16ce)
[WALMART][STORE1] GET /v3/feeds/18C0D2B7CA515BA2802360D9C1B16EBA%40AX8BBgA?includeDetails=true → 200 (tokens: 832, 494ms, cid=488a04c5-1c38-45eb-a77c-a20577b1bbe2)
[WALMART][STORE1] GET /v3/feeds/18C0D2B7CA515BA2802360D9C1B16EBA%40AX8BBgA?includeDetails=true → 200 (tokens: 832, 329ms, cid=8521b0de-917b-4b70-8a77-2dbdfbf18fa5)
[WALMART][STORE1] GET /v3/feeds/18C0D2B7CA515BA2802360D9C1B16EBA%40AX8BBgA?includeDetails=true → 200 (tokens: 832, 242ms, cid=7d40c61e-0de3-4749-ab64-4232c00b3f1e)
[WALMART][STORE1] GET /v3/feeds/18C0D2B7CA515BA2802360D9C1B16EBA%40AX8BBgA?includeDetails=true → 200 (tokens: 832, 466ms, cid=d3b27476-8b33-46e8-ac1a-72ff8060417e)
[WALMART][STORE1] GET /v3/feeds/18C0D2B7CA515BA2802360D9C1B16EBA%40AX8BBgA?includeDetails=true → 200 (tokens: 832, 432ms, cid=3ec75c51-0e2c-4b56-84a4-c77ae924eadd)
[WALMART][STORE1] GET /v3/feeds/18C0D2B7CA515BA2802360D9C1B16EBA%40AX8BBgA?includeDetails=true → 200 (tokens: 832, 355ms, cid=063361ea-34bd-40c3-ae5d-6be5ddbaad8f)
[WALMART][STORE1] GET /v3/feeds/18C0D2B7CA515BA2802360D9C1B16EBA%40AX8BBgA?includeDetails=true → 200 (tokens: 832, 322ms, cid=a8471b48-6482-4387-8281-deea2a68328f)
[WALMART][STORE1] GET /v3/feeds/18C0D2B7CA515BA2802360D9C1B16EBA%40AX8BBgA?includeDetails=true → 200 (tokens: 832, 381ms, cid=f61af1d4-4ece-406d-9e83-c3bf26fd97ef)
[WALMART][STORE1] GET /v3/feeds/18C0D2B7CA515BA2802360D9C1B16EBA%40AX8BBgA?includeDetails=true → 200 (tokens: 832, 353ms, cid=59b8db5c-3be4-4345-9858-7a99cb806ece)
[WALMART][STORE1] GET /v3/feeds/18C0D2B7CA515BA2802360D9C1B16EBA%40AX8BBgA?includeDetails=true → 200 (tokens: 832, 411ms, cid=2f98202e-8af4-4900-b5f5-6265d5d2f09a)
[WALMART][STORE1] GET /v3/feeds/18C0D2B7CA515BA2802360D9C1B16EBA%40AX8BBgA?includeDetails=true → 200 (tokens: 832, 414ms, cid=5592e936-38ee-459b-b849-f34369d33acf)
[WALMART][STORE1] GET /v3/feeds/18C0D2B7CA515BA2802360D9C1B16EBA%40AX8BBgA?includeDetails=true → 200 (tokens: 832, 375ms, cid=1162577f-b55e-4d5f-bb1c-75be9fa15419)
[WALMART][STORE1] GET /v3/feeds/18C0D2B7CA515BA2802360D9C1B16EBA%40AX8BBgA?includeDetails=true → 200 (tokens: 832, 277ms, cid=a5d2f2e7-62bb-4c50-99a4-3f7cfce7f23f)
[WALMART][STORE1] GET /v3/feeds/18C0D2B7CA515BA2802360D9C1B16EBA%40AX8BBgA?includeDetails=true → 200 (tokens: 832, 624ms, cid=d766343f-4424-4d8a-ae66-c96c2bce9e89)
[WALMART][STORE1] GET /v3/feeds/18C0D2B7CA515BA2802360D9C1B16EBA%40AX8BBgA?includeDetails=true → 200 (tokens: 832, 321ms, cid=826c2dfc-cd84-4475-98c5-a69fd5f528e0)
[WALMART][STORE1] GET /v3/feeds/18C0D2B7CA515BA2802360D9C1B16EBA%40AX8BBgA?includeDetails=true → 200 (tokens: 832, 334ms, cid=b0414ec9-7ed4-4aaa-a152-e498971f5471)
[WALMART][STORE1] GET /v3/feeds/18C0D2B7CA515BA2802360D9C1B16EBA%40AX8BBgA?includeDetails=true → 200 (tokens: 832, 360ms, cid=943bf2c3-7bea-437a-8093-b02540d2aca4)
[WALMART][STORE1] GET /v3/feeds/18C0D2B7CA515BA2802360D9C1B16EBA%40AX8BBgA?includeDetails=true → 200 (tokens: 832, 380ms, cid=03862049-c169-4d17-99f8-4d357f20699b)
[WALMART][STORE1] GET /v3/feeds/18C0D2B7CA515BA2802360D9C1B16EBA%40AX8BBgA?includeDetails=true → 200 (tokens: 832, 383ms, cid=94999385-fa01-43c0-b320-8fc08908315b)
[WALMART][STORE1] GET /v3/feeds/18C0D2B7CA515BA2802360D9C1B16EBA%40AX8BBgA?includeDetails=true → 200 (tokens: 832, 355ms, cid=9a3a69f3-bb4c-4eae-b9c5-facddd7a4f8d)
[WALMART][STORE1] GET /v3/feeds/18C0D2B7CA515BA2802360D9C1B16EBA%40AX8BBgA?includeDetails=true → 200 (tokens: 832, 380ms, cid=80729570-d1d8-4fdd-90ac-40dd13411095)
[WALMART][STORE1] GET /v3/feeds/18C0D2B7CA515BA2802360D9C1B16EBA%40AX8BBgA?includeDetails=true → 200 (tokens: 832, 386ms, cid=81608826-1975-4c8d-a815-0589e3822290)
[WALMART][STORE1] GET /v3/feeds/18C0D2B7CA515BA2802360D9C1B16EBA%40AX8BBgA?includeDetails=true → 200 (tokens: 832, 213ms, cid=34eec170-d83a-4809-8b87-ddd530666b31)
[WALMART][STORE1] GET /v3/feeds/18C0D2B7CA515BA2802360D9C1B16EBA%40AX8BBgA?includeDetails=true → 200 (tokens: 832, 380ms, cid=9e31080b-4f74-49c2-8201-ce2f89dfc863)
[WALMART][STORE1] GET /v3/feeds/18C0D2B7CA515BA2802360D9C1B16EBA%40AX8BBgA?includeDetails=true → 200 (tokens: 832, 367ms, cid=1f248c74-22dc-447a-8a05-7901eb4cbd04)
[WALMART][STORE1] GET /v3/feeds/18C0D2B7CA515BA2802360D9C1B16EBA%40AX8BBgA?includeDetails=true → 200 (tokens: 832, 220ms, cid=d011004c-7fcb-4ccc-8078-616621b675b1)
[WALMART][STORE1] token issued, expires at 2026-07-10T04:45:47.588Z
[WALMART][STORE1] GET /v3/feeds/18C0D2B7CA515BA2802360D9C1B16EBA%40AX8BBgA?includeDetails=true → 200 (tokens: 832, 340ms, cid=0bdc153c-f966-4d26-8f64-b32a4bd4f6ff)
[WALMART][STORE1] GET /v3/feeds/18C0D2B7CA515BA2802360D9C1B16EBA%40AX8BBgA?includeDetails=true → 200 (tokens: 832, 368ms, cid=68a77ab7-f97f-49b6-8be4-dd3ba528ea3f)
[WALMART][STORE1] GET /v3/feeds/18C0D2B7CA515BA2802360D9C1B16EBA%40AX8BBgA?includeDetails=true → 200 (tokens: 832, 336ms, cid=5958a2a2-00b1-4c6b-a0a4-5e05863be0e4)
[WALMART][STORE1] GET /v3/feeds/18C0D2B7CA515BA2802360D9C1B16EBA%40AX8BBgA?includeDetails=true → 200 (tokens: 832, 418ms, cid=4ad96ef9-ba33-44cd-996b-5f69047c43bf)
[WALMART][STORE1] GET /v3/feeds/18C0D2B7CA515BA2802360D9C1B16EBA%40AX8BBgA?includeDetails=true → 200 (tokens: 832, 335ms, cid=df6f0c7f-042b-44e6-8c0e-8606211469f7)
[WALMART][STORE1] GET /v3/feeds/18C0D2B7CA515BA2802360D9C1B16EBA%40AX8BBgA?includeDetails=true → 200 (tokens: 832, 487ms, cid=b250ff45-d288-4c2b-a1eb-6d007bfeb34d)
[WALMART][STORE1] GET /v3/feeds/18C0D2B7CA515BA2802360D9C1B16EBA%40AX8BBgA?includeDetails=true → 200 (tokens: 832, 368ms, cid=762e3fb7-8888-4e0e-8ae3-b811f1614e73)
[WALMART][STORE1] GET /v3/feeds/18C0D2B7CA515BA2802360D9C1B16EBA%40AX8BBgA?includeDetails=true → 200 (tokens: 832, 423ms, cid=6aa841b1-0361-4eeb-9ddc-60a039cce4ec)
[WALMART][STORE1] GET /v3/feeds/18C0D2B7CA515BA2802360D9C1B16EBA%40AX8BBgA?includeDetails=true → 200 (tokens: 832, 313ms, cid=eda9b755-ecbf-4f69-861c-0c86e7a8599a)
[WALMART][STORE1] GET /v3/feeds/18C0D2B7CA515BA2802360D9C1B16EBA%40AX8BBgA?includeDetails=true → 200 (tokens: 832, 312ms, cid=f8195550-c94e-4b77-87c8-2bd0f8ad0736)
  batch 1/1: INPROGRESS at budget — marked submitted

=== PUBLISH_GEN cumulative === applied 648 · qarth 69 · failed 0 · submitted 80 · post_failed 0 · build_skip 2
