GEN_OK ready 123 · publishing 123 (skip already applied/qarth)

[WALMART][STORE1] token issued, expires at 2026-07-10T10:33:26.195Z
[WALMART][STORE1] GET /v3/items/RizwanX-3610 → 200 (tokens: 149, 549ms, cid=d395d135-cb6f-43e0-b210-81bd13326fe0)
[WALMART][STORE1] GET /v3/items/RizwanX-359 → 200 (tokens: 149, 497ms, cid=c723065d-233b-4580-aa6f-4877af746f1a)
[WALMART][STORE1] GET /v3/items/RizwanX-360 → 200 (tokens: 149, 545ms, cid=7619ded9-bd34-4217-a520-54ccd735718f)
[WALMART][STORE1] GET /v3/items/RizwanX-3603 → 200 (tokens: 149, 451ms, cid=d105d755-2af7-4341-af5d-3edee76ac2fb)
[WALMART][STORE1] GET /v3/items/RizwanX-3604 → 200 (tokens: 149, 518ms, cid=8fb9890b-21ca-47d3-ba9f-0c09fb09338a)
[WALMART][STORE1] GET /v3/items/RizwanX-3614 → 200 (tokens: 149, 451ms, cid=c0bf0770-0bfd-4743-9208-c9680f701724)
[WALMART][STORE1] GET /v3/items/RizwanX-3611 → 200 (tokens: 148, 483ms, cid=13770e80-7939-4eeb-88af-100b55b15708)
[WALMART][STORE1] GET /v3/items/RizwanX-3708 → 200 (tokens: 149, 470ms, cid=fe47374c-f516-41bf-8829-fa2beae463d6)
[WALMART][STORE1] GET /v3/items/RizwanX-372 → 200 (tokens: 148, 470ms, cid=e2100058-abef-4dfa-94cd-866250c17444)
[WALMART][STORE1] GET /v3/items/RizwanX-371 → 200 (tokens: 149, 424ms, cid=af617ff7-eea9-44e6-9908-7196559aac58)
[WALMART][STORE1] GET /v3/items/RizwanX-374 → 200 (tokens: 148, 615ms, cid=64ec6552-b34f-4262-8469-4e057cf644b1)
[WALMART][STORE1] GET /v3/items/RizwanX-384 → 200 (tokens: 149, 493ms, cid=bf6cbfe2-83cc-4220-8d85-5b337e3050e2)
[WALMART][STORE1] GET /v3/items/RizwanX-380 → 200 (tokens: 149, 527ms, cid=af16b9ce-fafd-4e05-908e-69da62bd38d2)
[WALMART][STORE1] GET /v3/items/RizwanX-381 → 200 (tokens: 149, 469ms, cid=cfb19571-8d6c-4e0e-b824-db7802350d56)
[WALMART][STORE1] GET /v3/items/RizwanX-3843 → 200 (tokens: 149, 503ms, cid=f755999e-2c9d-415b-886d-bc7ea1452844)
[WALMART][STORE1] GET /v3/items/RizwanX-3841 → 200 (tokens: 149, 566ms, cid=4050b0da-1fc8-4e15-b2fb-a35c28a1e116)
[WALMART][STORE1] GET /v3/items/RizwanX-3842 → 200 (tokens: 149, 653ms, cid=300a4cf1-fce4-40b1-839c-7a36b7651667)
[WALMART][STORE1] GET /v3/items/RizwanX-3852 → 200 (tokens: 149, 464ms, cid=95fe0499-53dd-472f-aceb-9eab100fdb89)
[WALMART][STORE1] GET /v3/items/RizwanX-3851 → 200 (tokens: 149, 431ms, cid=a1344fca-6bf4-4783-9bbb-7864618d6d86)
[WALMART][STORE1] GET /v3/items/RizwanX-3875 → 200 (tokens: 148, 525ms, cid=556bfa9d-fa0c-4bb8-94da-bbdca4da0ec1)
[WALMART][STORE1] GET /v3/items/RizwanX-3872 → 200 (tokens: 149, 504ms, cid=62d20d6e-8664-4292-94f4-a3418998b897)
[WALMART][STORE1] GET /v3/items/RizwanX-3871 → 200 (tokens: 149, 445ms, cid=5841dab5-c0d8-466a-94b1-08ed1c24e9cd)
[WALMART][STORE1] GET /v3/items/RizwanX-3883 → 200 (tokens: 149, 719ms, cid=b3899c88-fb1e-406b-ad69-20df3e8594d8)
[WALMART][STORE1] GET /v3/items/RizwanX-3881 → 200 (tokens: 149, 428ms, cid=baff8df3-63f6-4f62-bcd0-a6698854910f)
[WALMART][STORE1] GET /v3/items/RizwanX-3921 → 200 (tokens: 149, 462ms, cid=f2fd8314-10e2-425f-a3d6-ec888d476c5d)
[WALMART][STORE1] GET /v3/items/RizwanX-3919 → 200 (tokens: 149, 461ms, cid=7a1c866e-049f-4eef-9542-db56a2bd22eb)
[WALMART][STORE1] GET /v3/items/RizwanX-3908 → 200 (tokens: 149, 542ms, cid=7926b041-22b5-48b5-bb30-1c0deab24756)
[WALMART][STORE1] GET /v3/items/RizwanX-3920 → 200 (tokens: 149, 456ms, cid=d5ee5593-0eb9-4341-8264-44bcd83370f8)
[WALMART][STORE1] GET /v3/items/RizwanX-404 → 200 (tokens: 149, 564ms, cid=bbe791df-1bc5-449e-a3c7-0e332da699ea)
[WALMART][STORE1] GET /v3/items/RizwanX-396 → 200 (tokens: 149, 393ms, cid=ced136df-c647-4a30-b4f4-a7e663300781)
[WALMART][STORE1] GET /v3/items/RizwanX-405 → 200 (tokens: 149, 573ms, cid=46ec64ee-d093-4ccd-bf54-2107867ee89a)
[WALMART][STORE1] GET /v3/items/RizwanX-403 → 200 (tokens: 149, 467ms, cid=3220e5c0-9328-421c-b983-370789ed3eab)
[WALMART][STORE1] GET /v3/items/RizwanX-410 → 200 (tokens: 148, 488ms, cid=b3f3c97b-655b-420f-a198-f6b0b504dbd8)
[WALMART][STORE1] GET /v3/items/RizwanX-411 → 200 (tokens: 149, 435ms, cid=5867b0ea-54d6-4e73-ba29-e0fa925ab983)
[WALMART][STORE1] GET /v3/items/RizwanX-4107 → 200 (tokens: 149, 402ms, cid=c03b54c5-cef8-4a3d-873d-dcaf0582bb11)
[WALMART][STORE1] GET /v3/items/RizwanX-417 → 200 (tokens: 149, 415ms, cid=3104be06-da23-4a6f-aef4-5271d148c388)
[WALMART][STORE1] GET /v3/items/RizwanX-409 → 200 (tokens: 149, 447ms, cid=c758b181-965c-4bbe-8904-38d191638767)
[WALMART][STORE1] GET /v3/items/RizwanX-416 → 200 (tokens: 149, 444ms, cid=b62e5590-8d04-4edd-aeaa-b2ba1595cf91)
[WALMART][STORE1] GET /v3/items/RizwanX-428 → 200 (tokens: 148, 566ms, cid=a7f81326-ac2e-4141-80f3-f129cf43488a)
[WALMART][STORE1] GET /v3/items/RizwanX-430 → 200 (tokens: 149, 480ms, cid=84ea0fd7-fb4d-45f8-b9e2-0a8909309ac6)
[WALMART][STORE1] GET /v3/items/RizwanX-432 → 200 (tokens: 149, 538ms, cid=c2323abd-142e-4603-8b8e-07d0dea5f052)
[WALMART][STORE1] GET /v3/items/RizwanX-436 → 200 (tokens: 149, 441ms, cid=1cbd8670-a278-408d-8fb1-ba9f98f5beb9)
[WALMART][STORE1] GET /v3/items/RizwanX-438 → 200 (tokens: 149, 711ms, cid=ac704914-c955-4246-afd1-ab42fd308e11)
[WALMART][STORE1] GET /v3/items/RizwanX-443 → 200 (tokens: 149, 454ms, cid=ae12abe1-5a1e-480f-9719-ea892e7efc75)
[WALMART][STORE1] GET /v3/items/RizwanX-444 → 200 (tokens: 148, 515ms, cid=98c7be26-d4f2-4cc4-8ae6-59cda853272a)
[WALMART][STORE1] GET /v3/items/RizwanX-445 → 200 (tokens: 149, 394ms, cid=8856dee3-0840-48b0-8bac-9b2d911c62a4)
[WALMART][STORE1] GET /v3/items/RizwanX-446 → 200 (tokens: 149, 471ms, cid=a83cba96-0b8e-4af1-be12-afafcdbcfff4)
[WALMART][STORE1] GET /v3/items/RizwanX-449 → 200 (tokens: 149, 416ms, cid=f8af1901-c9ab-44c6-adcf-ce58682b7fa4)
[WALMART][STORE1] GET /v3/items/RizwanX-447 → 200 (tokens: 149, 463ms, cid=e39ca5f5-404a-4988-9045-14ee9bff457e)
[WALMART][STORE1] GET /v3/items/RizwanX-4532 → 200 (tokens: 149, 423ms, cid=8fff9d9d-a448-4e98-b5dd-ea9d3874cfa0)
[WALMART][STORE1] GET /v3/items/RizwanX-4530 → 200 (tokens: 149, 432ms, cid=bba31fa2-b918-429e-ab84-0bb09446230e)
[WALMART][STORE1] GET /v3/items/RizwanX-4526 → 200 (tokens: 149, 399ms, cid=68c45cd8-59dd-460b-b827-2c50cfac6699)
[WALMART][STORE1] GET /v3/items/RizwanX-4538 → 200 (tokens: 149, 397ms, cid=3ff2a41c-f0f6-405a-be31-9ea1ed9e9bfe)
[WALMART][STORE1] GET /v3/items/RizwanX-4539 → 200 (tokens: 149, 409ms, cid=26e90f4f-5216-4be6-a35a-e50155247a3c)
[WALMART][STORE1] GET /v3/items/RizwanX-473 → 200 (tokens: 149, 420ms, cid=a658e344-8d19-4503-89a2-f643d1a19b0d)
[WALMART][STORE1] GET /v3/items/RizwanX-472 → 200 (tokens: 149, 464ms, cid=29c3cde3-1dda-401c-bb8b-e4adb82bd415)
[WALMART][STORE1] GET /v3/items/RizwanX-486 → 200 (tokens: 149, 520ms, cid=18c5a97e-1a25-43b9-92b3-262eec90a100)
[WALMART][STORE1] GET /v3/items/RizwanX-49 → 200 (tokens: 148, 500ms, cid=e93639be-de8f-4600-a9ab-2dfe46d43ab1)
[WALMART][STORE1] GET /v3/items/RizwanX-477 → 200 (tokens: 149, 566ms, cid=6868beab-6084-4189-b661-01ea529a549c)
[WALMART][STORE1] GET /v3/items/RizwanX-475 → 200 (tokens: 149, 446ms, cid=28fbd085-1844-4729-81a2-5f58692299a0)
[WALMART][STORE1] GET /v3/items/RizwanX-488 → 200 (tokens: 149, 650ms, cid=e9587122-d51e-4837-9bef-ca1d0a2d2160)
[WALMART][STORE1] GET /v3/items/RizwanX-476 → 200 (tokens: 148, 514ms, cid=f1d65c93-0a86-4531-9264-a6ba55c6874a)
[WALMART][STORE1] GET /v3/items/RizwanX-485 → 200 (tokens: 149, 506ms, cid=327031de-8811-4fcf-93d6-2bcd1a5f358b)
[WALMART][STORE1] GET /v3/items/RizwanX-497 → 200 (tokens: 149, 423ms, cid=5ef7cde3-ff74-4ae9-9f74-3e829b808d95)
[WALMART][STORE1] GET /v3/items/RizwanX-507 → 200 (tokens: 149, 438ms, cid=8fa3104b-cdee-4204-bb87-ed56672f40b5)
[WALMART][STORE1] GET /v3/items/RizwanX-505 → 200 (tokens: 149, 472ms, cid=a35d57fb-3829-4303-b508-f76e58693f56)
[WALMART][STORE1] GET /v3/items/RizwanX-498 → 200 (tokens: 149, 400ms, cid=58dc0a9d-b0c5-4ed8-b5cd-96d7fec7e2a3)
[WALMART][STORE1] GET /v3/items/RizwanX-538 → 200 (tokens: 149, 429ms, cid=043bc24d-1830-4c20-b0b3-8ecd4dc94184)
[WALMART][STORE1] GET /v3/items/RizwanX-537 → 200 (tokens: 149, 422ms, cid=44a551e0-eef4-4201-a5fe-26fb90d83fec)
[WALMART][STORE1] GET /v3/items/RizwanX-53 → 200 (tokens: 147, 487ms, cid=cb959539-6916-4310-ba45-89695e0319f7)
[WALMART][STORE1] GET /v3/items/RizwanX-52 → 200 (tokens: 149, 547ms, cid=e1f9e8be-9bfb-433b-b9d5-a836058cc173)
[WALMART][STORE1] GET /v3/items/RizwanX-536 → 200 (tokens: 149, 559ms, cid=a39b744d-1aa8-41da-8b32-e65c475c7f69)
[WALMART][STORE1] GET /v3/items/RizwanX-515 → 200 (tokens: 149, 591ms, cid=3830d1bd-cb37-4d1b-9da6-8bf5a01b8c4e)
[WALMART][STORE1] GET /v3/items/RizwanX-520 → 200 (tokens: 149, 517ms, cid=3aaf158f-de28-4e63-ac78-2af6c2d383df)
[WALMART][STORE1] GET /v3/items/RizwanX-541 → 200 (tokens: 149, 638ms, cid=38a197c8-1793-45ea-8d1b-c8fc9c94678f)
[WALMART][STORE1] GET /v3/items/RizwanX-547 → 200 (tokens: 149, 444ms, cid=5e878853-9227-484e-b5d0-454ca7a70e4c)
[WALMART][STORE1] GET /v3/items/RizwanX-539 → 200 (tokens: 149, 465ms, cid=8eb7dfef-ec57-4d9c-ad66-8e4c961f99d7)
[WALMART][STORE1] GET /v3/items/RizwanX-546 → 200 (tokens: 149, 424ms, cid=6fb825f3-8eb0-4ef1-892c-97a500fca62f)
[WALMART][STORE1] GET /v3/items/RizwanX-540 → 200 (tokens: 149, 480ms, cid=02d04108-f944-456f-a706-104b392e4ca5)
[WALMART][STORE1] GET /v3/items/RizwanX-549 → 200 (tokens: 149, 508ms, cid=d832d82e-b7a1-463e-8659-63761e2c627c)
[WALMART][STORE1] GET /v3/items/RizwanX-543 → 200 (tokens: 149, 527ms, cid=e6a3f1b8-f83a-4459-939e-6b386ac2653c)
[WALMART][STORE1] GET /v3/items/RizwanX-552 → 200 (tokens: 149, 509ms, cid=1f0cc9c5-c872-414b-bb1b-0651a89377b7)
[WALMART][STORE1] GET /v3/items/RizwanX-56 → 200 (tokens: 149, 497ms, cid=22722724-73d3-49fa-9a7e-05194eb79762)
[WALMART][STORE1] GET /v3/items/RizwanX-550 → 200 (tokens: 149, 431ms, cid=1a55ffb4-a72d-4dd9-a739-b2ca09aaa40f)
[WALMART][STORE1] GET /v3/items/RizwanX-57 → 200 (tokens: 148, 556ms, cid=07c7941f-3df0-41c3-87b9-fa54f772a2d5)
[WALMART][STORE1] GET /v3/items/RizwanX-570 → 200 (tokens: 149, 538ms, cid=1922ff19-8792-47a0-98fd-a3ccae5c1409)
[WALMART][STORE1] GET /v3/items/RizwanX-587 → 200 (tokens: 149, 422ms, cid=58850ac7-efde-479a-9789-13c904312644)
[WALMART][STORE1] GET /v3/items/RizwanX-586 → 200 (tokens: 149, 398ms, cid=67fdf6d4-8f58-4ccb-a2ad-b9f6941fa03f)
[WALMART][STORE1] GET /v3/items/RizwanX-584 → 200 (tokens: 149, 426ms, cid=ca8fda0b-408c-40d4-89b3-1a1115f03143)
[WALMART][STORE1] GET /v3/items/RizwanX-585 → 200 (tokens: 149, 469ms, cid=83248ac1-4503-484f-9db4-da1e89bba869)
[WALMART][STORE1] GET /v3/items/RizwanX-588 → 200 (tokens: 149, 488ms, cid=34011a70-fbee-441a-9aa9-45bd9577442d)
[WALMART][STORE1] GET /v3/items/RizwanX-621 → 200 (tokens: 149, 474ms, cid=4f16d79b-ca55-4169-8d50-f171a4d901b5)
[WALMART][STORE1] GET /v3/items/RizwanX-614 → 200 (tokens: 149, 528ms, cid=509dbd1f-ae7a-43da-998a-a448db3b9ce0)
[WALMART][STORE1] GET /v3/items/RizwanX-611 → 200 (tokens: 149, 474ms, cid=737f9da5-8fc1-41a2-b942-fb1a86b5357e)
[WALMART][STORE1] GET /v3/items/RizwanX-617 → 200 (tokens: 148, 465ms, cid=c70bbcb1-f172-4c07-9ed1-52a987cd145e)
[WALMART][STORE1] GET /v3/items/RizwanX-610 → 200 (tokens: 149, 463ms, cid=a8360b02-eeac-47e0-a350-92e0a19f0ba4)
[WALMART][STORE1] GET /v3/items/RizwanX-618 → 200 (tokens: 149, 436ms, cid=cb9bd135-604e-4f73-a444-8ae8e41f2b94)
[WALMART][STORE1] GET /v3/items/RizwanX-602 → 200 (tokens: 149, 515ms, cid=99f50101-bfeb-4a83-986e-7eea30316c51)
[WALMART][STORE1] GET /v3/items/RizwanX-620 → 200 (tokens: 148, 585ms, cid=3ed67cd0-a98e-4adb-8bb4-77898cfd25a7)
[WALMART][STORE1] GET /v3/items/RizwanX-625 → 200 (tokens: 149, 458ms, cid=b7ed957c-dbdc-4a7a-8dc0-1e91a5d9ddfa)
[WALMART][STORE1] GET /v3/items/RizwanX-626 → 200 (tokens: 148, 458ms, cid=a0bdfffe-154b-40cf-bc99-2398df56c649)
[WALMART][STORE1] GET /v3/items/RizwanX-648 → 200 (tokens: 149, 443ms, cid=50ebad45-08b2-480a-8968-147a2a727779)
[WALMART][STORE1] GET /v3/items/RizwanX-642 → 200 (tokens: 149, 422ms, cid=56b738dc-be2a-4066-b14f-c3a2c1449917)
[WALMART][STORE1] GET /v3/items/RizwanX-647 → 200 (tokens: 149, 629ms, cid=11fa05f9-90a7-4b93-b154-d4aea7482dae)
[WALMART][STORE1] GET /v3/items/RizwanX-640 → 200 (tokens: 149, 527ms, cid=d41ad976-11cf-406f-98b7-225e8c60119c)
[WALMART][STORE1] GET /v3/items/RizwanX-653 → 200 (tokens: 148, 410ms, cid=b7523e8e-002a-44ab-9ca0-02bd4dcbdb7c)
[WALMART][STORE1] GET /v3/items/RizwanX-650 → 200 (tokens: 149, 495ms, cid=dd979272-d2ab-4180-9d70-3b3a7bb683b0)
[WALMART][STORE1] GET /v3/items/RizwanX-652 → 200 (tokens: 149, 508ms, cid=e15ebf93-cff3-4aa9-9963-7b3a5c431ad2)
[WALMART][STORE1] GET /v3/items/RizwanX-651 → 200 (tokens: 149, 414ms, cid=7f824647-d854-4958-b99b-007034f615b3)
[WALMART][STORE1] GET /v3/items/RizwanX-672 → 200 (tokens: 149, 483ms, cid=18df1c11-36ec-487f-9c7f-eea9b8d341f6)
[WALMART][STORE1] GET /v3/items/RizwanX-775 → 200 (tokens: 149, 513ms, cid=f5d935d5-817e-4999-9f2c-8754a140a417)
[WALMART][STORE1] GET /v3/items/RizwanX-777 → 200 (tokens: 149, 546ms, cid=48035431-6f72-4973-a7af-28d931aa242f)
[WALMART][STORE1] GET /v3/items/RizwanX-781 → 200 (tokens: 149, 558ms, cid=97fbeaef-781f-4a26-a3e1-79938da23b59)
[WALMART][STORE1] GET /v3/items/RizwanX-783 → 200 (tokens: 148, 551ms, cid=49cce443-9f12-4778-9d74-7e3a05a3db20)
[WALMART][STORE1] GET /v3/items/RizwanX-782 → 200 (tokens: 149, 475ms, cid=0e636664-b2e1-4504-8e6b-0991a75b6057)
[WALMART][STORE1] GET /v3/items/RizwanX-806 → 200 (tokens: 149, 424ms, cid=fb3db612-5f88-4b1b-8e04-d06d9b9b809a)
[WALMART][STORE1] GET /v3/items/RizwanX-810 → 200 (tokens: 149, 712ms, cid=d067f8bb-8f59-424f-89fe-bfdbc99a725e)
[WALMART][STORE1] GET /v3/items/RizwanX-825 → 200 (tokens: 149, 824ms, cid=a4008a24-40f0-496a-9818-d0b7f9f8c798)
[WALMART][STORE1] GET /v3/items/RizwanX-83 → 200 (tokens: 149, 430ms, cid=2c8d6b8d-21ef-4c45-ab9d-8257575a89b4)
[WALMART][STORE1] GET /v3/items/Sami-Barila → 200 (tokens: 149, 832ms, cid=3fc34f6d-c1f7-4ce9-8d1b-7a79adbb721a)
[WALMART][STORE1] GET /v3/items/RizwanX-93 → 200 (tokens: 149, 401ms, cid=14317f74-b585-440c-aad6-99ebdcef761b)
[WALMART][STORE1] GET /v3/items/RizwanX-92 → 200 (tokens: 149, 788ms, cid=c19dbfb9-2455-43bb-9436-68dded445ff2)
[WALMART][STORE1] GET /v3/items/RizwanX-841 → 200 (tokens: 149, 420ms, cid=1acd401a-c897-42c9-9ae1-d5af36d6c6a0)
built 123 MPItems

[WALMART][STORE1] POST /v3/feeds?feedType=MP_MAINTENANCE → 200 (tokens: 9, 947ms, cid=079a25bf-1911-49ca-b0e3-dcca908fd113)
  batch 1/3: feed 18C0E67197A75C92… (50) draining…
[WALMART][STORE1] GET /v3/feeds/18C0E67197A75C92AD5A2D9586A92B8A%40AX8BBwA?includeDetails=true → 200 (tokens: 832, 409ms, cid=63f04ca9-de6f-4049-93e4-0483cae2b298)
[WALMART][STORE1] GET /v3/feeds/18C0E67197A75C92AD5A2D9586A92B8A%40AX8BBwA?includeDetails=true → 200 (tokens: 832, 278ms, cid=ee3dd812-c75c-430c-a890-3bf6149ed9f0)
[WALMART][STORE1] GET /v3/feeds/18C0E67197A75C92AD5A2D9586A92B8A%40AX8BBwA?includeDetails=true → 200 (tokens: 832, 529ms, cid=c417ca60-f384-4306-8a95-1f6e00ed428e)
[WALMART][STORE1] GET /v3/feeds/18C0E67197A75C92AD5A2D9586A92B8A%40AX8BBwA?includeDetails=true → 200 (tokens: 832, 405ms, cid=458f946f-88c5-4f0e-8620-f1614cb39e6a)
[WALMART][STORE1] GET /v3/feeds/18C0E67197A75C92AD5A2D9586A92B8A%40AX8BBwA?includeDetails=true → 200 (tokens: 832, 406ms, cid=7e07d4e5-92e6-4180-a3d5-f7ee5e2c711c)
[WALMART][STORE1] GET /v3/feeds/18C0E67197A75C92AD5A2D9586A92B8A%40AX8BBwA?includeDetails=true → 200 (tokens: 832, 609ms, cid=d66c7baa-81bb-4159-bdfd-59384b28ddeb)
[WALMART][STORE1] GET /v3/feeds/18C0E67197A75C92AD5A2D9586A92B8A%40AX8BBwA?includeDetails=true → 200 (tokens: 832, 352ms, cid=4c3d694e-8386-4c89-9ee1-d3e8e336f5da)
[WALMART][STORE1] GET /v3/feeds/18C0E67197A75C92AD5A2D9586A92B8A%40AX8BBwA?includeDetails=true → 200 (tokens: 832, 413ms, cid=d6ce6a7b-1b5b-43f9-9365-e519af24293f)
[WALMART][STORE1] GET /v3/feeds/18C0E67197A75C92AD5A2D9586A92B8A%40AX8BBwA?includeDetails=true → 200 (tokens: 832, 253ms, cid=5d1d1270-d416-4e3d-9000-3dc5df9be7bd)
[WALMART][STORE1] GET /v3/feeds/18C0E67197A75C92AD5A2D9586A92B8A%40AX8BBwA?includeDetails=true → 200 (tokens: 832, 235ms, cid=e69582dd-c48b-4d00-820c-88aeb309ca72)
[WALMART][STORE1] GET /v3/feeds/18C0E67197A75C92AD5A2D9586A92B8A%40AX8BBwA?includeDetails=true → 200 (tokens: 832, 606ms, cid=3ecaf798-42d7-4945-8692-ce511d2b09a4)
[WALMART][STORE1] GET /v3/feeds/18C0E67197A75C92AD5A2D9586A92B8A%40AX8BBwA?includeDetails=true → 200 (tokens: 832, 406ms, cid=a80ca12a-8e08-484e-bc2e-dcdc8272ea68)
[WALMART][STORE1] GET /v3/feeds/18C0E67197A75C92AD5A2D9586A92B8A%40AX8BBwA?includeDetails=true → 200 (tokens: 832, 466ms, cid=982970d9-acac-4cca-85c1-10efbf09ce4b)
[WALMART][STORE1] GET /v3/feeds/18C0E67197A75C92AD5A2D9586A92B8A%40AX8BBwA?includeDetails=true → 200 (tokens: 832, 347ms, cid=d28630da-6d67-404e-88dc-ec5c033dd349)
[WALMART][STORE1] GET /v3/feeds/18C0E67197A75C92AD5A2D9586A92B8A%40AX8BBwA?includeDetails=true → 200 (tokens: 832, 415ms, cid=b2d6cdf7-8979-4f65-bd55-18011c0de1c9)
[WALMART][STORE1] GET /v3/feeds/18C0E67197A75C92AD5A2D9586A92B8A%40AX8BBwA?includeDetails=true → 200 (tokens: 832, 290ms, cid=46fe9ed9-2916-45e3-b6b5-d886c6d927b1)
[WALMART][STORE1] GET /v3/feeds/18C0E67197A75C92AD5A2D9586A92B8A%40AX8BBwA?includeDetails=true → 200 (tokens: 832, 264ms, cid=08956c40-b2e9-4936-b9cc-99458812b0f7)
[WALMART][STORE1] GET /v3/feeds/18C0E67197A75C92AD5A2D9586A92B8A%40AX8BBwA?includeDetails=true → 200 (tokens: 832, 315ms, cid=b56f036c-bfbd-4224-8b6c-ee5a06e45cdd)
[WALMART][STORE1] GET /v3/feeds/18C0E67197A75C92AD5A2D9586A92B8A%40AX8BBwA?includeDetails=true → 200 (tokens: 832, 482ms, cid=9e473e56-8ffd-43ff-a4ef-6d3c157f071b)
[WALMART][STORE1] GET /v3/feeds/18C0E67197A75C92AD5A2D9586A92B8A%40AX8BBwA?includeDetails=true → 200 (tokens: 832, 466ms, cid=c2e05d62-fcdb-4722-96ac-69e1ffd76569)
[WALMART][STORE1] GET /v3/feeds/18C0E67197A75C92AD5A2D9586A92B8A%40AX8BBwA?includeDetails=true → 200 (tokens: 832, 356ms, cid=ddfdffb3-1249-4e32-8dd6-bbb066dab591)
[WALMART][STORE1] GET /v3/feeds/18C0E67197A75C92AD5A2D9586A92B8A%40AX8BBwA?includeDetails=true → 200 (tokens: 832, 306ms, cid=4856862e-0b20-4d91-b3bf-431add40a17c)
[WALMART][STORE1] GET /v3/feeds/18C0E67197A75C92AD5A2D9586A92B8A%40AX8BBwA?includeDetails=true → 200 (tokens: 832, 466ms, cid=4601a38c-769c-45f8-9f5a-ce7fe156bfd7)
[WALMART][STORE1] GET /v3/feeds/18C0E67197A75C92AD5A2D9586A92B8A%40AX8BBwA?includeDetails=true → 200 (tokens: 832, 623ms, cid=66c034a5-be4f-44ee-b5f3-77299b58b7eb)
[WALMART][STORE1] GET /v3/feeds/18C0E67197A75C92AD5A2D9586A92B8A%40AX8BBwA?includeDetails=true → 200 (tokens: 832, 395ms, cid=44adb273-589b-40c1-be91-dce15785cef6)
[WALMART][STORE1] GET /v3/feeds/18C0E67197A75C92AD5A2D9586A92B8A%40AX8BBwA?includeDetails=true → 200 (tokens: 832, 332ms, cid=212be97a-74af-4c40-835d-5194653909aa)
[WALMART][STORE1] GET /v3/feeds/18C0E67197A75C92AD5A2D9586A92B8A%40AX8BBwA?includeDetails=true → 200 (tokens: 832, 303ms, cid=dbdd6a44-d2b7-4abc-8e38-51d2405e6856)
[WALMART][STORE1] GET /v3/feeds/18C0E67197A75C92AD5A2D9586A92B8A%40AX8BBwA?includeDetails=true → 200 (tokens: 832, 382ms, cid=32eda9b3-a94f-47f1-bc39-4df348085979)
[WALMART][STORE1] GET /v3/feeds/18C0E67197A75C92AD5A2D9586A92B8A%40AX8BBwA?includeDetails=true → 200 (tokens: 832, 269ms, cid=49e2e8d1-fcf3-446d-9bc5-6e3f928cbdab)
[WALMART][STORE1] GET /v3/feeds/18C0E67197A75C92AD5A2D9586A92B8A%40AX8BBwA?includeDetails=true → 200 (tokens: 832, 239ms, cid=ea031bfd-9009-4b2c-a256-4aeb9b0930aa)
[WALMART][STORE1] GET /v3/feeds/18C0E67197A75C92AD5A2D9586A92B8A%40AX8BBwA?includeDetails=true → 200 (tokens: 832, 408ms, cid=1296b842-d434-45ae-9694-ff38e1bbe83d)
[WALMART][STORE1] GET /v3/feeds/18C0E67197A75C92AD5A2D9586A92B8A%40AX8BBwA?includeDetails=true → 200 (tokens: 832, 383ms, cid=38aae45d-e5e0-4bc4-9e59-358c2d135030)
[WALMART][STORE1] GET /v3/feeds/18C0E67197A75C92AD5A2D9586A92B8A%40AX8BBwA?includeDetails=true → 200 (tokens: 832, 270ms, cid=2a85083e-657b-438a-88d1-817a2457b971)
[WALMART][STORE1] GET /v3/feeds/18C0E67197A75C92AD5A2D9586A92B8A%40AX8BBwA?includeDetails=true → 200 (tokens: 832, 387ms, cid=d832d9f3-2b5d-462a-a576-74a3e036e26c)
[WALMART][STORE1] GET /v3/feeds/18C0E67197A75C92AD5A2D9586A92B8A%40AX8BBwA?includeDetails=true → 200 (tokens: 832, 221ms, cid=38df2ee0-e320-41a6-acad-3e0b7ed1ae85)
[WALMART][STORE1] GET /v3/feeds/18C0E67197A75C92AD5A2D9586A92B8A%40AX8BBwA?includeDetails=true → 200 (tokens: 832, 218ms, cid=153f5e92-5eb5-4cfb-9fa2-c396e8997c4d)
[WALMART][STORE1] GET /v3/feeds/18C0E67197A75C92AD5A2D9586A92B8A%40AX8BBwA?includeDetails=true → 200 (tokens: 832, 274ms, cid=e1ed6e8a-edf7-4238-aa36-696839796b6a)
[WALMART][STORE1] GET /v3/feeds/18C0E67197A75C92AD5A2D9586A92B8A%40AX8BBwA?includeDetails=true → 200 (tokens: 832, 351ms, cid=70f3ee2c-b8d8-4a49-abe6-e24129f306ce)
[WALMART][STORE1] GET /v3/feeds/18C0E67197A75C92AD5A2D9586A92B8A%40AX8BBwA?includeDetails=true → 200 (tokens: 832, 276ms, cid=ddf3541a-2a3d-400a-b5fb-76e4558c21f1)
[WALMART][STORE1] GET /v3/feeds/18C0E67197A75C92AD5A2D9586A92B8A%40AX8BBwA?includeDetails=true → 200 (tokens: 832, 490ms, cid=35622466-7e68-4b1e-9f1f-b4b87a13aa5d)
[WALMART][STORE1] GET /v3/feeds/18C0E67197A75C92AD5A2D9586A92B8A%40AX8BBwA?includeDetails=true → 200 (tokens: 832, 252ms, cid=f79f71cf-bcd1-4bb4-a082-47abc8efaaac)
[WALMART][STORE1] GET /v3/feeds/18C0E67197A75C92AD5A2D9586A92B8A%40AX8BBwA?includeDetails=true → 200 (tokens: 832, 393ms, cid=2de6809f-9d19-4d85-8c0c-d0a199535511)
[WALMART][STORE1] GET /v3/feeds/18C0E67197A75C92AD5A2D9586A92B8A%40AX8BBwA?includeDetails=true → 200 (tokens: 832, 416ms, cid=09769c61-9ca5-4ea3-897d-8f397fd56b98)
[WALMART][STORE1] GET /v3/feeds/18C0E67197A75C92AD5A2D9586A92B8A%40AX8BBwA?includeDetails=true → 200 (tokens: 832, 544ms, cid=9db50f37-3034-4d86-b678-ca7da095cd76)
[WALMART][STORE1] GET /v3/feeds/18C0E67197A75C92AD5A2D9586A92B8A%40AX8BBwA?includeDetails=true → 200 (tokens: 832, 533ms, cid=f5274339-384e-4975-987a-40c609de9c6a)
[WALMART][STORE1] GET /v3/feeds/18C0E67197A75C92AD5A2D9586A92B8A%40AX8BBwA?includeDetails=true → 200 (tokens: 832, 254ms, cid=e24e3657-a9b2-465e-8c67-5821d80150e4)
[WALMART][STORE1] token issued, expires at 2026-07-10T10:46:30.927Z
[WALMART][STORE1] GET /v3/feeds/18C0E67197A75C92AD5A2D9586A92B8A%40AX8BBwA?includeDetails=true → 200 (tokens: 832, 529ms, cid=6b835d85-ff5e-4f40-af26-179896d16416)
[WALMART][STORE1] GET /v3/feeds/18C0E67197A75C92AD5A2D9586A92B8A%40AX8BBwA?includeDetails=true → 200 (tokens: 832, 302ms, cid=cc60cf9f-d87f-4f39-ac35-110a73ace769)
[WALMART][STORE1] GET /v3/feeds/18C0E67197A75C92AD5A2D9586A92B8A%40AX8BBwA?includeDetails=true → 200 (tokens: 832, 416ms, cid=7ef3ef56-2aaa-458c-b3be-4f564e700c16)
[WALMART][STORE1] GET /v3/feeds/18C0E67197A75C92AD5A2D9586A92B8A%40AX8BBwA?includeDetails=true → 200 (tokens: 832, 412ms, cid=96503aec-096a-4422-9a68-800b96d4ebeb)
[WALMART][STORE1] GET /v3/feeds/18C0E67197A75C92AD5A2D9586A92B8A%40AX8BBwA?includeDetails=true → 200 (tokens: 832, 365ms, cid=5dcaa89b-5bfa-4e3d-a10b-ed93d85690cc)
[WALMART][STORE1] GET /v3/feeds/18C0E67197A75C92AD5A2D9586A92B8A%40AX8BBwA?includeDetails=true → 200 (tokens: 832, 456ms, cid=e20c4830-0809-47c0-82cb-24358d64e4a9)
[WALMART][STORE1] GET /v3/feeds/18C0E67197A75C92AD5A2D9586A92B8A%40AX8BBwA?includeDetails=true → 200 (tokens: 832, 450ms, cid=61ac4188-1f90-4b73-a67e-ef6d00dc3f22)
[WALMART][STORE1] GET /v3/feeds/18C0E67197A75C92AD5A2D9586A92B8A%40AX8BBwA?includeDetails=true → 200 (tokens: 832, 394ms, cid=8afd5e4a-b7cd-40c7-91f7-b95013e32d86)
[WALMART][STORE1] GET /v3/feeds/18C0E67197A75C92AD5A2D9586A92B8A%40AX8BBwA?includeDetails=true → 200 (tokens: 832, 246ms, cid=2bd859b5-f8ea-4264-97ad-6871bdf6cce3)
[WALMART][STORE1] GET /v3/feeds/18C0E67197A75C92AD5A2D9586A92B8A%40AX8BBwA?includeDetails=true → 200 (tokens: 832, 236ms, cid=f4009982-f70b-44e1-8008-8b5ec376265e)
[WALMART][STORE1] GET /v3/feeds/18C0E67197A75C92AD5A2D9586A92B8A%40AX8BBwA?includeDetails=true → 200 (tokens: 832, 296ms, cid=2584b51a-ca60-4b85-b556-8fd883016818)
[WALMART][STORE1] GET /v3/feeds/18C0E67197A75C92AD5A2D9586A92B8A%40AX8BBwA?includeDetails=true → 200 (tokens: 832, 240ms, cid=3c2d769f-4999-4436-99fe-70014a464b65)
[WALMART][STORE1] GET /v3/feeds/18C0E67197A75C92AD5A2D9586A92B8A%40AX8BBwA?includeDetails=true → 200 (tokens: 832, 368ms, cid=4ae2d190-152f-4e5e-bdf7-791a0323b79a)
  batch 1/3: INPROGRESS at budget — marked submitted
[WALMART][STORE1] POST /v3/feeds?feedType=MP_MAINTENANCE → 200 (tokens: 9, 650ms, cid=5edf2f3d-d27c-4d47-b350-74a8f434a904)
  batch 2/3: feed 18C0E746308A5816… (50) draining…
[WALMART][STORE1] GET /v3/feeds/18C0E746308A5816B820BD260622D666%40AX8BBgA?includeDetails=true → 200 (tokens: 832, 324ms, cid=c41d5dd8-18e7-4a8b-b7be-ab4a9dd21f73)
[WALMART][STORE1] GET /v3/feeds/18C0E746308A5816B820BD260622D666%40AX8BBgA?includeDetails=true → 200 (tokens: 832, 379ms, cid=d2d30933-1a75-4184-86c2-71c1c4d44017)
[WALMART][STORE1] GET /v3/feeds/18C0E746308A5816B820BD260622D666%40AX8BBgA?includeDetails=true → 200 (tokens: 832, 444ms, cid=b83e1431-0b3e-4a10-ad73-9125307e86eb)
[WALMART][STORE1] GET /v3/feeds/18C0E746308A5816B820BD260622D666%40AX8BBgA?includeDetails=true → 200 (tokens: 832, 450ms, cid=0ae9cbcc-0665-4aaf-b44d-c7da56a562ea)
[WALMART][STORE1] GET /v3/feeds/18C0E746308A5816B820BD260622D666%40AX8BBgA?includeDetails=true → 200 (tokens: 832, 412ms, cid=3829ea62-0f53-422c-8a78-23f4ed9d5924)
[WALMART][STORE1] GET /v3/feeds/18C0E746308A5816B820BD260622D666%40AX8BBgA?includeDetails=true → 200 (tokens: 832, 396ms, cid=9a034fe9-b51a-472a-a2e1-b0137864a161)
[WALMART][STORE1] GET /v3/feeds/18C0E746308A5816B820BD260622D666%40AX8BBgA?includeDetails=true → 200 (tokens: 832, 321ms, cid=758ffc71-15ec-40f4-864c-8269f9995c48)
[WALMART][STORE1] GET /v3/feeds/18C0E746308A5816B820BD260622D666%40AX8BBgA?includeDetails=true → 200 (tokens: 832, 377ms, cid=1d2700dd-a1e5-4ad6-932f-a60113da6477)
[WALMART][STORE1] GET /v3/feeds/18C0E746308A5816B820BD260622D666%40AX8BBgA?includeDetails=true → 200 (tokens: 832, 399ms, cid=e21afecd-397e-4009-a37c-23526ed8c1e7)
[WALMART][STORE1] GET /v3/feeds/18C0E746308A5816B820BD260622D666%40AX8BBgA?includeDetails=true → 200 (tokens: 832, 409ms, cid=2a2c352c-d9b8-45e9-883c-69ba8c7c7b67)
[WALMART][STORE1] GET /v3/feeds/18C0E746308A5816B820BD260622D666%40AX8BBgA?includeDetails=true → 200 (tokens: 832, 327ms, cid=23f08032-41e4-4bc3-9388-c56df922c4ac)
[WALMART][STORE1] GET /v3/feeds/18C0E746308A5816B820BD260622D666%40AX8BBgA?includeDetails=true → 200 (tokens: 832, 377ms, cid=9aab1718-8827-4d5c-aeb1-fc5f81de6919)
[WALMART][STORE1] GET /v3/feeds/18C0E746308A5816B820BD260622D666%40AX8BBgA?includeDetails=true → 200 (tokens: 832, 349ms, cid=a1665af4-49bf-4117-bc25-fb218c96fc83)
[WALMART][STORE1] GET /v3/feeds/18C0E746308A5816B820BD260622D666%40AX8BBgA?includeDetails=true → 200 (tokens: 832, 410ms, cid=20ad2eb6-c9f4-4365-8bc3-f04ebdf56397)
[WALMART][STORE1] GET /v3/feeds/18C0E746308A5816B820BD260622D666%40AX8BBgA?includeDetails=true → 200 (tokens: 832, 547ms, cid=c46f0343-7c86-45b8-9be6-e1c278a019ea)
[WALMART][STORE1] GET /v3/feeds/18C0E746308A5816B820BD260622D666%40AX8BBgA?includeDetails=true → 200 (tokens: 832, 313ms, cid=548de978-8663-4e19-8b8a-ab11da915209)
[WALMART][STORE1] GET /v3/feeds/18C0E746308A5816B820BD260622D666%40AX8BBgA?includeDetails=true → 200 (tokens: 832, 690ms, cid=bfd882c5-76a6-45e6-b8a8-3ec2e699aa54)
[WALMART][STORE1] GET /v3/feeds/18C0E746308A5816B820BD260622D666%40AX8BBgA?includeDetails=true → 200 (tokens: 832, 459ms, cid=17bcda92-f1aa-4256-b80d-8409f3518741)
[WALMART][STORE1] GET /v3/feeds/18C0E746308A5816B820BD260622D666%40AX8BBgA?includeDetails=true → 200 (tokens: 832, 434ms, cid=4e0d9f37-2b7a-4ff2-b38c-1f985e23e6f1)
[WALMART][STORE1] GET /v3/feeds/18C0E746308A5816B820BD260622D666%40AX8BBgA?includeDetails=true → 200 (tokens: 832, 412ms, cid=5c42d736-d08c-4380-90d0-e36b990ff670)
[WALMART][STORE1] GET /v3/feeds/18C0E746308A5816B820BD260622D666%40AX8BBgA?includeDetails=true → 200 (tokens: 832, 305ms, cid=290f6047-fa39-4e68-b87e-4f2d92ba8aa4)
[WALMART][STORE1] GET /v3/feeds/18C0E746308A5816B820BD260622D666%40AX8BBgA?includeDetails=true → 200 (tokens: 832, 349ms, cid=6cb8d402-bf8f-4277-b235-12aff09e143c)
[WALMART][STORE1] GET /v3/feeds/18C0E746308A5816B820BD260622D666%40AX8BBgA?includeDetails=true → 200 (tokens: 832, 443ms, cid=af9a1625-34a3-4d8b-adc0-d20ad33a1f98)
[WALMART][STORE1] GET /v3/feeds/18C0E746308A5816B820BD260622D666%40AX8BBgA?includeDetails=true → 200 (tokens: 832, 331ms, cid=f6e0b1a9-0d81-4c83-9d80-db04a9a52076)
[WALMART][STORE1] GET /v3/feeds/18C0E746308A5816B820BD260622D666%40AX8BBgA?includeDetails=true → 200 (tokens: 832, 309ms, cid=076a4e95-d117-4e8e-9fa5-6972d5c8d0ce)
[WALMART][STORE1] GET /v3/feeds/18C0E746308A5816B820BD260622D666%40AX8BBgA?includeDetails=true → 200 (tokens: 832, 487ms, cid=446ea013-10cf-49ae-9993-20edf4a8ef7b)
[WALMART][STORE1] GET /v3/feeds/18C0E746308A5816B820BD260622D666%40AX8BBgA?includeDetails=true → 200 (tokens: 832, 349ms, cid=4e67142c-cac8-447a-87af-0892a64e579e)
[WALMART][STORE1] GET /v3/feeds/18C0E746308A5816B820BD260622D666%40AX8BBgA?includeDetails=true → 200 (tokens: 832, 377ms, cid=94447a52-9e16-423c-9d0e-596ad21ff8ca)
[WALMART][STORE1] GET /v3/feeds/18C0E746308A5816B820BD260622D666%40AX8BBgA?includeDetails=true → 200 (tokens: 832, 244ms, cid=a5a2217a-006b-4911-bcbc-528efb763e30)
[WALMART][STORE1] GET /v3/feeds/18C0E746308A5816B820BD260622D666%40AX8BBgA?includeDetails=true → 200 (tokens: 832, 397ms, cid=622964a1-f2d8-4e12-8cd2-c29b25ce4363)
[WALMART][STORE1] GET /v3/feeds/18C0E746308A5816B820BD260622D666%40AX8BBgA?includeDetails=true → 200 (tokens: 832, 442ms, cid=ca9dea22-d55d-472d-a95e-1c8c67bc6666)
[WALMART][STORE1] GET /v3/feeds/18C0E746308A5816B820BD260622D666%40AX8BBgA?includeDetails=true → 200 (tokens: 832, 355ms, cid=269030ce-277f-4d67-9797-c007adac22d0)
[WALMART][STORE1] GET /v3/feeds/18C0E746308A5816B820BD260622D666%40AX8BBgA?includeDetails=true → 200 (tokens: 832, 389ms, cid=9c12335a-620c-4cb9-98ee-59ce72286976)
[WALMART][STORE1] GET /v3/feeds/18C0E746308A5816B820BD260622D666%40AX8BBgA?includeDetails=true → 200 (tokens: 832, 379ms, cid=f78569a7-919c-4b31-bfe0-ca19a3f480fb)
[WALMART][STORE1] GET /v3/feeds/18C0E746308A5816B820BD260622D666%40AX8BBgA?includeDetails=true → 200 (tokens: 832, 395ms, cid=bb542a2d-2af4-4818-b225-22685094ae92)
[WALMART][STORE1] GET /v3/feeds/18C0E746308A5816B820BD260622D666%40AX8BBgA?includeDetails=true → 200 (tokens: 832, 366ms, cid=58efbabc-b94a-472a-b770-fde017c3202e)
[WALMART][STORE1] GET /v3/feeds/18C0E746308A5816B820BD260622D666%40AX8BBgA?includeDetails=true → 200 (tokens: 832, 323ms, cid=845f6b18-5cfc-4e60-a8a4-d696da36357f)
[WALMART][STORE1] GET /v3/feeds/18C0E746308A5816B820BD260622D666%40AX8BBgA?includeDetails=true → 200 (tokens: 832, 372ms, cid=76e44247-72d7-4bb8-ae89-b9dd01ce29ee)
[WALMART][STORE1] token issued, expires at 2026-07-10T10:59:41.300Z
[WALMART][STORE1] GET /v3/feeds/18C0E746308A5816B820BD260622D666%40AX8BBgA?includeDetails=true → 200 (tokens: 832, 300ms, cid=fb0199d5-402e-4fb0-aa45-bb0d434f6e62)
[WALMART][STORE1] GET /v3/feeds/18C0E746308A5816B820BD260622D666%40AX8BBgA?includeDetails=true → 200 (tokens: 832, 424ms, cid=1e19b2c9-c2d2-441a-afa0-8e71f976a3f4)
[WALMART][STORE1] GET /v3/feeds/18C0E746308A5816B820BD260622D666%40AX8BBgA?includeDetails=true → 200 (tokens: 832, 371ms, cid=0da26b9a-063d-41ed-9a98-a568465928ce)
[WALMART][STORE1] GET /v3/feeds/18C0E746308A5816B820BD260622D666%40AX8BBgA?includeDetails=true → 200 (tokens: 832, 391ms, cid=e1a752d3-6cdc-4996-a6b6-513f5c852595)
[WALMART][STORE1] GET /v3/feeds/18C0E746308A5816B820BD260622D666%40AX8BBgA?includeDetails=true → 200 (tokens: 832, 431ms, cid=59b6fc76-9e4d-4b0a-9f16-519b254ef316)
[WALMART][STORE1] GET /v3/feeds/18C0E746308A5816B820BD260622D666%40AX8BBgA?includeDetails=true → 200 (tokens: 832, 494ms, cid=e13fe9f1-d579-4c5b-9c47-125fff88f317)
[WALMART][STORE1] GET /v3/feeds/18C0E746308A5816B820BD260622D666%40AX8BBgA?includeDetails=true → 200 (tokens: 832, 298ms, cid=006dff3d-d8d3-4cb9-a896-d818a92d2956)
[WALMART][STORE1] GET /v3/feeds/18C0E746308A5816B820BD260622D666%40AX8BBgA?includeDetails=true → 200 (tokens: 832, 420ms, cid=3875fad9-47a1-4bf8-b8d8-8d1fdc854678)
[WALMART][STORE1] GET /v3/feeds/18C0E746308A5816B820BD260622D666%40AX8BBgA?includeDetails=true → 200 (tokens: 832, 386ms, cid=c1b08bc1-5470-4a29-9706-08ea219d208c)
[WALMART][STORE1] GET /v3/feeds/18C0E746308A5816B820BD260622D666%40AX8BBgA?includeDetails=true → 200 (tokens: 832, 392ms, cid=b5823f79-8ea4-4164-9ffd-3348ce4e276a)
[WALMART][STORE1] GET /v3/feeds/18C0E746308A5816B820BD260622D666%40AX8BBgA?includeDetails=true → 200 (tokens: 832, 393ms, cid=c4fe9273-4bf5-4382-8fa0-8a74a2915ed9)
[WALMART][STORE1] GET /v3/feeds/18C0E746308A5816B820BD260622D666%40AX8BBgA?includeDetails=true → 200 (tokens: 832, 467ms, cid=41f27826-352e-4c5f-b4da-3989b8de988a)
[WALMART][STORE1] GET /v3/feeds/18C0E746308A5816B820BD260622D666%40AX8BBgA?includeDetails=true → 200 (tokens: 832, 377ms, cid=52ac2642-bf32-4e79-b820-e1ad29bba488)
[WALMART][STORE1] GET /v3/feeds/18C0E746308A5816B820BD260622D666%40AX8BBgA?includeDetails=true → 200 (tokens: 832, 344ms, cid=698a8821-74e6-4394-ab5b-3f401c218365)
[WALMART][STORE1] GET /v3/feeds/18C0E746308A5816B820BD260622D666%40AX8BBgA?includeDetails=true → 200 (tokens: 832, 357ms, cid=d980ed33-3e4b-4497-8b92-495551682352)
[WALMART][STORE1] GET /v3/feeds/18C0E746308A5816B820BD260622D666%40AX8BBgA?includeDetails=true → 200 (tokens: 832, 235ms, cid=b9a73e07-c7dd-4349-a05c-35b4e0f6860f)
[WALMART][STORE1] GET /v3/feeds/18C0E746308A5816B820BD260622D666%40AX8BBgA?includeDetails=true → 200 (tokens: 832, 368ms, cid=bb9fb2d9-374c-40cb-a14e-0220ba0d4cfe)
[WALMART][STORE1] GET /v3/feeds/18C0E746308A5816B820BD260622D666%40AX8BBgA?includeDetails=true → 200 (tokens: 832, 292ms, cid=c2ddf115-1f23-40f0-a60a-05e737af6bea)
[WALMART][STORE1] GET /v3/feeds/18C0E746308A5816B820BD260622D666%40AX8BBgA?includeDetails=true → 200 (tokens: 832, 275ms, cid=dbede594-7bc1-4a1a-ab99-17931819d817)
[WALMART][STORE1] GET /v3/feeds/18C0E746308A5816B820BD260622D666%40AX8BBgA?includeDetails=true → 200 (tokens: 832, 429ms, cid=d1c8013f-5fdf-48af-aa15-b7cc083ca2ea)
[WALMART][STORE1] GET /v3/feeds/18C0E746308A5816B820BD260622D666%40AX8BBgA?includeDetails=true → 200 (tokens: 832, 454ms, cid=4f5a429f-02ad-4b34-852e-e73523f9211c)
  batch 2/3: INPROGRESS at budget — marked submitted
[WALMART][STORE1] POST /v3/feeds?feedType=MP_MAINTENANCE → 200 (tokens: 9, 555ms, cid=e8923ad0-e732-43aa-b15d-e94d87559375)
  batch 3/3: feed 18C0E81AEAD753B9… (23) draining…
[WALMART][STORE1] GET /v3/feeds/18C0E81AEAD753B9A4FCF5879018CAAE%40AX8BBwA?includeDetails=true → 200 (tokens: 832, 257ms, cid=de285770-2a75-4df5-963c-7b671df410b2)
[WALMART][STORE1] GET /v3/feeds/18C0E81AEAD753B9A4FCF5879018CAAE%40AX8BBwA?includeDetails=true → 200 (tokens: 832, 438ms, cid=5e4c4d27-c130-4d8d-a4b3-281f7486fba7)
[WALMART][STORE1] GET /v3/feeds/18C0E81AEAD753B9A4FCF5879018CAAE%40AX8BBwA?includeDetails=true → 200 (tokens: 832, 239ms, cid=0fb49533-0eb5-4a76-8f59-87268ce3a2b4)
[WALMART][STORE1] GET /v3/feeds/18C0E81AEAD753B9A4FCF5879018CAAE%40AX8BBwA?includeDetails=true → 200 (tokens: 832, 468ms, cid=d145abb6-9674-4aea-a9d3-4730cc0bbfcb)
[WALMART][STORE1] GET /v3/feeds/18C0E81AEAD753B9A4FCF5879018CAAE%40AX8BBwA?includeDetails=true → 200 (tokens: 832, 517ms, cid=2118c80c-81d2-495c-aea3-e96da945fc69)
[WALMART][STORE1] GET /v3/feeds/18C0E81AEAD753B9A4FCF5879018CAAE%40AX8BBwA?includeDetails=true → 200 (tokens: 832, 363ms, cid=f89a89e1-4468-46e2-8690-0ad6d1de8301)
[WALMART][STORE1] GET /v3/feeds/18C0E81AEAD753B9A4FCF5879018CAAE%40AX8BBwA?includeDetails=true → 200 (tokens: 832, 456ms, cid=3b44973e-841a-42cb-aef9-5c9bb4d53979)
[WALMART][STORE1] GET /v3/feeds/18C0E81AEAD753B9A4FCF5879018CAAE%40AX8BBwA?includeDetails=true → 200 (tokens: 832, 386ms, cid=094e32c8-af4c-4d93-9ca9-e44c608b0bd6)
[WALMART][STORE1] GET /v3/feeds/18C0E81AEAD753B9A4FCF5879018CAAE%40AX8BBwA?includeDetails=true → 200 (tokens: 832, 428ms, cid=06ee7036-a1e0-4318-a71b-3c6b06b3ac35)
[WALMART][STORE1] GET /v3/feeds/18C0E81AEAD753B9A4FCF5879018CAAE%40AX8BBwA?includeDetails=true → 200 (tokens: 832, 428ms, cid=d1e5a8ea-fdd8-4795-8ffe-00c4fb2ae82a)
[WALMART][STORE1] GET /v3/feeds/18C0E81AEAD753B9A4FCF5879018CAAE%40AX8BBwA?includeDetails=true → 200 (tokens: 832, 424ms, cid=3fcd55d4-d5c7-4f29-8fee-d438262782d5)
[WALMART][STORE1] GET /v3/feeds/18C0E81AEAD753B9A4FCF5879018CAAE%40AX8BBwA?includeDetails=true → 200 (tokens: 832, 488ms, cid=297b4a15-bba9-4b71-a9ed-0495c38f1236)
[WALMART][STORE1] GET /v3/feeds/18C0E81AEAD753B9A4FCF5879018CAAE%40AX8BBwA?includeDetails=true → 200 (tokens: 832, 356ms, cid=d47137cd-9617-450e-99f5-4dd783cef684)
[WALMART][STORE1] GET /v3/feeds/18C0E81AEAD753B9A4FCF5879018CAAE%40AX8BBwA?includeDetails=true → 200 (tokens: 832, 547ms, cid=3aa42658-5c3d-46fa-b39a-a493dff6ddcd)
[WALMART][STORE1] GET /v3/feeds/18C0E81AEAD753B9A4FCF5879018CAAE%40AX8BBwA?includeDetails=true → 200 (tokens: 832, 280ms, cid=8857ca08-0b5a-4741-882c-593a00383c9e)
[WALMART][STORE1] GET /v3/feeds/18C0E81AEAD753B9A4FCF5879018CAAE%40AX8BBwA?includeDetails=true → 200 (tokens: 832, 454ms, cid=c09bc79c-0d68-4fb9-852d-5512aaed7cd7)
[WALMART][STORE1] GET /v3/feeds/18C0E81AEAD753B9A4FCF5879018CAAE%40AX8BBwA?includeDetails=true → 200 (tokens: 832, 465ms, cid=3bf5503f-e9dc-481e-9a56-f647870ae095)
[WALMART][STORE1] GET /v3/feeds/18C0E81AEAD753B9A4FCF5879018CAAE%40AX8BBwA?includeDetails=true → 200 (tokens: 832, 476ms, cid=95e3e81c-7a86-456c-9b34-79448fa30512)
[WALMART][STORE1] GET /v3/feeds/18C0E81AEAD753B9A4FCF5879018CAAE%40AX8BBwA?includeDetails=true → 200 (tokens: 832, 416ms, cid=b98bc081-d593-4a14-af92-fb2d8b015202)
[WALMART][STORE1] GET /v3/feeds/18C0E81AEAD753B9A4FCF5879018CAAE%40AX8BBwA?includeDetails=true → 200 (tokens: 832, 406ms, cid=672cdc65-0a7a-49a0-b3b4-795ece44b074)
[WALMART][STORE1] GET /v3/feeds/18C0E81AEAD753B9A4FCF5879018CAAE%40AX8BBwA?includeDetails=true → 200 (tokens: 832, 374ms, cid=9dc35600-7b78-4321-b5dd-54097317fe78)
[WALMART][STORE1] GET /v3/feeds/18C0E81AEAD753B9A4FCF5879018CAAE%40AX8BBwA?includeDetails=true → 200 (tokens: 832, 384ms, cid=e39a4e3d-a4ca-4917-a65e-470bf8e146ce)
[WALMART][STORE1] GET /v3/feeds/18C0E81AEAD753B9A4FCF5879018CAAE%40AX8BBwA?includeDetails=true → 200 (tokens: 832, 438ms, cid=a547ab6d-245b-4ae9-bd6a-12647ac3325b)
[WALMART][STORE1] GET /v3/feeds/18C0E81AEAD753B9A4FCF5879018CAAE%40AX8BBwA?includeDetails=true → 200 (tokens: 832, 342ms, cid=30e119d5-456d-4e86-81b4-75f99b5fdbe7)
[WALMART][STORE1] GET /v3/feeds/18C0E81AEAD753B9A4FCF5879018CAAE%40AX8BBwA?includeDetails=true → 200 (tokens: 832, 450ms, cid=4521569a-5ec7-49f0-900f-7480120e0d09)
[WALMART][STORE1] GET /v3/feeds/18C0E81AEAD753B9A4FCF5879018CAAE%40AX8BBwA?includeDetails=true → 200 (tokens: 832, 416ms, cid=3fbb7e16-b7fc-44b8-8424-edbeeac98d2c)
[WALMART][STORE1] GET /v3/feeds/18C0E81AEAD753B9A4FCF5879018CAAE%40AX8BBwA?includeDetails=true → 200 (tokens: 832, 555ms, cid=de7ad9c0-4290-40bd-a7f5-e7eff9f713e6)
[WALMART][STORE1] GET /v3/feeds/18C0E81AEAD753B9A4FCF5879018CAAE%40AX8BBwA?includeDetails=true → 200 (tokens: 832, 354ms, cid=b2213f8d-d922-414e-963f-74b98d92615c)
[WALMART][STORE1] GET /v3/feeds/18C0E81AEAD753B9A4FCF5879018CAAE%40AX8BBwA?includeDetails=true → 200 (tokens: 832, 451ms, cid=3b6a5038-9169-4fbb-b6b2-b04f2652f288)
[WALMART][STORE1] GET /v3/feeds/18C0E81AEAD753B9A4FCF5879018CAAE%40AX8BBwA?includeDetails=true → 200 (tokens: 832, 444ms, cid=9ef0076d-e34c-449b-94a5-668233ec53c8)
[WALMART][STORE1] token issued, expires at 2026-07-10T11:12:52.744Z
[WALMART][STORE1] GET /v3/feeds/18C0E81AEAD753B9A4FCF5879018CAAE%40AX8BBwA?includeDetails=true → 200 (tokens: 832, 320ms, cid=b760142d-bf3a-41d3-9551-43dfebcf2a7b)
[WALMART][STORE1] GET /v3/feeds/18C0E81AEAD753B9A4FCF5879018CAAE%40AX8BBwA?includeDetails=true → 200 (tokens: 832, 248ms, cid=80c08e22-5548-4cc8-aaff-b1c754c584be)
[WALMART][STORE1] GET /v3/feeds/18C0E81AEAD753B9A4FCF5879018CAAE%40AX8BBwA?includeDetails=true → 200 (tokens: 832, 381ms, cid=177d8e13-c648-4162-a286-8ca574cf1b82)
[WALMART][STORE1] GET /v3/feeds/18C0E81AEAD753B9A4FCF5879018CAAE%40AX8BBwA?includeDetails=true → 200 (tokens: 832, 516ms, cid=ef3f2be0-27a4-40a0-a171-da2a5a184582)
[WALMART][STORE1] GET /v3/feeds/18C0E81AEAD753B9A4FCF5879018CAAE%40AX8BBwA?includeDetails=true → 200 (tokens: 832, 486ms, cid=e3e4d47e-1ac7-4341-9e8c-80d7c93fca00)
[WALMART][STORE1] GET /v3/feeds/18C0E81AEAD753B9A4FCF5879018CAAE%40AX8BBwA?includeDetails=true → 200 (tokens: 832, 393ms, cid=4277721c-a05f-4288-a2f2-341576a9f32a)
[WALMART][STORE1] GET /v3/feeds/18C0E81AEAD753B9A4FCF5879018CAAE%40AX8BBwA?includeDetails=true → 200 (tokens: 832, 349ms, cid=86263c43-44ca-4e22-ac0a-988c8d80f88c)
[WALMART][STORE1] GET /v3/feeds/18C0E81AEAD753B9A4FCF5879018CAAE%40AX8BBwA?includeDetails=true → 200 (tokens: 832, 345ms, cid=237abff8-59b9-4036-8b41-9a8e4f609ea3)
[WALMART][STORE1] GET /v3/feeds/18C0E81AEAD753B9A4FCF5879018CAAE%40AX8BBwA?includeDetails=true → 200 (tokens: 832, 396ms, cid=04062e04-5f47-460b-ba17-4084063d04f1)
[WALMART][STORE1] GET /v3/feeds/18C0E81AEAD753B9A4FCF5879018CAAE%40AX8BBwA?includeDetails=true → 200 (tokens: 832, 441ms, cid=d8eb021d-5faa-4a2d-8c0c-f385f2c98d46)
[WALMART][STORE1] GET /v3/feeds/18C0E81AEAD753B9A4FCF5879018CAAE%40AX8BBwA?includeDetails=true → 200 (tokens: 832, 471ms, cid=83a354c4-703d-44fc-bb56-dc089ce1a4ea)
[WALMART][STORE1] GET /v3/feeds/18C0E81AEAD753B9A4FCF5879018CAAE%40AX8BBwA?includeDetails=true → 200 (tokens: 832, 394ms, cid=83acd17c-3ff6-4e52-b14c-107b9a98737e)
[WALMART][STORE1] GET /v3/feeds/18C0E81AEAD753B9A4FCF5879018CAAE%40AX8BBwA?includeDetails=true → 200 (tokens: 832, 392ms, cid=c5c10643-f198-4070-9bd5-0ef76df5ab93)
[WALMART][STORE1] GET /v3/feeds/18C0E81AEAD753B9A4FCF5879018CAAE%40AX8BBwA?includeDetails=true → 200 (tokens: 832, 440ms, cid=a5bbf09f-6d67-4e4e-bc9c-0a16718939ff)
[WALMART][STORE1] GET /v3/feeds/18C0E81AEAD753B9A4FCF5879018CAAE%40AX8BBwA?includeDetails=true → 200 (tokens: 832, 363ms, cid=839585a4-8076-4aa8-b159-a680f33f5d9f)
[WALMART][STORE1] GET /v3/feeds/18C0E81AEAD753B9A4FCF5879018CAAE%40AX8BBwA?includeDetails=true → 200 (tokens: 832, 543ms, cid=790fb568-12d4-46e2-ab78-40c4f3941f1c)
[WALMART][STORE1] GET /v3/feeds/18C0E81AEAD753B9A4FCF5879018CAAE%40AX8BBwA?includeDetails=true → 200 (tokens: 832, 456ms, cid=ec4b3531-a309-4ebc-81e7-444dc3b34023)
[WALMART][STORE1] GET /v3/feeds/18C0E81AEAD753B9A4FCF5879018CAAE%40AX8BBwA?includeDetails=true → 200 (tokens: 832, 275ms, cid=bd567555-93b3-4edb-aa5d-9969f78b5f67)
[WALMART][STORE1] GET /v3/feeds/18C0E81AEAD753B9A4FCF5879018CAAE%40AX8BBwA?includeDetails=true → 200 (tokens: 832, 303ms, cid=9083d2a4-9169-4edd-ad8c-2dbc23e633b7)
[WALMART][STORE1] GET /v3/feeds/18C0E81AEAD753B9A4FCF5879018CAAE%40AX8BBwA?includeDetails=true → 200 (tokens: 832, 369ms, cid=6236996d-1e51-4ac9-a7d0-8ce423e82ef1)
[WALMART][STORE1] GET /v3/feeds/18C0E81AEAD753B9A4FCF5879018CAAE%40AX8BBwA?includeDetails=true → 200 (tokens: 832, 429ms, cid=ce683e57-990b-42ff-be56-98ad91885af7)
[WALMART][STORE1] GET /v3/feeds/18C0E81AEAD753B9A4FCF5879018CAAE%40AX8BBwA?includeDetails=true → 200 (tokens: 832, 494ms, cid=005c2c85-96ee-41e5-837f-aeea2760af91)
[WALMART][STORE1] GET /v3/feeds/18C0E81AEAD753B9A4FCF5879018CAAE%40AX8BBwA?includeDetails=true → 200 (tokens: 832, 513ms, cid=11cfe84b-0055-41de-9d4d-8b30a98dd2a0)
[WALMART][STORE1] GET /v3/feeds/18C0E81AEAD753B9A4FCF5879018CAAE%40AX8BBwA?includeDetails=true → 200 (tokens: 832, 397ms, cid=116e3878-5f73-4dc6-be0a-38ddc4c9cb61)
[WALMART][STORE1] GET /v3/feeds/18C0E81AEAD753B9A4FCF5879018CAAE%40AX8BBwA?includeDetails=true → 200 (tokens: 832, 585ms, cid=76228d59-8f28-4dcd-a2a5-8b6c73ff5399)
[WALMART][STORE1] GET /v3/feeds/18C0E81AEAD753B9A4FCF5879018CAAE%40AX8BBwA?includeDetails=true → 200 (tokens: 832, 300ms, cid=ce25ee94-ab8f-47ae-812e-d9af292d7930)
[WALMART][STORE1] GET /v3/feeds/18C0E81AEAD753B9A4FCF5879018CAAE%40AX8BBwA?includeDetails=true → 200 (tokens: 832, 508ms, cid=6008d295-d883-498f-9274-c96b6e2947f9)
[WALMART][STORE1] GET /v3/feeds/18C0E81AEAD753B9A4FCF5879018CAAE%40AX8BBwA?includeDetails=true → 200 (tokens: 832, 259ms, cid=c6d6235a-adb0-43a1-babf-01c813f71c70)
[WALMART][STORE1] GET /v3/feeds/18C0E81AEAD753B9A4FCF5879018CAAE%40AX8BBwA?includeDetails=true → 200 (tokens: 832, 347ms, cid=5768f7e2-2026-4f52-a847-a9c7353e72e8)
  batch 3/3: INPROGRESS at budget — marked submitted

=== PUBLISH_GEN cumulative === applied 972 · qarth 69 · failed 1 · submitted 236 · post_failed 0 · build_skip 2
