GEN_OK ready 8 · publishing 8 (skip already applied/qarth)

[WALMART][STORE1] token issued, expires at 2026-07-12T19:32:34.691Z
[WALMART][STORE1] GET /v3/items/FaisalX-2045 → 200 (tokens: 149, 888ms, cid=5295ad4a-becd-4182-9c3b-88a6200c480e)
[WALMART][STORE1] GET /v3/items/RizwanX-2873 → 200 (tokens: 149, 1138ms, cid=fb975e65-6a25-4f92-9c71-61636aa711eb)
[WALMART][STORE1] GET /v3/items/RizwanX-814 → 200 (tokens: 149, 840ms, cid=d9605e2d-4d1c-4315-bc50-46638c6d7639)
[WALMART][STORE1] GET /v3/items/RizwanX-821 → 200 (tokens: 149, 770ms, cid=b3b06dba-50ac-432b-89d8-a1b246112104)
[WALMART][STORE1] GET /v3/items/FaisalX-1140 → 200 (tokens: 149, 830ms, cid=d314d3c5-18af-45bf-a007-ddf6bc98207f)
[WALMART][STORE1] GET /v3/items/FaisalX-1180 → 200 (tokens: 149, 807ms, cid=3f751d7a-58aa-4575-9f02-261ba52599f3)
[WALMART][STORE1] GET /v3/items/FaisalX-1892 → 200 (tokens: 149, 739ms, cid=17cf50a4-0584-4d9e-88ce-ff3a47ff09b9)
[WALMART][STORE1] GET /v3/items/FaisalX-368 → 200 (tokens: 149, 792ms, cid=83073656-c08f-462a-b40b-808c60756805)
built 8 MPItems

[WALMART][STORE1] POST /v3/feeds?feedType=MP_MAINTENANCE → 200 (tokens: 6, 876ms, cid=5da5bd7b-6342-43e6-b9d9-a63f1b55220c)
  batch 1/1: feed 18C1A0F9D8315549… (8) draining…
[WALMART][STORE1] GET /v3/feeds/18C1A0F9D831554982B84EE6D702F125%40AX8BBgA?includeDetails=true → 200 (tokens: 832, 341ms, cid=2527dfa8-13f6-43c1-8cf3-cc0e425fd7f1)
[WALMART][STORE1] GET /v3/feeds/18C1A0F9D831554982B84EE6D702F125%40AX8BBgA?includeDetails=true → 200 (tokens: 832, 370ms, cid=c280484a-0a1e-4eab-b9d0-f602f98b311e)
[WALMART][STORE1] GET /v3/feeds/18C1A0F9D831554982B84EE6D702F125%40AX8BBgA?includeDetails=true → 200 (tokens: 832, 419ms, cid=bfce33ef-987f-400d-8b07-38c23ef67836)
[WALMART][STORE1] GET /v3/feeds/18C1A0F9D831554982B84EE6D702F125%40AX8BBgA?includeDetails=true → 200 (tokens: 832, 346ms, cid=f6f51706-9452-4a78-843a-85746c7a4ae7)
[WALMART][STORE1] GET /v3/feeds/18C1A0F9D831554982B84EE6D702F125%40AX8BBgA?includeDetails=true → 200 (tokens: 832, 585ms, cid=52fd7ed5-412f-498a-a389-00d1872f39a5)
[WALMART][STORE1] GET /v3/feeds/18C1A0F9D831554982B84EE6D702F125%40AX8BBgA?includeDetails=true → 200 (tokens: 832, 394ms, cid=db60762e-4326-456e-b594-2f24b31e69a0)
[WALMART][STORE1] GET /v3/feeds/18C1A0F9D831554982B84EE6D702F125%40AX8BBgA?includeDetails=true → 200 (tokens: 832, 400ms, cid=38e6ef93-14ea-475e-b9d9-f9297b9b7d92)
[WALMART][STORE1] GET /v3/feeds/18C1A0F9D831554982B84EE6D702F125%40AX8BBgA?includeDetails=true → 200 (tokens: 832, 474ms, cid=b7630fc7-3845-4dc9-bc03-69bf6610ef3b)
[WALMART][STORE1] GET /v3/feeds/18C1A0F9D831554982B84EE6D702F125%40AX8BBgA?includeDetails=true → 200 (tokens: 832, 760ms, cid=725d0646-35cc-49fd-bb4c-efeb42d65771)
[WALMART][STORE1] GET /v3/feeds/18C1A0F9D831554982B84EE6D702F125%40AX8BBgA?includeDetails=true → 200 (tokens: 832, 242ms, cid=05c0e698-0c5e-4569-b9a4-97a7a11ac745)
[WALMART][STORE1] GET /v3/feeds/18C1A0F9D831554982B84EE6D702F125%40AX8BBgA?includeDetails=true → 200 (tokens: 832, 277ms, cid=a6d1bef2-ea0b-440a-a6cc-9effff7246c3)
[WALMART][STORE1] GET /v3/feeds/18C1A0F9D831554982B84EE6D702F125%40AX8BBgA?includeDetails=true → 200 (tokens: 832, 388ms, cid=b1fb7b8f-2f21-4e88-b43c-ede1c0d16f30)
[WALMART][STORE1] GET /v3/feeds/18C1A0F9D831554982B84EE6D702F125%40AX8BBgA?includeDetails=true → 200 (tokens: 832, 432ms, cid=016c6ede-6c01-4d45-98b7-4fe19bc806dd)
[WALMART][STORE1] GET /v3/feeds/18C1A0F9D831554982B84EE6D702F125%40AX8BBgA?includeDetails=true → 200 (tokens: 832, 260ms, cid=f0dd2216-a02a-4f6c-aa40-a1dcae18390e)
[WALMART][STORE1] GET /v3/feeds/18C1A0F9D831554982B84EE6D702F125%40AX8BBgA?includeDetails=true → 200 (tokens: 832, 267ms, cid=a7bed303-076a-4689-8577-d215fd0d1f8b)
[WALMART][STORE1] GET /v3/feeds/18C1A0F9D831554982B84EE6D702F125%40AX8BBgA?includeDetails=true → 200 (tokens: 832, 397ms, cid=585ca46c-16aa-41b0-b57f-2b8ab89ba3fe)
[WALMART][STORE1] GET /v3/feeds/18C1A0F9D831554982B84EE6D702F125%40AX8BBgA?includeDetails=true → 200 (tokens: 832, 472ms, cid=3e564a79-489a-4a3c-8480-77aab2a13d74)
[WALMART][STORE1] GET /v3/feeds/18C1A0F9D831554982B84EE6D702F125%40AX8BBgA?includeDetails=true → 200 (tokens: 832, 563ms, cid=17ce569b-7abb-4010-987e-8b32233362c8)
[WALMART][STORE1] GET /v3/feeds/18C1A0F9D831554982B84EE6D702F125%40AX8BBgA?includeDetails=true → 200 (tokens: 832, 412ms, cid=c4a6e81f-3110-40f0-8963-8c750c2ac07d)
[WALMART][STORE1] GET /v3/feeds/18C1A0F9D831554982B84EE6D702F125%40AX8BBgA?includeDetails=true → 200 (tokens: 832, 259ms, cid=59817b2b-3d01-4654-9302-b363354c9df7)
[WALMART][STORE1] GET /v3/feeds/18C1A0F9D831554982B84EE6D702F125%40AX8BBgA?includeDetails=true → 200 (tokens: 832, 477ms, cid=b1bad60d-fe56-442f-91c9-0b9eeace0a0f)
[WALMART][STORE1] GET /v3/feeds/18C1A0F9D831554982B84EE6D702F125%40AX8BBgA?includeDetails=true → 200 (tokens: 832, 266ms, cid=ce5969fd-0d42-4862-821a-5554bfbafb44)
[WALMART][STORE1] GET /v3/feeds/18C1A0F9D831554982B84EE6D702F125%40AX8BBgA?includeDetails=true → 200 (tokens: 832, 478ms, cid=ebfa0c67-d863-447b-8873-28fb19aea1d8)
[WALMART][STORE1] GET /v3/feeds/18C1A0F9D831554982B84EE6D702F125%40AX8BBgA?includeDetails=true → 200 (tokens: 832, 515ms, cid=350c107c-68e7-469a-a803-86abac51a433)
[WALMART][STORE1] GET /v3/feeds/18C1A0F9D831554982B84EE6D702F125%40AX8BBgA?includeDetails=true → 200 (tokens: 832, 388ms, cid=98fec617-0e97-455a-9182-6a01e7217e72)
[WALMART][STORE1] GET /v3/feeds/18C1A0F9D831554982B84EE6D702F125%40AX8BBgA?includeDetails=true → 200 (tokens: 832, 450ms, cid=ed0199e5-f0ab-480f-9842-4efa636004b6)
[WALMART][STORE1] GET /v3/feeds/18C1A0F9D831554982B84EE6D702F125%40AX8BBgA?includeDetails=true → 200 (tokens: 832, 663ms, cid=9c3ba645-512e-4220-a23a-b812bc5cc53b)
[WALMART][STORE1] GET /v3/feeds/18C1A0F9D831554982B84EE6D702F125%40AX8BBgA?includeDetails=true → 200 (tokens: 832, 393ms, cid=14ca112d-2c0a-43cb-b856-11c43c6e02d4)
[WALMART][STORE1] GET /v3/feeds/18C1A0F9D831554982B84EE6D702F125%40AX8BBgA?includeDetails=true → 200 (tokens: 832, 343ms, cid=2f0e955e-a96b-464b-b37a-d4f46e36fd27)
[WALMART][STORE1] GET /v3/feeds/18C1A0F9D831554982B84EE6D702F125%40AX8BBgA?includeDetails=true → 200 (tokens: 832, 473ms, cid=cb42e4d7-7548-4935-90a8-7921d5c40630)
[WALMART][STORE1] GET /v3/feeds/18C1A0F9D831554982B84EE6D702F125%40AX8BBgA?includeDetails=true → 200 (tokens: 832, 454ms, cid=7ff2785b-addd-4cc0-9827-cef82a459ba4)
[WALMART][STORE1] GET /v3/feeds/18C1A0F9D831554982B84EE6D702F125%40AX8BBgA?includeDetails=true → 200 (tokens: 832, 461ms, cid=28eb469b-d163-4110-8cc8-ca764db258b0)
[WALMART][STORE1] GET /v3/feeds/18C1A0F9D831554982B84EE6D702F125%40AX8BBgA?includeDetails=true → 200 (tokens: 832, 640ms, cid=7a7884de-1a82-4eb6-8613-8ecbbeefed6f)
[WALMART][STORE1] GET /v3/feeds/18C1A0F9D831554982B84EE6D702F125%40AX8BBgA?includeDetails=true → 200 (tokens: 832, 327ms, cid=4e9ade25-8620-4895-aa4b-937c6312c664)
[WALMART][STORE1] GET /v3/feeds/18C1A0F9D831554982B84EE6D702F125%40AX8BBgA?includeDetails=true → 200 (tokens: 832, 337ms, cid=1daa9247-7133-4b31-a7bc-114929d8d838)
[WALMART][STORE1] GET /v3/feeds/18C1A0F9D831554982B84EE6D702F125%40AX8BBgA?includeDetails=true → 200 (tokens: 832, 641ms, cid=baa83e4c-235d-4ba7-89ce-ecba15492663)
[WALMART][STORE1] GET /v3/feeds/18C1A0F9D831554982B84EE6D702F125%40AX8BBgA?includeDetails=true → 200 (tokens: 832, 357ms, cid=0ce91b5e-c894-485c-af25-031e52f4ac6c)
[WALMART][STORE1] GET /v3/feeds/18C1A0F9D831554982B84EE6D702F125%40AX8BBgA?includeDetails=true → 200 (tokens: 832, 329ms, cid=a0391aa7-1a15-4374-afdf-0b40743cb6a0)
[WALMART][STORE1] GET /v3/feeds/18C1A0F9D831554982B84EE6D702F125%40AX8BBgA?includeDetails=true → 200 (tokens: 832, 422ms, cid=23b5e9eb-92f2-4ef4-a696-71cc2ec8e9a7)
[WALMART][STORE1] GET /v3/feeds/18C1A0F9D831554982B84EE6D702F125%40AX8BBgA?includeDetails=true → 200 (tokens: 832, 280ms, cid=5d505be9-c7f9-40f5-8eb9-317c947e2916)
[WALMART][STORE1] GET /v3/feeds/18C1A0F9D831554982B84EE6D702F125%40AX8BBgA?includeDetails=true → 200 (tokens: 832, 245ms, cid=75117d37-a21a-4983-be27-e29e3630f260)
[WALMART][STORE1] GET /v3/feeds/18C1A0F9D831554982B84EE6D702F125%40AX8BBgA?includeDetails=true → 200 (tokens: 832, 331ms, cid=7d017eed-9f4e-4a66-a031-73128704427e)
[WALMART][STORE1] GET /v3/feeds/18C1A0F9D831554982B84EE6D702F125%40AX8BBgA?includeDetails=true → 200 (tokens: 832, 239ms, cid=4131b1a9-f6fc-4dd0-922f-eb138a50cfdb)
[WALMART][STORE1] GET /v3/feeds/18C1A0F9D831554982B84EE6D702F125%40AX8BBgA?includeDetails=true → 200 (tokens: 832, 356ms, cid=a4f1ff9c-8ca3-41a6-b27c-41d3bb252836)
[WALMART][STORE1] GET /v3/feeds/18C1A0F9D831554982B84EE6D702F125%40AX8BBgA?includeDetails=true → 200 (tokens: 832, 306ms, cid=4a6cd41f-3199-442a-b0d8-44d9d539b757)
[WALMART][STORE1] GET /v3/feeds/18C1A0F9D831554982B84EE6D702F125%40AX8BBgA?includeDetails=true → 200 (tokens: 832, 402ms, cid=949fb8eb-aa73-42e5-8758-53f6a00f1ade)
[WALMART][STORE1] GET /v3/feeds/18C1A0F9D831554982B84EE6D702F125%40AX8BBgA?includeDetails=true → 200 (tokens: 832, 233ms, cid=c4cc6e5f-fb49-48f7-89a9-eac4be04b050)
[WALMART][STORE1] GET /v3/feeds/18C1A0F9D831554982B84EE6D702F125%40AX8BBgA?includeDetails=true → 200 (tokens: 832, 254ms, cid=069e834f-bf01-4881-a412-d6c2e622593f)
[WALMART][STORE1] GET /v3/feeds/18C1A0F9D831554982B84EE6D702F125%40AX8BBgA?includeDetails=true → 200 (tokens: 832, 381ms, cid=87c25c97-8543-4ec8-b857-3872c92bc1cd)
[WALMART][STORE1] GET /v3/feeds/18C1A0F9D831554982B84EE6D702F125%40AX8BBgA?includeDetails=true → 200 (tokens: 832, 666ms, cid=f4f2eafa-079b-4ed1-a3c0-c13881931553)
[WALMART][STORE1] token issued, expires at 2026-07-12T19:45:47.895Z
[WALMART][STORE1] GET /v3/feeds/18C1A0F9D831554982B84EE6D702F125%40AX8BBgA?includeDetails=true → 200 (tokens: 832, 380ms, cid=f09345f8-395f-460b-8278-e47369b1545a)
[WALMART][STORE1] GET /v3/feeds/18C1A0F9D831554982B84EE6D702F125%40AX8BBgA?includeDetails=true → 200 (tokens: 832, 248ms, cid=897a9fd7-0978-4916-98e6-53ac04dbc39e)
[WALMART][STORE1] GET /v3/feeds/18C1A0F9D831554982B84EE6D702F125%40AX8BBgA?includeDetails=true → 200 (tokens: 832, 400ms, cid=49402633-c974-4658-82ab-f8ae0c4a312b)
[WALMART][STORE1] GET /v3/feeds/18C1A0F9D831554982B84EE6D702F125%40AX8BBgA?includeDetails=true → 200 (tokens: 832, 279ms, cid=8f5508ab-e271-4337-a69b-b649523d9f87)
[WALMART][STORE1] GET /v3/feeds/18C1A0F9D831554982B84EE6D702F125%40AX8BBgA?includeDetails=true → 200 (tokens: 832, 362ms, cid=62b69bab-c5db-4d03-862e-5ad56e54e0af)
[WALMART][STORE1] GET /v3/feeds/18C1A0F9D831554982B84EE6D702F125%40AX8BBgA?includeDetails=true → 200 (tokens: 832, 363ms, cid=5837fef7-ecb8-43e2-9c59-c96dde0e2d2a)
[WALMART][STORE1] GET /v3/feeds/18C1A0F9D831554982B84EE6D702F125%40AX8BBgA?includeDetails=true → 200 (tokens: 832, 385ms, cid=d6ec9b60-a8f7-4c44-a5f7-13d7cd917646)
[WALMART][STORE1] GET /v3/feeds/18C1A0F9D831554982B84EE6D702F125%40AX8BBgA?includeDetails=true → 200 (tokens: 832, 446ms, cid=7f34d00a-93be-4918-9986-9965807d3c97)
[WALMART][STORE1] GET /v3/feeds/18C1A0F9D831554982B84EE6D702F125%40AX8BBgA?includeDetails=true → 200 (tokens: 832, 412ms, cid=9d5d8813-d0ec-4d16-a8ea-b022cf3e8f10)
  batch 1/1: INPROGRESS at budget — marked submitted

=== PUBLISH_GEN cumulative === applied 1208 · qarth 69 · failed 0 · submitted 8 · post_failed 0 · build_skip 2
