GEN_OK ready 11 · publishing 11 (skip already applied/qarth)

[WALMART][STORE1] token issued, expires at 2026-07-10T02:50:43.251Z
[WALMART][STORE1] GET /v3/items/FaisalX-2045 → 200 (tokens: 149, 524ms, cid=3646f90b-33de-47a0-a2b9-32a8100d731b)
[WALMART][STORE1] GET /v3/items/FaisalX-337 → 200 (tokens: 149, 851ms, cid=fda7afa2-37bb-4df6-a0d0-bb5f33b240f4)
[WALMART][STORE1] GET /v3/items/FaisalX-3448 → 200 (tokens: 149, 991ms, cid=57ab4db6-6ef1-48ac-81f6-20cd691c5574)
[WALMART][STORE1] GET /v3/items/FaisalX-3393 → 200 (tokens: 149, 749ms, cid=dfaafdd7-faed-4b65-b5d9-76a95b6337f5)
[WALMART][STORE1] GET /v3/items/FaisalX-3447 → 200 (tokens: 149, 733ms, cid=0e9a4e52-fde0-423d-92e4-cfaae961e320)
[WALMART][STORE1] GET /v3/items/FaisalX-3485 → 200 (tokens: 149, 913ms, cid=245629bd-abf4-421a-8cae-f96fce8628ca)
[WALMART][STORE1] GET /v3/items/FaisalX-3479 → 200 (tokens: 149, 1015ms, cid=a2b3b33d-d466-4908-941b-27a05c7671aa)
[WALMART][STORE1] GET /v3/items/FaisalX-3483 → 200 (tokens: 149, 938ms, cid=2bf8a733-c43c-4a58-86a0-38c6121a2ce9)
[WALMART][STORE1] GET /v3/items/FaisalX-3490 → 200 (tokens: 149, 860ms, cid=bbaf46f5-016b-491a-8d1a-e816ef49726a)
[WALMART][STORE1] GET /v3/items/FaisalX-3542 → 200 (tokens: 149, 766ms, cid=dea014c0-b197-4944-95ff-6fd5566c2953)
[WALMART][STORE1] GET /v3/items/FaisalX-3596 → 200 (tokens: 149, 1035ms, cid=401361f9-121d-44d4-8d1f-5ba5f553d249)
built 11 MPItems

[WALMART][STORE1] POST /v3/feeds?feedType=MP_MAINTENANCE → 200 (tokens: 9, 673ms, cid=ed21700f-12e1-4857-bdbb-9c7489783bf5)
  batch 1/1: feed 18C0CD2576BB5CF8… (11) draining…
[WALMART][STORE1] GET /v3/feeds/18C0CD2576BB5CF8ACE021D50CDC93C1%40AX8BBgA?includeDetails=true → 200 (tokens: 832, 360ms, cid=f1f6477d-5e3e-4251-b425-e0d5c017c8d7)
[WALMART][STORE1] GET /v3/feeds/18C0CD2576BB5CF8ACE021D50CDC93C1%40AX8BBgA?includeDetails=true → 200 (tokens: 832, 242ms, cid=4eff9526-161d-4861-9737-32efe9ca9726)
[WALMART][STORE1] GET /v3/feeds/18C0CD2576BB5CF8ACE021D50CDC93C1%40AX8BBgA?includeDetails=true → 200 (tokens: 832, 539ms, cid=14c1fb4a-45ae-4e04-a86d-eec1e9dfcf3f)
[WALMART][STORE1] GET /v3/feeds/18C0CD2576BB5CF8ACE021D50CDC93C1%40AX8BBgA?includeDetails=true → 200 (tokens: 832, 380ms, cid=692a810d-9139-4f3d-80e1-e4a096c75fee)
[WALMART][STORE1] GET /v3/feeds/18C0CD2576BB5CF8ACE021D50CDC93C1%40AX8BBgA?includeDetails=true → 200 (tokens: 832, 298ms, cid=2f54dfca-3a76-4453-8bea-96a37c50fd80)
[WALMART][STORE1] GET /v3/feeds/18C0CD2576BB5CF8ACE021D50CDC93C1%40AX8BBgA?includeDetails=true → 200 (tokens: 832, 355ms, cid=f4947ab6-7240-40ee-b778-592a0dbc1473)
[WALMART][STORE1] GET /v3/feeds/18C0CD2576BB5CF8ACE021D50CDC93C1%40AX8BBgA?includeDetails=true → 200 (tokens: 832, 441ms, cid=b69f08f0-e494-4956-9b19-6c268d8a85e9)
[WALMART][STORE1] GET /v3/feeds/18C0CD2576BB5CF8ACE021D50CDC93C1%40AX8BBgA?includeDetails=true → 200 (tokens: 831, 307ms, cid=d647cfe2-5820-44ea-9512-a5490f5ab2ee)
[WALMART][STORE1] GET /v3/feeds/18C0CD2576BB5CF8ACE021D50CDC93C1%40AX8BBgA?includeDetails=true → 200 (tokens: 832, 369ms, cid=30a12b86-7ce2-4fb8-bfb9-3112193debf5)
[WALMART][STORE1] GET /v3/feeds/18C0CD2576BB5CF8ACE021D50CDC93C1%40AX8BBgA?includeDetails=true → 200 (tokens: 832, 459ms, cid=f3fc2d9b-b94f-4ca8-85c8-f408c387ea87)
[WALMART][STORE1] GET /v3/feeds/18C0CD2576BB5CF8ACE021D50CDC93C1%40AX8BBgA?includeDetails=true → 200 (tokens: 832, 326ms, cid=74d72610-e14b-4515-a70b-22bcd56cde47)
[WALMART][STORE1] GET /v3/feeds/18C0CD2576BB5CF8ACE021D50CDC93C1%40AX8BBgA?includeDetails=true → 200 (tokens: 832, 461ms, cid=a024cb1f-559c-47fa-a442-9a0b5e20f89a)
[WALMART][STORE1] GET /v3/feeds/18C0CD2576BB5CF8ACE021D50CDC93C1%40AX8BBgA?includeDetails=true → 200 (tokens: 832, 532ms, cid=dd0e9b81-df4b-4078-ad77-d3e906c5257b)
[WALMART][STORE1] GET /v3/feeds/18C0CD2576BB5CF8ACE021D50CDC93C1%40AX8BBgA?includeDetails=true → 200 (tokens: 832, 288ms, cid=cb96b8c7-63d9-497b-8036-d4055bebe9e8)
[WALMART][STORE1] GET /v3/feeds/18C0CD2576BB5CF8ACE021D50CDC93C1%40AX8BBgA?includeDetails=true → 200 (tokens: 832, 433ms, cid=f1d55ab4-b7fa-48cc-a387-737d63acc02b)
[WALMART][STORE1] GET /v3/feeds/18C0CD2576BB5CF8ACE021D50CDC93C1%40AX8BBgA?includeDetails=true → 200 (tokens: 832, 470ms, cid=5efdb5f9-2c0f-4c42-b5f5-a1a2a0c7dd5b)
[WALMART][STORE1] GET /v3/feeds/18C0CD2576BB5CF8ACE021D50CDC93C1%40AX8BBgA?includeDetails=true → 200 (tokens: 832, 329ms, cid=231ae298-29da-496a-bdbd-049451fd5a67)
[WALMART][STORE1] GET /v3/feeds/18C0CD2576BB5CF8ACE021D50CDC93C1%40AX8BBgA?includeDetails=true → 200 (tokens: 832, 726ms, cid=8fa12856-048f-481e-aeb6-88e4eb167f88)
[WALMART][STORE1] GET /v3/feeds/18C0CD2576BB5CF8ACE021D50CDC93C1%40AX8BBgA?includeDetails=true → 200 (tokens: 832, 530ms, cid=d4867ac8-4853-4d60-b9a1-d28233857cd7)
[WALMART][STORE1] GET /v3/feeds/18C0CD2576BB5CF8ACE021D50CDC93C1%40AX8BBgA?includeDetails=true → 200 (tokens: 832, 583ms, cid=53b6a86e-8f77-40c5-863e-da627c29d659)
[WALMART][STORE1] GET /v3/feeds/18C0CD2576BB5CF8ACE021D50CDC93C1%40AX8BBgA?includeDetails=true → 200 (tokens: 832, 453ms, cid=9a0623d7-97ac-4311-89cb-75c0f82b61b4)
[WALMART][STORE1] GET /v3/feeds/18C0CD2576BB5CF8ACE021D50CDC93C1%40AX8BBgA?includeDetails=true → 200 (tokens: 832, 424ms, cid=ca238d3c-0b65-4927-a397-b7ee0b0ccd0b)
[WALMART][STORE1] GET /v3/feeds/18C0CD2576BB5CF8ACE021D50CDC93C1%40AX8BBgA?includeDetails=true → 200 (tokens: 832, 444ms, cid=064fe0a9-00d6-4032-ac39-9af379c60010)
[WALMART][STORE1] GET /v3/feeds/18C0CD2576BB5CF8ACE021D50CDC93C1%40AX8BBgA?includeDetails=true → 200 (tokens: 832, 436ms, cid=e4320668-c257-4b0f-8282-95bc072fdb3d)
[WALMART][STORE1] GET /v3/feeds/18C0CD2576BB5CF8ACE021D50CDC93C1%40AX8BBgA?includeDetails=true → 200 (tokens: 832, 432ms, cid=63a3ae0c-47ff-4123-b383-22dbf8034f08)
[WALMART][STORE1] GET /v3/feeds/18C0CD2576BB5CF8ACE021D50CDC93C1%40AX8BBgA?includeDetails=true → 200 (tokens: 832, 346ms, cid=663fc788-5a67-44ff-9180-5f261037dace)
[WALMART][STORE1] GET /v3/feeds/18C0CD2576BB5CF8ACE021D50CDC93C1%40AX8BBgA?includeDetails=true → 200 (tokens: 832, 565ms, cid=361e7815-3722-4203-8f66-44fde3a4e151)
[WALMART][STORE1] GET /v3/feeds/18C0CD2576BB5CF8ACE021D50CDC93C1%40AX8BBgA?includeDetails=true → 200 (tokens: 832, 354ms, cid=78a21de6-9a65-4d3b-988b-f26038fab9ad)
[WALMART][STORE1] GET /v3/feeds/18C0CD2576BB5CF8ACE021D50CDC93C1%40AX8BBgA?includeDetails=true → 200 (tokens: 832, 368ms, cid=7e458a0c-bd7f-44bb-991b-be078f3c7836)
[WALMART][STORE1] GET /v3/feeds/18C0CD2576BB5CF8ACE021D50CDC93C1%40AX8BBgA?includeDetails=true → 200 (tokens: 832, 345ms, cid=d9bdaa64-6ff9-4599-98b9-fc7290bde653)
[WALMART][STORE1] GET /v3/feeds/18C0CD2576BB5CF8ACE021D50CDC93C1%40AX8BBgA?includeDetails=true → 200 (tokens: 832, 372ms, cid=7b63ea0f-bf74-4c89-b776-fd12bb953707)
[WALMART][STORE1] GET /v3/feeds/18C0CD2576BB5CF8ACE021D50CDC93C1%40AX8BBgA?includeDetails=true → 200 (tokens: 832, 422ms, cid=3b0d904b-55f7-4159-ab7c-9d0eb24e997e)
[WALMART][STORE1] GET /v3/feeds/18C0CD2576BB5CF8ACE021D50CDC93C1%40AX8BBgA?includeDetails=true → 200 (tokens: 832, 479ms, cid=90164f67-2936-436e-a7eb-312683427bff)
[WALMART][STORE1] GET /v3/feeds/18C0CD2576BB5CF8ACE021D50CDC93C1%40AX8BBgA?includeDetails=true → 200 (tokens: 832, 327ms, cid=1037e679-4e97-4176-8cf0-490dbcab8ce7)
[WALMART][STORE1] GET /v3/feeds/18C0CD2576BB5CF8ACE021D50CDC93C1%40AX8BBgA?includeDetails=true → 200 (tokens: 832, 280ms, cid=f8434dbc-3d63-4aa1-89ea-d1612d48338e)
[WALMART][STORE1] GET /v3/feeds/18C0CD2576BB5CF8ACE021D50CDC93C1%40AX8BBgA?includeDetails=true → 200 (tokens: 832, 467ms, cid=42dae98f-bee0-4971-a541-cf59b859ac4e)
[WALMART][STORE1] GET /v3/feeds/18C0CD2576BB5CF8ACE021D50CDC93C1%40AX8BBgA?includeDetails=true → 200 (tokens: 832, 261ms, cid=a82ce9a9-3f82-45ea-ac41-57319fbe0817)
[WALMART][STORE1] GET /v3/feeds/18C0CD2576BB5CF8ACE021D50CDC93C1%40AX8BBgA?includeDetails=true → 200 (tokens: 832, 577ms, cid=333f9a83-8b32-491f-96ee-cd6ddcdbbcb1)
[WALMART][STORE1] GET /v3/feeds/18C0CD2576BB5CF8ACE021D50CDC93C1%40AX8BBgA?includeDetails=true → 200 (tokens: 832, 295ms, cid=5afd850e-7948-41be-9f2d-abe255a3db38)
[WALMART][STORE1] GET /v3/feeds/18C0CD2576BB5CF8ACE021D50CDC93C1%40AX8BBgA?includeDetails=true → 200 (tokens: 832, 475ms, cid=2cc16c40-4e91-4ee6-9a71-18db918cb0b8)
[WALMART][STORE1] GET /v3/feeds/18C0CD2576BB5CF8ACE021D50CDC93C1%40AX8BBgA?includeDetails=true → 200 (tokens: 832, 464ms, cid=7d6981d5-65f1-4b56-b1f2-358ed55843d0)
[WALMART][STORE1] GET /v3/feeds/18C0CD2576BB5CF8ACE021D50CDC93C1%40AX8BBgA?includeDetails=true → 200 (tokens: 832, 276ms, cid=b3d43d4c-1f76-43cd-8008-b3c89165f3e5)
[WALMART][STORE1] GET /v3/feeds/18C0CD2576BB5CF8ACE021D50CDC93C1%40AX8BBgA?includeDetails=true → 200 (tokens: 832, 369ms, cid=531af279-6d3c-457c-a40b-76c2318a3ebb)
[WALMART][STORE1] GET /v3/feeds/18C0CD2576BB5CF8ACE021D50CDC93C1%40AX8BBgA?includeDetails=true → 200 (tokens: 832, 581ms, cid=dd4180f9-bb83-483a-a8d2-e0ea6c9fcc0e)
[WALMART][STORE1] GET /v3/feeds/18C0CD2576BB5CF8ACE021D50CDC93C1%40AX8BBgA?includeDetails=true → 200 (tokens: 832, 458ms, cid=07324fc1-9e16-409e-8303-0662e3cd0c37)
[WALMART][STORE1] GET /v3/feeds/18C0CD2576BB5CF8ACE021D50CDC93C1%40AX8BBgA?includeDetails=true → 200 (tokens: 832, 376ms, cid=97ce8bf2-8fa9-4b71-9533-e9c05414adbf)
[WALMART][STORE1] GET /v3/feeds/18C0CD2576BB5CF8ACE021D50CDC93C1%40AX8BBgA?includeDetails=true → 200 (tokens: 832, 401ms, cid=390e83bc-fe9f-4425-b047-f79ea30ea7d4)
[WALMART][STORE1] GET /v3/feeds/18C0CD2576BB5CF8ACE021D50CDC93C1%40AX8BBgA?includeDetails=true → 200 (tokens: 832, 386ms, cid=3c12cd0d-fe94-40f1-83fc-26ee11020dba)
[WALMART][STORE1] GET /v3/feeds/18C0CD2576BB5CF8ACE021D50CDC93C1%40AX8BBgA?includeDetails=true → 200 (tokens: 832, 464ms, cid=159e3e49-cc7b-454f-9fb9-14025c4af6aa)
[WALMART][STORE1] token issued, expires at 2026-07-10T03:03:44.126Z
[WALMART][STORE1] GET /v3/feeds/18C0CD2576BB5CF8ACE021D50CDC93C1%40AX8BBgA?includeDetails=true → 200 (tokens: 832, 460ms, cid=a0ed03bb-e363-4e47-afe1-56e29d653bbc)
[WALMART][STORE1] GET /v3/feeds/18C0CD2576BB5CF8ACE021D50CDC93C1%40AX8BBgA?includeDetails=true → 200 (tokens: 832, 390ms, cid=c4ff2278-ea6f-414e-a9d4-e947015c0730)
[WALMART][STORE1] GET /v3/feeds/18C0CD2576BB5CF8ACE021D50CDC93C1%40AX8BBgA?includeDetails=true → 200 (tokens: 832, 347ms, cid=b5c6d34b-a22c-4b9b-9fd5-100139f859b4)
[WALMART][STORE1] GET /v3/feeds/18C0CD2576BB5CF8ACE021D50CDC93C1%40AX8BBgA?includeDetails=true → 200 (tokens: 832, 385ms, cid=d379c647-c9f9-4dff-9013-86afbed66e30)
[WALMART][STORE1] GET /v3/feeds/18C0CD2576BB5CF8ACE021D50CDC93C1%40AX8BBgA?includeDetails=true → 200 (tokens: 832, 427ms, cid=b5bcc185-9af3-474b-87b1-7588fdfd19fc)
[WALMART][STORE1] GET /v3/feeds/18C0CD2576BB5CF8ACE021D50CDC93C1%40AX8BBgA?includeDetails=true → 200 (tokens: 832, 446ms, cid=a4796faf-f455-47cb-a593-d4c4a4e31ece)
[WALMART][STORE1] GET /v3/feeds/18C0CD2576BB5CF8ACE021D50CDC93C1%40AX8BBgA?includeDetails=true → 200 (tokens: 832, 432ms, cid=e6bccfde-4775-4c1a-a8b5-2b67a2851911)
[WALMART][STORE1] GET /v3/feeds/18C0CD2576BB5CF8ACE021D50CDC93C1%40AX8BBgA?includeDetails=true → 200 (tokens: 832, 457ms, cid=24dde15b-23b3-4f6f-b2f5-487a73aadf93)
[WALMART][STORE1] GET /v3/feeds/18C0CD2576BB5CF8ACE021D50CDC93C1%40AX8BBgA?includeDetails=true → 200 (tokens: 832, 469ms, cid=12fb1358-8925-4ca4-82cc-cdb56ad631f8)
[WALMART][STORE1] GET /v3/feeds/18C0CD2576BB5CF8ACE021D50CDC93C1%40AX8BBgA?includeDetails=true → 200 (tokens: 832, 480ms, cid=f9b7cc01-177f-4f01-a943-c346f300e58c)
  batch 1/1: INPROGRESS at budget — marked submitted

=== PUBLISH_GEN cumulative === applied 648 · qarth 69 · failed 0 · submitted 58 · post_failed 0 · build_skip 2
