GEN_OK ready 218 · publishing 218 (skip already applied/qarth)

[WALMART][STORE1] token issued, expires at 2026-07-10T08:32:47.020Z
[WALMART][STORE1] GET /v3/items/FaisalX-2045 → 200 (tokens: 149, 652ms, cid=b5aafa8d-d099-4400-ab67-01198324f998)
[WALMART][STORE1] GET /v3/items/FaisalX-831 → 200 (tokens: 149, 503ms, cid=5a3b082d-5e47-400e-a26e-ebeb045edebe)
[WALMART][STORE1] GET /v3/items/RizwanX-11 → 200 (tokens: 149, 439ms, cid=e3470663-ab9a-4670-84a6-f190785cd5e0)
[WALMART][STORE1] GET /v3/items/RizwanX-10 → 200 (tokens: 149, 500ms, cid=13f6683f-0632-4c51-a4cc-5b3177754ac8)
[WALMART][STORE1] GET /v3/items/RizwanX-102 → 200 (tokens: 149, 644ms, cid=206adb4e-3d4c-4116-a574-576757125ada)
[WALMART][STORE1] GET /v3/items/RizwanX-125 → 200 (tokens: 149, 485ms, cid=8f0a29be-9c64-48fb-a48f-29483d3ec24c)
[WALMART][STORE1] GET /v3/items/RizwanX-133 → 200 (tokens: 149, 545ms, cid=155842ae-e915-449f-8755-8569953d0c97)
[WALMART][STORE1] GET /v3/items/RizwanX-118 → 200 (tokens: 149, 601ms, cid=efa6ca0d-6006-440c-a0e8-4dd49ee36474)
[WALMART][STORE1] GET /v3/items/RizwanX-139 → 200 (tokens: 149, 458ms, cid=2fd38f12-1cfd-42dc-bec6-7b63981a2921)
[WALMART][STORE1] GET /v3/items/RizwanX-141 → 200 (tokens: 149, 471ms, cid=4a4d4098-5fb9-48e5-b99b-0334602f3c60)
[WALMART][STORE1] GET /v3/items/RizwanX-124 → 200 (tokens: 149, 597ms, cid=55f89746-c404-41a4-a139-ae24190ea846)
[WALMART][STORE1] GET /v3/items/RizwanX-147 → 200 (tokens: 149, 431ms, cid=ad867fe7-cf88-4567-a022-fd6ffa1c7fe6)
[WALMART][STORE1] GET /v3/items/RizwanX-150 → 200 (tokens: 149, 526ms, cid=54f3f766-5225-49dc-9dba-73a4848295f5)
[WALMART][STORE1] GET /v3/items/RizwanX-160 → 200 (tokens: 149, 510ms, cid=7c3fc7c2-11ab-4446-8134-4d36193b0131)
[WALMART][STORE1] GET /v3/items/RizwanX-148 → 200 (tokens: 149, 565ms, cid=8eeadc80-06b2-4b1e-a11b-5e2e8476e02a)
[WALMART][STORE1] GET /v3/items/RizwanX-145 → 200 (tokens: 149, 856ms, cid=c49ab726-8560-4425-a730-dc8c67b8a3a0)
[WALMART][STORE1] GET /v3/items/RizwanX-163 → 200 (tokens: 149, 540ms, cid=52943fcf-035a-43dd-a8c0-cf67c816572e)
[WALMART][STORE1] GET /v3/items/RizwanX-164 → 200 (tokens: 149, 500ms, cid=0cfb9778-aa93-4580-9ea4-a3d40b352e95)
[WALMART][STORE1] GET /v3/items/RizwanX-182 → 200 (tokens: 148, 484ms, cid=2dc82c80-b91e-4071-820c-40940db14a6d)
[WALMART][STORE1] GET /v3/items/RizwanX-195 → 200 (tokens: 149, 483ms, cid=c7851c63-397c-4610-8df3-0ae2ee3eda48)
[WALMART][STORE1] GET /v3/items/RizwanX-197 → 200 (tokens: 149, 445ms, cid=d60894ae-8de7-4903-9a0f-54ba5fe5ed9f)
[WALMART][STORE1] GET /v3/items/RizwanX-168 → 200 (tokens: 149, 480ms, cid=baa07606-7c57-435b-b121-60d52d36faa4)
[WALMART][STORE1] GET /v3/items/RizwanX-187 → 200 (tokens: 149, 454ms, cid=8be50864-6127-42b0-b264-faadcdd17499)
[WALMART][STORE1] GET /v3/items/RizwanX-166 → 200 (tokens: 149, 439ms, cid=1f2befe5-2749-4178-9752-16f001350a6d)
[WALMART][STORE1] GET /v3/items/RizwanX-202 → 200 (tokens: 149, 426ms, cid=3b01019d-14fa-4491-964b-03c0d057fabb)
[WALMART][STORE1] GET /v3/items/RizwanX-216 → 200 (tokens: 149, 604ms, cid=d85fbc77-ff07-490e-9d3a-463d22c45d0e)
[WALMART][STORE1] GET /v3/items/RizwanX-207 → 200 (tokens: 149, 437ms, cid=df9afd9c-4f78-463d-b1ad-e034c09bf946)
[WALMART][STORE1] GET /v3/items/RizwanX-215 → 200 (tokens: 149, 476ms, cid=04988940-d8b7-4610-b024-92bbee3b7199)
[WALMART][STORE1] GET /v3/items/RizwanX-203 → 200 (tokens: 149, 465ms, cid=fef6e380-e8dc-4ad3-82fe-5fc9c2ac011e)
[WALMART][STORE1] GET /v3/items/RizwanX-201 → 200 (tokens: 149, 466ms, cid=8e1e90ad-5c01-457e-9981-aa191dae79cb)
[WALMART][STORE1] GET /v3/items/RizwanX-209 → 200 (tokens: 149, 457ms, cid=a97b51c8-7de1-42b0-8577-083363b49905)
[WALMART][STORE1] GET /v3/items/RizwanX-210 → 200 (tokens: 149, 447ms, cid=d80a18ac-fe96-435c-bb59-af9771a93c1c)
[WALMART][STORE1] GET /v3/items/RizwanX-217 → 200 (tokens: 149, 426ms, cid=adc21494-844f-4d6e-8364-0b76d420c4de)
[WALMART][STORE1] GET /v3/items/RizwanX-2191 → 200 (tokens: 149, 827ms, cid=3699784c-cda7-4527-a307-a62297a30d02)
[WALMART][STORE1] GET /v3/items/RizwanX-2182 → 200 (tokens: 149, 455ms, cid=665097dc-eccf-4b05-8079-7d15d39efc43)
[WALMART][STORE1] GET /v3/items/RizwanX-2197 → 200 (tokens: 149, 542ms, cid=edcdbb4e-2315-4fc6-ae6a-2a9d7ca68091)
[WALMART][STORE1] GET /v3/items/RizwanX-219 → 200 (tokens: 149, 437ms, cid=ebd7092c-01e3-43a2-a2a7-571cb6b3e566)
[WALMART][STORE1] GET /v3/items/RizwanX-2192 → 200 (tokens: 149, 453ms, cid=876aaadb-8720-4f91-80bc-31696e6ee2a7)
[WALMART][STORE1] GET /v3/items/RizwanX-222 → 200 (tokens: 149, 481ms, cid=9371b1a0-61da-4130-8dae-d237c299eeca)
[WALMART][STORE1] GET /v3/items/RizwanX-225 → 200 (tokens: 149, 458ms, cid=a2b96aab-8e0b-469f-a30a-c4b5554d2624)
[WALMART][STORE1] GET /v3/items/RizwanX-226 → 200 (tokens: 149, 450ms, cid=c352614c-9f11-4b01-8ff9-33e6a6bc8ae4)
[WALMART][STORE1] GET /v3/items/RizwanX-2295 → 200 (tokens: 149, 573ms, cid=d033c9c7-0d70-4bbf-9d74-86bdfc12c90e)
[WALMART][STORE1] GET /v3/items/RizwanX-2284 → 200 (tokens: 149, 631ms, cid=8f691f9c-79d2-4089-8de2-fb2960e53d0b)
[WALMART][STORE1] GET /v3/items/RizwanX-2296 → 200 (tokens: 148, 477ms, cid=90f2d8db-4502-43b5-8d2d-91979c9b3f1b)
[WALMART][STORE1] GET /v3/items/RizwanX-228 → 200 (tokens: 149, 642ms, cid=07cdeaed-0246-458f-a1aa-2830e44d3d2c)
[WALMART][STORE1] GET /v3/items/RizwanX-227 → 200 (tokens: 149, 600ms, cid=8d18726a-dcb7-40cd-8341-1cbb5ab3e6cf)
[WALMART][STORE1] GET /v3/items/RizwanX-2277 → 200 (tokens: 148, 523ms, cid=25f38b8d-5f6c-4747-ae7d-3e5c07dcfcac)
[WALMART][STORE1] GET /v3/items/RizwanX-2321 → 200 (tokens: 149, 460ms, cid=bbb2da2a-7de3-4862-827e-057aec147d3a)
[WALMART][STORE1] GET /v3/items/RizwanX-2309 → 200 (tokens: 149, 709ms, cid=c9950409-0313-4deb-bb60-19edc87ca7e7)
[WALMART][STORE1] GET /v3/items/RizwanX-2308 → 200 (tokens: 149, 463ms, cid=66ebd237-f256-4a41-86e2-33a53b3e3eb1)
[WALMART][STORE1] GET /v3/items/RizwanX-2323 → 200 (tokens: 149, 435ms, cid=7b22bad1-8899-4d0d-8be7-6b7f4b39fbb2)
[WALMART][STORE1] GET /v3/items/RizwanX-2333 → 200 (tokens: 149, 537ms, cid=0f8096f3-5434-4649-820f-f82a3d183de4)
[WALMART][STORE1] GET /v3/items/RizwanX-239 → 200 (tokens: 148, 452ms, cid=7115c7e3-1e85-4a0e-975c-6054d4e17399)
[WALMART][STORE1] GET /v3/items/RizwanX-2396 → 200 (tokens: 149, 440ms, cid=0a9e3aa0-31f5-4b18-94b4-3ba29d45de02)
[WALMART][STORE1] GET /v3/items/RizwanX-2407 → 200 (tokens: 149, 438ms, cid=efcd149c-4a11-4eef-806b-5ccd88817b28)
[WALMART][STORE1] GET /v3/items/RizwanX-2398 → 200 (tokens: 149, 450ms, cid=980b26b1-051f-42fa-9c3c-3ebb8c969b26)
[WALMART][STORE1] GET /v3/items/RizwanX-2409 → 200 (tokens: 149, 474ms, cid=2a9802dd-6522-4f23-8f95-1828aa397ae8)
[WALMART][STORE1] GET /v3/items/RizwanX-2410 → 200 (tokens: 149, 446ms, cid=97d4da00-d453-4935-ae60-d2586ebfad6c)
[WALMART][STORE1] GET /v3/items/RizwanX-2411 → 200 (tokens: 149, 420ms, cid=907f7c60-b858-44a9-b9bf-44662afded75)
[WALMART][STORE1] GET /v3/items/RizwanX-2408 → 200 (tokens: 149, 442ms, cid=94b03d64-3587-4df0-9ff3-f2b144da8d57)
[WALMART][STORE1] GET /v3/items/RizwanX-2403 → 200 (tokens: 149, 496ms, cid=a69e8456-aa97-4f2e-9220-ec48d90c1f2f)
[WALMART][STORE1] GET /v3/items/RizwanX-2421 → 200 (tokens: 149, 452ms, cid=a5606289-a27d-42a7-8aba-12d8d2450c94)
[WALMART][STORE1] GET /v3/items/RizwanX-2419 → 200 (tokens: 149, 444ms, cid=eba59704-d415-4e7f-933f-aeb8265712d6)
[WALMART][STORE1] GET /v3/items/RizwanX-2426 → 200 (tokens: 149, 399ms, cid=50b1cea2-690a-4cff-9c8f-4ff7ed08487a)
[WALMART][STORE1] GET /v3/items/RizwanX-2432 → 200 (tokens: 148, 475ms, cid=6f2d0529-39a1-4d95-a43b-bf276a3ea39a)
[WALMART][STORE1] GET /v3/items/RizwanX-2430 → 200 (tokens: 149, 496ms, cid=b471bb6d-9e28-4289-8318-99101970fc5d)
[WALMART][STORE1] GET /v3/items/RizwanX-2413 → 200 (tokens: 149, 566ms, cid=1ac47214-443a-4c90-aa5c-034028ca4f08)
[WALMART][STORE1] GET /v3/items/RizwanX-2440 → 200 (tokens: 149, 612ms, cid=310e0c56-89eb-4247-a252-5b140e7863db)
[WALMART][STORE1] GET /v3/items/RizwanX-2448 → 200 (tokens: 149, 697ms, cid=15bcf5d2-5535-4630-80af-5f9010b2ac2b)
[WALMART][STORE1] GET /v3/items/RizwanX-244 → 200 (tokens: 148, 633ms, cid=be49bb67-87ae-4bd7-96c2-c9a874bc574f)
[WALMART][STORE1] GET /v3/items/RizwanX-2441 → 200 (tokens: 149, 451ms, cid=569e88cb-844c-431b-9fcf-4b9820942e1e)
[WALMART][STORE1] GET /v3/items/RizwanX-2446 → 200 (tokens: 149, 499ms, cid=7df24ed9-08eb-427a-95c5-c7520a8c3747)
[WALMART][STORE1] GET /v3/items/RizwanX-2444 → 200 (tokens: 149, 440ms, cid=a02c589c-76b3-47a5-977f-c82db4bfd02e)
[WALMART][STORE1] GET /v3/items/RizwanX-2449 → 200 (tokens: 149, 410ms, cid=f8000635-30dd-4662-8a4f-7df9fdf062d2)
[WALMART][STORE1] GET /v3/items/RizwanX-2442 → 200 (tokens: 149, 444ms, cid=187131a1-cf71-4d9e-89ee-ede365e35d21)
[WALMART][STORE1] GET /v3/items/RizwanX-2460 → 200 (tokens: 149, 542ms, cid=fa36e193-0732-4d5c-8251-9ab2167341a6)
[WALMART][STORE1] GET /v3/items/RizwanX-2459 → 200 (tokens: 149, 528ms, cid=2a394d66-6ae7-43f0-b621-4130054edccd)
[WALMART][STORE1] GET /v3/items/RizwanX-245 → 200 (tokens: 149, 455ms, cid=468499e7-6193-4d07-9788-c7afcbfd5f5d)
[WALMART][STORE1] GET /v3/items/RizwanX-2458 → 200 (tokens: 149, 545ms, cid=8d791da1-3c98-49e8-9881-6554fcc38b8c)
[WALMART][STORE1] GET /v3/items/RizwanX-2451 → 200 (tokens: 149, 453ms, cid=6d5f61e0-6e33-45a7-a0d1-1849f138784b)
[WALMART][STORE1] GET /v3/items/RizwanX-2461 → 200 (tokens: 149, 731ms, cid=bbe914ca-c91c-43fb-abb1-ec363a3bd0de)
[WALMART][STORE1] GET /v3/items/RizwanX-2470 → 200 (tokens: 149, 448ms, cid=6792fd1a-fe57-4c9f-a0bb-bd5da1bf89a6)
[WALMART][STORE1] GET /v3/items/RizwanX-2463 → 200 (tokens: 149, 436ms, cid=1a33b31f-09b8-4749-9923-bf295778f228)
[WALMART][STORE1] GET /v3/items/RizwanX-2462 → 200 (tokens: 148, 417ms, cid=ecacc453-af20-4f3c-a5a9-de76628a38a0)
[WALMART][STORE1] GET /v3/items/RizwanX-2472 → 200 (tokens: 149, 581ms, cid=14eb9522-7108-4250-9023-b602d051a53b)
[WALMART][STORE1] GET /v3/items/RizwanX-2473 → 200 (tokens: 149, 448ms, cid=e118ae5a-d9f0-465c-a6e5-d498d7f39182)
[WALMART][STORE1] GET /v3/items/RizwanX-2481 → 200 (tokens: 149, 496ms, cid=1ee2a730-3c74-470b-bc48-b56f2f90c842)
[WALMART][STORE1] GET /v3/items/RizwanX-2486 → 200 (tokens: 149, 1366ms, cid=e467debd-9506-4a4e-b6f2-6949c71510eb)
[WALMART][STORE1] GET /v3/items/RizwanX-2479 → 200 (tokens: 149, 455ms, cid=55885979-0235-4194-8cd2-0224a07f9598)
[WALMART][STORE1] GET /v3/items/RizwanX-2482 → 200 (tokens: 149, 507ms, cid=080ccc43-8dd4-46be-ab4a-0ef6693328d1)
[WALMART][STORE1] GET /v3/items/RizwanX-2488 → 200 (tokens: 149, 460ms, cid=ae1d8842-c2da-4493-ace4-004b45b3ef09)
[WALMART][STORE1] GET /v3/items/RizwanX-253 → 200 (tokens: 149, 426ms, cid=d3b1f6bc-76cb-421f-9ff6-08bbb6dfaa22)
[WALMART][STORE1] GET /v3/items/RizwanX-2492 → 200 (tokens: 149, 861ms, cid=fec0fa66-5d8e-4c53-88c7-bf9882d4d326)
[WALMART][STORE1] GET /v3/items/RizwanX-252 → 200 (tokens: 149, 396ms, cid=c04d0d94-7131-4934-b384-7684336b54f8)
[WALMART][STORE1] GET /v3/items/RizwanX-267 → 200 (tokens: 149, 579ms, cid=0f7a46a6-430c-4722-b3d6-58ca9e98a034)
[WALMART][STORE1] GET /v3/items/RizwanX-2677 → 200 (tokens: 149, 496ms, cid=c727dab4-c6d2-40b6-a1b0-588176726fe2)
[WALMART][STORE1] GET /v3/items/RizwanX-257 → 200 (tokens: 149, 452ms, cid=63b8e123-411c-44c5-b258-e75e7e21f27d)
[WALMART][STORE1] GET /v3/items/RizwanX-262 → 200 (tokens: 149, 432ms, cid=444c8e38-6f2f-488e-ae03-d15cc3a7006d)
[WALMART][STORE1] GET /v3/items/RizwanX-266 → 200 (tokens: 149, 486ms, cid=fb7ad4f2-1fa8-45d9-a4da-f1d38fd701a5)
[WALMART][STORE1] GET /v3/items/RizwanX-258 → 200 (tokens: 149, 447ms, cid=5da4e3fe-3a42-49e8-9282-f66d7da9f0bd)
[WALMART][STORE1] GET /v3/items/RizwanX-269 → 200 (tokens: 149, 450ms, cid=9117503e-1b0f-4b9d-b57f-894ae4d00bac)
[WALMART][STORE1] GET /v3/items/RizwanX-2679 → 200 (tokens: 149, 476ms, cid=28ee459f-fa3d-435b-bab9-761a97f9f0d2)
[WALMART][STORE1] GET /v3/items/RizwanX-2683 → 200 (tokens: 149, 429ms, cid=5cd06121-34cb-4a62-bd4b-46ef0ae502fc)
[WALMART][STORE1] GET /v3/items/RizwanX-2709 → 200 (tokens: 148, 600ms, cid=83c9345b-6485-4ab5-bf5a-b212763dd343)
[WALMART][STORE1] GET /v3/items/RizwanX-270 → 200 (tokens: 149, 465ms, cid=a15d1223-3e18-4221-91d5-0055597a933f)
[WALMART][STORE1] GET /v3/items/RizwanX-2708 → 200 (tokens: 148, 430ms, cid=705f71eb-0992-40e9-9a09-17831280f769)
[WALMART][STORE1] GET /v3/items/RizwanX-2707 → 200 (tokens: 149, 593ms, cid=967c9ba8-4319-4e78-9b54-aa4dba11c091)
[WALMART][STORE1] GET /v3/items/RizwanX-2702 → 200 (tokens: 149, 455ms, cid=b354baf1-7d20-47db-a68c-37bbee11847b)
[WALMART][STORE1] GET /v3/items/RizwanX-2725 → 200 (tokens: 149, 510ms, cid=b3c1105b-baa2-445c-8ea0-f68fb0e31318)
[WALMART][STORE1] GET /v3/items/RizwanX-2720 → 200 (tokens: 148, 490ms, cid=7ebd802a-18dd-4035-a324-8160f711b8d3)
[WALMART][STORE1] GET /v3/items/RizwanX-2713 → 200 (tokens: 148, 586ms, cid=002fcec4-3a6a-44c6-a23e-93bc6785e959)
[WALMART][STORE1] GET /v3/items/RizwanX-2744 → 200 (tokens: 149, 579ms, cid=854ba71f-7d97-4e1a-a070-6c6be43fda23)
[WALMART][STORE1] GET /v3/items/RizwanX-2738 → 200 (tokens: 149, 415ms, cid=372d94da-2e03-4f1c-9bbe-f7baa937e44b)
[WALMART][STORE1] GET /v3/items/RizwanX-2747 → 200 (tokens: 149, 482ms, cid=5f7ec352-b8be-46b1-80cb-e3be0d3e070b)
[WALMART][STORE1] GET /v3/items/RizwanX-2746 → 200 (tokens: 149, 440ms, cid=ac172d9c-21a1-4758-a77f-6b243cc75e92)
[WALMART][STORE1] GET /v3/items/RizwanX-2758 → 200 (tokens: 149, 704ms, cid=8e699516-43a4-4686-b15e-9cbd38f7f375)
[WALMART][STORE1] GET /v3/items/RizwanX-2762 → 200 (tokens: 149, 450ms, cid=9aa10984-1a6e-4042-8f31-e074ed465501)
[WALMART][STORE1] GET /v3/items/RizwanX-2764 → 200 (tokens: 149, 495ms, cid=b067b595-86de-4587-bf52-9ed9d3783ae4)
[WALMART][STORE1] GET /v3/items/RizwanX-276 → 200 (tokens: 148, 425ms, cid=fc41288b-6079-4078-a39a-dc21ae0aabc4)
[WALMART][STORE1] GET /v3/items/RizwanX-2756 → 200 (tokens: 149, 404ms, cid=730a3e3e-30a7-4fb2-a264-64211963bba5)
[WALMART][STORE1] GET /v3/items/RizwanX-2770 → 200 (tokens: 149, 459ms, cid=d192a692-71d9-432b-a0a5-8f6a3927e7ce)
[WALMART][STORE1] GET /v3/items/RizwanX-2781 → 200 (tokens: 149, 498ms, cid=106850b5-508f-489e-9d72-b4f18646657f)
[WALMART][STORE1] GET /v3/items/RizwanX-2780 → 200 (tokens: 149, 489ms, cid=b1b717a0-75b0-4c91-bb61-ac77cb267eca)
[WALMART][STORE1] GET /v3/items/RizwanX-290 → 200 (tokens: 149, 690ms, cid=b8e55122-4154-4173-be19-aba57c3ad489)
[WALMART][STORE1] GET /v3/items/RizwanX-291 → 200 (tokens: 149, 460ms, cid=0b1ce01d-fd66-441e-95fe-12a0c9e39b82)
[WALMART][STORE1] GET /v3/items/RizwanX-2872 → 200 (tokens: 149, 731ms, cid=a9d0d73a-e909-4949-ad42-ebe6a625ae58)
[WALMART][STORE1] GET /v3/items/RizwanX-2960 → 200 (tokens: 149, 404ms, cid=47542ad0-cd54-4e64-be6b-6e288bd4c322)
[WALMART][STORE1] GET /v3/items/RizwanX-2961 → 200 (tokens: 149, 435ms, cid=1cad2df2-a77a-405e-bf52-0bc72c47964b)
[WALMART][STORE1] GET /v3/items/RizwanX-2965 → 200 (tokens: 148, 436ms, cid=ef6c45fb-9f39-409b-be5a-efbd8435ba51)
[WALMART][STORE1] GET /v3/items/RizwanX-2962 → 200 (tokens: 148, 1470ms, cid=88bfffee-fc24-4751-ba4a-5a86abdc7023)
[WALMART][STORE1] GET /v3/items/RizwanX-299 → 200 (tokens: 149, 715ms, cid=0853ee9e-abcb-4d7b-a3ec-ebd970e9fb81)
[WALMART][STORE1] GET /v3/items/RizwanX-300 → 200 (tokens: 149, 477ms, cid=f757fda2-929d-4d52-834d-26622ea4b07a)
[WALMART][STORE1] GET /v3/items/RizwanX-3002 → 200 (tokens: 149, 474ms, cid=4e55f9e7-d1ff-41d2-b9f6-e5be74500d91)
[WALMART][STORE1] GET /v3/items/RizwanX-3003 → 200 (tokens: 149, 473ms, cid=2e6edbff-924d-4bc5-9f88-72fa3c47c697)
[WALMART][STORE1] GET /v3/items/RizwanX-3006 → 200 (tokens: 149, 529ms, cid=2ac63bd2-1e70-4a60-84bc-4633a485b1af)
[WALMART][STORE1] GET /v3/items/RizwanX-3005 → 200 (tokens: 149, 564ms, cid=6e8df70f-dfab-4361-87aa-45ef7f12e26a)
[WALMART][STORE1] GET /v3/items/RizwanX-3001 → 200 (tokens: 149, 488ms, cid=df9adb47-44e5-4cc2-b2a7-47e82ff4d216)
[WALMART][STORE1] GET /v3/items/RizwanX-3004 → 200 (tokens: 149, 498ms, cid=36be95c6-b977-4eb6-8a03-09c7891dc987)
[WALMART][STORE1] GET /v3/items/RizwanX-3028 → 200 (tokens: 149, 385ms, cid=2b3b4b0e-18b3-48de-95f1-fd6f5dd038bb)
[WALMART][STORE1] GET /v3/items/RizwanX-302 → 200 (tokens: 149, 491ms, cid=1360a42a-fd78-475f-a494-92d1e97f3f59)
[WALMART][STORE1] GET /v3/items/RizwanX-3023 → 200 (tokens: 149, 500ms, cid=1d4affc1-cc45-417d-b2e9-c4ccdadea993)
[WALMART][STORE1] GET /v3/items/RizwanX-3029 → 200 (tokens: 149, 476ms, cid=944f20fb-d211-43dc-9051-8bc1a842f550)
[WALMART][STORE1] GET /v3/items/RizwanX-3021 → 200 (tokens: 149, 502ms, cid=d648728f-a49c-4c48-88d0-eb2df2eec0b8)
[WALMART][STORE1] GET /v3/items/RizwanX-3030 → 200 (tokens: 149, 515ms, cid=fdf856e8-030e-47d6-a50c-ef8fd3ccf1d4)
[WALMART][STORE1] GET /v3/items/RizwanX-303 → 200 (tokens: 149, 717ms, cid=794b4a08-6409-4bd7-a4f8-31badc1a8e4c)
[WALMART][STORE1] GET /v3/items/RizwanX-3054 → 200 (tokens: 149, 484ms, cid=3d7cf50b-710f-44fc-8ad9-f2ffc8f7c7e8)
[WALMART][STORE1] GET /v3/items/RizwanX-3060 → 200 (tokens: 149, 574ms, cid=d3925472-9ff8-429f-a6e1-1d6c8bb79469)
[WALMART][STORE1] GET /v3/items/RizwanX-3053 → 200 (tokens: 149, 546ms, cid=65cbdca8-4594-4402-8f0c-19a0005bb5c0)
[WALMART][STORE1] GET /v3/items/RizwanX-3058 → 200 (tokens: 149, 662ms, cid=b2c1abcc-d1f8-4665-895e-bb787650e324)
[WALMART][STORE1] GET /v3/items/RizwanX-3059 → 200 (tokens: 149, 612ms, cid=a66f9f24-9ad2-4eb3-b503-7818e7e20fd6)
[WALMART][STORE1] GET /v3/items/RizwanX-3074 → 200 (tokens: 148, 538ms, cid=aad5744f-6039-46f8-a64c-23f36a551528)
[WALMART][STORE1] GET /v3/items/RizwanX-3075 → 200 (tokens: 149, 507ms, cid=c6fc4239-8e4a-4001-8653-c1e04c98ebb8)
[WALMART][STORE1] GET /v3/items/RizwanX-3081 → 200 (tokens: 148, 494ms, cid=eb0af67e-64ae-4b5f-98d6-e4c513401f9c)
[WALMART][STORE1] GET /v3/items/RizwanX-3085 → 200 (tokens: 149, 642ms, cid=a5540403-3262-4b08-884c-ab2e639b8533)
[WALMART][STORE1] GET /v3/items/RizwanX-3082 → 200 (tokens: 149, 512ms, cid=2e7f9b36-e04b-4564-bf79-9ab274378903)
[WALMART][STORE1] GET /v3/items/RizwanX-312 → 200 (tokens: 149, 486ms, cid=60054d4e-a4a5-439d-acf6-456f0d3e9850)
[WALMART][STORE1] GET /v3/items/RizwanX-3118 → 200 (tokens: 149, 628ms, cid=84110acc-c0b7-4027-b2a0-5b2b399d6fae)
[WALMART][STORE1] GET /v3/items/RizwanX-3158 → 200 (tokens: 149, 554ms, cid=7a74b765-fd7f-49c7-8074-1c2b972bf168)
[WALMART][STORE1] GET /v3/items/RizwanX-317 → 200 (tokens: 149, 508ms, cid=f9ced205-76c9-409d-a0d1-53842f5e4031)
[WALMART][STORE1] GET /v3/items/RizwanX-3196 → 200 (tokens: 149, 494ms, cid=ec1a3598-5097-454f-8c4a-83ab8cbe643e)
[WALMART][STORE1] GET /v3/items/RizwanX-3173 → 200 (tokens: 149, 439ms, cid=ccdc678c-a3a4-42c4-af2b-be0d16a3caa0)
[WALMART][STORE1] GET /v3/items/RizwanX-3172 → 200 (tokens: 149, 499ms, cid=e6e87e97-f46d-458f-8583-4b450cfdf6ea)
[WALMART][STORE1] GET /v3/items/RizwanX-3212 → 200 (tokens: 149, 672ms, cid=47f920e9-ae02-4ea0-80e3-14d9a9043ba7)
[WALMART][STORE1] GET /v3/items/RizwanX-3203 → 200 (tokens: 149, 557ms, cid=c5749c1f-1dc1-47a0-a45b-b1292cc938f4)
[WALMART][STORE1] GET /v3/items/RizwanX-3202 → 200 (tokens: 149, 566ms, cid=16cf76cc-7acf-4149-b974-35a843e09a74)
[WALMART][STORE1] GET /v3/items/RizwanX-3208 → 200 (tokens: 149, 606ms, cid=7a4eb0cc-735f-470d-afd9-6471f56b4ec4)
[WALMART][STORE1] GET /v3/items/RizwanX-321 → 200 (tokens: 149, 484ms, cid=3f95ef56-541b-4158-a6eb-b37022db137b)
[WALMART][STORE1] GET /v3/items/RizwanX-3211 → 200 (tokens: 149, 508ms, cid=b1d433a7-a3d9-4392-93dc-ab55a9635174)
[WALMART][STORE1] GET /v3/items/RizwanX-3205 → 200 (tokens: 149, 547ms, cid=b3b3ecaa-e6d7-4c57-940b-7811c247c82e)
[WALMART][STORE1] GET /v3/items/RizwanX-3218 → 200 (tokens: 149, 531ms, cid=c59883f3-674a-4f34-8f84-efe36c6304b3)
[WALMART][STORE1] GET /v3/items/RizwanX-3214 → 200 (tokens: 149, 575ms, cid=822892cd-84cc-4ed1-9000-41543a2d800f)
[WALMART][STORE1] GET /v3/items/RizwanX-3220 → 200 (tokens: 149, 509ms, cid=b2490e8e-e17c-4ffa-afb7-b9b760471d16)
[WALMART][STORE1] GET /v3/items/RizwanX-3219 → 200 (tokens: 149, 506ms, cid=df6891fa-fcd4-4777-a89b-b917103ac3b4)
[WALMART][STORE1] GET /v3/items/RizwanX-3216 → 200 (tokens: 149, 601ms, cid=ba32aa7e-1ad3-4fd9-8373-20ebfbadb59d)
[WALMART][STORE1] GET /v3/items/RizwanX-3217 → 200 (tokens: 149, 502ms, cid=e7a90b1c-3bed-4d19-b594-702634647967)
[WALMART][STORE1] GET /v3/items/RizwanX-3225 → 200 (tokens: 149, 548ms, cid=3ae3a7e3-bb5a-4ff0-9586-d39e33deea86)
[WALMART][STORE1] GET /v3/items/RizwanX-3224 → 200 (tokens: 149, 472ms, cid=24259ca1-80e3-470e-86a4-1947024c2814)
[WALMART][STORE1] GET /v3/items/RizwanX-3230 → 200 (tokens: 149, 731ms, cid=2ad1138f-26fb-470d-81db-566df0d8c9fe)
[WALMART][STORE1] GET /v3/items/RizwanX-3231 → 200 (tokens: 149, 479ms, cid=77cebe39-9c1e-4c52-afc4-c2523be0445f)
[WALMART][STORE1] GET /v3/items/RizwanX-3229 → 200 (tokens: 149, 544ms, cid=92e7dbf4-f950-41c7-994f-681c28a71336)
[WALMART][STORE1] GET /v3/items/RizwanX-3223 → 200 (tokens: 147, 799ms, cid=b0fd5dcd-3596-4241-b050-9e22c9c52b5d)
[WALMART][STORE1] GET /v3/items/RizwanX-3242 → 200 (tokens: 149, 526ms, cid=1d664359-9777-421b-9413-705ac6f5653a)
[WALMART][STORE1] GET /v3/items/RizwanX-3247 → 200 (tokens: 149, 518ms, cid=e81a5336-1832-4692-8eb9-7475698b91d7)
[WALMART][STORE1] GET /v3/items/RizwanX-3237 → 200 (tokens: 149, 479ms, cid=996635a0-062b-402e-9c02-06900351f5f0)
[WALMART][STORE1] GET /v3/items/RizwanX-3236 → 200 (tokens: 149, 724ms, cid=c8185512-372a-4259-8b22-06b1753f8873)
[WALMART][STORE1] GET /v3/items/RizwanX-3248 → 200 (tokens: 149, 480ms, cid=4cefe33b-ba77-4eb6-b229-67f0a4068aeb)
[WALMART][STORE1] GET /v3/items/RizwanX-3253 → 200 (tokens: 149, 424ms, cid=4da72f08-7abf-48e1-938d-967a516130b8)
[WALMART][STORE1] GET /v3/items/RizwanX-3256 → 200 (tokens: 149, 584ms, cid=8f42d534-5917-48ff-b150-c52d14ef42b4)
[WALMART][STORE1] GET /v3/items/RizwanX-3264 → 200 (tokens: 149, 581ms, cid=173e4a3e-d014-4256-833c-25f416d8d215)
[WALMART][STORE1] GET /v3/items/RizwanX-3258 → 200 (tokens: 149, 473ms, cid=7c148642-44d4-4e4f-9e51-7eb9641566aa)
[WALMART][STORE1] GET /v3/items/RizwanX-3257 → 200 (tokens: 149, 483ms, cid=69a0fdfc-fd69-4257-bc05-aea880d4da9f)
[WALMART][STORE1] GET /v3/items/RizwanX-3250 → 200 (tokens: 149, 563ms, cid=0d5e7a01-9d05-4e11-b4fe-73d50e4ae9b9)
[WALMART][STORE1] GET /v3/items/RizwanX-3270 → 200 (tokens: 149, 461ms, cid=b570eb4b-4733-4217-ae13-73b5d24051d9)
[WALMART][STORE1] GET /v3/items/RizwanX-3268 → 200 (tokens: 148, 501ms, cid=bfbb7621-81e6-4d08-8b1e-33433418fc00)
[WALMART][STORE1] GET /v3/items/RizwanX-3269 → 200 (tokens: 148, 541ms, cid=d2292f91-369e-40c4-8588-e1382de3a095)
[WALMART][STORE1] GET /v3/items/RizwanX-3302 → 200 (tokens: 148, 619ms, cid=645ac992-8c46-4bb4-aa67-e144bbb2c1d1)
[WALMART][STORE1] GET /v3/items/RizwanX-3295 → 200 (tokens: 149, 566ms, cid=7fbdee2c-dd9d-46ab-8bab-09a474678ce2)
[WALMART][STORE1] GET /v3/items/RizwanX-332 → 200 (tokens: 149, 743ms, cid=0c4bdac3-fe7e-4e99-8fa1-34aa26347160)
[WALMART][STORE1] GET /v3/items/RizwanX-333 → 200 (tokens: 148, 498ms, cid=16d51243-db5a-4171-b90b-efd8e5acd8f6)
[WALMART][STORE1] GET /v3/items/RizwanX-341 → 200 (tokens: 149, 518ms, cid=b96f01e0-607d-4fd1-ab7f-11bfde7e0b9d)
[WALMART][STORE1] GET /v3/items/RizwanX-340 → 200 (tokens: 149, 502ms, cid=38630264-3db6-4327-9ee7-be3cb394de27)
[WALMART][STORE1] GET /v3/items/RizwanX-342 → 200 (tokens: 149, 534ms, cid=9ff8c7b0-1782-42df-a7ed-1dd31aea498e)
[WALMART][STORE1] GET /v3/items/RizwanX-3475 → 200 (tokens: 149, 511ms, cid=ca7bede3-917f-4798-b5a4-cb646930d516)
[WALMART][STORE1] GET /v3/items/RizwanX-3476 → 200 (tokens: 149, 559ms, cid=41def70d-6de8-4e59-aa3a-ad7c7e461015)
[WALMART][STORE1] GET /v3/items/RizwanX-3486 → 200 (tokens: 148, 655ms, cid=aebcac38-7968-4efc-b19f-08c64c6b4a83)
[WALMART][STORE1] GET /v3/items/RizwanX-3487 → 200 (tokens: 149, 525ms, cid=84ea22dd-6461-46e9-a346-d90e6aa58f78)
[WALMART][STORE1] GET /v3/items/RizwanX-3482 → 200 (tokens: 149, 552ms, cid=dfd4aa89-371e-439c-9033-ad738175e741)
[WALMART][STORE1] GET /v3/items/RizwanX-3483 → 200 (tokens: 149, 479ms, cid=5a19b273-9f34-459a-9837-11c532711977)
[WALMART][STORE1] GET /v3/items/RizwanX-3481 → 200 (tokens: 149, 529ms, cid=1e44d246-baca-4030-99ff-8d39cdc77b39)
[WALMART][STORE1] GET /v3/items/RizwanX-3492 → 200 (tokens: 149, 466ms, cid=b2f8f9d1-5e78-497b-a9f2-1168fdbd0372)
[WALMART][STORE1] GET /v3/items/RizwanX-3499 → 200 (tokens: 149, 460ms, cid=87b94f32-6712-4742-b327-dc2d2de56ba8)
[WALMART][STORE1] GET /v3/items/RizwanX-3494 → 200 (tokens: 149, 487ms, cid=eecf5932-7fcf-4121-b3a1-19ab5685bc8c)
[WALMART][STORE1] GET /v3/items/RizwanX-3501 → 200 (tokens: 149, 509ms, cid=ac5658f4-ed25-4dbf-a4ce-b1de659e4789)
[WALMART][STORE1] GET /v3/items/RizwanX-3495 → 200 (tokens: 149, 454ms, cid=a7bc9c2c-2bcc-4bad-9c63-0593187d93f1)
[WALMART][STORE1] GET /v3/items/RizwanX-350 → 200 (tokens: 149, 546ms, cid=cf6de191-da41-43ee-b92d-5dd4da912513)
[WALMART][STORE1] GET /v3/items/RizwanX-3533 → 200 (tokens: 149, 1126ms, cid=961ac73d-ba68-4a40-b544-2b6dbe10d1e3)
[WALMART][STORE1] GET /v3/items/RizwanX-356 → 200 (tokens: 149, 460ms, cid=e276a0af-10c0-4120-a7df-06fdca683756)
[WALMART][STORE1] GET /v3/items/RizwanX-3523 → 200 (tokens: 149, 634ms, cid=68d8c5b6-5b05-4f93-bbf7-290d7c965ada)
built 218 MPItems

[WALMART][STORE1] POST /v3/feeds?feedType=MP_MAINTENANCE → 200 (tokens: 9, 475ms, cid=9dd7617b-1335-48d3-af9c-c37267b99525)
  batch 1/5: feed 18C0DFE8B6C25FD6… (50) draining…
[WALMART][STORE1] GET /v3/feeds/18C0DFE8B6C25FD6A05C286F6F2E2CFC%40AX8BBgA?includeDetails=true → 200 (tokens: 832, 460ms, cid=91b21fbf-a6f5-4fac-b32b-1b32452bd53d)
[WALMART][STORE1] GET /v3/feeds/18C0DFE8B6C25FD6A05C286F6F2E2CFC%40AX8BBgA?includeDetails=true → 200 (tokens: 832, 238ms, cid=32459242-e5cb-4ea0-94ef-2b425bdaf743)
[WALMART][STORE1] GET /v3/feeds/18C0DFE8B6C25FD6A05C286F6F2E2CFC%40AX8BBgA?includeDetails=true → 200 (tokens: 832, 447ms, cid=a6a9171d-58ed-4a7e-92f2-abd251367811)
[WALMART][STORE1] GET /v3/feeds/18C0DFE8B6C25FD6A05C286F6F2E2CFC%40AX8BBgA?includeDetails=true → 200 (tokens: 832, 352ms, cid=d7334604-94b1-4e36-b2b5-4ed7b79d6567)
[WALMART][STORE1] GET /v3/feeds/18C0DFE8B6C25FD6A05C286F6F2E2CFC%40AX8BBgA?includeDetails=true → 200 (tokens: 832, 801ms, cid=6f674569-a968-43f4-a7a4-0a085fc05ca1)
[WALMART][STORE1] GET /v3/feeds/18C0DFE8B6C25FD6A05C286F6F2E2CFC%40AX8BBgA?includeDetails=true → 200 (tokens: 832, 331ms, cid=16bc0dce-b915-42fd-ac42-576e61acf24d)
[WALMART][STORE1] GET /v3/feeds/18C0DFE8B6C25FD6A05C286F6F2E2CFC%40AX8BBgA?includeDetails=true → 200 (tokens: 832, 243ms, cid=f2e6c405-43ca-4ebe-9262-87d5580df68a)
[WALMART][STORE1] GET /v3/feeds/18C0DFE8B6C25FD6A05C286F6F2E2CFC%40AX8BBgA?includeDetails=true → 200 (tokens: 832, 407ms, cid=1f3c50b0-39c9-4bb5-b924-4d2bc0f99266)
[WALMART][STORE1] GET /v3/feeds/18C0DFE8B6C25FD6A05C286F6F2E2CFC%40AX8BBgA?includeDetails=true → 200 (tokens: 832, 426ms, cid=571396cd-2350-4ccd-b45e-79da13778275)
[WALMART][STORE1] GET /v3/feeds/18C0DFE8B6C25FD6A05C286F6F2E2CFC%40AX8BBgA?includeDetails=true → 200 (tokens: 832, 356ms, cid=1d73a4ba-2b28-4342-9cda-2560ca602eca)
[WALMART][STORE1] GET /v3/feeds/18C0DFE8B6C25FD6A05C286F6F2E2CFC%40AX8BBgA?includeDetails=true → 200 (tokens: 832, 310ms, cid=e28e7440-5d84-405a-9796-0a24a8f55802)
[WALMART][STORE1] GET /v3/feeds/18C0DFE8B6C25FD6A05C286F6F2E2CFC%40AX8BBgA?includeDetails=true → 200 (tokens: 832, 326ms, cid=eea85a4d-6208-45e3-9ad8-e06480ced0f6)
[WALMART][STORE1] GET /v3/feeds/18C0DFE8B6C25FD6A05C286F6F2E2CFC%40AX8BBgA?includeDetails=true → 200 (tokens: 832, 261ms, cid=fc472356-2094-45fd-af30-9094e263e790)
[WALMART][STORE1] GET /v3/feeds/18C0DFE8B6C25FD6A05C286F6F2E2CFC%40AX8BBgA?includeDetails=true → 200 (tokens: 832, 222ms, cid=c4cb77ee-ba6e-4450-a4e7-51c16fab226d)
[WALMART][STORE1] GET /v3/feeds/18C0DFE8B6C25FD6A05C286F6F2E2CFC%40AX8BBgA?includeDetails=true → 200 (tokens: 832, 404ms, cid=47c5a508-41cf-4e01-9004-9f2269782fad)
[WALMART][STORE1] GET /v3/feeds/18C0DFE8B6C25FD6A05C286F6F2E2CFC%40AX8BBgA?includeDetails=true → 200 (tokens: 832, 357ms, cid=c2fde729-536f-4c51-a7f5-d2e245625b35)
[WALMART][STORE1] GET /v3/feeds/18C0DFE8B6C25FD6A05C286F6F2E2CFC%40AX8BBgA?includeDetails=true → 200 (tokens: 832, 688ms, cid=60b8f6ba-c8cb-409c-84a3-0a05cbb7e382)
[WALMART][STORE1] GET /v3/feeds/18C0DFE8B6C25FD6A05C286F6F2E2CFC%40AX8BBgA?includeDetails=true → 200 (tokens: 832, 393ms, cid=5b0fdf2e-3f0f-4bbc-9e01-2af16c788375)
[WALMART][STORE1] GET /v3/feeds/18C0DFE8B6C25FD6A05C286F6F2E2CFC%40AX8BBgA?includeDetails=true → 200 (tokens: 832, 325ms, cid=42be1c1c-12c7-4cd1-817c-36ffc0afd3c9)
[WALMART][STORE1] GET /v3/feeds/18C0DFE8B6C25FD6A05C286F6F2E2CFC%40AX8BBgA?includeDetails=true → 200 (tokens: 832, 352ms, cid=ce347c7f-c5d3-449f-bdea-76f7669e56b4)
[WALMART][STORE1] GET /v3/feeds/18C0DFE8B6C25FD6A05C286F6F2E2CFC%40AX8BBgA?includeDetails=true → 200 (tokens: 832, 515ms, cid=f4e08be4-e545-40a8-9121-f8e4761398bd)
[WALMART][STORE1] GET /v3/feeds/18C0DFE8B6C25FD6A05C286F6F2E2CFC%40AX8BBgA?includeDetails=true → 200 (tokens: 832, 428ms, cid=e6336b35-677a-40e1-a203-d51094c1dc0d)
[WALMART][STORE1] GET /v3/feeds/18C0DFE8B6C25FD6A05C286F6F2E2CFC%40AX8BBgA?includeDetails=true → 200 (tokens: 832, 409ms, cid=8cf6cd09-0d4e-442e-b1c5-069df51ff634)
[WALMART][STORE1] GET /v3/feeds/18C0DFE8B6C25FD6A05C286F6F2E2CFC%40AX8BBgA?includeDetails=true → 200 (tokens: 832, 464ms, cid=33727cd8-bed0-4180-ab3d-8046332b7052)
[WALMART][STORE1] GET /v3/feeds/18C0DFE8B6C25FD6A05C286F6F2E2CFC%40AX8BBgA?includeDetails=true → 200 (tokens: 832, 273ms, cid=24d161a7-2d4c-47d5-b8a8-302f740529b1)
[WALMART][STORE1] GET /v3/feeds/18C0DFE8B6C25FD6A05C286F6F2E2CFC%40AX8BBgA?includeDetails=true → 200 (tokens: 832, 495ms, cid=b502452b-edef-4bfd-bb8f-ef0f086d18ec)
[WALMART][STORE1] GET /v3/feeds/18C0DFE8B6C25FD6A05C286F6F2E2CFC%40AX8BBgA?includeDetails=true → 200 (tokens: 832, 423ms, cid=b38fc524-504e-4e2e-a952-0b659a339a86)
[WALMART][STORE1] GET /v3/feeds/18C0DFE8B6C25FD6A05C286F6F2E2CFC%40AX8BBgA?includeDetails=true → 200 (tokens: 832, 307ms, cid=c044eb8e-de6b-4b19-9f57-4ee1decc1979)
[WALMART][STORE1] GET /v3/feeds/18C0DFE8B6C25FD6A05C286F6F2E2CFC%40AX8BBgA?includeDetails=true → 200 (tokens: 832, 449ms, cid=48f675df-6287-406b-a578-e0f494c9b384)
[WALMART][STORE1] GET /v3/feeds/18C0DFE8B6C25FD6A05C286F6F2E2CFC%40AX8BBgA?includeDetails=true → 200 (tokens: 832, 452ms, cid=50abdea4-b526-4b59-919b-9ae003d90fcf)
[WALMART][STORE1] GET /v3/feeds/18C0DFE8B6C25FD6A05C286F6F2E2CFC%40AX8BBgA?includeDetails=true → 200 (tokens: 832, 259ms, cid=aaf71579-0c85-4518-b6cf-1657d1cc9d99)
[WALMART][STORE1] GET /v3/feeds/18C0DFE8B6C25FD6A05C286F6F2E2CFC%40AX8BBgA?includeDetails=true → 200 (tokens: 832, 384ms, cid=e709273f-acff-4180-b236-4b08a50652d5)
[WALMART][STORE1] GET /v3/feeds/18C0DFE8B6C25FD6A05C286F6F2E2CFC%40AX8BBgA?includeDetails=true → 200 (tokens: 832, 2338ms, cid=f3f88b85-15f6-46f1-9b66-57b42878bea6)
[WALMART][STORE1] GET /v3/feeds/18C0DFE8B6C25FD6A05C286F6F2E2CFC%40AX8BBgA?includeDetails=true → 200 (tokens: 832, 544ms, cid=96101558-abe3-412d-9f72-0ca1778a7d18)
[WALMART][STORE1] GET /v3/feeds/18C0DFE8B6C25FD6A05C286F6F2E2CFC%40AX8BBgA?includeDetails=true → 200 (tokens: 832, 453ms, cid=31fd0c70-8ad4-4999-b68d-31c6262e3e6f)
[WALMART][STORE1] GET /v3/feeds/18C0DFE8B6C25FD6A05C286F6F2E2CFC%40AX8BBgA?includeDetails=true → 200 (tokens: 832, 358ms, cid=1a5b43a1-edc3-437b-9b3d-83e7b798eb06)
[WALMART][STORE1] GET /v3/feeds/18C0DFE8B6C25FD6A05C286F6F2E2CFC%40AX8BBgA?includeDetails=true → 200 (tokens: 832, 974ms, cid=bcb2cc61-a4a9-4315-953b-7b1047928075)
[WALMART][STORE1] GET /v3/feeds/18C0DFE8B6C25FD6A05C286F6F2E2CFC%40AX8BBgA?includeDetails=true → 200 (tokens: 832, 392ms, cid=9ee7dae5-ed54-4e39-af7c-a1db75a86d66)
[WALMART][STORE1] GET /v3/feeds/18C0DFE8B6C25FD6A05C286F6F2E2CFC%40AX8BBgA?includeDetails=true → 200 (tokens: 832, 378ms, cid=897c39ac-9b08-421a-a14f-15d79d2b4980)
[WALMART][STORE1] GET /v3/feeds/18C0DFE8B6C25FD6A05C286F6F2E2CFC%40AX8BBgA?includeDetails=true → 200 (tokens: 832, 434ms, cid=cd6a29ac-b801-45c4-b53b-1a3dc93f4cae)
[WALMART][STORE1] GET /v3/feeds/18C0DFE8B6C25FD6A05C286F6F2E2CFC%40AX8BBgA?includeDetails=true → 200 (tokens: 832, 387ms, cid=7f890fac-f8e2-4c7c-8dd7-0bb663baadb7)
[WALMART][STORE1] GET /v3/feeds/18C0DFE8B6C25FD6A05C286F6F2E2CFC%40AX8BBgA?includeDetails=true → 200 (tokens: 832, 280ms, cid=0b81d933-fa69-4e9a-b804-6025ce44e55d)
[WALMART][STORE1] token issued, expires at 2026-07-10T08:45:47.578Z
[WALMART][STORE1] GET /v3/feeds/18C0DFE8B6C25FD6A05C286F6F2E2CFC%40AX8BBgA?includeDetails=true → 200 (tokens: 832, 428ms, cid=a8fef776-8d87-4078-b611-108e72fe0457)
[WALMART][STORE1] GET /v3/feeds/18C0DFE8B6C25FD6A05C286F6F2E2CFC%40AX8BBgA?includeDetails=true → 200 (tokens: 832, 405ms, cid=6e0463bb-3b88-4f9e-a633-c93694a3ec23)
[WALMART][STORE1] GET /v3/feeds/18C0DFE8B6C25FD6A05C286F6F2E2CFC%40AX8BBgA?includeDetails=true → 200 (tokens: 832, 345ms, cid=723f558f-cdad-450f-a5d6-28a6075457cf)
[WALMART][STORE1] GET /v3/feeds/18C0DFE8B6C25FD6A05C286F6F2E2CFC%40AX8BBgA?includeDetails=true → 200 (tokens: 832, 360ms, cid=5a9c9782-d77e-45cb-a66e-45e515c3bd5e)
[WALMART][STORE1] GET /v3/feeds/18C0DFE8B6C25FD6A05C286F6F2E2CFC%40AX8BBgA?includeDetails=true → 200 (tokens: 832, 334ms, cid=58f48cf0-0b1e-4b59-af25-5309f3b4f78e)
[WALMART][STORE1] GET /v3/feeds/18C0DFE8B6C25FD6A05C286F6F2E2CFC%40AX8BBgA?includeDetails=true → 200 (tokens: 832, 426ms, cid=3893aac9-b69e-4037-ba86-630925446d8c)
[WALMART][STORE1] GET /v3/feeds/18C0DFE8B6C25FD6A05C286F6F2E2CFC%40AX8BBgA?includeDetails=true → 200 (tokens: 832, 274ms, cid=b00a58e2-96a6-42ae-9678-776ef0c71e55)
[WALMART][STORE1] GET /v3/feeds/18C0DFE8B6C25FD6A05C286F6F2E2CFC%40AX8BBgA?includeDetails=true → 200 (tokens: 832, 492ms, cid=51b2872b-0848-4c46-8b0d-c9733a261b76)
[WALMART][STORE1] GET /v3/feeds/18C0DFE8B6C25FD6A05C286F6F2E2CFC%40AX8BBgA?includeDetails=true → 200 (tokens: 832, 405ms, cid=4fe080fe-01b6-45f3-a895-25ae4033a42e)
[WALMART][STORE1] GET /v3/feeds/18C0DFE8B6C25FD6A05C286F6F2E2CFC%40AX8BBgA?includeDetails=true → 200 (tokens: 832, 421ms, cid=e7ba8625-4d80-471d-a236-f8133d9835f0)
[WALMART][STORE1] GET /v3/feeds/18C0DFE8B6C25FD6A05C286F6F2E2CFC%40AX8BBgA?includeDetails=true → 200 (tokens: 832, 427ms, cid=4d84a89c-d3a9-478a-b02f-f71a29544706)
[WALMART][STORE1] GET /v3/feeds/18C0DFE8B6C25FD6A05C286F6F2E2CFC%40AX8BBgA?includeDetails=true → 200 (tokens: 832, 413ms, cid=21c67964-9bd7-42a3-96a8-9025c5e69194)
[WALMART][STORE1] GET /v3/feeds/18C0DFE8B6C25FD6A05C286F6F2E2CFC%40AX8BBgA?includeDetails=true → 200 (tokens: 832, 420ms, cid=ab976e37-8ded-4c6e-8882-1635eb46dd4b)
[WALMART][STORE1] GET /v3/feeds/18C0DFE8B6C25FD6A05C286F6F2E2CFC%40AX8BBgA?includeDetails=true → 200 (tokens: 832, 466ms, cid=fe9e47fe-1ff5-4313-a4ab-bee5f52b117c)
[WALMART][STORE1] GET /v3/feeds/18C0DFE8B6C25FD6A05C286F6F2E2CFC%40AX8BBgA?includeDetails=true → 200 (tokens: 832, 453ms, cid=cac9a0c9-089b-4524-92e1-ba0019568384)
[WALMART][STORE1] GET /v3/feeds/18C0DFE8B6C25FD6A05C286F6F2E2CFC%40AX8BBgA?includeDetails=true → 200 (tokens: 832, 473ms, cid=93af2f11-c161-4a93-90b2-3f06fbb77e57)
[WALMART][STORE1] GET /v3/feeds/18C0DFE8B6C25FD6A05C286F6F2E2CFC%40AX8BBgA?includeDetails=true → 200 (tokens: 832, 243ms, cid=e2a8a528-b37f-424a-b5d2-c7d84d67f53e)
  batch 1/5: INPROGRESS at budget — marked submitted
[WALMART][STORE1] POST /v3/feeds?feedType=MP_MAINTENANCE → 200 (tokens: 9, 290ms, cid=e0534ce6-6eb7-4ce5-a3ee-a3bbd7c8ad75)
  batch 2/5: feed 18C0E0BDE1B35C5D… (50) draining…
[WALMART][STORE1] GET /v3/feeds/18C0E0BDE1B35C5DAFC12F63E942FD50%40AX8BBgA?includeDetails=true → 200 (tokens: 832, 418ms, cid=d442098f-0397-4fc2-8fde-3100339717b4)
[WALMART][STORE1] GET /v3/feeds/18C0E0BDE1B35C5DAFC12F63E942FD50%40AX8BBgA?includeDetails=true → 200 (tokens: 832, 456ms, cid=f474159a-9d0d-4fd1-9104-9a03163bc41a)
[WALMART][STORE1] GET /v3/feeds/18C0E0BDE1B35C5DAFC12F63E942FD50%40AX8BBgA?includeDetails=true → 200 (tokens: 832, 396ms, cid=af81339e-2baf-443f-bacc-f1566acc6aa8)
[WALMART][STORE1] GET /v3/feeds/18C0E0BDE1B35C5DAFC12F63E942FD50%40AX8BBgA?includeDetails=true → 200 (tokens: 832, 382ms, cid=630985b1-5d02-43da-ad96-16e19bfde8a9)
[WALMART][STORE1] GET /v3/feeds/18C0E0BDE1B35C5DAFC12F63E942FD50%40AX8BBgA?includeDetails=true → 200 (tokens: 832, 443ms, cid=9ac52369-4a7e-4811-b6c9-bd0e47f995c4)
[WALMART][STORE1] GET /v3/feeds/18C0E0BDE1B35C5DAFC12F63E942FD50%40AX8BBgA?includeDetails=true → 200 (tokens: 832, 510ms, cid=dff2bab4-2096-4155-b27a-80aae419ee84)
[WALMART][STORE1] GET /v3/feeds/18C0E0BDE1B35C5DAFC12F63E942FD50%40AX8BBgA?includeDetails=true → 200 (tokens: 832, 504ms, cid=379f3d38-0fe8-4967-bafe-489063526ce5)
[WALMART][STORE1] GET /v3/feeds/18C0E0BDE1B35C5DAFC12F63E942FD50%40AX8BBgA?includeDetails=true → 200 (tokens: 832, 469ms, cid=7e193d42-d6b6-4608-9931-e5438207f75f)
[WALMART][STORE1] GET /v3/feeds/18C0E0BDE1B35C5DAFC12F63E942FD50%40AX8BBgA?includeDetails=true → 200 (tokens: 832, 492ms, cid=498ba7f1-f37f-4343-8eb7-fd45a7ea5094)
[WALMART][STORE1] GET /v3/feeds/18C0E0BDE1B35C5DAFC12F63E942FD50%40AX8BBgA?includeDetails=true → 200 (tokens: 832, 403ms, cid=3b84c67c-42ba-4775-bd94-42984b44b2e5)
[WALMART][STORE1] GET /v3/feeds/18C0E0BDE1B35C5DAFC12F63E942FD50%40AX8BBgA?includeDetails=true → 200 (tokens: 832, 371ms, cid=6b7c073f-70aa-4d8d-bcf7-f87d675139ab)
[WALMART][STORE1] GET /v3/feeds/18C0E0BDE1B35C5DAFC12F63E942FD50%40AX8BBgA?includeDetails=true → 200 (tokens: 832, 271ms, cid=e1f7c621-856f-407f-944b-df869512bc0e)
[WALMART][STORE1] GET /v3/feeds/18C0E0BDE1B35C5DAFC12F63E942FD50%40AX8BBgA?includeDetails=true → 200 (tokens: 832, 368ms, cid=bb44f27f-15c0-4f36-86c9-b38e2628ebaa)
[WALMART][STORE1] GET /v3/feeds/18C0E0BDE1B35C5DAFC12F63E942FD50%40AX8BBgA?includeDetails=true → 200 (tokens: 832, 267ms, cid=7baf40c7-236f-4226-9126-3784c23cc979)
[WALMART][STORE1] GET /v3/feeds/18C0E0BDE1B35C5DAFC12F63E942FD50%40AX8BBgA?includeDetails=true → 200 (tokens: 832, 346ms, cid=8beef896-22fa-4ce2-9d2a-7c4b9f8d5b31)
[WALMART][STORE1] GET /v3/feeds/18C0E0BDE1B35C5DAFC12F63E942FD50%40AX8BBgA?includeDetails=true → 200 (tokens: 832, 567ms, cid=bcbcf1df-fdca-4365-b060-24a38ca6b0cf)
[WALMART][STORE1] GET /v3/feeds/18C0E0BDE1B35C5DAFC12F63E942FD50%40AX8BBgA?includeDetails=true → 200 (tokens: 832, 441ms, cid=0b87c6ef-2e2c-43a1-9e5a-e18f3dd28b7c)
[WALMART][STORE1] GET /v3/feeds/18C0E0BDE1B35C5DAFC12F63E942FD50%40AX8BBgA?includeDetails=true → 200 (tokens: 832, 452ms, cid=687b59fb-ba57-400b-9cfb-0b60c7cfc103)
[WALMART][STORE1] GET /v3/feeds/18C0E0BDE1B35C5DAFC12F63E942FD50%40AX8BBgA?includeDetails=true → 200 (tokens: 832, 382ms, cid=3f259f03-05ad-42e5-918b-ba1da4cf0a86)
[WALMART][STORE1] GET /v3/feeds/18C0E0BDE1B35C5DAFC12F63E942FD50%40AX8BBgA?includeDetails=true → 200 (tokens: 832, 316ms, cid=47a6e547-1b21-4fad-be29-e72989f1cc2c)
[WALMART][STORE1] GET /v3/feeds/18C0E0BDE1B35C5DAFC12F63E942FD50%40AX8BBgA?includeDetails=true → 200 (tokens: 832, 238ms, cid=99e0e5f6-917d-46c0-974d-ace3c0e9f619)
[WALMART][STORE1] GET /v3/feeds/18C0E0BDE1B35C5DAFC12F63E942FD50%40AX8BBgA?includeDetails=true → 200 (tokens: 832, 511ms, cid=ecc21589-8271-44f8-bc9d-b5d2aa516565)
[WALMART][STORE1] GET /v3/feeds/18C0E0BDE1B35C5DAFC12F63E942FD50%40AX8BBgA?includeDetails=true → 200 (tokens: 832, 405ms, cid=8fa19d94-26c5-429a-af4d-055aa369ef2e)
[WALMART][STORE1] GET /v3/feeds/18C0E0BDE1B35C5DAFC12F63E942FD50%40AX8BBgA?includeDetails=true → 200 (tokens: 832, 623ms, cid=5fbba324-15c9-49eb-b48c-3076fd372abe)
[WALMART][STORE1] GET /v3/feeds/18C0E0BDE1B35C5DAFC12F63E942FD50%40AX8BBgA?includeDetails=true → 200 (tokens: 832, 355ms, cid=2a240cb0-0f1a-4570-80e8-d3d3cd05c663)
[WALMART][STORE1] GET /v3/feeds/18C0E0BDE1B35C5DAFC12F63E942FD50%40AX8BBgA?includeDetails=true → 200 (tokens: 832, 319ms, cid=279a0d20-0e10-4ecc-bb80-0e45986cd24f)
[WALMART][STORE1] GET /v3/feeds/18C0E0BDE1B35C5DAFC12F63E942FD50%40AX8BBgA?includeDetails=true → 200 (tokens: 832, 270ms, cid=f590fe9f-7bae-4d9b-8b71-fe504fa9a7e8)
[WALMART][STORE1] GET /v3/feeds/18C0E0BDE1B35C5DAFC12F63E942FD50%40AX8BBgA?includeDetails=true → 200 (tokens: 832, 354ms, cid=0756fb08-0e18-45ea-9d59-71e5f66f835a)
[WALMART][STORE1] GET /v3/feeds/18C0E0BDE1B35C5DAFC12F63E942FD50%40AX8BBgA?includeDetails=true → 200 (tokens: 832, 421ms, cid=d06af85b-448c-4dd2-afe7-dadf2e1a65f8)
[WALMART][STORE1] GET /v3/feeds/18C0E0BDE1B35C5DAFC12F63E942FD50%40AX8BBgA?includeDetails=true → 200 (tokens: 832, 323ms, cid=9823a54a-5a0b-4f8b-82d1-9f15b7a0716e)
[WALMART][STORE1] GET /v3/feeds/18C0E0BDE1B35C5DAFC12F63E942FD50%40AX8BBgA?includeDetails=true → 200 (tokens: 832, 429ms, cid=2ae4b48f-bdc3-4adb-bca1-75335444fec6)
[WALMART][STORE1] GET /v3/feeds/18C0E0BDE1B35C5DAFC12F63E942FD50%40AX8BBgA?includeDetails=true → 200 (tokens: 832, 540ms, cid=940580b3-7b45-4860-a0fa-17e57d328dc6)
[WALMART][STORE1] GET /v3/feeds/18C0E0BDE1B35C5DAFC12F63E942FD50%40AX8BBgA?includeDetails=true → 200 (tokens: 832, 269ms, cid=d0aa50e5-5fc1-4455-acb3-54a9d900c082)
[WALMART][STORE1] GET /v3/feeds/18C0E0BDE1B35C5DAFC12F63E942FD50%40AX8BBgA?includeDetails=true → 200 (tokens: 832, 417ms, cid=fbedf0e4-9d46-421f-bde3-68cdeae10e83)
[WALMART][STORE1] token issued, expires at 2026-07-10T08:58:57.669Z
[WALMART][STORE1] GET /v3/feeds/18C0E0BDE1B35C5DAFC12F63E942FD50%40AX8BBgA?includeDetails=true → 200 (tokens: 832, 577ms, cid=4f3e5504-e59a-4509-9934-73a894f25cde)
[WALMART][STORE1] GET /v3/feeds/18C0E0BDE1B35C5DAFC12F63E942FD50%40AX8BBgA?includeDetails=true → 200 (tokens: 832, 289ms, cid=d813dd10-1601-4d56-abed-db4078dd5859)
[WALMART][STORE1] GET /v3/feeds/18C0E0BDE1B35C5DAFC12F63E942FD50%40AX8BBgA?includeDetails=true → 200 (tokens: 832, 420ms, cid=e602b40b-2735-423b-8ac1-e184b4376499)
[WALMART][STORE1] GET /v3/feeds/18C0E0BDE1B35C5DAFC12F63E942FD50%40AX8BBgA?includeDetails=true → 200 (tokens: 832, 237ms, cid=d8eeff36-c8f8-46b3-8c6e-9a91794e7a78)
[WALMART][STORE1] GET /v3/feeds/18C0E0BDE1B35C5DAFC12F63E942FD50%40AX8BBgA?includeDetails=true → 200 (tokens: 832, 441ms, cid=6974d73c-87f8-49c5-b9c0-cbdaab58e8ac)
[WALMART][STORE1] GET /v3/feeds/18C0E0BDE1B35C5DAFC12F63E942FD50%40AX8BBgA?includeDetails=true → 200 (tokens: 832, 363ms, cid=9d1931f3-5aa4-4838-9dd0-57077bb6fab0)
[WALMART][STORE1] GET /v3/feeds/18C0E0BDE1B35C5DAFC12F63E942FD50%40AX8BBgA?includeDetails=true → 200 (tokens: 832, 459ms, cid=efc933c2-3e0c-4319-82a0-fea4a0093842)
[WALMART][STORE1] GET /v3/feeds/18C0E0BDE1B35C5DAFC12F63E942FD50%40AX8BBgA?includeDetails=true → 200 (tokens: 832, 579ms, cid=4fb6527e-eef5-4d6e-9487-d50373c384fe)
[WALMART][STORE1] GET /v3/feeds/18C0E0BDE1B35C5DAFC12F63E942FD50%40AX8BBgA?includeDetails=true → 200 (tokens: 832, 247ms, cid=f136af25-472b-4e8d-a790-396731b25b3d)
[WALMART][STORE1] GET /v3/feeds/18C0E0BDE1B35C5DAFC12F63E942FD50%40AX8BBgA?includeDetails=true → 200 (tokens: 832, 411ms, cid=ac665d86-f857-4e99-abd7-c9179dec0350)
[WALMART][STORE1] GET /v3/feeds/18C0E0BDE1B35C5DAFC12F63E942FD50%40AX8BBgA?includeDetails=true → 200 (tokens: 832, 282ms, cid=3d55bf99-7c59-4f3a-a544-cb122db57d1c)
[WALMART][STORE1] GET /v3/feeds/18C0E0BDE1B35C5DAFC12F63E942FD50%40AX8BBgA?includeDetails=true → 200 (tokens: 832, 415ms, cid=3213325d-b6f7-4a8f-9342-d8a5cd7a7e7f)
[WALMART][STORE1] GET /v3/feeds/18C0E0BDE1B35C5DAFC12F63E942FD50%40AX8BBgA?includeDetails=true → 200 (tokens: 832, 501ms, cid=89ee668c-9b00-40e4-9fca-9733a679a97c)
[WALMART][STORE1] GET /v3/feeds/18C0E0BDE1B35C5DAFC12F63E942FD50%40AX8BBgA?includeDetails=true → 200 (tokens: 832, 261ms, cid=2f4a851a-5834-4d06-bc4d-a4ce71a75573)
[WALMART][STORE1] GET /v3/feeds/18C0E0BDE1B35C5DAFC12F63E942FD50%40AX8BBgA?includeDetails=true → 200 (tokens: 832, 432ms, cid=212d3661-0e1a-4ddd-be56-18d0e683f5fc)
[WALMART][STORE1] GET /v3/feeds/18C0E0BDE1B35C5DAFC12F63E942FD50%40AX8BBgA?includeDetails=true → 200 (tokens: 832, 383ms, cid=3af7832d-2e38-4b4b-a7cb-ddc181c6af29)
[WALMART][STORE1] GET /v3/feeds/18C0E0BDE1B35C5DAFC12F63E942FD50%40AX8BBgA?includeDetails=true → 200 (tokens: 832, 342ms, cid=33cc67a6-8fad-49f7-adac-0c627374a5c2)
[WALMART][STORE1] GET /v3/feeds/18C0E0BDE1B35C5DAFC12F63E942FD50%40AX8BBgA?includeDetails=true → 200 (tokens: 832, 218ms, cid=d2b4d46b-b535-4f9d-bb9d-31088111597a)
[WALMART][STORE1] GET /v3/feeds/18C0E0BDE1B35C5DAFC12F63E942FD50%40AX8BBgA?includeDetails=true → 200 (tokens: 832, 222ms, cid=47912031-43a8-4b55-8770-cf7306f28ab9)
[WALMART][STORE1] GET /v3/feeds/18C0E0BDE1B35C5DAFC12F63E942FD50%40AX8BBgA?includeDetails=true → 200 (tokens: 832, 381ms, cid=b4c70299-180e-40b0-8602-ace3a15b2f26)
[WALMART][STORE1] GET /v3/feeds/18C0E0BDE1B35C5DAFC12F63E942FD50%40AX8BBgA?includeDetails=true → 200 (tokens: 832, 485ms, cid=138f4d42-f49f-4402-99a3-71bb30c9c0d3)
[WALMART][STORE1] GET /v3/feeds/18C0E0BDE1B35C5DAFC12F63E942FD50%40AX8BBgA?includeDetails=true → 200 (tokens: 832, 314ms, cid=318dae7e-217c-4973-b2da-cd6e6fed7c78)
[WALMART][STORE1] GET /v3/feeds/18C0E0BDE1B35C5DAFC12F63E942FD50%40AX8BBgA?includeDetails=true → 200 (tokens: 832, 348ms, cid=d8fa9d45-52dd-4ac8-8d5a-f73df7b861a5)
[WALMART][STORE1] GET /v3/feeds/18C0E0BDE1B35C5DAFC12F63E942FD50%40AX8BBgA?includeDetails=true → 200 (tokens: 832, 438ms, cid=bef4c247-140f-47c4-a535-6e5ff20a67fe)
[WALMART][STORE1] GET /v3/feeds/18C0E0BDE1B35C5DAFC12F63E942FD50%40AX8BBgA?includeDetails=true → 200 (tokens: 832, 465ms, cid=0fb29bd0-4e52-4fb7-b5a2-f2497eb3c0fa)
  batch 2/5: INPROGRESS at budget — marked submitted
[WALMART][STORE1] POST /v3/feeds?feedType=MP_MAINTENANCE → 200 (tokens: 9, 391ms, cid=ed576185-9e5b-4989-9149-3dcee8d25afb)
  batch 3/5: feed 18C0E19277495DF8… (50) draining…
[WALMART][STORE1] GET /v3/feeds/18C0E19277495DF8A0F201E133C6E765%40AX8BBgA?includeDetails=true → 200 (tokens: 832, 243ms, cid=b849bac0-4e20-4143-8a92-9ba57a8fdb09)
[WALMART][STORE1] GET /v3/feeds/18C0E19277495DF8A0F201E133C6E765%40AX8BBgA?includeDetails=true → 200 (tokens: 832, 243ms, cid=136bb2ff-0428-49c1-8ff0-09adfdc47bb5)
[WALMART][STORE1] GET /v3/feeds/18C0E19277495DF8A0F201E133C6E765%40AX8BBgA?includeDetails=true → 200 (tokens: 832, 256ms, cid=88729a56-9233-4847-9730-f308f248c8d4)
[WALMART][STORE1] GET /v3/feeds/18C0E19277495DF8A0F201E133C6E765%40AX8BBgA?includeDetails=true → 200 (tokens: 832, 269ms, cid=7a463aa9-2d34-4f43-90b2-3e5dcf2fb43f)
[WALMART][STORE1] GET /v3/feeds/18C0E19277495DF8A0F201E133C6E765%40AX8BBgA?includeDetails=true → 200 (tokens: 832, 325ms, cid=38220352-e46a-49fa-9517-c2b1b7bc0856)
[WALMART][STORE1] GET /v3/feeds/18C0E19277495DF8A0F201E133C6E765%40AX8BBgA?includeDetails=true → 200 (tokens: 832, 414ms, cid=16133746-5b42-4252-af1f-462ee79248c1)
[WALMART][STORE1] GET /v3/feeds/18C0E19277495DF8A0F201E133C6E765%40AX8BBgA?includeDetails=true → 200 (tokens: 832, 318ms, cid=fce139d2-e2a7-44be-a03e-6a668f699106)
[WALMART][STORE1] GET /v3/feeds/18C0E19277495DF8A0F201E133C6E765%40AX8BBgA?includeDetails=true → 200 (tokens: 832, 345ms, cid=ac08a7f9-2156-4c70-9348-7ef9cc719177)
[WALMART][STORE1] GET /v3/feeds/18C0E19277495DF8A0F201E133C6E765%40AX8BBgA?includeDetails=true → 200 (tokens: 832, 423ms, cid=bd676d25-3aaf-430e-8845-104dc0c5586c)
[WALMART][STORE1] GET /v3/feeds/18C0E19277495DF8A0F201E133C6E765%40AX8BBgA?includeDetails=true → 200 (tokens: 832, 335ms, cid=026b96fb-37fb-45a7-8308-22b2e03b9d40)
[WALMART][STORE1] GET /v3/feeds/18C0E19277495DF8A0F201E133C6E765%40AX8BBgA?includeDetails=true → 200 (tokens: 832, 298ms, cid=3b148881-fbb0-4c42-afe5-b6bfe7eaf177)
[WALMART][STORE1] GET /v3/feeds/18C0E19277495DF8A0F201E133C6E765%40AX8BBgA?includeDetails=true → 200 (tokens: 832, 356ms, cid=bd368dc5-233a-4f66-a16d-7d8b4d44859d)
[WALMART][STORE1] GET /v3/feeds/18C0E19277495DF8A0F201E133C6E765%40AX8BBgA?includeDetails=true → 200 (tokens: 832, 408ms, cid=4693c702-5e60-4a54-ab6b-5287b92e28e0)
[WALMART][STORE1] GET /v3/feeds/18C0E19277495DF8A0F201E133C6E765%40AX8BBgA?includeDetails=true → 200 (tokens: 832, 248ms, cid=9a732ca8-d73b-4492-8446-0450abb3008a)
[WALMART][STORE1] GET /v3/feeds/18C0E19277495DF8A0F201E133C6E765%40AX8BBgA?includeDetails=true → 200 (tokens: 832, 455ms, cid=92f32b25-6768-451a-b653-1fab7d32f28b)
[WALMART][STORE1] GET /v3/feeds/18C0E19277495DF8A0F201E133C6E765%40AX8BBgA?includeDetails=true → 200 (tokens: 832, 450ms, cid=dfd36283-5774-4878-a356-b1965b45db17)
[WALMART][STORE1] GET /v3/feeds/18C0E19277495DF8A0F201E133C6E765%40AX8BBgA?includeDetails=true → 200 (tokens: 832, 423ms, cid=9b1c3df8-3d15-4865-b992-2cbaf438198c)
[WALMART][STORE1] GET /v3/feeds/18C0E19277495DF8A0F201E133C6E765%40AX8BBgA?includeDetails=true → 200 (tokens: 832, 234ms, cid=0cf47a88-aab6-4b7e-8cf6-4c5b1f3075de)
[WALMART][STORE1] GET /v3/feeds/18C0E19277495DF8A0F201E133C6E765%40AX8BBgA?includeDetails=true → 200 (tokens: 832, 409ms, cid=1f58e2f0-2586-45e1-909d-4852dbfad1e8)
[WALMART][STORE1] GET /v3/feeds/18C0E19277495DF8A0F201E133C6E765%40AX8BBgA?includeDetails=true → 200 (tokens: 832, 408ms, cid=8e780e47-a30b-433d-872d-d0f590e67da5)
[WALMART][STORE1] GET /v3/feeds/18C0E19277495DF8A0F201E133C6E765%40AX8BBgA?includeDetails=true → 200 (tokens: 832, 396ms, cid=a94d286c-a58b-4560-91cf-905cbb427969)
[WALMART][STORE1] GET /v3/feeds/18C0E19277495DF8A0F201E133C6E765%40AX8BBgA?includeDetails=true → 200 (tokens: 832, 329ms, cid=d936d8f8-4f69-4ec0-a1c7-93bdce5efeab)
[WALMART][STORE1] GET /v3/feeds/18C0E19277495DF8A0F201E133C6E765%40AX8BBgA?includeDetails=true → 200 (tokens: 832, 349ms, cid=abec5833-3cf5-487f-82de-3bf80d9d7cca)
[WALMART][STORE1] GET /v3/feeds/18C0E19277495DF8A0F201E133C6E765%40AX8BBgA?includeDetails=true → 200 (tokens: 832, 376ms, cid=eff07c87-e32f-4f02-8650-2644f3abf10a)
[WALMART][STORE1] GET /v3/feeds/18C0E19277495DF8A0F201E133C6E765%40AX8BBgA?includeDetails=true → 200 (tokens: 832, 372ms, cid=f757d803-d1e5-4138-b6c8-783bbf275131)
[WALMART][STORE1] GET /v3/feeds/18C0E19277495DF8A0F201E133C6E765%40AX8BBgA?includeDetails=true → 200 (tokens: 832, 695ms, cid=43583ce9-7518-4ce9-9fc2-fcc7ca1633ae)
[WALMART][STORE1] token issued, expires at 2026-07-10T09:12:06.361Z
[WALMART][STORE1] GET /v3/feeds/18C0E19277495DF8A0F201E133C6E765%40AX8BBgA?includeDetails=true → 200 (tokens: 832, 353ms, cid=5d9969cc-9eb9-470a-994a-46e1308357a2)
[WALMART][STORE1] GET /v3/feeds/18C0E19277495DF8A0F201E133C6E765%40AX8BBgA?includeDetails=true → 200 (tokens: 832, 323ms, cid=5cb150b6-d8f6-4a8c-af33-f1ab7db0b9d2)
[WALMART][STORE1] GET /v3/feeds/18C0E19277495DF8A0F201E133C6E765%40AX8BBgA?includeDetails=true → 200 (tokens: 832, 558ms, cid=7639472b-ede0-4ab9-9cf7-5d5fbffc47ba)
[WALMART][STORE1] GET /v3/feeds/18C0E19277495DF8A0F201E133C6E765%40AX8BBgA?includeDetails=true → 200 (tokens: 832, 362ms, cid=28855a55-fd22-427f-a5da-5cfad64a5782)
[WALMART][STORE1] GET /v3/feeds/18C0E19277495DF8A0F201E133C6E765%40AX8BBgA?includeDetails=true → 200 (tokens: 832, 340ms, cid=9590e904-9441-4cea-b681-20e84f442e3c)
[WALMART][STORE1] GET /v3/feeds/18C0E19277495DF8A0F201E133C6E765%40AX8BBgA?includeDetails=true → 200 (tokens: 832, 357ms, cid=204677ab-c2f1-4070-9ede-bcd1482d6391)
[WALMART][STORE1] GET /v3/feeds/18C0E19277495DF8A0F201E133C6E765%40AX8BBgA?includeDetails=true → 200 (tokens: 832, 424ms, cid=c2fa09de-a683-4c48-9a18-2b46b6e54c04)
[WALMART][STORE1] GET /v3/feeds/18C0E19277495DF8A0F201E133C6E765%40AX8BBgA?includeDetails=true → 200 (tokens: 832, 372ms, cid=a3db925d-cad3-425f-8c09-770a94808c9e)
[WALMART][STORE1] GET /v3/feeds/18C0E19277495DF8A0F201E133C6E765%40AX8BBgA?includeDetails=true → 200 (tokens: 832, 408ms, cid=1e88f127-0be7-49ea-aad8-80539fc92eec)
[WALMART][STORE1] GET /v3/feeds/18C0E19277495DF8A0F201E133C6E765%40AX8BBgA?includeDetails=true → 200 (tokens: 832, 386ms, cid=c169a17c-4266-40e3-b73e-b2d263c591b2)
[WALMART][STORE1] GET /v3/feeds/18C0E19277495DF8A0F201E133C6E765%40AX8BBgA?includeDetails=true → 200 (tokens: 832, 376ms, cid=5ab046c9-7e88-43fd-ae66-97e08d97ee9d)
[WALMART][STORE1] GET /v3/feeds/18C0E19277495DF8A0F201E133C6E765%40AX8BBgA?includeDetails=true → 200 (tokens: 832, 562ms, cid=0d4b7d14-631c-4e65-8300-e491065b361c)
[WALMART][STORE1] GET /v3/feeds/18C0E19277495DF8A0F201E133C6E765%40AX8BBgA?includeDetails=true → 200 (tokens: 832, 519ms, cid=de010541-caa3-4fe3-81ea-19f02d8c5e33)
[WALMART][STORE1] GET /v3/feeds/18C0E19277495DF8A0F201E133C6E765%40AX8BBgA?includeDetails=true → 200 (tokens: 832, 422ms, cid=1ac990a9-1bca-46de-a249-5939317d2174)
[WALMART][STORE1] GET /v3/feeds/18C0E19277495DF8A0F201E133C6E765%40AX8BBgA?includeDetails=true → 200 (tokens: 832, 680ms, cid=1120a0db-6b90-44ea-8e1e-2ea7d3b7c36b)
[WALMART][STORE1] GET /v3/feeds/18C0E19277495DF8A0F201E133C6E765%40AX8BBgA?includeDetails=true → 200 (tokens: 832, 264ms, cid=d18367dd-2c0c-4dac-b79e-dc3cbf8f5f1b)
[WALMART][STORE1] GET /v3/feeds/18C0E19277495DF8A0F201E133C6E765%40AX8BBgA?includeDetails=true → 200 (tokens: 832, 387ms, cid=f1b455d1-ba28-4360-a97a-3de56038ab4a)
[WALMART][STORE1] GET /v3/feeds/18C0E19277495DF8A0F201E133C6E765%40AX8BBgA?includeDetails=true → 200 (tokens: 832, 351ms, cid=b7f71276-449f-43a5-9080-d694032ef7b4)
[WALMART][STORE1] GET /v3/feeds/18C0E19277495DF8A0F201E133C6E765%40AX8BBgA?includeDetails=true → 200 (tokens: 832, 408ms, cid=9713014d-4a57-466a-93a6-3f7447755ba8)
[WALMART][STORE1] GET /v3/feeds/18C0E19277495DF8A0F201E133C6E765%40AX8BBgA?includeDetails=true → 200 (tokens: 832, 351ms, cid=e0ca8752-7d24-4fdd-898e-71c38624712d)
[WALMART][STORE1] GET /v3/feeds/18C0E19277495DF8A0F201E133C6E765%40AX8BBgA?includeDetails=true → 200 (tokens: 832, 431ms, cid=facdfb6b-ae51-4698-b987-fe79a5239907)
[WALMART][STORE1] GET /v3/feeds/18C0E19277495DF8A0F201E133C6E765%40AX8BBgA?includeDetails=true → 200 (tokens: 832, 235ms, cid=7dcf7bac-78aa-4d61-8922-cd6b78ddc437)
[WALMART][STORE1] GET /v3/feeds/18C0E19277495DF8A0F201E133C6E765%40AX8BBgA?includeDetails=true → 200 (tokens: 832, 379ms, cid=a3b201f4-cfab-40a7-879c-d0a8d9581d79)
[WALMART][STORE1] GET /v3/feeds/18C0E19277495DF8A0F201E133C6E765%40AX8BBgA?includeDetails=true → 200 (tokens: 832, 445ms, cid=952156b2-671e-4ffd-9592-85861528765d)
[WALMART][STORE1] GET /v3/feeds/18C0E19277495DF8A0F201E133C6E765%40AX8BBgA?includeDetails=true → 200 (tokens: 832, 464ms, cid=9c5117a7-b301-4d9f-9359-eeb6684bc533)
[WALMART][STORE1] GET /v3/feeds/18C0E19277495DF8A0F201E133C6E765%40AX8BBgA?includeDetails=true → 200 (tokens: 832, 270ms, cid=3bdc2073-a5bb-4ed6-a0c6-b1729ed92d85)
[WALMART][STORE1] GET /v3/feeds/18C0E19277495DF8A0F201E133C6E765%40AX8BBgA?includeDetails=true → 200 (tokens: 832, 373ms, cid=0ac6040f-9c96-48b3-a5e0-51879f5acc6a)
[WALMART][STORE1] GET /v3/feeds/18C0E19277495DF8A0F201E133C6E765%40AX8BBgA?includeDetails=true → 200 (tokens: 832, 441ms, cid=1ab91814-18d1-4ab1-9631-3fff7bfd61c1)
[WALMART][STORE1] GET /v3/feeds/18C0E19277495DF8A0F201E133C6E765%40AX8BBgA?includeDetails=true → 200 (tokens: 832, 363ms, cid=9d6180b5-dbb9-4c1c-9113-f116bd483065)
[WALMART][STORE1] GET /v3/feeds/18C0E19277495DF8A0F201E133C6E765%40AX8BBgA?includeDetails=true → 200 (tokens: 832, 372ms, cid=50b24370-0c50-46d2-8590-cb00e6e2b334)
[WALMART][STORE1] GET /v3/feeds/18C0E19277495DF8A0F201E133C6E765%40AX8BBgA?includeDetails=true → 200 (tokens: 832, 381ms, cid=3dd19734-e5e5-466e-9ffb-70296f9d4181)
[WALMART][STORE1] GET /v3/feeds/18C0E19277495DF8A0F201E133C6E765%40AX8BBgA?includeDetails=true → 200 (tokens: 832, 447ms, cid=668a940c-5fd0-48e1-8006-7c7201e9e1bf)
[WALMART][STORE1] GET /v3/feeds/18C0E19277495DF8A0F201E133C6E765%40AX8BBgA?includeDetails=true → 200 (tokens: 832, 440ms, cid=8d348ab1-bd26-4a77-9855-66dec9a3f502)
  batch 3/5: INPROGRESS at budget — marked submitted
[WALMART][STORE1] POST /v3/feeds?feedType=MP_MAINTENANCE → 200 (tokens: 9, 285ms, cid=81cf149d-432a-47a2-80a1-0080dfa1eb32)
  batch 4/5: feed 18C0E266D5525B99… (50) draining…
[WALMART][STORE1] GET /v3/feeds/18C0E266D5525B99B84DC290A940D965%40AX8BBgA?includeDetails=true → 200 (tokens: 832, 458ms, cid=09f1e4ba-b25b-4c3a-94a3-a92bb5cea86b)
[WALMART][STORE1] GET /v3/feeds/18C0E266D5525B99B84DC290A940D965%40AX8BBgA?includeDetails=true → 200 (tokens: 832, 390ms, cid=7374303c-90d8-4b9f-84fa-f4c09a7b80a7)
[WALMART][STORE1] GET /v3/feeds/18C0E266D5525B99B84DC290A940D965%40AX8BBgA?includeDetails=true → 200 (tokens: 832, 270ms, cid=02913ce0-02b2-4b36-aae4-85d34ebf28d1)
[WALMART][STORE1] GET /v3/feeds/18C0E266D5525B99B84DC290A940D965%40AX8BBgA?includeDetails=true → 200 (tokens: 832, 439ms, cid=c9de78a2-03fc-434b-9d73-410f79870dd3)
[WALMART][STORE1] GET /v3/feeds/18C0E266D5525B99B84DC290A940D965%40AX8BBgA?includeDetails=true → 200 (tokens: 832, 500ms, cid=b47bfd4f-db72-4bf4-92cc-5ec6a46d33c7)
[WALMART][STORE1] GET /v3/feeds/18C0E266D5525B99B84DC290A940D965%40AX8BBgA?includeDetails=true → 200 (tokens: 832, 412ms, cid=95c3b486-3841-47cb-b3cd-292201a112c9)
[WALMART][STORE1] GET /v3/feeds/18C0E266D5525B99B84DC290A940D965%40AX8BBgA?includeDetails=true → 200 (tokens: 832, 339ms, cid=e16a5baa-4ec2-4e3e-9652-c7925dcada50)
[WALMART][STORE1] GET /v3/feeds/18C0E266D5525B99B84DC290A940D965%40AX8BBgA?includeDetails=true → 200 (tokens: 832, 445ms, cid=09eef165-c4a8-4b01-a7c7-b963927f8481)
[WALMART][STORE1] GET /v3/feeds/18C0E266D5525B99B84DC290A940D965%40AX8BBgA?includeDetails=true → 200 (tokens: 832, 302ms, cid=e9a56d03-d2f1-41d5-b3fc-3b9c2bf98095)
[WALMART][STORE1] GET /v3/feeds/18C0E266D5525B99B84DC290A940D965%40AX8BBgA?includeDetails=true → 200 (tokens: 832, 297ms, cid=3d27bd9b-ec06-4d9e-a4fb-b6ce564f4a65)
[WALMART][STORE1] GET /v3/feeds/18C0E266D5525B99B84DC290A940D965%40AX8BBgA?includeDetails=true → 200 (tokens: 832, 376ms, cid=3071ce0c-912a-4734-89ef-2bce8ac05285)
[WALMART][STORE1] GET /v3/feeds/18C0E266D5525B99B84DC290A940D965%40AX8BBgA?includeDetails=true → 200 (tokens: 832, 305ms, cid=c7f51adb-3a67-4b35-894e-a5337a8a151e)
[WALMART][STORE1] GET /v3/feeds/18C0E266D5525B99B84DC290A940D965%40AX8BBgA?includeDetails=true → 200 (tokens: 832, 320ms, cid=c9a310a8-3b1a-4616-b29d-53d258b69296)
[WALMART][STORE1] GET /v3/feeds/18C0E266D5525B99B84DC290A940D965%40AX8BBgA?includeDetails=true → 200 (tokens: 832, 407ms, cid=703157eb-6cb5-4708-8837-1a4ab3a87f89)
[WALMART][STORE1] GET /v3/feeds/18C0E266D5525B99B84DC290A940D965%40AX8BBgA?includeDetails=true → 200 (tokens: 832, 345ms, cid=8824309e-d218-45e8-a375-60866682abf9)
[WALMART][STORE1] GET /v3/feeds/18C0E266D5525B99B84DC290A940D965%40AX8BBgA?includeDetails=true → 200 (tokens: 832, 445ms, cid=4c0a1c90-dfc7-40e7-bf7d-0deb70360565)
[WALMART][STORE1] GET /v3/feeds/18C0E266D5525B99B84DC290A940D965%40AX8BBgA?includeDetails=true → 200 (tokens: 832, 653ms, cid=ed57443f-2832-4cdb-91f3-cd699f9a8d9b)
[WALMART][STORE1] GET /v3/feeds/18C0E266D5525B99B84DC290A940D965%40AX8BBgA?includeDetails=true → 200 (tokens: 832, 402ms, cid=c311d9c4-383e-4c64-93db-3a1a46046052)
[WALMART][STORE1] token issued, expires at 2026-07-10T09:25:16.186Z
[WALMART][STORE1] GET /v3/feeds/18C0E266D5525B99B84DC290A940D965%40AX8BBgA?includeDetails=true → 200 (tokens: 832, 360ms, cid=aaf2b0bc-6c7f-4fc6-8086-734c36696a1c)
[WALMART][STORE1] GET /v3/feeds/18C0E266D5525B99B84DC290A940D965%40AX8BBgA?includeDetails=true → 200 (tokens: 832, 442ms, cid=08de1d72-8469-48f7-be87-8a0f62d2883f)
[WALMART][STORE1] GET /v3/feeds/18C0E266D5525B99B84DC290A940D965%40AX8BBgA?includeDetails=true → 200 (tokens: 832, 481ms, cid=97c42c2f-a4b7-4359-b12c-a7b8ff224eb1)
[WALMART][STORE1] GET /v3/feeds/18C0E266D5525B99B84DC290A940D965%40AX8BBgA?includeDetails=true → 200 (tokens: 832, 510ms, cid=81f54c6a-cb52-4a33-901e-d632668763b8)
[WALMART][STORE1] GET /v3/feeds/18C0E266D5525B99B84DC290A940D965%40AX8BBgA?includeDetails=true → 200 (tokens: 832, 299ms, cid=64091524-bc26-4e33-8563-43ab5f37b25a)
[WALMART][STORE1] GET /v3/feeds/18C0E266D5525B99B84DC290A940D965%40AX8BBgA?includeDetails=true → 200 (tokens: 832, 416ms, cid=e33ad7a4-4700-4fd2-98d8-80dfb958cea7)
[WALMART][STORE1] GET /v3/feeds/18C0E266D5525B99B84DC290A940D965%40AX8BBgA?includeDetails=true → 200 (tokens: 832, 477ms, cid=81a68de9-4ec6-47ba-9956-f58397473e55)
[WALMART][STORE1] GET /v3/feeds/18C0E266D5525B99B84DC290A940D965%40AX8BBgA?includeDetails=true → 200 (tokens: 832, 359ms, cid=623887a6-229d-4092-a872-d8c93c7d59b5)
[WALMART][STORE1] GET /v3/feeds/18C0E266D5525B99B84DC290A940D965%40AX8BBgA?includeDetails=true → 200 (tokens: 832, 387ms, cid=f08a2906-0f91-4e27-b754-b2c519a87dd7)
[WALMART][STORE1] GET /v3/feeds/18C0E266D5525B99B84DC290A940D965%40AX8BBgA?includeDetails=true → 200 (tokens: 832, 303ms, cid=a12cfbc2-e363-4323-8535-aed673a18871)
[WALMART][STORE1] GET /v3/feeds/18C0E266D5525B99B84DC290A940D965%40AX8BBgA?includeDetails=true → 200 (tokens: 832, 240ms, cid=02c62a8c-f598-47f1-aa7c-e4f8f83e25fd)
[WALMART][STORE1] GET /v3/feeds/18C0E266D5525B99B84DC290A940D965%40AX8BBgA?includeDetails=true → 200 (tokens: 832, 389ms, cid=7d1da5fe-51b7-4467-8e0e-78354c48b4bf)
[WALMART][STORE1] GET /v3/feeds/18C0E266D5525B99B84DC290A940D965%40AX8BBgA?includeDetails=true → 200 (tokens: 832, 411ms, cid=c31b6337-6d3d-4184-bac7-65737890766c)
[WALMART][STORE1] GET /v3/feeds/18C0E266D5525B99B84DC290A940D965%40AX8BBgA?includeDetails=true → 200 (tokens: 832, 439ms, cid=8edf1687-7952-4b17-b440-f443e4a5eeaf)
[WALMART][STORE1] GET /v3/feeds/18C0E266D5525B99B84DC290A940D965%40AX8BBgA?includeDetails=true → 200 (tokens: 832, 395ms, cid=8cc46c40-f5be-4c90-a30d-65c65af495a8)
[WALMART][STORE1] GET /v3/feeds/18C0E266D5525B99B84DC290A940D965%40AX8BBgA?includeDetails=true → 200 (tokens: 832, 408ms, cid=4ae4c529-8a92-4262-889e-b9f97e1e9511)
[WALMART][STORE1] GET /v3/feeds/18C0E266D5525B99B84DC290A940D965%40AX8BBgA?includeDetails=true → 200 (tokens: 832, 465ms, cid=f11dab4f-083c-44a7-b6a9-2e184176fa5e)
[WALMART][STORE1] GET /v3/feeds/18C0E266D5525B99B84DC290A940D965%40AX8BBgA?includeDetails=true → 200 (tokens: 832, 392ms, cid=05f13e29-53d8-4434-b763-ec692e999a34)
[WALMART][STORE1] GET /v3/feeds/18C0E266D5525B99B84DC290A940D965%40AX8BBgA?includeDetails=true → 200 (tokens: 832, 352ms, cid=d8c89563-c2a7-46c7-9077-f8964f65567b)
[WALMART][STORE1] GET /v3/feeds/18C0E266D5525B99B84DC290A940D965%40AX8BBgA?includeDetails=true → 200 (tokens: 832, 558ms, cid=2891bb7a-4bcd-4d0d-a1ac-89a72e50bf8f)
[WALMART][STORE1] GET /v3/feeds/18C0E266D5525B99B84DC290A940D965%40AX8BBgA?includeDetails=true → 200 (tokens: 832, 347ms, cid=9b91b6b4-84a4-427b-83ae-f872133628db)
[WALMART][STORE1] GET /v3/feeds/18C0E266D5525B99B84DC290A940D965%40AX8BBgA?includeDetails=true → 200 (tokens: 832, 393ms, cid=f7e63a8b-1232-4e7b-8922-e50dc733cab6)
[WALMART][STORE1] GET /v3/feeds/18C0E266D5525B99B84DC290A940D965%40AX8BBgA?includeDetails=true → 200 (tokens: 832, 401ms, cid=f9fffef1-0e3f-445f-8f63-626bf53295f7)
[WALMART][STORE1] GET /v3/feeds/18C0E266D5525B99B84DC290A940D965%40AX8BBgA?includeDetails=true → 200 (tokens: 832, 304ms, cid=78b10b92-1732-4bbf-b69d-134cb5af8544)
[WALMART][STORE1] GET /v3/feeds/18C0E266D5525B99B84DC290A940D965%40AX8BBgA?includeDetails=true → 200 (tokens: 832, 430ms, cid=f05e5070-5fd2-4f52-a0ed-4e195297bbae)
[WALMART][STORE1] GET /v3/feeds/18C0E266D5525B99B84DC290A940D965%40AX8BBgA?includeDetails=true → 200 (tokens: 832, 304ms, cid=5396128f-942d-45d5-bfb4-ba58bee0f33c)
[WALMART][STORE1] GET /v3/feeds/18C0E266D5525B99B84DC290A940D965%40AX8BBgA?includeDetails=true → 200 (tokens: 832, 433ms, cid=4bc4c347-f26f-4a99-8da3-197d7aec06ed)
[WALMART][STORE1] GET /v3/feeds/18C0E266D5525B99B84DC290A940D965%40AX8BBgA?includeDetails=true → 200 (tokens: 832, 384ms, cid=f326cbc4-8daf-4de2-a3dd-2a10bd757c7a)
[WALMART][STORE1] GET /v3/feeds/18C0E266D5525B99B84DC290A940D965%40AX8BBgA?includeDetails=true → 200 (tokens: 832, 253ms, cid=b45a61f7-cae0-44ca-9072-b32084dbc6e2)
[WALMART][STORE1] GET /v3/feeds/18C0E266D5525B99B84DC290A940D965%40AX8BBgA?includeDetails=true → 200 (tokens: 832, 394ms, cid=df1aff4f-571f-49b2-a1a1-925a370454c5)
[WALMART][STORE1] GET /v3/feeds/18C0E266D5525B99B84DC290A940D965%40AX8BBgA?includeDetails=true → 200 (tokens: 832, 249ms, cid=69c4e855-9b61-4bda-8103-e2a385a8b763)
[WALMART][STORE1] GET /v3/feeds/18C0E266D5525B99B84DC290A940D965%40AX8BBgA?includeDetails=true → 200 (tokens: 832, 565ms, cid=6a218811-3aba-4491-92a0-123c0ac97ca2)
[WALMART][STORE1] GET /v3/feeds/18C0E266D5525B99B84DC290A940D965%40AX8BBgA?includeDetails=true → 200 (tokens: 832, 385ms, cid=4737a0d1-ba0c-4185-800f-9262881a9e3b)
[WALMART][STORE1] GET /v3/feeds/18C0E266D5525B99B84DC290A940D965%40AX8BBgA?includeDetails=true → 200 (tokens: 832, 545ms, cid=539dfa20-ceda-448e-aba7-e214eea9e75d)
[WALMART][STORE1] GET /v3/feeds/18C0E266D5525B99B84DC290A940D965%40AX8BBgA?includeDetails=true → 200 (tokens: 832, 405ms, cid=6d4e4607-dd81-4d10-9503-674c49118cd0)
[WALMART][STORE1] GET /v3/feeds/18C0E266D5525B99B84DC290A940D965%40AX8BBgA?includeDetails=true → 200 (tokens: 832, 413ms, cid=ba84eece-48b9-4457-bc5b-982ec57d6002)
[WALMART][STORE1] GET /v3/feeds/18C0E266D5525B99B84DC290A940D965%40AX8BBgA?includeDetails=true → 200 (tokens: 832, 417ms, cid=1eb9fccf-b610-404d-97b3-90ae1e044c49)
[WALMART][STORE1] GET /v3/feeds/18C0E266D5525B99B84DC290A940D965%40AX8BBgA?includeDetails=true → 200 (tokens: 832, 234ms, cid=095822c0-84c1-44b1-9b2e-1935c66ba8c9)
[WALMART][STORE1] GET /v3/feeds/18C0E266D5525B99B84DC290A940D965%40AX8BBgA?includeDetails=true → 200 (tokens: 832, 264ms, cid=1a054b74-ddac-4ef5-9aad-acb5f3312586)
[WALMART][STORE1] GET /v3/feeds/18C0E266D5525B99B84DC290A940D965%40AX8BBgA?includeDetails=true → 200 (tokens: 832, 376ms, cid=42478069-7277-428f-93f6-5d3db42cee09)
[WALMART][STORE1] GET /v3/feeds/18C0E266D5525B99B84DC290A940D965%40AX8BBgA?includeDetails=true → 200 (tokens: 832, 372ms, cid=37918347-3729-47b6-9595-ee29fac0dd98)
  batch 4/5: INPROGRESS at budget — marked submitted
[WALMART][STORE1] POST /v3/feeds?feedType=MP_MAINTENANCE → 200 (tokens: 9, 366ms, cid=e3b1b7c7-158e-4dba-b81a-dd835c03de3f)
  batch 5/5: feed 18C0E33B4E1753CC… (18) draining…
[WALMART][STORE1] GET /v3/feeds/18C0E33B4E1753CCB2916F80D56100FD%40AX8BBgA?includeDetails=true → 200 (tokens: 832, 626ms, cid=9ac49f2d-757e-4b76-9fc1-7956182b7d48)
[WALMART][STORE1] GET /v3/feeds/18C0E33B4E1753CCB2916F80D56100FD%40AX8BBgA?includeDetails=true → 200 (tokens: 832, 390ms, cid=7f735a05-bb94-48a5-824c-62d9b062eef1)
[WALMART][STORE1] GET /v3/feeds/18C0E33B4E1753CCB2916F80D56100FD%40AX8BBgA?includeDetails=true → 200 (tokens: 832, 360ms, cid=faf116a5-77de-49fb-aaf7-145f1e92acf3)
[WALMART][STORE1] GET /v3/feeds/18C0E33B4E1753CCB2916F80D56100FD%40AX8BBgA?includeDetails=true → 200 (tokens: 832, 473ms, cid=58ee8dc7-5b93-46cb-b7db-cb539a515f93)
[WALMART][STORE1] GET /v3/feeds/18C0E33B4E1753CCB2916F80D56100FD%40AX8BBgA?includeDetails=true → 200 (tokens: 832, 450ms, cid=59251055-c95e-4d70-8c8c-5b7d6a694f8e)
[WALMART][STORE1] GET /v3/feeds/18C0E33B4E1753CCB2916F80D56100FD%40AX8BBgA?includeDetails=true → 200 (tokens: 832, 267ms, cid=5ed23c14-b554-4210-a88e-f9727dff08bb)
[WALMART][STORE1] GET /v3/feeds/18C0E33B4E1753CCB2916F80D56100FD%40AX8BBgA?includeDetails=true → 200 (tokens: 832, 388ms, cid=d0ca33a1-2e94-4a05-a3f8-8f6a2ee6562e)
[WALMART][STORE1] GET /v3/feeds/18C0E33B4E1753CCB2916F80D56100FD%40AX8BBgA?includeDetails=true → 200 (tokens: 832, 342ms, cid=77925483-5a8a-4bf8-bd76-2ea078e064d5)
[WALMART][STORE1] GET /v3/feeds/18C0E33B4E1753CCB2916F80D56100FD%40AX8BBgA?includeDetails=true → 200 (tokens: 832, 403ms, cid=5dd12879-6414-4f2b-b7ea-27eb6396a596)
[WALMART][STORE1] GET /v3/feeds/18C0E33B4E1753CCB2916F80D56100FD%40AX8BBgA?includeDetails=true → 200 (tokens: 832, 306ms, cid=d8161eac-efc8-413e-ae02-4216c5547559)
[WALMART][STORE1] token issued, expires at 2026-07-10T09:38:25.724Z
[WALMART][STORE1] GET /v3/feeds/18C0E33B4E1753CCB2916F80D56100FD%40AX8BBgA?includeDetails=true → 200 (tokens: 832, 455ms, cid=944497e7-8e06-421c-93fc-0ed9bcaa7797)
[WALMART][STORE1] GET /v3/feeds/18C0E33B4E1753CCB2916F80D56100FD%40AX8BBgA?includeDetails=true → 200 (tokens: 832, 381ms, cid=5c4ac80c-69ca-4b46-8f99-b1f5d20e4593)
[WALMART][STORE1] GET /v3/feeds/18C0E33B4E1753CCB2916F80D56100FD%40AX8BBgA?includeDetails=true → 200 (tokens: 832, 504ms, cid=74fd13b7-63aa-4ebf-b4d6-56e3afaa9ca1)
[WALMART][STORE1] GET /v3/feeds/18C0E33B4E1753CCB2916F80D56100FD%40AX8BBgA?includeDetails=true → 200 (tokens: 832, 555ms, cid=ef1eab04-44db-4a3d-b747-346987d3b15e)
[WALMART][STORE1] GET /v3/feeds/18C0E33B4E1753CCB2916F80D56100FD%40AX8BBgA?includeDetails=true → 200 (tokens: 832, 245ms, cid=646c100e-5200-4221-b388-7c1a8fe0e8b3)
[WALMART][STORE1] GET /v3/feeds/18C0E33B4E1753CCB2916F80D56100FD%40AX8BBgA?includeDetails=true → 200 (tokens: 832, 548ms, cid=b588dce0-5f22-4b33-9b99-d43f4dc9e9b2)
[WALMART][STORE1] GET /v3/feeds/18C0E33B4E1753CCB2916F80D56100FD%40AX8BBgA?includeDetails=true → 200 (tokens: 832, 447ms, cid=d9a3798a-fdf5-4cc6-aead-eb132e590fd8)
[WALMART][STORE1] GET /v3/feeds/18C0E33B4E1753CCB2916F80D56100FD%40AX8BBgA?includeDetails=true → 200 (tokens: 832, 391ms, cid=fae74415-39e0-4cb2-a8b9-5b4f24eaff6d)
[WALMART][STORE1] GET /v3/feeds/18C0E33B4E1753CCB2916F80D56100FD%40AX8BBgA?includeDetails=true → 200 (tokens: 832, 415ms, cid=84e5ec9b-e017-4c58-844f-7d3ffa276c74)
[WALMART][STORE1] GET /v3/feeds/18C0E33B4E1753CCB2916F80D56100FD%40AX8BBgA?includeDetails=true → 200 (tokens: 832, 265ms, cid=c6a1be39-f43c-4afd-8d6c-fd3d7e4cc0c4)
[WALMART][STORE1] GET /v3/feeds/18C0E33B4E1753CCB2916F80D56100FD%40AX8BBgA?includeDetails=true → 200 (tokens: 832, 422ms, cid=d32141c2-2bbf-4e32-8017-9055b1aa93d8)
[WALMART][STORE1] GET /v3/feeds/18C0E33B4E1753CCB2916F80D56100FD%40AX8BBgA?includeDetails=true → 200 (tokens: 832, 358ms, cid=78be978c-8699-4174-ae3f-418151370a10)
[WALMART][STORE1] GET /v3/feeds/18C0E33B4E1753CCB2916F80D56100FD%40AX8BBgA?includeDetails=true → 200 (tokens: 832, 311ms, cid=defd4b21-0608-4e9c-8e56-c0314adb0f5f)
[WALMART][STORE1] GET /v3/feeds/18C0E33B4E1753CCB2916F80D56100FD%40AX8BBgA?includeDetails=true → 200 (tokens: 832, 373ms, cid=3250d2f9-5ebf-488c-ad73-c9a4be4c0ded)
[WALMART][STORE1] GET /v3/feeds/18C0E33B4E1753CCB2916F80D56100FD%40AX8BBgA?includeDetails=true → 200 (tokens: 832, 281ms, cid=3382d98c-fba5-4f1b-a945-49f23ea668c9)
[WALMART][STORE1] GET /v3/feeds/18C0E33B4E1753CCB2916F80D56100FD%40AX8BBgA?includeDetails=true → 200 (tokens: 832, 423ms, cid=9b5261d0-c82a-4e09-933b-271573514d96)
[WALMART][STORE1] GET /v3/feeds/18C0E33B4E1753CCB2916F80D56100FD%40AX8BBgA?includeDetails=true → 200 (tokens: 832, 426ms, cid=cadc1ff6-9cf2-432a-9d16-53b6cf09c242)
[WALMART][STORE1] GET /v3/feeds/18C0E33B4E1753CCB2916F80D56100FD%40AX8BBgA?includeDetails=true → 200 (tokens: 832, 321ms, cid=b9cf717d-47fc-4e93-bd46-5831939b4c7c)
[WALMART][STORE1] GET /v3/feeds/18C0E33B4E1753CCB2916F80D56100FD%40AX8BBgA?includeDetails=true → 200 (tokens: 832, 366ms, cid=bb581307-adf7-492a-947b-e477c839013b)
[WALMART][STORE1] GET /v3/feeds/18C0E33B4E1753CCB2916F80D56100FD%40AX8BBgA?includeDetails=true → 200 (tokens: 832, 303ms, cid=770764f2-c7ba-4aeb-bab9-17fa9389b1a7)
[WALMART][STORE1] GET /v3/feeds/18C0E33B4E1753CCB2916F80D56100FD%40AX8BBgA?includeDetails=true → 200 (tokens: 832, 438ms, cid=8197c743-c2de-4869-8fb0-b89bdebf7aae)
[WALMART][STORE1] GET /v3/feeds/18C0E33B4E1753CCB2916F80D56100FD%40AX8BBgA?includeDetails=true → 200 (tokens: 832, 241ms, cid=fc289912-a8e2-4897-ad8a-f065a6e8ceb8)
[WALMART][STORE1] GET /v3/feeds/18C0E33B4E1753CCB2916F80D56100FD%40AX8BBgA?includeDetails=true → 200 (tokens: 832, 428ms, cid=9c8c7558-505e-498b-9f3f-c4e3853a19cb)
[WALMART][STORE1] GET /v3/feeds/18C0E33B4E1753CCB2916F80D56100FD%40AX8BBgA?includeDetails=true → 200 (tokens: 832, 476ms, cid=566d3668-d1b4-4d45-9531-4984d2ae6e29)
[WALMART][STORE1] GET /v3/feeds/18C0E33B4E1753CCB2916F80D56100FD%40AX8BBgA?includeDetails=true → 200 (tokens: 832, 346ms, cid=3cdb317e-493f-4d50-88d1-66ecdec52b1d)
[WALMART][STORE1] GET /v3/feeds/18C0E33B4E1753CCB2916F80D56100FD%40AX8BBgA?includeDetails=true → 200 (tokens: 832, 240ms, cid=417939f4-2808-4001-8ddb-7daf5978c914)
[WALMART][STORE1] GET /v3/feeds/18C0E33B4E1753CCB2916F80D56100FD%40AX8BBgA?includeDetails=true → 200 (tokens: 832, 295ms, cid=cfb60587-4d29-40ef-bd60-fdf7a7985f35)
[WALMART][STORE1] GET /v3/feeds/18C0E33B4E1753CCB2916F80D56100FD%40AX8BBgA?includeDetails=true → 200 (tokens: 832, 514ms, cid=f566bbc3-a817-4a8e-bc29-0f9059e2e638)
[WALMART][STORE1] GET /v3/feeds/18C0E33B4E1753CCB2916F80D56100FD%40AX8BBgA?includeDetails=true → 200 (tokens: 832, 340ms, cid=20b037da-c0c6-43e9-b560-bae7a7cbfc67)
[WALMART][STORE1] GET /v3/feeds/18C0E33B4E1753CCB2916F80D56100FD%40AX8BBgA?includeDetails=true → 200 (tokens: 832, 286ms, cid=2a2990af-e35f-4059-9b30-adbc5a013347)
[WALMART][STORE1] GET /v3/feeds/18C0E33B4E1753CCB2916F80D56100FD%40AX8BBgA?includeDetails=true → 200 (tokens: 832, 458ms, cid=d4940e37-904d-4918-a177-9ccb1caaf685)
[WALMART][STORE1] GET /v3/feeds/18C0E33B4E1753CCB2916F80D56100FD%40AX8BBgA?includeDetails=true → 200 (tokens: 832, 366ms, cid=ed8bb070-e11c-4390-987d-5374ba7751d6)
[WALMART][STORE1] GET /v3/feeds/18C0E33B4E1753CCB2916F80D56100FD%40AX8BBgA?includeDetails=true → 200 (tokens: 832, 424ms, cid=a5187158-05e4-4d1f-bad8-dab1bcb2560f)
[WALMART][STORE1] GET /v3/feeds/18C0E33B4E1753CCB2916F80D56100FD%40AX8BBgA?includeDetails=true → 200 (tokens: 832, 286ms, cid=ed9d0ed6-a154-4bb3-ab43-a40131370639)
[WALMART][STORE1] GET /v3/feeds/18C0E33B4E1753CCB2916F80D56100FD%40AX8BBgA?includeDetails=true → 200 (tokens: 832, 320ms, cid=d1dbd109-84c6-4176-9ff1-709a0ab860b5)
[WALMART][STORE1] GET /v3/feeds/18C0E33B4E1753CCB2916F80D56100FD%40AX8BBgA?includeDetails=true → 200 (tokens: 832, 311ms, cid=5c28e04d-e0e3-40ec-a4e1-c1fa1e11d412)
[WALMART][STORE1] GET /v3/feeds/18C0E33B4E1753CCB2916F80D56100FD%40AX8BBgA?includeDetails=true → 200 (tokens: 832, 464ms, cid=839530eb-d41e-416c-ad47-d3e0ef3766e3)
[WALMART][STORE1] GET /v3/feeds/18C0E33B4E1753CCB2916F80D56100FD%40AX8BBgA?includeDetails=true → 200 (tokens: 832, 342ms, cid=f710a139-4798-496c-935a-972874ec8ab8)
[WALMART][STORE1] GET /v3/feeds/18C0E33B4E1753CCB2916F80D56100FD%40AX8BBgA?includeDetails=true → 200 (tokens: 832, 340ms, cid=8d5749a5-bbbc-4999-9941-53a5dd662cd1)
[WALMART][STORE1] GET /v3/feeds/18C0E33B4E1753CCB2916F80D56100FD%40AX8BBgA?includeDetails=true → 200 (tokens: 832, 339ms, cid=41736fea-82d6-426c-a84b-95113130ed6d)
[WALMART][STORE1] GET /v3/feeds/18C0E33B4E1753CCB2916F80D56100FD%40AX8BBgA?includeDetails=true → 200 (tokens: 832, 412ms, cid=8a38c2b3-21a9-44f6-be87-e31c6a8854de)
[WALMART][STORE1] GET /v3/feeds/18C0E33B4E1753CCB2916F80D56100FD%40AX8BBgA?includeDetails=true → 200 (tokens: 832, 452ms, cid=a5352f88-bf26-4ce2-90fd-74093165edab)
[WALMART][STORE1] GET /v3/feeds/18C0E33B4E1753CCB2916F80D56100FD%40AX8BBgA?includeDetails=true → 200 (tokens: 832, 259ms, cid=645768b6-446a-4f65-8e0c-25683cd2f2b8)
[WALMART][STORE1] GET /v3/feeds/18C0E33B4E1753CCB2916F80D56100FD%40AX8BBgA?includeDetails=true → 200 (tokens: 832, 410ms, cid=3437e2a9-213a-4200-aa41-ddd420f25940)
[WALMART][STORE1] GET /v3/feeds/18C0E33B4E1753CCB2916F80D56100FD%40AX8BBgA?includeDetails=true → 200 (tokens: 832, 315ms, cid=3fa3e037-e388-4a1a-ae2a-770433921463)
[WALMART][STORE1] GET /v3/feeds/18C0E33B4E1753CCB2916F80D56100FD%40AX8BBgA?includeDetails=true → 200 (tokens: 832, 422ms, cid=09474c48-2a5a-47ed-91b0-4a183b864d8a)
[WALMART][STORE1] GET /v3/feeds/18C0E33B4E1753CCB2916F80D56100FD%40AX8BBgA?includeDetails=true → 200 (tokens: 832, 235ms, cid=baedce1b-5e9b-45a5-9ccb-e9b5aa6d414a)
[WALMART][STORE1] GET /v3/feeds/18C0E33B4E1753CCB2916F80D56100FD%40AX8BBgA?includeDetails=true → 200 (tokens: 832, 514ms, cid=8762b482-d17c-46bd-9252-8bdfa343d8f0)
[WALMART][STORE1] GET /v3/feeds/18C0E33B4E1753CCB2916F80D56100FD%40AX8BBgA?includeDetails=true → 200 (tokens: 832, 460ms, cid=d4d29ca7-000b-4199-855a-e9d4668aec72)
  batch 5/5: INPROGRESS at budget — marked submitted

=== PUBLISH_GEN cumulative === applied 823 · qarth 69 · failed 0 · submitted 263 · post_failed 0 · build_skip 2
