GEN_OK ready 64 · publishing 64 (skip already applied/qarth)

[WALMART][STORE1] token issued, expires at 2026-07-10T11:35:01.281Z
[WALMART][STORE1] GET /v3/items/FaisalX-2045 → 200 (tokens: 149, 459ms, cid=9913d379-0e0b-4eff-95a3-8026721d2f3d)
[WALMART][STORE1] GET /v3/items/RizwanX-269 → 200 (tokens: 149, 812ms, cid=eba402a6-da5f-4cf7-b6be-f2932b26bbd7)
[WALMART][STORE1] GET /v3/items/RizwanX-2679 → 200 (tokens: 149, 560ms, cid=65293c13-7533-4279-937d-3177785e53e1)
[WALMART][STORE1] GET /v3/items/RizwanX-2683 → 200 (tokens: 149, 1049ms, cid=f7b2f188-8007-4524-ba84-70a9dc8d4fed)
[WALMART][STORE1] GET /v3/items/RizwanX-2708 → 200 (tokens: 149, 512ms, cid=3db50651-c89e-4fe9-bb11-e7ef526678d2)
[WALMART][STORE1] GET /v3/items/RizwanX-2707 → 200 (tokens: 149, 971ms, cid=1aae3e6e-3317-4192-b996-b60e0c292c13)
[WALMART][STORE1] GET /v3/items/RizwanX-2720 → 200 (tokens: 149, 482ms, cid=597c7081-41aa-4f28-b484-486cf9f0fac2)
[WALMART][STORE1] GET /v3/items/RizwanX-2713 → 200 (tokens: 149, 1149ms, cid=80e6e6b5-d987-4679-adb3-036e2d258dfb)
[WALMART][STORE1] GET /v3/items/RizwanX-2744 → 200 (tokens: 149, 476ms, cid=30cc9151-f39c-4b1f-aa9c-719fbe8b9f7a)
[WALMART][STORE1] GET /v3/items/RizwanX-2738 → 200 (tokens: 149, 841ms, cid=4b55ff2c-34de-478a-8c8b-8b9a870e4b30)
[WALMART][STORE1] GET /v3/items/RizwanX-2747 → 200 (tokens: 149, 502ms, cid=b229d5bf-3fad-4276-8f48-8035ef731ad2)
[WALMART][STORE1] GET /v3/items/RizwanX-2758 → 200 (tokens: 149, 873ms, cid=df746f65-dd63-48a0-8ee0-0d567c4f5cfc)
[WALMART][STORE1] GET /v3/items/RizwanX-2762 → 200 (tokens: 149, 426ms, cid=6c01ec54-61cb-4a7e-9e06-a3a1629718ba)
[WALMART][STORE1] GET /v3/items/RizwanX-2764 → 200 (tokens: 149, 740ms, cid=8c2fe8c4-fa65-454a-aeec-99a7a2baebdd)
[WALMART][STORE1] GET /v3/items/RizwanX-276 → 200 (tokens: 149, 446ms, cid=7bf1625d-05fe-4339-81df-ba9957df58e2)
[WALMART][STORE1] GET /v3/items/RizwanX-2770 → 200 (tokens: 149, 828ms, cid=c4385bce-3c82-4f38-a923-43de0f18da2b)
[WALMART][STORE1] GET /v3/items/RizwanX-2780 → 200 (tokens: 149, 587ms, cid=6bd53db3-07a1-4f99-a61b-744e14cd29b1)
[WALMART][STORE1] GET /v3/items/RizwanX-290 → 200 (tokens: 149, 789ms, cid=5aeca3f8-5eb9-401c-ba7a-6cc908313f1b)
[WALMART][STORE1] GET /v3/items/RizwanX-291 → 200 (tokens: 149, 568ms, cid=3f36fa6b-353a-4b8f-b5fa-91f1d8462a85)
[WALMART][STORE1] GET /v3/items/RizwanX-2872 → 200 (tokens: 149, 1046ms, cid=18c346ed-1050-41e8-8f00-b91cb5d9f8c3)
[WALMART][STORE1] GET /v3/items/RizwanX-299 → 200 (tokens: 149, 688ms, cid=0e6185d4-c98c-46c8-9988-9abf61875123)
[WALMART][STORE1] GET /v3/items/RizwanX-3002 → 200 (tokens: 149, 950ms, cid=6936cf47-819f-4f23-af5d-bd0b92e4c45c)
[WALMART][STORE1] GET /v3/items/RizwanX-3003 → 200 (tokens: 148, 495ms, cid=656ffb0e-5c41-4b60-b1ad-fc899a7dc29e)
[WALMART][STORE1] GET /v3/items/RizwanX-3006 → 200 (tokens: 149, 829ms, cid=ce58c9ea-2b1d-4952-99f4-86c2cc91dc38)
[WALMART][STORE1] GET /v3/items/RizwanX-3005 → 200 (tokens: 149, 436ms, cid=7b616925-bd4d-4624-88f4-767c24af6207)
[WALMART][STORE1] GET /v3/items/RizwanX-302 → 200 (tokens: 149, 763ms, cid=9c1f094c-fbb6-4b95-b37f-1ca218bf97d2)
[WALMART][STORE1] GET /v3/items/RizwanX-3023 → 200 (tokens: 149, 551ms, cid=56168dfa-6390-4a10-9008-242ce983a5fc)
[WALMART][STORE1] GET /v3/items/RizwanX-3029 → 200 (tokens: 149, 985ms, cid=707c4aa6-d696-4056-8687-35310ab785d6)
[WALMART][STORE1] GET /v3/items/RizwanX-3021 → 200 (tokens: 149, 459ms, cid=04617078-506c-410d-8bf3-69c735321c5a)
[WALMART][STORE1] GET /v3/items/RizwanX-3030 → 200 (tokens: 149, 820ms, cid=923d9387-503c-456b-9b47-5035df2e9b6c)
[WALMART][STORE1] GET /v3/items/RizwanX-303 → 200 (tokens: 149, 552ms, cid=64a3d61c-65de-4b4c-8bc7-a6e9453d00b5)
[WALMART][STORE1] GET /v3/items/RizwanX-3054 → 200 (tokens: 149, 801ms, cid=d9b5e96d-0749-4b37-9f53-3db970bfdaf7)
[WALMART][STORE1] GET /v3/items/RizwanX-3060 → 200 (tokens: 149, 454ms, cid=a6d9c3d2-b807-4995-8583-5387824a8147)
[WALMART][STORE1] GET /v3/items/RizwanX-3058 → 200 (tokens: 149, 845ms, cid=92f09ab7-0157-44f6-bd8a-2844b13d1518)
[WALMART][STORE1] GET /v3/items/RizwanX-3059 → 200 (tokens: 148, 568ms, cid=6c92cbd3-05e9-4630-bc74-3c9cdc5b6cab)
[WALMART][STORE1] GET /v3/items/RizwanX-3075 → 200 (tokens: 149, 845ms, cid=ce34947c-46b5-4fc8-9480-3f5014d26ab8)
[WALMART][STORE1] GET /v3/items/RizwanX-3118 → 200 (tokens: 149, 437ms, cid=20806ae9-7005-4317-b618-e28e06d35ed7)
[WALMART][STORE1] GET /v3/items/RizwanX-3196 → 200 (tokens: 149, 766ms, cid=23a826df-6a5e-4567-af51-8edf1960b910)
[WALMART][STORE1] GET /v3/items/RizwanX-3173 → 200 (tokens: 149, 414ms, cid=279fe3c2-bdbb-4800-b066-f389e15fba7f)
[WALMART][STORE1] GET /v3/items/RizwanX-3212 → 200 (tokens: 149, 881ms, cid=139f3902-4cce-4f0e-999e-0ace5dfc8f7b)
[WALMART][STORE1] GET /v3/items/RizwanX-3208 → 200 (tokens: 149, 488ms, cid=c4a0d063-1e11-4bfc-beca-f8bae01b1452)
[WALMART][STORE1] GET /v3/items/RizwanX-3218 → 200 (tokens: 148, 1158ms, cid=2af18c05-c19b-45f1-8ead-a88237e52508)
[WALMART][STORE1] GET /v3/items/RizwanX-3214 → 200 (tokens: 149, 667ms, cid=2a877c9d-0bd3-41b8-8cb9-14d40366fc24)
[WALMART][STORE1] GET /v3/items/RizwanX-3216 → 200 (tokens: 149, 832ms, cid=6d136cfc-67b7-4303-9c47-18cd1ae91924)
[WALMART][STORE1] GET /v3/items/RizwanX-3217 → 200 (tokens: 149, 443ms, cid=e1560d61-be32-41c3-8f88-3f7acfd4581e)
[WALMART][STORE1] GET /v3/items/RizwanX-3224 → 200 (tokens: 149, 923ms, cid=c83b098b-ce28-4105-bc92-3237ce807c61)
[WALMART][STORE1] GET /v3/items/RizwanX-3237 → 200 (tokens: 149, 479ms, cid=5e360fc0-601b-48ad-89e1-4cdd06561d0c)
[WALMART][STORE1] GET /v3/items/RizwanX-3236 → 200 (tokens: 149, 814ms, cid=b8f32680-cbf7-4024-bf12-1fa0839c2065)
[WALMART][STORE1] GET /v3/items/RizwanX-3248 → 200 (tokens: 149, 488ms, cid=07c335d1-63f6-42b8-a064-d36ed217f2d0)
[WALMART][STORE1] GET /v3/items/RizwanX-3256 → 200 (tokens: 148, 896ms, cid=b5c35444-590e-475e-9f3b-81721d6ae120)
[WALMART][STORE1] GET /v3/items/RizwanX-3257 → 200 (tokens: 149, 424ms, cid=42919fcc-8dc6-424b-9cc4-3bc479e1670d)
[WALMART][STORE1] GET /v3/items/RizwanX-3250 → 200 (tokens: 149, 750ms, cid=77c71890-0dba-420a-aa4d-e3355bf8439e)
[WALMART][STORE1] GET /v3/items/RizwanX-3269 → 200 (tokens: 149, 561ms, cid=5b6c0c53-a939-4a3e-9429-200badd0d0b6)
[WALMART][STORE1] GET /v3/items/RizwanX-3295 → 200 (tokens: 148, 843ms, cid=4f1abbad-c537-4277-80c3-153ecd52763c)
[WALMART][STORE1] GET /v3/items/RizwanX-332 → 200 (tokens: 149, 549ms, cid=75e35b0b-8300-4859-bd63-e965933657d8)
[WALMART][STORE1] GET /v3/items/RizwanX-341 → 200 (tokens: 149, 836ms, cid=06c3b73d-4390-42d0-b911-f46034522e9c)
[WALMART][STORE1] GET /v3/items/RizwanX-340 → 200 (tokens: 149, 542ms, cid=0c18d3a1-802a-418f-8648-c1fd9dd45222)
[WALMART][STORE1] GET /v3/items/RizwanX-3475 → 200 (tokens: 148, 826ms, cid=ce66f220-c384-42f3-b5cb-78bbaaa864ff)
[WALMART][STORE1] GET /v3/items/RizwanX-3486 → 200 (tokens: 149, 404ms, cid=e2f2ca98-94f1-4aa5-ada6-9dc77929edf0)
[WALMART][STORE1] GET /v3/items/RizwanX-3481 → 200 (tokens: 149, 789ms, cid=158264c9-ed3e-4aa3-b7d8-bf5ce26b5d7b)
[WALMART][STORE1] GET /v3/items/RizwanX-3492 → 200 (tokens: 149, 639ms, cid=2859691e-9f6c-4507-bc1b-3bf0b120cbb8)
[WALMART][STORE1] GET /v3/items/RizwanX-3501 → 200 (tokens: 149, 838ms, cid=e3585a15-7199-4a59-aabf-5a69a75d462b)
[WALMART][STORE1] GET /v3/items/RizwanX-472 → 200 (tokens: 149, 491ms, cid=355c906b-0f2c-4ea3-bf92-614519c8bbd4)
[WALMART][STORE1] GET /v3/items/Sami-Barila → 200 (tokens: 149, 753ms, cid=098dd9db-5f08-47b6-8546-85c7b490ef83)
built 64 MPItems

[WALMART][STORE1] POST /v3/feeds?feedType=MP_MAINTENANCE → 200 (tokens: 9, 816ms, cid=1fa49912-aa94-4d12-aeb6-dd981da441af)
  batch 1/2: feed 18C0E9C9ED9B5879… (50) draining…
[WALMART][STORE1] GET /v3/feeds/18C0E9C9ED9B5879846C07BAE0C40176%40AX8BBwA?includeDetails=true → 200 (tokens: 832, 395ms, cid=742e5664-7c17-42ac-af35-02f881a34b86)
[WALMART][STORE1] GET /v3/feeds/18C0E9C9ED9B5879846C07BAE0C40176%40AX8BBwA?includeDetails=true → 200 (tokens: 832, 345ms, cid=b137145f-cca8-44ac-8854-688eaaa629e6)
[WALMART][STORE1] GET /v3/feeds/18C0E9C9ED9B5879846C07BAE0C40176%40AX8BBwA?includeDetails=true → 200 (tokens: 832, 358ms, cid=61ff061c-198c-41cd-a87e-258dd067ff81)
[WALMART][STORE1] GET /v3/feeds/18C0E9C9ED9B5879846C07BAE0C40176%40AX8BBwA?includeDetails=true → 200 (tokens: 832, 230ms, cid=f65b41d5-41ed-4402-bbb3-4f4de80993aa)
[WALMART][STORE1] GET /v3/feeds/18C0E9C9ED9B5879846C07BAE0C40176%40AX8BBwA?includeDetails=true → 200 (tokens: 832, 244ms, cid=7e1ed874-1dae-41b0-aa20-42b4b121b027)
[WALMART][STORE1] GET /v3/feeds/18C0E9C9ED9B5879846C07BAE0C40176%40AX8BBwA?includeDetails=true → 200 (tokens: 832, 364ms, cid=a24886d5-abcc-4290-b764-dc40c6ed2995)
[WALMART][STORE1] GET /v3/feeds/18C0E9C9ED9B5879846C07BAE0C40176%40AX8BBwA?includeDetails=true → 200 (tokens: 832, 301ms, cid=86079939-f52f-443a-b7ea-f2f0b21fb89e)
[WALMART][STORE1] GET /v3/feeds/18C0E9C9ED9B5879846C07BAE0C40176%40AX8BBwA?includeDetails=true → 200 (tokens: 831, 280ms, cid=c10efae4-3d0c-4c01-bc34-13067f61c93c)
[WALMART][STORE1] GET /v3/feeds/18C0E9C9ED9B5879846C07BAE0C40176%40AX8BBwA?includeDetails=true → 200 (tokens: 832, 283ms, cid=438c1774-92f9-4a78-a387-cc1916a0fbc5)
[WALMART][STORE1] GET /v3/feeds/18C0E9C9ED9B5879846C07BAE0C40176%40AX8BBwA?includeDetails=true → 200 (tokens: 832, 331ms, cid=6967917c-e991-477b-93e4-62b9a1de3b43)
[WALMART][STORE1] GET /v3/feeds/18C0E9C9ED9B5879846C07BAE0C40176%40AX8BBwA?includeDetails=true → 200 (tokens: 832, 401ms, cid=57b359f9-6b57-4bbd-bffb-239baffde884)
[WALMART][STORE1] GET /v3/feeds/18C0E9C9ED9B5879846C07BAE0C40176%40AX8BBwA?includeDetails=true → 200 (tokens: 832, 292ms, cid=5aa75f2f-2c1f-4354-b059-2f4d25c0c3d4)
[WALMART][STORE1] GET /v3/feeds/18C0E9C9ED9B5879846C07BAE0C40176%40AX8BBwA?includeDetails=true → 200 (tokens: 832, 383ms, cid=4a7d2fc3-967e-40f6-85b3-e1ce04fcd261)
[WALMART][STORE1] GET /v3/feeds/18C0E9C9ED9B5879846C07BAE0C40176%40AX8BBwA?includeDetails=true → 200 (tokens: 832, 273ms, cid=82eb9cc9-4a14-43e8-8567-b457bee203a1)
[WALMART][STORE1] GET /v3/feeds/18C0E9C9ED9B5879846C07BAE0C40176%40AX8BBwA?includeDetails=true → 200 (tokens: 832, 225ms, cid=508dc6f5-348e-4adc-8ee9-c9ab24df02be)
[WALMART][STORE1] GET /v3/feeds/18C0E9C9ED9B5879846C07BAE0C40176%40AX8BBwA?includeDetails=true → 200 (tokens: 832, 249ms, cid=1463db95-b6ef-4793-8124-378ce3d68340)
[WALMART][STORE1] GET /v3/feeds/18C0E9C9ED9B5879846C07BAE0C40176%40AX8BBwA?includeDetails=true → 200 (tokens: 832, 336ms, cid=22df88d7-8906-4842-b09e-e0d53bc720f2)
[WALMART][STORE1] GET /v3/feeds/18C0E9C9ED9B5879846C07BAE0C40176%40AX8BBwA?includeDetails=true → 200 (tokens: 832, 265ms, cid=8e2c62a2-95cd-4a36-833d-b7dec42e199d)
[WALMART][STORE1] GET /v3/feeds/18C0E9C9ED9B5879846C07BAE0C40176%40AX8BBwA?includeDetails=true → 200 (tokens: 832, 394ms, cid=eeb0fba5-f908-438c-b765-9f4ea1f78939)
[WALMART][STORE1] GET /v3/feeds/18C0E9C9ED9B5879846C07BAE0C40176%40AX8BBwA?includeDetails=true → 200 (tokens: 832, 773ms, cid=57e560f4-4412-4d65-b606-bbf2bcd38c9d)
[WALMART][STORE1] GET /v3/feeds/18C0E9C9ED9B5879846C07BAE0C40176%40AX8BBwA?includeDetails=true → 200 (tokens: 832, 361ms, cid=0a6db091-7b02-4d41-8d83-4de996fe99f6)
[WALMART][STORE1] GET /v3/feeds/18C0E9C9ED9B5879846C07BAE0C40176%40AX8BBwA?includeDetails=true → 200 (tokens: 832, 349ms, cid=e1c656ab-8671-4f19-92cd-e98d90ef2996)
[WALMART][STORE1] GET /v3/feeds/18C0E9C9ED9B5879846C07BAE0C40176%40AX8BBwA?includeDetails=true → 200 (tokens: 832, 396ms, cid=86542102-0924-4fdf-bf8b-15b944bace5e)
[WALMART][STORE1] GET /v3/feeds/18C0E9C9ED9B5879846C07BAE0C40176%40AX8BBwA?includeDetails=true → 200 (tokens: 832, 371ms, cid=fd07bff7-7a97-47f8-a77c-644cff318a4a)
[WALMART][STORE1] GET /v3/feeds/18C0E9C9ED9B5879846C07BAE0C40176%40AX8BBwA?includeDetails=true → 200 (tokens: 832, 411ms, cid=fa26e4ac-050d-4682-95a3-27e394946253)
[WALMART][STORE1] GET /v3/feeds/18C0E9C9ED9B5879846C07BAE0C40176%40AX8BBwA?includeDetails=true → 200 (tokens: 832, 374ms, cid=bbfa2f08-79e8-4767-a1f4-9757dce12ed2)
[WALMART][STORE1] GET /v3/feeds/18C0E9C9ED9B5879846C07BAE0C40176%40AX8BBwA?includeDetails=true → 200 (tokens: 832, 251ms, cid=3b25300c-5b72-4590-ae08-2441a5384cd1)
[WALMART][STORE1] GET /v3/feeds/18C0E9C9ED9B5879846C07BAE0C40176%40AX8BBwA?includeDetails=true → 200 (tokens: 832, 490ms, cid=e263cdb1-f5f3-4560-ae4e-71ab9ffb3f5d)
[WALMART][STORE1] GET /v3/feeds/18C0E9C9ED9B5879846C07BAE0C40176%40AX8BBwA?includeDetails=true → 200 (tokens: 832, 382ms, cid=23e6ffe6-7826-407c-b23b-bd3c7545dc7b)
[WALMART][STORE1] GET /v3/feeds/18C0E9C9ED9B5879846C07BAE0C40176%40AX8BBwA?includeDetails=true → 200 (tokens: 832, 462ms, cid=99eb046a-cc19-439e-9e1e-5dccfd30f797)
[WALMART][STORE1] GET /v3/feeds/18C0E9C9ED9B5879846C07BAE0C40176%40AX8BBwA?includeDetails=true → 200 (tokens: 832, 492ms, cid=11cf4263-d54f-4052-ae54-706aef58e112)
[WALMART][STORE1] GET /v3/feeds/18C0E9C9ED9B5879846C07BAE0C40176%40AX8BBwA?includeDetails=true → 200 (tokens: 832, 446ms, cid=a304a21e-896a-4240-8032-74b0b8092979)
[WALMART][STORE1] GET /v3/feeds/18C0E9C9ED9B5879846C07BAE0C40176%40AX8BBwA?includeDetails=true → 200 (tokens: 832, 395ms, cid=0a4ff11b-2ef1-4cf6-9991-08eb9811a7eb)
[WALMART][STORE1] GET /v3/feeds/18C0E9C9ED9B5879846C07BAE0C40176%40AX8BBwA?includeDetails=true → 200 (tokens: 832, 401ms, cid=92377c7f-7ac1-4cff-9005-4c570aa7ee85)
[WALMART][STORE1] GET /v3/feeds/18C0E9C9ED9B5879846C07BAE0C40176%40AX8BBwA?includeDetails=true → 200 (tokens: 832, 494ms, cid=38fa251b-ff1f-49a5-8e0e-fca1525e85e9)
[WALMART][STORE1] GET /v3/feeds/18C0E9C9ED9B5879846C07BAE0C40176%40AX8BBwA?includeDetails=true → 200 (tokens: 832, 410ms, cid=29ef3f92-8406-405e-948c-76fa3b95485d)
[WALMART][STORE1] GET /v3/feeds/18C0E9C9ED9B5879846C07BAE0C40176%40AX8BBwA?includeDetails=true → 200 (tokens: 832, 323ms, cid=1f51ee9f-0188-4dcb-b2cd-dd0bbb3af9a0)
[WALMART][STORE1] GET /v3/feeds/18C0E9C9ED9B5879846C07BAE0C40176%40AX8BBwA?includeDetails=true → 200 (tokens: 832, 375ms, cid=90830e7f-d1df-431d-a321-c93b96268601)
[WALMART][STORE1] GET /v3/feeds/18C0E9C9ED9B5879846C07BAE0C40176%40AX8BBwA?includeDetails=true → 200 (tokens: 832, 466ms, cid=3713f608-35d8-47d3-8d64-43acc7ed8a47)
[WALMART][STORE1] GET /v3/feeds/18C0E9C9ED9B5879846C07BAE0C40176%40AX8BBwA?includeDetails=true → 200 (tokens: 832, 339ms, cid=08648aa1-0ea2-4406-98e4-93f58d54cd0a)
[WALMART][STORE1] GET /v3/feeds/18C0E9C9ED9B5879846C07BAE0C40176%40AX8BBwA?includeDetails=true → 200 (tokens: 832, 402ms, cid=ff509d4f-df7a-4fbd-9838-58cff3e4a209)
[WALMART][STORE1] GET /v3/feeds/18C0E9C9ED9B5879846C07BAE0C40176%40AX8BBwA?includeDetails=true → 200 (tokens: 832, 433ms, cid=e61a435e-4a6b-4373-ab2c-97e39e31cb2b)
[WALMART][STORE1] GET /v3/feeds/18C0E9C9ED9B5879846C07BAE0C40176%40AX8BBwA?includeDetails=true → 200 (tokens: 832, 314ms, cid=1b7ac196-7d74-4527-946b-f07d25face21)
[WALMART][STORE1] GET /v3/feeds/18C0E9C9ED9B5879846C07BAE0C40176%40AX8BBwA?includeDetails=true → 200 (tokens: 832, 468ms, cid=a6df7597-7d26-42fe-a92c-55b05cf80df4)
[WALMART][STORE1] GET /v3/feeds/18C0E9C9ED9B5879846C07BAE0C40176%40AX8BBwA?includeDetails=true → 200 (tokens: 832, 464ms, cid=2a11a1e8-78d6-4758-aa54-be48cca4a022)
[WALMART][STORE1] GET /v3/feeds/18C0E9C9ED9B5879846C07BAE0C40176%40AX8BBwA?includeDetails=true → 200 (tokens: 832, 720ms, cid=35244968-4b49-4c1f-abe8-f59deb08037b)
[WALMART][STORE1] GET /v3/feeds/18C0E9C9ED9B5879846C07BAE0C40176%40AX8BBwA?includeDetails=true → 200 (tokens: 832, 434ms, cid=e87cb9cd-be98-43ff-98c9-7b3aa0491258)
[WALMART][STORE1] token issued, expires at 2026-07-10T11:48:04.890Z
[WALMART][STORE1] GET /v3/feeds/18C0E9C9ED9B5879846C07BAE0C40176%40AX8BBwA?includeDetails=true → 200 (tokens: 832, 288ms, cid=30504278-b0dd-4e73-9236-2bf9f60aec34)
[WALMART][STORE1] GET /v3/feeds/18C0E9C9ED9B5879846C07BAE0C40176%40AX8BBwA?includeDetails=true → 200 (tokens: 832, 401ms, cid=80637c9d-7f4b-40da-bfed-12e1113b54c8)
[WALMART][STORE1] GET /v3/feeds/18C0E9C9ED9B5879846C07BAE0C40176%40AX8BBwA?includeDetails=true → 200 (tokens: 832, 396ms, cid=997fac5b-84e1-4339-a89f-a30ca882143f)
[WALMART][STORE1] GET /v3/feeds/18C0E9C9ED9B5879846C07BAE0C40176%40AX8BBwA?includeDetails=true → 200 (tokens: 832, 276ms, cid=d9961b64-0349-49d5-8b5a-9dbe5974eaba)
[WALMART][STORE1] GET /v3/feeds/18C0E9C9ED9B5879846C07BAE0C40176%40AX8BBwA?includeDetails=true → 200 (tokens: 832, 446ms, cid=6d2f90db-c014-488d-8149-6ae93cfb1d66)
[WALMART][STORE1] GET /v3/feeds/18C0E9C9ED9B5879846C07BAE0C40176%40AX8BBwA?includeDetails=true → 200 (tokens: 832, 345ms, cid=068f3625-3b1b-4942-891f-42a470667661)
[WALMART][STORE1] GET /v3/feeds/18C0E9C9ED9B5879846C07BAE0C40176%40AX8BBwA?includeDetails=true → 200 (tokens: 832, 380ms, cid=e113c095-f7a2-4024-b805-30294a642df5)
[WALMART][STORE1] GET /v3/feeds/18C0E9C9ED9B5879846C07BAE0C40176%40AX8BBwA?includeDetails=true → 200 (tokens: 832, 405ms, cid=58afe6ef-fd31-4d19-81f8-1d2e077985e4)
[WALMART][STORE1] GET /v3/feeds/18C0E9C9ED9B5879846C07BAE0C40176%40AX8BBwA?includeDetails=true → 200 (tokens: 832, 217ms, cid=84aaaa20-1605-4a4b-aa2e-9fb82abe1857)
[WALMART][STORE1] GET /v3/feeds/18C0E9C9ED9B5879846C07BAE0C40176%40AX8BBwA?includeDetails=true → 200 (tokens: 832, 395ms, cid=653f7602-1ca4-43b0-8e65-54da355b3a82)
[WALMART][STORE1] GET /v3/feeds/18C0E9C9ED9B5879846C07BAE0C40176%40AX8BBwA?includeDetails=true → 200 (tokens: 832, 424ms, cid=7cc47ecd-a3e9-469d-ab8a-936e4ac31430)
[WALMART][STORE1] GET /v3/feeds/18C0E9C9ED9B5879846C07BAE0C40176%40AX8BBwA?includeDetails=true → 200 (tokens: 832, 711ms, cid=b8538b90-27f8-44fd-8268-831751de8cd1)
  batch 1/2: INPROGRESS at budget — marked submitted
[WALMART][STORE1] POST /v3/feeds?feedType=MP_MAINTENANCE → 200 (tokens: 9, 589ms, cid=6e730578-ae6d-4748-bc7c-c1429e9ada35)
  batch 2/2: feed 18C0EAA051FE553B… (14) draining…
[WALMART][STORE1] GET /v3/feeds/18C0EAA051FE553BA6A859E7DB3DB706%40AX8BBwA?includeDetails=true → 200 (tokens: 832, 396ms, cid=d8ba7f9b-9256-4275-80d7-56912270a69d)
[WALMART][STORE1] GET /v3/feeds/18C0EAA051FE553BA6A859E7DB3DB706%40AX8BBwA?includeDetails=true → 200 (tokens: 832, 204ms, cid=e5c8de29-1fb0-476c-9337-eca4f357592b)
[WALMART][STORE1] GET /v3/feeds/18C0EAA051FE553BA6A859E7DB3DB706%40AX8BBwA?includeDetails=true → 200 (tokens: 832, 362ms, cid=497867ef-292a-4443-84bb-436929371957)
[WALMART][STORE1] GET /v3/feeds/18C0EAA051FE553BA6A859E7DB3DB706%40AX8BBwA?includeDetails=true → 200 (tokens: 832, 302ms, cid=76beb240-b8a5-4224-818b-c87cf467f6ae)
[WALMART][STORE1] GET /v3/feeds/18C0EAA051FE553BA6A859E7DB3DB706%40AX8BBwA?includeDetails=true → 200 (tokens: 832, 391ms, cid=acd864fb-ff28-445f-990d-cede828ceccc)
[WALMART][STORE1] GET /v3/feeds/18C0EAA051FE553BA6A859E7DB3DB706%40AX8BBwA?includeDetails=true → 200 (tokens: 832, 336ms, cid=99cde67a-101c-426a-8778-456817f9db2c)
[WALMART][STORE1] GET /v3/feeds/18C0EAA051FE553BA6A859E7DB3DB706%40AX8BBwA?includeDetails=true → 200 (tokens: 832, 384ms, cid=16da691b-610e-49ab-ba51-82de89a13d01)
[WALMART][STORE1] GET /v3/feeds/18C0EAA051FE553BA6A859E7DB3DB706%40AX8BBwA?includeDetails=true → 200 (tokens: 832, 389ms, cid=9c206f03-3c70-4722-b0ea-94e07d8fa0ca)
[WALMART][STORE1] GET /v3/feeds/18C0EAA051FE553BA6A859E7DB3DB706%40AX8BBwA?includeDetails=true → 200 (tokens: 832, 523ms, cid=fac73cda-5e92-4d6f-9f67-e3c2316c67a5)
[WALMART][STORE1] GET /v3/feeds/18C0EAA051FE553BA6A859E7DB3DB706%40AX8BBwA?includeDetails=true → 200 (tokens: 832, 422ms, cid=b00d4e33-206c-4780-8459-c986aefaa575)
[WALMART][STORE1] GET /v3/feeds/18C0EAA051FE553BA6A859E7DB3DB706%40AX8BBwA?includeDetails=true → 200 (tokens: 832, 305ms, cid=92c4a4d2-7c8e-4763-be3c-b50ff64630c4)
[WALMART][STORE1] GET /v3/feeds/18C0EAA051FE553BA6A859E7DB3DB706%40AX8BBwA?includeDetails=true → 200 (tokens: 832, 310ms, cid=080080e3-d447-46d5-bca7-550e905d8171)
[WALMART][STORE1] GET /v3/feeds/18C0EAA051FE553BA6A859E7DB3DB706%40AX8BBwA?includeDetails=true → 200 (tokens: 832, 423ms, cid=d8fde3a0-e073-4934-b1b7-27f33f59ae1a)
[WALMART][STORE1] GET /v3/feeds/18C0EAA051FE553BA6A859E7DB3DB706%40AX8BBwA?includeDetails=true → 200 (tokens: 832, 346ms, cid=c2a88aaf-8acb-48ce-9ad0-14db27517290)
[WALMART][STORE1] GET /v3/feeds/18C0EAA051FE553BA6A859E7DB3DB706%40AX8BBwA?includeDetails=true → 200 (tokens: 832, 404ms, cid=6c47dcf1-b03c-49b4-82a6-dda272ee6c55)
[WALMART][STORE1] GET /v3/feeds/18C0EAA051FE553BA6A859E7DB3DB706%40AX8BBwA?includeDetails=true → 200 (tokens: 832, 393ms, cid=7d6430dc-55ee-44a0-970c-468c84b716d5)
[WALMART][STORE1] GET /v3/feeds/18C0EAA051FE553BA6A859E7DB3DB706%40AX8BBwA?includeDetails=true → 200 (tokens: 832, 369ms, cid=c88d6bb3-b9da-41be-84f0-047ea9e003fe)
[WALMART][STORE1] GET /v3/feeds/18C0EAA051FE553BA6A859E7DB3DB706%40AX8BBwA?includeDetails=true → 200 (tokens: 832, 360ms, cid=43a1b034-7553-4715-97ad-973c1ed2d312)
[WALMART][STORE1] GET /v3/feeds/18C0EAA051FE553BA6A859E7DB3DB706%40AX8BBwA?includeDetails=true → 200 (tokens: 832, 431ms, cid=d5022173-fdc8-4e4f-a15f-12427a01ed4a)
[WALMART][STORE1] GET /v3/feeds/18C0EAA051FE553BA6A859E7DB3DB706%40AX8BBwA?includeDetails=true → 200 (tokens: 832, 547ms, cid=ecbb4d60-4cef-4624-8eca-1cac4cf91289)
[WALMART][STORE1] GET /v3/feeds/18C0EAA051FE553BA6A859E7DB3DB706%40AX8BBwA?includeDetails=true → 200 (tokens: 832, 393ms, cid=8f077437-3ea0-47b5-8835-73c45e7a6f9f)
[WALMART][STORE1] GET /v3/feeds/18C0EAA051FE553BA6A859E7DB3DB706%40AX8BBwA?includeDetails=true → 200 (tokens: 832, 398ms, cid=96ce7756-da13-4dd8-8d06-3fe064728960)
[WALMART][STORE1] GET /v3/feeds/18C0EAA051FE553BA6A859E7DB3DB706%40AX8BBwA?includeDetails=true → 200 (tokens: 832, 377ms, cid=3d976532-3ab0-4057-9203-02603f1d14ca)
[WALMART][STORE1] GET /v3/feeds/18C0EAA051FE553BA6A859E7DB3DB706%40AX8BBwA?includeDetails=true → 200 (tokens: 832, 421ms, cid=60f43659-079f-4304-a313-9038227d5be5)
[WALMART][STORE1] GET /v3/feeds/18C0EAA051FE553BA6A859E7DB3DB706%40AX8BBwA?includeDetails=true → 200 (tokens: 832, 466ms, cid=70f565ec-b266-4cff-91bf-293f81aecb10)
[WALMART][STORE1] GET /v3/feeds/18C0EAA051FE553BA6A859E7DB3DB706%40AX8BBwA?includeDetails=true → 200 (tokens: 832, 359ms, cid=05ab01af-c3c1-454b-96d8-812d0de8bdac)
[WALMART][STORE1] GET /v3/feeds/18C0EAA051FE553BA6A859E7DB3DB706%40AX8BBwA?includeDetails=true → 200 (tokens: 832, 388ms, cid=995f1e2c-bc29-4dea-9929-5011884d7ec5)
[WALMART][STORE1] GET /v3/feeds/18C0EAA051FE553BA6A859E7DB3DB706%40AX8BBwA?includeDetails=true → 200 (tokens: 832, 473ms, cid=d705a1d7-86c9-4ece-b10a-b91a0e2958d6)
[WALMART][STORE1] GET /v3/feeds/18C0EAA051FE553BA6A859E7DB3DB706%40AX8BBwA?includeDetails=true → 200 (tokens: 832, 441ms, cid=f823e4cd-2c18-44b1-8937-834067faffec)
[WALMART][STORE1] GET /v3/feeds/18C0EAA051FE553BA6A859E7DB3DB706%40AX8BBwA?includeDetails=true → 200 (tokens: 832, 416ms, cid=2bfd0000-cf3c-4eba-b802-3832c0e65139)
[WALMART][STORE1] GET /v3/feeds/18C0EAA051FE553BA6A859E7DB3DB706%40AX8BBwA?includeDetails=true → 200 (tokens: 832, 385ms, cid=7404bcd8-00b5-4ea6-9543-3f603c5fb22a)
[WALMART][STORE1] GET /v3/feeds/18C0EAA051FE553BA6A859E7DB3DB706%40AX8BBwA?includeDetails=true → 200 (tokens: 832, 343ms, cid=d6432c47-c900-4669-8ad1-ed4cfdc5813c)
[WALMART][STORE1] GET /v3/feeds/18C0EAA051FE553BA6A859E7DB3DB706%40AX8BBwA?includeDetails=true → 200 (tokens: 832, 366ms, cid=4df39eb7-0fab-4a59-aa20-59adf6461c09)
[WALMART][STORE1] GET /v3/feeds/18C0EAA051FE553BA6A859E7DB3DB706%40AX8BBwA?includeDetails=true → 200 (tokens: 832, 333ms, cid=fa1daf33-9051-43a2-bafe-ae9389d9288a)
[WALMART][STORE1] GET /v3/feeds/18C0EAA051FE553BA6A859E7DB3DB706%40AX8BBwA?includeDetails=true → 200 (tokens: 832, 514ms, cid=f4779204-52f7-48a0-a81d-2355fa79b209)
[WALMART][STORE1] GET /v3/feeds/18C0EAA051FE553BA6A859E7DB3DB706%40AX8BBwA?includeDetails=true → 200 (tokens: 832, 267ms, cid=af56b425-4fdd-49b9-9194-fe8a863d5996)
[WALMART][STORE1] GET /v3/feeds/18C0EAA051FE553BA6A859E7DB3DB706%40AX8BBwA?includeDetails=true → 200 (tokens: 832, 221ms, cid=b79d4b35-5ddc-4d90-8a77-871414b3f2b2)
[WALMART][STORE1] GET /v3/feeds/18C0EAA051FE553BA6A859E7DB3DB706%40AX8BBwA?includeDetails=true → 200 (tokens: 832, 490ms, cid=341f5eef-daae-4354-9079-f5dfed0519e6)
[WALMART][STORE1] token issued, expires at 2026-07-10T12:01:06.711Z
[WALMART][STORE1] GET /v3/feeds/18C0EAA051FE553BA6A859E7DB3DB706%40AX8BBwA?includeDetails=true → 200 (tokens: 832, 431ms, cid=d015e425-8e55-4902-b6cd-d9f20f65495e)
[WALMART][STORE1] GET /v3/feeds/18C0EAA051FE553BA6A859E7DB3DB706%40AX8BBwA?includeDetails=true → 200 (tokens: 832, 509ms, cid=6efe27c3-8f45-46cf-923c-45bf06383a03)
[WALMART][STORE1] GET /v3/feeds/18C0EAA051FE553BA6A859E7DB3DB706%40AX8BBwA?includeDetails=true → 200 (tokens: 832, 349ms, cid=d2367450-397e-4aa7-9a50-0a7e6f8239c1)
[WALMART][STORE1] GET /v3/feeds/18C0EAA051FE553BA6A859E7DB3DB706%40AX8BBwA?includeDetails=true → 200 (tokens: 832, 233ms, cid=2b3abc47-f547-457b-9d24-f761b8fa4a7e)
[WALMART][STORE1] GET /v3/feeds/18C0EAA051FE553BA6A859E7DB3DB706%40AX8BBwA?includeDetails=true → 200 (tokens: 832, 266ms, cid=a1418ec7-1938-44cb-b765-1b6868a4bdf9)
[WALMART][STORE1] GET /v3/feeds/18C0EAA051FE553BA6A859E7DB3DB706%40AX8BBwA?includeDetails=true → 200 (tokens: 832, 269ms, cid=9096c2fb-0ade-48a9-8086-0c84a09264ee)
[WALMART][STORE1] GET /v3/feeds/18C0EAA051FE553BA6A859E7DB3DB706%40AX8BBwA?includeDetails=true → 200 (tokens: 832, 476ms, cid=a88365a9-4cd6-4f31-a607-6c296debe77c)
[WALMART][STORE1] GET /v3/feeds/18C0EAA051FE553BA6A859E7DB3DB706%40AX8BBwA?includeDetails=true → 200 (tokens: 832, 494ms, cid=13853c7f-a4a8-4fbd-892d-37c23936a23c)
[WALMART][STORE1] GET /v3/feeds/18C0EAA051FE553BA6A859E7DB3DB706%40AX8BBwA?includeDetails=true → 200 (tokens: 832, 358ms, cid=1705d365-c1e5-40ff-8c65-7c5b6ed89645)
[WALMART][STORE1] GET /v3/feeds/18C0EAA051FE553BA6A859E7DB3DB706%40AX8BBwA?includeDetails=true → 200 (tokens: 832, 514ms, cid=1de7597e-720a-441c-97d8-136f90f72140)
[WALMART][STORE1] GET /v3/feeds/18C0EAA051FE553BA6A859E7DB3DB706%40AX8BBwA?includeDetails=true → 200 (tokens: 832, 495ms, cid=71ad2ccd-4a0a-49a4-9643-337a091ee240)
[WALMART][STORE1] GET /v3/feeds/18C0EAA051FE553BA6A859E7DB3DB706%40AX8BBwA?includeDetails=true → 200 (tokens: 832, 351ms, cid=204d6108-60af-47cf-ac39-3a9da4c9c874)
[WALMART][STORE1] GET /v3/feeds/18C0EAA051FE553BA6A859E7DB3DB706%40AX8BBwA?includeDetails=true → 200 (tokens: 832, 375ms, cid=c7e8b75e-bd26-4c8e-ade6-e969e41cf15f)
[WALMART][STORE1] GET /v3/feeds/18C0EAA051FE553BA6A859E7DB3DB706%40AX8BBwA?includeDetails=true → 200 (tokens: 832, 222ms, cid=91d33f66-6142-4952-90c8-39f9a7fa3393)
[WALMART][STORE1] GET /v3/feeds/18C0EAA051FE553BA6A859E7DB3DB706%40AX8BBwA?includeDetails=true → 200 (tokens: 832, 222ms, cid=3815e63a-ac92-45a0-8789-2ba515bbf605)
[WALMART][STORE1] GET /v3/feeds/18C0EAA051FE553BA6A859E7DB3DB706%40AX8BBwA?includeDetails=true → 200 (tokens: 832, 393ms, cid=1ad0f8f1-b4bc-4413-bafb-d174dcf14752)
[WALMART][STORE1] GET /v3/feeds/18C0EAA051FE553BA6A859E7DB3DB706%40AX8BBwA?includeDetails=true → 200 (tokens: 832, 449ms, cid=6ec3da01-218f-44d4-b476-2b7e544edc79)
[WALMART][STORE1] GET /v3/feeds/18C0EAA051FE553BA6A859E7DB3DB706%40AX8BBwA?includeDetails=true → 200 (tokens: 832, 386ms, cid=89b412e6-a246-4acd-b8c3-1e3d5ea8042c)
[WALMART][STORE1] GET /v3/feeds/18C0EAA051FE553BA6A859E7DB3DB706%40AX8BBwA?includeDetails=true → 200 (tokens: 832, 220ms, cid=58ccd4c6-46c6-4de4-a0b2-a3a216b66734)
[WALMART][STORE1] GET /v3/feeds/18C0EAA051FE553BA6A859E7DB3DB706%40AX8BBwA?includeDetails=true → 200 (tokens: 832, 371ms, cid=889118fb-a056-4b16-9ddd-d18e8a62da8a)
[WALMART][STORE1] GET /v3/feeds/18C0EAA051FE553BA6A859E7DB3DB706%40AX8BBwA?includeDetails=true → 200 (tokens: 832, 374ms, cid=96c104e9-0df5-4d8e-ab60-fad08cc6b179)
  batch 2/2: INPROGRESS at budget — marked submitted

=== PUBLISH_GEN cumulative === applied 1018 · qarth 69 · failed 0 · submitted 191 · post_failed 0 · build_skip 2
