GEN_OK ready 78

[WALMART][STORE1] token issued, expires at 2026-07-10T01:32:30.331Z
[WALMART][STORE1] GET /v3/items/FaisalX-1181 → 200 (tokens: 149, 785ms, cid=9c5ff307-d6e5-4a29-8f30-ffa96103964b)
[WALMART][STORE1] GET /v3/items/FaisalX-1196 → 200 (tokens: 149, 973ms, cid=2d0109b9-90ca-4d26-8e1c-b22394a9cf37)
[WALMART][STORE1] GET /v3/items/FaisalX-1208 → 200 (tokens: 149, 716ms, cid=35d97dc3-234b-4e14-ab98-772611fd2b76)
[WALMART][STORE1] GET /v3/items/FaisalX-1202 → 200 (tokens: 149, 864ms, cid=d95f84af-07df-4d2d-b81f-39e92d4f8c62)
[WALMART][STORE1] GET /v3/items/FaisalX-1283 → 200 (tokens: 149, 498ms, cid=b77d057c-c0d5-447b-81a1-91487061c44b)
[WALMART][STORE1] GET /v3/items/FaisalX-1183 → 200 (tokens: 149, 1013ms, cid=e1018ec0-c7ec-472a-896f-56305abf37cd)
[WALMART][STORE1] GET /v3/items/FaisalX-1310 → 200 (tokens: 149, 499ms, cid=3fac5f09-fd1f-4eda-b274-6cc432eca191)
[WALMART][STORE1] GET /v3/items/FaisalX-1961 → 200 (tokens: 148, 809ms, cid=e2e46d68-b081-4d6a-9aec-0643c658b7ac)
[WALMART][STORE1] GET /v3/items/FaisalX-1755 → 200 (tokens: 149, 751ms, cid=54608bd7-78b4-4ff0-99fa-ee15f6e2714d)
[WALMART][STORE1] GET /v3/items/FaisalX-1833 → 200 (tokens: 149, 811ms, cid=1a1d8fd4-eee4-4e7b-bef6-dfd1f727d56e)
[WALMART][STORE1] GET /v3/items/FaisalX-1357 → 200 (tokens: 149, 455ms, cid=4e210789-e6c0-447a-b6ee-51e0aef6cc19)
[WALMART][STORE1] GET /v3/items/FaisalX-2495 → 200 (tokens: 149, 856ms, cid=1e324845-6d9a-4abe-932d-2da7cd217d31)
[WALMART][STORE1] GET /v3/items/FaisalX-307 → 200 (tokens: 149, 678ms, cid=847e75a8-4193-40eb-98e6-f3ff3920e51c)
[WALMART][STORE1] GET /v3/items/FaisalX-288 → 200 (tokens: 149, 1025ms, cid=f0d94c13-63f9-4d54-82e4-7e40556591ab)
[WALMART][STORE1] GET /v3/items/FaisalX-220 → 200 (tokens: 149, 623ms, cid=0046b65e-4573-4344-9669-3397272c2632)
[WALMART][STORE1] GET /v3/items/FaisalX-313 → 200 (tokens: 148, 956ms, cid=a8697a4d-6401-4a44-8439-74014c1e7154)
[WALMART][STORE1] GET /v3/items/FaisalX-2223 → 200 (tokens: 149, 726ms, cid=285bb07d-3cf0-4a1a-858d-7b61a9fa0218)
[WALMART][STORE1] GET /v3/items/FaisalX-246 → 200 (tokens: 149, 861ms, cid=512e2fd2-2d36-4201-bf6e-4bc2be5559a7)
[WALMART][STORE1] GET /v3/items/FaisalX-240 → 200 (tokens: 149, 640ms, cid=60e5453e-5f01-46c7-aa3e-f98ba66fbdd1)
[WALMART][STORE1] GET /v3/items/FaisalX-2596 → 200 (tokens: 149, 883ms, cid=7b1ea921-3b33-46d0-b9a0-1bbf9443a17b)
[WALMART][STORE1] GET /v3/items/FaisalX-2534 → 200 (tokens: 149, 594ms, cid=c3f5006d-b3e3-4523-88bd-a4b3b03b01a6)
[WALMART][STORE1] GET /v3/items/FaisalX-2530 → 200 (tokens: 149, 1023ms, cid=4ec1ab5c-6ddb-4cc1-9a0c-444e62724736)
[WALMART][STORE1] GET /v3/items/FaisalX-2509 → 200 (tokens: 149, 461ms, cid=2c6d39af-6e04-4c53-afc0-09f070f12829)
[WALMART][STORE1] GET /v3/items/FaisalX-3327 → 200 (tokens: 149, 761ms, cid=0c6c2d5c-d6a1-4716-8c37-9324cd9d1962)
[WALMART][STORE1] GET /v3/items/FaisalX-3501 → 200 (tokens: 149, 467ms, cid=323cdc5d-8d5e-4f8f-96ab-9e97f88426ea)
[WALMART][STORE1] GET /v3/items/FaisalX-3528 → 200 (tokens: 149, 737ms, cid=a495232b-5a59-4c07-8803-13dfdda0c902)
[WALMART][STORE1] GET /v3/items/FaisalX-306 → 200 (tokens: 149, 497ms, cid=67d74222-0526-4344-89bf-182d96a5f53a)
[WALMART][STORE1] GET /v3/items/FaisalX-3551 → 200 (tokens: 149, 834ms, cid=bf0b173e-915a-472c-a109-442d56a3180c)
[WALMART][STORE1] GET /v3/items/FaisalX-3540 → 200 (tokens: 149, 653ms, cid=8e4b9c63-799e-4943-bbb5-9a7a82316838)
[WALMART][STORE1] GET /v3/items/FaisalX-3545 → 200 (tokens: 149, 922ms, cid=6db2049b-4cd2-4b83-b009-d1573c5f614b)
[WALMART][STORE1] GET /v3/items/FaisalX-3561 → 200 (tokens: 149, 508ms, cid=1e468e26-63d4-401f-84fb-e6aa46fee161)
[WALMART][STORE1] GET /v3/items/FaisalX-3563 → 200 (tokens: 149, 837ms, cid=8b4f9c9f-6bf6-428e-b7c7-47e4702f4e28)
[WALMART][STORE1] GET /v3/items/FaisalX-3587 → 200 (tokens: 149, 476ms, cid=18bb806e-42da-4e72-8ac9-4c684d5fc9e8)
[WALMART][STORE1] GET /v3/items/FaisalX-3568 → 200 (tokens: 149, 1154ms, cid=38b97aaf-1aa4-49e5-984c-1aa7c67ee562)
[WALMART][STORE1] GET /v3/items/FaisalX-3560 → 200 (tokens: 149, 492ms, cid=6716dda4-8ed2-4857-8f38-903e7825fda0)
[WALMART][STORE1] GET /v3/items/FaisalX-3576 → 200 (tokens: 149, 859ms, cid=09c1a29a-9f0d-4204-90a7-f2afc101d797)
[WALMART][STORE1] GET /v3/items/FaisalX-3617 → 200 (tokens: 149, 596ms, cid=82327b96-a792-4155-b4e2-f064b3da47c2)
[WALMART][STORE1] GET /v3/items/FaisalX-3614 → 200 (tokens: 149, 763ms, cid=5adbf340-6977-433c-a41d-95e3d079286c)
[WALMART][STORE1] GET /v3/items/FaisalX-3620 → 200 (tokens: 149, 465ms, cid=ea24c3f9-4381-4045-9683-86b61deda57b)
[WALMART][STORE1] GET /v3/items/FaisalX-201 → 200 (tokens: 149, 914ms, cid=0f617931-e078-4542-bb5b-1f7fd3ffdf35)
[WALMART][STORE1] GET /v3/items/FaisalX-198 → 200 (tokens: 149, 526ms, cid=4e35e5f7-b5fc-4666-a50d-efe59ee3d115)
[WALMART][STORE1] GET /v3/items/FaisalX-1639 → 200 (tokens: 149, 899ms, cid=941730ab-2365-49f5-8332-a158bbe19508)
[WALMART][STORE1] GET /v3/items/FaisalX-2295 → 200 (tokens: 149, 550ms, cid=c062c7c4-4ba3-4662-88d4-4d4e77b64ad9)
[WALMART][STORE1] GET /v3/items/FaisalX-2773 → 200 (tokens: 149, 841ms, cid=7665155b-85f7-4ae7-8fb6-ac8accd56571)
[WALMART][STORE1] GET /v3/items/FaisalX-2296 → 200 (tokens: 149, 636ms, cid=47f782bb-9b2d-4dfa-89e8-7fdb1b2b84cc)
[WALMART][STORE1] GET /v3/items/FaisalX-2285 → 200 (tokens: 149, 862ms, cid=4d514786-ab20-456e-8d7f-0bddd2946c91)
[WALMART][STORE1] GET /v3/items/FaisalX-2766 → 200 (tokens: 149, 596ms, cid=629f52d1-77c6-4f62-abae-bb041fe2975a)
[WALMART][STORE1] GET /v3/items/FaisalX-2728 → 200 (tokens: 149, 727ms, cid=71abb71f-5a84-47d2-9ca0-1246a0a0447e)
[WALMART][STORE1] GET /v3/items/FaisalX-2767 → 200 (tokens: 149, 483ms, cid=3549d560-b3e7-43fe-be29-892257ccb4c4)
[WALMART][STORE1] GET /v3/items/FaisalX-3714 → 200 (tokens: 149, 887ms, cid=27e57408-9b84-427e-8c93-0c46215dea11)
[WALMART][STORE1] GET /v3/items/FaisalX-3539 → 200 (tokens: 149, 755ms, cid=7819cd62-6420-44f5-aff9-679d8d012d0d)
[WALMART][STORE1] GET /v3/items/FaisalX-3665 → 200 (tokens: 149, 772ms, cid=bd8b4be5-042b-4485-881a-e284135f1292)
[WALMART][STORE1] GET /v3/items/FaisalX-3712 → 200 (tokens: 149, 476ms, cid=b93ea3e8-278d-4078-866d-c6bbd1a1c649)
[WALMART][STORE1] GET /v3/items/FaisalX-3740 → 200 (tokens: 149, 891ms, cid=1d1f46d8-1af0-4635-bdce-cd4af82683dc)
[WALMART][STORE1] GET /v3/items/FaisalX-3720 → 200 (tokens: 149, 583ms, cid=b456317f-da81-4182-8449-c892e4efc503)
[WALMART][STORE1] GET /v3/items/FaisalX-3880 → 200 (tokens: 149, 813ms, cid=3579cd11-ef42-4cdd-bd0e-b9b2ad1f01c9)
[WALMART][STORE1] GET /v3/items/FaisalX-3872 → 200 (tokens: 149, 508ms, cid=1ab68810-4b43-484d-b4ce-75e312804529)
[WALMART][STORE1] GET /v3/items/FaisalX-3881 → 200 (tokens: 149, 1190ms, cid=9f006dc6-71c2-49dd-8d9a-13b68e788b78)
[WALMART][STORE1] GET /v3/items/FaisalX-3865 → 200 (tokens: 149, 523ms, cid=c269bfac-5f90-4a29-a8fa-51bc0e0c2319)
[WALMART][STORE1] GET /v3/items/FaisalX-4008 → 200 (tokens: 148, 855ms, cid=31678887-ed1a-48c4-8098-8d9c5d1d88cb)
[WALMART][STORE1] GET /v3/items/FaisalX-4007 → 200 (tokens: 149, 550ms, cid=ebbfe271-b83d-4217-b1ae-3f545baf0f7f)
[WALMART][STORE1] GET /v3/items/FaisalX-4050 → 200 (tokens: 149, 880ms, cid=eca945a9-200e-4dbd-b363-06d89e4d74ed)
[WALMART][STORE1] GET /v3/items/FaisalX-4025 → 200 (tokens: 149, 473ms, cid=4ea2e3d0-7767-45f7-bfb2-fee065b49433)
[WALMART][STORE1] GET /v3/items/FaisalX-4137 → 200 (tokens: 149, 887ms, cid=fa9eb506-de1d-4396-bb64-88d857176a88)
[WALMART][STORE1] GET /v3/items/FaisalX-4254 → 200 (tokens: 148, 687ms, cid=c6fa6da2-c322-4d8e-9946-6be20ae49d68)
[WALMART][STORE1] GET /v3/items/FaisalX-4215 → 200 (tokens: 149, 869ms, cid=5776fa89-b288-403d-94f0-f15de4e0756d)
[WALMART][STORE1] GET /v3/items/FaisalX-4065 → 200 (tokens: 149, 635ms, cid=69890c61-fd77-46ec-b9d4-bfabfcdae9fe)
[WALMART][STORE1] GET /v3/items/FaisalX-4526 → 200 (tokens: 149, 808ms, cid=2a59ca38-6fc8-4809-852f-2932b29ec632)
[WALMART][STORE1] GET /v3/items/FaisalX-4622 → 200 (tokens: 149, 597ms, cid=c67c25f7-78eb-4b74-805a-c95fde3a312c)
[WALMART][STORE1] GET /v3/items/FaisalX-4592 → 200 (tokens: 149, 899ms, cid=cf894567-6bd8-48ed-821c-cf70c728a593)
[WALMART][STORE1] GET /v3/items/FaisalX-4580 → 200 (tokens: 149, 771ms, cid=be4eebc2-922f-43de-abd4-b02667ec57b1)
[WALMART][STORE1] GET /v3/items/FaisalX-4604 → 200 (tokens: 149, 829ms, cid=29590766-c97f-4f9a-ae0a-36ef81ae668b)
[WALMART][STORE1] GET /v3/items/FaisalX-4589 → 200 (tokens: 149, 728ms, cid=3fcf3d9f-3202-4f59-981a-e62bad54db9a)
[WALMART][STORE1] GET /v3/items/FaisalX-4625 → 200 (tokens: 149, 786ms, cid=574612b7-409a-454d-acc5-12e2fcab32f5)
[WALMART][STORE1] GET /v3/items/FaisalX-4602 → 200 (tokens: 149, 574ms, cid=b0920043-0e04-4518-96eb-f172afc6202a)
[WALMART][STORE1] GET /v3/items/FaisalX-4797 → 200 (tokens: 149, 851ms, cid=4b07fe08-65b8-4867-9ba3-f0acda407b1f)
[WALMART][STORE1] GET /v3/items/FaisalX-4779 → 200 (tokens: 148, 548ms, cid=40ad9733-70cd-4fc7-8b23-64a34a589900)
[WALMART][STORE1] GET /v3/items/FaisalX-1641 → 200 (tokens: 149, 735ms, cid=7afb0555-6c29-4e5c-b668-c4460fdcf9a4)
built 78 MPItems

[WALMART][STORE1] POST /v3/feeds?feedType=MP_MAINTENANCE → 200 (tokens: 9, 680ms, cid=da0033e2-4f98-4367-bc55-79d190aac442)
  batch 1/2: feed 18C0C8EBDED058BC… (50) draining…
[WALMART][STORE1] GET /v3/feeds/18C0C8EBDED058BC9C003930D69A388B%40AX8BBgA?includeDetails=true → 200 (tokens: 832, 392ms, cid=d82dd940-edad-43e3-8f0d-28eb849d2244)
[WALMART][STORE1] GET /v3/feeds/18C0C8EBDED058BC9C003930D69A388B%40AX8BBgA?includeDetails=true → 200 (tokens: 832, 311ms, cid=a0ba07b2-4f5e-4c85-b0d9-6fb2ea8dd84d)
[WALMART][STORE1] GET /v3/feeds/18C0C8EBDED058BC9C003930D69A388B%40AX8BBgA?includeDetails=true → 200 (tokens: 832, 501ms, cid=a0ee7391-2fdf-4efd-a959-e90627922e27)
[WALMART][STORE1] GET /v3/feeds/18C0C8EBDED058BC9C003930D69A388B%40AX8BBgA?includeDetails=true → 200 (tokens: 832, 422ms, cid=d2c122ff-6055-4b59-a6ef-92569a66cb11)
[WALMART][STORE1] GET /v3/feeds/18C0C8EBDED058BC9C003930D69A388B%40AX8BBgA?includeDetails=true → 200 (tokens: 832, 445ms, cid=9c57a650-f8bb-413a-b46d-fc72e20b5d7c)
[WALMART][STORE1] GET /v3/feeds/18C0C8EBDED058BC9C003930D69A388B%40AX8BBgA?includeDetails=true → 200 (tokens: 832, 667ms, cid=2eaa0220-e1da-467a-a096-04676f970278)
[WALMART][STORE1] GET /v3/feeds/18C0C8EBDED058BC9C003930D69A388B%40AX8BBgA?includeDetails=true → 200 (tokens: 832, 434ms, cid=8b8acb90-0ee3-461f-b8e8-fc200c544082)
[WALMART][STORE1] GET /v3/feeds/18C0C8EBDED058BC9C003930D69A388B%40AX8BBgA?includeDetails=true → 200 (tokens: 832, 459ms, cid=0147a919-6257-403b-ad1e-9e62d3d434fb)
[WALMART][STORE1] GET /v3/feeds/18C0C8EBDED058BC9C003930D69A388B%40AX8BBgA?includeDetails=true → 200 (tokens: 832, 301ms, cid=9ef40c2a-55bb-4892-ad17-68d23244d552)
[WALMART][STORE1] GET /v3/feeds/18C0C8EBDED058BC9C003930D69A388B%40AX8BBgA?includeDetails=true → 200 (tokens: 832, 311ms, cid=4e40c843-d170-482d-800c-250ad8ff4247)
[WALMART][STORE1] GET /v3/feeds/18C0C8EBDED058BC9C003930D69A388B%40AX8BBgA?includeDetails=true → 200 (tokens: 832, 503ms, cid=6b674f42-7b92-4fde-842d-2cd0cfb9070f)
[WALMART][STORE1] GET /v3/feeds/18C0C8EBDED058BC9C003930D69A388B%40AX8BBgA?includeDetails=true → 200 (tokens: 832, 405ms, cid=3d236e6c-ed1e-4038-93e7-4d7bba4cff78)
[WALMART][STORE1] GET /v3/feeds/18C0C8EBDED058BC9C003930D69A388B%40AX8BBgA?includeDetails=true → 200 (tokens: 832, 395ms, cid=0c358c6d-46c9-48c4-869c-150e4172d355)
[WALMART][STORE1] GET /v3/feeds/18C0C8EBDED058BC9C003930D69A388B%40AX8BBgA?includeDetails=true → 200 (tokens: 832, 584ms, cid=4d04ed0d-cd2d-4c7f-b244-cc91b44b4da2)
[WALMART][STORE1] GET /v3/feeds/18C0C8EBDED058BC9C003930D69A388B%40AX8BBgA?includeDetails=true → 200 (tokens: 832, 332ms, cid=8f32fad2-cb44-4567-a2c4-6efef19a8a02)
[WALMART][STORE1] GET /v3/feeds/18C0C8EBDED058BC9C003930D69A388B%40AX8BBgA?includeDetails=true → 200 (tokens: 832, 287ms, cid=80dbc401-82f7-4838-be0e-2270ceefe46b)
[WALMART][STORE1] GET /v3/feeds/18C0C8EBDED058BC9C003930D69A388B%40AX8BBgA?includeDetails=true → 200 (tokens: 832, 566ms, cid=6b0182be-cc81-476c-97cf-7bf6bc7a122d)
[WALMART][STORE1] GET /v3/feeds/18C0C8EBDED058BC9C003930D69A388B%40AX8BBgA?includeDetails=true → 200 (tokens: 832, 455ms, cid=964ba13a-aa9d-4840-8317-951e53800aad)
[WALMART][STORE1] GET /v3/feeds/18C0C8EBDED058BC9C003930D69A388B%40AX8BBgA?includeDetails=true → 200 (tokens: 832, 461ms, cid=036a5a4a-fcef-4140-b8e8-7075a47a82ca)
[WALMART][STORE1] GET /v3/feeds/18C0C8EBDED058BC9C003930D69A388B%40AX8BBgA?includeDetails=true → 200 (tokens: 832, 654ms, cid=3427a430-4f26-4449-9fd6-b13701a71119)
[WALMART][STORE1] GET /v3/feeds/18C0C8EBDED058BC9C003930D69A388B%40AX8BBgA?includeDetails=true → 200 (tokens: 832, 360ms, cid=1843c6a1-7315-4000-b4e3-ed178d6b95eb)
[WALMART][STORE1] GET /v3/feeds/18C0C8EBDED058BC9C003930D69A388B%40AX8BBgA?includeDetails=true → 200 (tokens: 832, 544ms, cid=7a672ee9-8e5e-4624-8d87-64706dea410b)
[WALMART][STORE1] GET /v3/feeds/18C0C8EBDED058BC9C003930D69A388B%40AX8BBgA?includeDetails=true → 200 (tokens: 832, 262ms, cid=904b5678-00f1-4013-8cea-f29f26f57485)
[WALMART][STORE1] GET /v3/feeds/18C0C8EBDED058BC9C003930D69A388B%40AX8BBgA?includeDetails=true → 200 (tokens: 832, 697ms, cid=3de22402-9a10-4471-b75a-e888772cbdf1)
[WALMART][STORE1] GET /v3/feeds/18C0C8EBDED058BC9C003930D69A388B%40AX8BBgA?includeDetails=true → 200 (tokens: 832, 459ms, cid=85f40627-1fc4-4193-9d3c-bf151c3b75c4)
[WALMART][STORE1] GET /v3/feeds/18C0C8EBDED058BC9C003930D69A388B%40AX8BBgA?includeDetails=true → 200 (tokens: 832, 432ms, cid=23b1e3b7-9144-43e5-9e4c-1a0a9bf751b5)
[WALMART][STORE1] GET /v3/feeds/18C0C8EBDED058BC9C003930D69A388B%40AX8BBgA?includeDetails=true → 200 (tokens: 832, 623ms, cid=cffff188-a637-449f-9a9f-b31bad6ede26)
[WALMART][STORE1] GET /v3/feeds/18C0C8EBDED058BC9C003930D69A388B%40AX8BBgA?includeDetails=true → 200 (tokens: 832, 467ms, cid=fe8f23fa-c57a-40dd-b4ee-f4ff8a5dc22d)
[WALMART][STORE1] GET /v3/feeds/18C0C8EBDED058BC9C003930D69A388B%40AX8BBgA?includeDetails=true → 200 (tokens: 832, 459ms, cid=87a33799-dedd-42d9-b6a5-66bc39c3537d)
[WALMART][STORE1] GET /v3/feeds/18C0C8EBDED058BC9C003930D69A388B%40AX8BBgA?includeDetails=true → 200 (tokens: 832, 298ms, cid=eeb218fa-c086-4e8a-8de4-17d2f4c4db94)
[WALMART][STORE1] GET /v3/feeds/18C0C8EBDED058BC9C003930D69A388B%40AX8BBgA?includeDetails=true → 200 (tokens: 832, 572ms, cid=25ab2fdd-63ac-4d52-a089-0f62181dc88e)
[WALMART][STORE1] GET /v3/feeds/18C0C8EBDED058BC9C003930D69A388B%40AX8BBgA?includeDetails=true → 200 (tokens: 832, 451ms, cid=810cea9a-5f30-4612-bb4d-0ffe81d3f3ba)
[WALMART][STORE1] GET /v3/feeds/18C0C8EBDED058BC9C003930D69A388B%40AX8BBgA?includeDetails=true → 200 (tokens: 832, 508ms, cid=64149b82-a076-42aa-9edd-6cb0690d5cd1)
[WALMART][STORE1] GET /v3/feeds/18C0C8EBDED058BC9C003930D69A388B%40AX8BBgA?includeDetails=true → 200 (tokens: 832, 294ms, cid=ba0dadbc-17c0-4ffc-8a33-086543618694)
[WALMART][STORE1] GET /v3/feeds/18C0C8EBDED058BC9C003930D69A388B%40AX8BBgA?includeDetails=true → 200 (tokens: 832, 284ms, cid=8cdece5e-919e-445a-83e9-45a68a6d52e5)
[WALMART][STORE1] GET /v3/feeds/18C0C8EBDED058BC9C003930D69A388B%40AX8BBgA?includeDetails=true → 200 (tokens: 832, 511ms, cid=233e1285-9741-4c2e-b28a-533a4ca5dd83)
[WALMART][STORE1] GET /v3/feeds/18C0C8EBDED058BC9C003930D69A388B%40AX8BBgA?includeDetails=true → 200 (tokens: 832, 445ms, cid=291ec3ad-8ecd-464c-ab6e-4f20181dd344)
[WALMART][STORE1] GET /v3/feeds/18C0C8EBDED058BC9C003930D69A388B%40AX8BBgA?includeDetails=true → 200 (tokens: 832, 370ms, cid=c12e3aa2-afde-4c1f-8266-ac6279ceb2b3)
[WALMART][STORE1] GET /v3/feeds/18C0C8EBDED058BC9C003930D69A388B%40AX8BBgA?includeDetails=true → 200 (tokens: 832, 435ms, cid=fb0f77d6-16c2-4a0f-87bb-10470b725ce4)
[WALMART][STORE1] GET /v3/feeds/18C0C8EBDED058BC9C003930D69A388B%40AX8BBgA?includeDetails=true → 200 (tokens: 832, 699ms, cid=8a6cee41-9816-43c0-8c40-fdb433392db1)
[WALMART][STORE1] GET /v3/feeds/18C0C8EBDED058BC9C003930D69A388B%40AX8BBgA?includeDetails=true → 200 (tokens: 832, 482ms, cid=37dd0a5f-1103-4c33-931e-b0f0eaf9cb08)
[WALMART][STORE1] GET /v3/feeds/18C0C8EBDED058BC9C003930D69A388B%40AX8BBgA?includeDetails=true → 200 (tokens: 832, 412ms, cid=121fe930-58e0-457e-b321-f85f294fac48)
[WALMART][STORE1] GET /v3/feeds/18C0C8EBDED058BC9C003930D69A388B%40AX8BBgA?includeDetails=true → 200 (tokens: 832, 443ms, cid=9610d861-560a-4d94-8a5e-d438b853d56f)
[WALMART][STORE1] GET /v3/feeds/18C0C8EBDED058BC9C003930D69A388B%40AX8BBgA?includeDetails=true → 200 (tokens: 832, 343ms, cid=2c5840c6-be29-48e7-a1b3-2683dc5cedaa)
[WALMART][STORE1] GET /v3/feeds/18C0C8EBDED058BC9C003930D69A388B%40AX8BBgA?includeDetails=true → 200 (tokens: 832, 329ms, cid=05e83eb8-c036-4893-a3aa-58444edfeaf5)
[WALMART][STORE1] GET /v3/feeds/18C0C8EBDED058BC9C003930D69A388B%40AX8BBgA?includeDetails=true → 200 (tokens: 832, 433ms, cid=6e51473f-deae-49ee-b46d-65c379c77d08)
[WALMART][STORE1] token issued, expires at 2026-07-10T01:45:33.894Z
[WALMART][STORE1] GET /v3/feeds/18C0C8EBDED058BC9C003930D69A388B%40AX8BBgA?includeDetails=true → 200 (tokens: 832, 289ms, cid=a7c9b32d-311c-4681-a5c8-1f8fa4f42caa)
[WALMART][STORE1] GET /v3/feeds/18C0C8EBDED058BC9C003930D69A388B%40AX8BBgA?includeDetails=true → 200 (tokens: 832, 337ms, cid=0ce5bc7b-47f6-44e9-ada3-ea65ced04da8)
[WALMART][STORE1] GET /v3/feeds/18C0C8EBDED058BC9C003930D69A388B%40AX8BBgA?includeDetails=true → 200 (tokens: 832, 513ms, cid=66036447-4287-4d52-89ae-c6c53b489ab8)
[WALMART][STORE1] GET /v3/feeds/18C0C8EBDED058BC9C003930D69A388B%40AX8BBgA?includeDetails=true → 200 (tokens: 832, 372ms, cid=f4e976ea-822e-4b55-b80c-a1d63d49194a)
[WALMART][STORE1] GET /v3/feeds/18C0C8EBDED058BC9C003930D69A388B%40AX8BBgA?includeDetails=true → 200 (tokens: 832, 519ms, cid=a7aaca19-055a-43d8-9113-02ec265e0f32)
[WALMART][STORE1] GET /v3/feeds/18C0C8EBDED058BC9C003930D69A388B%40AX8BBgA?includeDetails=true → 200 (tokens: 832, 479ms, cid=55d1af49-34a1-4be4-88df-0b8c024f7dbe)
[WALMART][STORE1] GET /v3/feeds/18C0C8EBDED058BC9C003930D69A388B%40AX8BBgA?includeDetails=true → 200 (tokens: 832, 325ms, cid=1f649742-df4b-4e4b-b243-2ada28e42b50)
[WALMART][STORE1] GET /v3/feeds/18C0C8EBDED058BC9C003930D69A388B%40AX8BBgA?includeDetails=true → 200 (tokens: 832, 493ms, cid=b251985f-1ac1-4880-b2d1-5477c0399831)
[WALMART][STORE1] GET /v3/feeds/18C0C8EBDED058BC9C003930D69A388B%40AX8BBgA?includeDetails=true → 200 (tokens: 832, 244ms, cid=5109146f-05d3-4486-9191-b94a847526e5)
[WALMART][STORE1] GET /v3/feeds/18C0C8EBDED058BC9C003930D69A388B%40AX8BBgA?includeDetails=true → 200 (tokens: 832, 545ms, cid=ef5b19c2-2158-4900-8878-75bb466f4f6e)
[WALMART][STORE1] GET /v3/feeds/18C0C8EBDED058BC9C003930D69A388B%40AX8BBgA?includeDetails=true → 200 (tokens: 832, 463ms, cid=fffcd2c9-a262-42a5-acfe-7f894def61ac)
[WALMART][STORE1] GET /v3/feeds/18C0C8EBDED058BC9C003930D69A388B%40AX8BBgA?includeDetails=true → 200 (tokens: 832, 302ms, cid=9fe2681f-ae04-49fe-8c09-6b3fdaa91e03)
[WALMART][STORE1] GET /v3/feeds/18C0C8EBDED058BC9C003930D69A388B%40AX8BBgA?includeDetails=true → 200 (tokens: 832, 288ms, cid=3fe4b1bc-0ba7-4469-95f5-ad158a9e79b4)
  batch 1/2: INPROGRESS at budget — marked submitted
[WALMART][STORE1] POST /v3/feeds?feedType=MP_MAINTENANCE → 200 (tokens: 9, 489ms, cid=b6729a12-0a53-4102-a1af-d6ad89366c80)
  batch 2/2: feed 18C0C9C102D955E6… (28) draining…
[WALMART][STORE1] GET /v3/feeds/18C0C9C102D955E6A287EC99949B9674%40AX8BBgA?includeDetails=true → 200 (tokens: 832, 255ms, cid=40e34d26-18df-4fa5-b8c7-01d8eddf5e02)
[WALMART][STORE1] GET /v3/feeds/18C0C9C102D955E6A287EC99949B9674%40AX8BBgA?includeDetails=true → 200 (tokens: 832, 492ms, cid=906d0b02-9df4-4fbd-b253-eaf0f41b6f2c)
[WALMART][STORE1] GET /v3/feeds/18C0C9C102D955E6A287EC99949B9674%40AX8BBgA?includeDetails=true → 200 (tokens: 832, 397ms, cid=fc6c2e6f-4d8f-45df-8b05-26e577da7fa1)
[WALMART][STORE1] GET /v3/feeds/18C0C9C102D955E6A287EC99949B9674%40AX8BBgA?includeDetails=true → 200 (tokens: 832, 213ms, cid=c03e73b1-27e9-472a-973b-6acf8400d153)
[WALMART][STORE1] GET /v3/feeds/18C0C9C102D955E6A287EC99949B9674%40AX8BBgA?includeDetails=true → 200 (tokens: 832, 528ms, cid=c8ad466a-aec1-4200-96ee-070bba94a82b)
[WALMART][STORE1] GET /v3/feeds/18C0C9C102D955E6A287EC99949B9674%40AX8BBgA?includeDetails=true → 200 (tokens: 832, 380ms, cid=fac5e279-398d-4542-b0ce-d367138562c4)
[WALMART][STORE1] GET /v3/feeds/18C0C9C102D955E6A287EC99949B9674%40AX8BBgA?includeDetails=true → 200 (tokens: 832, 410ms, cid=5c2add83-0472-46bf-beb8-54c462cc333a)
[WALMART][STORE1] GET /v3/feeds/18C0C9C102D955E6A287EC99949B9674%40AX8BBgA?includeDetails=true → 200 (tokens: 832, 491ms, cid=a3082eeb-dadf-446a-afcb-439804912e1c)
[WALMART][STORE1] GET /v3/feeds/18C0C9C102D955E6A287EC99949B9674%40AX8BBgA?includeDetails=true → 200 (tokens: 832, 308ms, cid=fe239d7b-230e-437d-8311-bfd0831c34c3)
[WALMART][STORE1] GET /v3/feeds/18C0C9C102D955E6A287EC99949B9674%40AX8BBgA?includeDetails=true → 200 (tokens: 832, 712ms, cid=dbf4aa7d-e132-4f76-9af7-a51bafda4690)
[WALMART][STORE1] GET /v3/feeds/18C0C9C102D955E6A287EC99949B9674%40AX8BBgA?includeDetails=true → 200 (tokens: 832, 487ms, cid=7f3dfa89-078d-4686-8c1c-2d4bf1bd0ed1)
[WALMART][STORE1] GET /v3/feeds/18C0C9C102D955E6A287EC99949B9674%40AX8BBgA?includeDetails=true → 200 (tokens: 832, 398ms, cid=3d9ecc3b-a816-4a6b-91bd-5c602b55991e)
[WALMART][STORE1] GET /v3/feeds/18C0C9C102D955E6A287EC99949B9674%40AX8BBgA?includeDetails=true → 200 (tokens: 832, 567ms, cid=8533987d-f0c2-4669-a698-64e8438951f1)
[WALMART][STORE1] GET /v3/feeds/18C0C9C102D955E6A287EC99949B9674%40AX8BBgA?includeDetails=true → 200 (tokens: 832, 271ms, cid=59756f2c-a3ac-4895-93fb-df4d63e408fe)
[WALMART][STORE1] GET /v3/feeds/18C0C9C102D955E6A287EC99949B9674%40AX8BBgA?includeDetails=true → 200 (tokens: 832, 416ms, cid=c6f38f1b-74db-4752-b008-70142b6a38ae)
[WALMART][STORE1] GET /v3/feeds/18C0C9C102D955E6A287EC99949B9674%40AX8BBgA?includeDetails=true → 200 (tokens: 832, 658ms, cid=dff9d678-fc29-4cf4-b88f-80669e114e34)
[WALMART][STORE1] GET /v3/feeds/18C0C9C102D955E6A287EC99949B9674%40AX8BBgA?includeDetails=true → 200 (tokens: 832, 417ms, cid=6881c4cc-5914-4be6-9d81-b66f7c4c453c)
[WALMART][STORE1] GET /v3/feeds/18C0C9C102D955E6A287EC99949B9674%40AX8BBgA?includeDetails=true → 200 (tokens: 832, 540ms, cid=611b86ba-d919-4e19-93eb-62791098d220)
[WALMART][STORE1] GET /v3/feeds/18C0C9C102D955E6A287EC99949B9674%40AX8BBgA?includeDetails=true → 200 (tokens: 832, 581ms, cid=9fa086cb-1178-436f-87a0-7c43e7c6985c)
[WALMART][STORE1] GET /v3/feeds/18C0C9C102D955E6A287EC99949B9674%40AX8BBgA?includeDetails=true → 200 (tokens: 832, 530ms, cid=055c92a4-e608-4554-b739-984ff52afe12)
[WALMART][STORE1] GET /v3/feeds/18C0C9C102D955E6A287EC99949B9674%40AX8BBgA?includeDetails=true → 200 (tokens: 832, 265ms, cid=6e22bc49-5230-457f-8a99-5fe1ab870b51)
[WALMART][STORE1] GET /v3/feeds/18C0C9C102D955E6A287EC99949B9674%40AX8BBgA?includeDetails=true → 200 (tokens: 832, 480ms, cid=2cdb3211-5037-45d9-ad6a-ad4b3da1f4e4)
[WALMART][STORE1] GET /v3/feeds/18C0C9C102D955E6A287EC99949B9674%40AX8BBgA?includeDetails=true → 200 (tokens: 832, 529ms, cid=291080bc-04f2-49fe-acfd-dafa31c851e3)
[WALMART][STORE1] GET /v3/feeds/18C0C9C102D955E6A287EC99949B9674%40AX8BBgA?includeDetails=true → 200 (tokens: 832, 322ms, cid=fad0292c-ab21-41a9-8058-b2a09312166c)
[WALMART][STORE1] GET /v3/feeds/18C0C9C102D955E6A287EC99949B9674%40AX8BBgA?includeDetails=true → 200 (tokens: 832, 274ms, cid=9e0f4082-7cfe-4e83-85ef-fefcc1417927)
[WALMART][STORE1] GET /v3/feeds/18C0C9C102D955E6A287EC99949B9674%40AX8BBgA?includeDetails=true → 200 (tokens: 832, 266ms, cid=401234e0-0a4d-4526-b376-8b6cb3524283)
[WALMART][STORE1] GET /v3/feeds/18C0C9C102D955E6A287EC99949B9674%40AX8BBgA?includeDetails=true → 200 (tokens: 832, 428ms, cid=2d8f10d3-65ea-493b-82db-f6271c01962b)
[WALMART][STORE1] GET /v3/feeds/18C0C9C102D955E6A287EC99949B9674%40AX8BBgA?includeDetails=true → 200 (tokens: 832, 519ms, cid=9d897591-3bf9-49aa-9513-66e89e5d6d79)
[WALMART][STORE1] GET /v3/feeds/18C0C9C102D955E6A287EC99949B9674%40AX8BBgA?includeDetails=true → 200 (tokens: 832, 431ms, cid=da12a3b0-cabe-4581-9675-01209cb6450f)
[WALMART][STORE1] GET /v3/feeds/18C0C9C102D955E6A287EC99949B9674%40AX8BBgA?includeDetails=true → 200 (tokens: 832, 396ms, cid=08f22c63-fe84-47c6-beb8-3e1b7ec502e1)
[WALMART][STORE1] GET /v3/feeds/18C0C9C102D955E6A287EC99949B9674%40AX8BBgA?includeDetails=true → 200 (tokens: 832, 379ms, cid=f1cec7fc-1e24-436d-ba13-8ae278e28835)
[WALMART][STORE1] GET /v3/feeds/18C0C9C102D955E6A287EC99949B9674%40AX8BBgA?includeDetails=true → 200 (tokens: 832, 591ms, cid=59030d6f-f773-478c-8c4c-febe2f0d0799)
[WALMART][STORE1] GET /v3/feeds/18C0C9C102D955E6A287EC99949B9674%40AX8BBgA?includeDetails=true → 200 (tokens: 832, 336ms, cid=0a9fc4f5-c72b-4a17-8c0f-c4d6d0e4ce30)
[WALMART][STORE1] GET /v3/feeds/18C0C9C102D955E6A287EC99949B9674%40AX8BBgA?includeDetails=true → 200 (tokens: 832, 357ms, cid=4536768e-4e05-45c0-a9e1-421790b36284)
[WALMART][STORE1] GET /v3/feeds/18C0C9C102D955E6A287EC99949B9674%40AX8BBgA?includeDetails=true → 200 (tokens: 832, 327ms, cid=b080013a-ac37-4502-adbe-ec6c23646b33)
[WALMART][STORE1] GET /v3/feeds/18C0C9C102D955E6A287EC99949B9674%40AX8BBgA?includeDetails=true → 200 (tokens: 832, 594ms, cid=d9b9f46d-3924-4ed9-86ce-07c4bbb840ea)
[WALMART][STORE1] GET /v3/feeds/18C0C9C102D955E6A287EC99949B9674%40AX8BBgA?includeDetails=true → 200 (tokens: 832, 348ms, cid=cac3feee-f4e9-4e0f-bb2d-b96bb996e94a)
[WALMART][STORE1] GET /v3/feeds/18C0C9C102D955E6A287EC99949B9674%40AX8BBgA?includeDetails=true → 200 (tokens: 832, 270ms, cid=75df10c4-2f8c-4276-9cb2-7f43e3d7b4be)
[WALMART][STORE1] token issued, expires at 2026-07-10T01:58:44.785Z
[WALMART][STORE1] GET /v3/feeds/18C0C9C102D955E6A287EC99949B9674%40AX8BBgA?includeDetails=true → 200 (tokens: 832, 230ms, cid=afc30d39-462a-4b09-85d1-60e46dfb82f9)
[WALMART][STORE1] GET /v3/feeds/18C0C9C102D955E6A287EC99949B9674%40AX8BBgA?includeDetails=true → 200 (tokens: 832, 380ms, cid=4e3cae67-4b1f-42bf-9ad9-535afb459142)
[WALMART][STORE1] GET /v3/feeds/18C0C9C102D955E6A287EC99949B9674%40AX8BBgA?includeDetails=true → 200 (tokens: 832, 394ms, cid=3c5ce8fd-0325-4b91-b456-dbf8099fb3cf)
[WALMART][STORE1] GET /v3/feeds/18C0C9C102D955E6A287EC99949B9674%40AX8BBgA?includeDetails=true → 200 (tokens: 832, 268ms, cid=4dec8c71-20f2-4da4-b021-3aeb272ebd99)
[WALMART][STORE1] GET /v3/feeds/18C0C9C102D955E6A287EC99949B9674%40AX8BBgA?includeDetails=true → 200 (tokens: 832, 272ms, cid=3c3e4e0b-8149-49a7-875f-3ea0dcd48a1e)
[WALMART][STORE1] GET /v3/feeds/18C0C9C102D955E6A287EC99949B9674%40AX8BBgA?includeDetails=true → 200 (tokens: 832, 419ms, cid=651fcab0-503a-420e-be65-9787f8e11f1e)
[WALMART][STORE1] GET /v3/feeds/18C0C9C102D955E6A287EC99949B9674%40AX8BBgA?includeDetails=true → 200 (tokens: 832, 255ms, cid=5a24a65c-9b36-45b8-ad36-58ef72e9c68f)
[WALMART][STORE1] GET /v3/feeds/18C0C9C102D955E6A287EC99949B9674%40AX8BBgA?includeDetails=true → 200 (tokens: 832, 512ms, cid=f352f837-6a33-4cfa-8040-b738fd471406)
[WALMART][STORE1] GET /v3/feeds/18C0C9C102D955E6A287EC99949B9674%40AX8BBgA?includeDetails=true → 200 (tokens: 832, 454ms, cid=f423c165-3f26-49a9-9008-3cc54ae8e316)
[WALMART][STORE1] GET /v3/feeds/18C0C9C102D955E6A287EC99949B9674%40AX8BBgA?includeDetails=true → 200 (tokens: 832, 546ms, cid=0266d91c-38cd-457c-b616-fde32286f19a)
[WALMART][STORE1] GET /v3/feeds/18C0C9C102D955E6A287EC99949B9674%40AX8BBgA?includeDetails=true → 200 (tokens: 832, 495ms, cid=07c2bb3d-a7df-42c1-a993-da8d17db0370)
[WALMART][STORE1] GET /v3/feeds/18C0C9C102D955E6A287EC99949B9674%40AX8BBgA?includeDetails=true → 200 (tokens: 832, 448ms, cid=b9f2987e-49c7-4948-a663-a86f17498cac)
[WALMART][STORE1] GET /v3/feeds/18C0C9C102D955E6A287EC99949B9674%40AX8BBgA?includeDetails=true → 200 (tokens: 832, 368ms, cid=36062c09-9276-437c-98f6-62676e02604f)
[WALMART][STORE1] GET /v3/feeds/18C0C9C102D955E6A287EC99949B9674%40AX8BBgA?includeDetails=true → 200 (tokens: 832, 307ms, cid=01269ad0-2e5d-4ef6-ad60-f7c71c374486)
[WALMART][STORE1] GET /v3/feeds/18C0C9C102D955E6A287EC99949B9674%40AX8BBgA?includeDetails=true → 200 (tokens: 832, 364ms, cid=db7c2638-ccb5-4abd-8ef3-c44923eada24)
[WALMART][STORE1] GET /v3/feeds/18C0C9C102D955E6A287EC99949B9674%40AX8BBgA?includeDetails=true → 200 (tokens: 832, 375ms, cid=673ee112-4c23-49f1-8cbe-99aa3fd5ac35)
[WALMART][STORE1] GET /v3/feeds/18C0C9C102D955E6A287EC99949B9674%40AX8BBgA?includeDetails=true → 200 (tokens: 832, 430ms, cid=46f7b417-b214-44cf-9ded-268a5552c2bc)
[WALMART][STORE1] GET /v3/feeds/18C0C9C102D955E6A287EC99949B9674%40AX8BBgA?includeDetails=true → 200 (tokens: 832, 546ms, cid=c58b7a4a-532b-44c0-b01b-cbbdf2c0ae1f)
[WALMART][STORE1] GET /v3/feeds/18C0C9C102D955E6A287EC99949B9674%40AX8BBgA?includeDetails=true → 200 (tokens: 832, 370ms, cid=00b08f52-0575-43f8-9ce3-0d201513d3c6)
[WALMART][STORE1] GET /v3/feeds/18C0C9C102D955E6A287EC99949B9674%40AX8BBgA?includeDetails=true → 200 (tokens: 832, 388ms, cid=f3e96d17-5c77-46a4-b6b4-d1da698e5bb0)
[WALMART][STORE1] GET /v3/feeds/18C0C9C102D955E6A287EC99949B9674%40AX8BBgA?includeDetails=true → 200 (tokens: 832, 895ms, cid=1e62b3e1-d9d0-43a8-bbde-b75098deb3e5)
  batch 2/2: INPROGRESS at budget — marked submitted

=== PUBLISH_FIX cumulative === applied 2 · qarth 0 · failed 0 · submitted 78 · post_failed 0 · build_skip 0
