GEN_OK ready 142 · publishing 142 (skip already applied/qarth)

[WALMART][STORE1] token issued, expires at 2026-07-10T06:32:43.122Z
[WALMART][STORE1] GET /v3/items/FaisalX-2045 → 200 (tokens: 149, 496ms, cid=8f41ba06-817d-408f-baa9-f50ace5a18fe)
[WALMART][STORE1] GET /v3/items/FaisalX-4368 → 200 (tokens: 149, 591ms, cid=c48fb4df-921a-4dca-8dcf-a8c852cf14c0)
[WALMART][STORE1] GET /v3/items/FaisalX-5010 → 200 (tokens: 149, 478ms, cid=fa8d3e8a-6b82-4ac0-9342-42ceef1a7b47)
[WALMART][STORE1] GET /v3/items/FaisalX-4039 → 200 (tokens: 149, 774ms, cid=de2f7fe8-37ca-4534-b6c1-ef97ab76ee88)
[WALMART][STORE1] GET /v3/items/FaisalX-4041 → 200 (tokens: 149, 452ms, cid=196724ed-e6c9-457a-93b7-7d23ed6ba683)
[WALMART][STORE1] GET /v3/items/FaisalX-4056 → 200 (tokens: 148, 520ms, cid=1f2f54d1-2b6e-449f-91ef-99f23c77396e)
[WALMART][STORE1] GET /v3/items/FaisalX-4077 → 200 (tokens: 149, 514ms, cid=b30d188c-360a-4685-a298-e595ff11449e)
[WALMART][STORE1] GET /v3/items/FaisalX-4075 → 200 (tokens: 149, 467ms, cid=0cc057fd-6842-4f9e-8182-62e126ff594d)
[WALMART][STORE1] GET /v3/items/FaisalX-4117 → 200 (tokens: 149, 526ms, cid=570592ce-b4f1-4103-a011-cdb8660aa97f)
[WALMART][STORE1] GET /v3/items/FaisalX-4136 → 200 (tokens: 149, 475ms, cid=24036ff5-fd43-440d-9363-54e584fd5440)
[WALMART][STORE1] GET /v3/items/FaisalX-4131 → 200 (tokens: 149, 578ms, cid=27ee6975-70fa-405d-9865-cb3463472a5b)
[WALMART][STORE1] GET /v3/items/FaisalX-4115 → 200 (tokens: 149, 540ms, cid=4cd59c02-2b20-415a-be15-397043f85f9f)
[WALMART][STORE1] GET /v3/items/FaisalX-4126 → 200 (tokens: 149, 555ms, cid=bfe45933-8db7-4373-acb2-c9e56b00cca7)
[WALMART][STORE1] GET /v3/items/FaisalX-4127 → 200 (tokens: 149, 548ms, cid=f61ea86f-6f86-4900-86cb-0a6a4eaa980b)
[WALMART][STORE1] GET /v3/items/FaisalX-4144 → 200 (tokens: 149, 697ms, cid=de6901e9-93c6-4e6a-bdab-793740f097c1)
[WALMART][STORE1] GET /v3/items/FaisalX-4153 → 200 (tokens: 149, 550ms, cid=e823a7e2-3842-4806-bb7e-6b622e08a2dc)
[WALMART][STORE1] GET /v3/items/FaisalX-4149 → 200 (tokens: 149, 624ms, cid=dd1f46fd-b421-4cdc-bb94-211e7af490d1)
[WALMART][STORE1] GET /v3/items/FaisalX-4166 → 200 (tokens: 149, 548ms, cid=3becc837-7f52-4372-9e32-77ca8315e37f)
[WALMART][STORE1] GET /v3/items/FaisalX-4176 → 200 (tokens: 149, 529ms, cid=ecd67820-7d1b-4df4-8a69-cb441389f4ad)
[WALMART][STORE1] GET /v3/items/FaisalX-4206 → 200 (tokens: 149, 551ms, cid=a65f764f-3ae0-4d6d-8c53-7ac155cfcf35)
[WALMART][STORE1] GET /v3/items/FaisalX-4260 → 200 (tokens: 149, 548ms, cid=0a339757-286b-4030-81ac-deaa6b3c6583)
[WALMART][STORE1] GET /v3/items/FaisalX-4253 → 200 (tokens: 149, 543ms, cid=ce485e92-2c23-4773-8e8a-60f584c48f5f)
[WALMART][STORE1] GET /v3/items/FaisalX-4251 → 200 (tokens: 149, 597ms, cid=4a761cb6-6a8a-4466-9ea8-6ef2a9ddf5be)
[WALMART][STORE1] GET /v3/items/FaisalX-4243 → 200 (tokens: 148, 631ms, cid=16f2d857-21a5-4d30-8c98-85c864d5c205)
[WALMART][STORE1] GET /v3/items/FaisalX-4262 → 200 (tokens: 149, 418ms, cid=b8093a2e-8ea5-4160-b9c8-a2326758aab4)
[WALMART][STORE1] GET /v3/items/FaisalX-4280 → 200 (tokens: 148, 508ms, cid=1b9a1aec-8cba-4f03-84d1-4b316f6687d0)
[WALMART][STORE1] GET /v3/items/FaisalX-4297 → 200 (tokens: 149, 538ms, cid=0337199c-6114-4544-8224-65e08f1751c9)
[WALMART][STORE1] GET /v3/items/FaisalX-4278 → 200 (tokens: 149, 631ms, cid=66266848-c7ad-4f7e-8471-48a4e1e0def8)
[WALMART][STORE1] GET /v3/items/FaisalX-4277 → 200 (tokens: 149, 536ms, cid=98b27da3-5d7a-469a-b672-06d2df55dadf)
[WALMART][STORE1] GET /v3/items/FaisalX-4323 → 200 (tokens: 149, 483ms, cid=486d8c48-404b-4e05-9ce3-1aa5d509da91)
[WALMART][STORE1] GET /v3/items/FaisalX-4321 → 200 (tokens: 149, 555ms, cid=0b89f9a1-249d-42ff-af8f-23780b3e2d40)
[WALMART][STORE1] GET /v3/items/FaisalX-4322 → 200 (tokens: 149, 478ms, cid=8fbbb45d-d3db-4a05-9084-2016e3e5dcd0)
[WALMART][STORE1] GET /v3/items/FaisalX-4345 → 200 (tokens: 149, 572ms, cid=2e3c12b5-57d4-44f2-9d1e-3059aca92c86)
[WALMART][STORE1] GET /v3/items/FaisalX-4328 → 200 (tokens: 149, 482ms, cid=b8ee5cc7-678b-4551-9b06-c414cdf7b03c)
[WALMART][STORE1] GET /v3/items/FaisalX-4381 → 200 (tokens: 149, 539ms, cid=7d6f9c35-3b5d-4081-aa60-ddfca449d816)
[WALMART][STORE1] GET /v3/items/FaisalX-4378 → 200 (tokens: 149, 587ms, cid=c14471a8-7feb-4774-a1fd-517d155c8b5a)
[WALMART][STORE1] GET /v3/items/FaisalX-4373 → 200 (tokens: 149, 591ms, cid=2878f587-5d37-4cf5-a355-5ee802a10506)
[WALMART][STORE1] GET /v3/items/FaisalX-4450 → 200 (tokens: 148, 606ms, cid=90923f98-31f4-425d-9426-b11683685f33)
[WALMART][STORE1] GET /v3/items/FaisalX-4451 → 200 (tokens: 149, 503ms, cid=9b27e628-7af1-4c34-91b1-7427c73c88b0)
[WALMART][STORE1] GET /v3/items/FaisalX-4457 → 200 (tokens: 149, 649ms, cid=424c1066-321a-4329-9432-30761590d00f)
[WALMART][STORE1] GET /v3/items/FaisalX-4466 → 200 (tokens: 149, 491ms, cid=01275217-9d59-469b-94f6-d756348beda7)
[WALMART][STORE1] GET /v3/items/FaisalX-4485 → 200 (tokens: 149, 490ms, cid=c7d36ccc-8523-4282-bfb5-a8776862c936)
[WALMART][STORE1] GET /v3/items/FaisalX-4486 → 200 (tokens: 149, 593ms, cid=bac66c51-25e6-4d26-809a-ca60aa1be991)
[WALMART][STORE1] GET /v3/items/FaisalX-4489 → 200 (tokens: 149, 440ms, cid=225412a7-6300-41b9-89a1-26b3c95b9202)
[WALMART][STORE1] GET /v3/items/FaisalX-4488 → 200 (tokens: 149, 644ms, cid=82a5c72b-afa3-4b10-9606-107ffe8b767f)
[WALMART][STORE1] GET /v3/items/FaisalX-4487 → 200 (tokens: 149, 452ms, cid=7e1f2361-41c1-480b-949e-0d5937fa32f5)
[WALMART][STORE1] GET /v3/items/FaisalX-4483 → 200 (tokens: 149, 697ms, cid=fcd0bf0a-ee59-4cc6-8701-43ba0e2fd5cf)
[WALMART][STORE1] GET /v3/items/FaisalX-4491 → 200 (tokens: 149, 471ms, cid=9ef5c50d-ba60-4741-a784-82734cc6e582)
[WALMART][STORE1] GET /v3/items/FaisalX-4490 → 200 (tokens: 149, 468ms, cid=62c1f4b5-8cf4-4420-b321-eb059b9b62db)
[WALMART][STORE1] GET /v3/items/FaisalX-4493 → 200 (tokens: 149, 561ms, cid=ac1af0c8-2ab4-46f0-8799-b30d219a4d7f)
[WALMART][STORE1] GET /v3/items/FaisalX-4499 → 200 (tokens: 149, 489ms, cid=b09369fd-c7bc-4b50-bb9c-424510ad15ae)
[WALMART][STORE1] GET /v3/items/FaisalX-4523 → 200 (tokens: 148, 498ms, cid=c2fc7136-2e61-4b53-b4df-a0f643ca6922)
[WALMART][STORE1] GET /v3/items/FaisalX-4515 → 200 (tokens: 149, 511ms, cid=b75978f8-9d3a-4caa-8405-5fd2665382bd)
[WALMART][STORE1] GET /v3/items/FaisalX-4506 → 200 (tokens: 149, 543ms, cid=17c3e64b-1d71-4120-93ce-a438328ca7a7)
[WALMART][STORE1] GET /v3/items/FaisalX-4517 → 200 (tokens: 149, 501ms, cid=4d9b32ee-ab17-46a7-90e0-aa48fea295f1)
[WALMART][STORE1] GET /v3/items/FaisalX-4505 → 200 (tokens: 149, 666ms, cid=a3833e08-09fb-449e-a397-7838d1b96d81)
[WALMART][STORE1] GET /v3/items/FaisalX-4552 → 200 (tokens: 148, 493ms, cid=bed9c090-e5dd-4a2a-ab19-cbd712b117dd)
[WALMART][STORE1] GET /v3/items/FaisalX-4538 → 200 (tokens: 149, 498ms, cid=541c6328-fcf1-4bef-a863-4f38140f2889)
[WALMART][STORE1] GET /v3/items/FaisalX-4530 → 200 (tokens: 149, 496ms, cid=1812ffd7-9a3c-4515-b00a-64313144658b)
[WALMART][STORE1] GET /v3/items/FaisalX-4557 → 200 (tokens: 149, 501ms, cid=fe31d40a-4f7d-4f56-a867-d5b080323c60)
[WALMART][STORE1] GET /v3/items/FaisalX-4537 → 200 (tokens: 149, 417ms, cid=14c835f3-4e82-41fd-ba02-cac5a3082e87)
[WALMART][STORE1] GET /v3/items/FaisalX-4531 → 200 (tokens: 149, 468ms, cid=c3d78c7f-5bab-4caa-945b-2c90b036db3f)
[WALMART][STORE1] GET /v3/items/FaisalX-4559 → 200 (tokens: 149, 467ms, cid=59e2d7af-ecab-4a8e-9c4c-9617d24cc794)
[WALMART][STORE1] GET /v3/items/FaisalX-4566 → 200 (tokens: 149, 484ms, cid=598442d0-809c-4d3f-86da-558dbb588933)
[WALMART][STORE1] GET /v3/items/FaisalX-4583 → 200 (tokens: 148, 438ms, cid=8e28a7c7-da9a-41e9-a0a4-4e13538cea0d)
[WALMART][STORE1] GET /v3/items/FaisalX-4574 → 200 (tokens: 149, 496ms, cid=19a06290-1f72-4e3f-9402-4538680a2d7f)
[WALMART][STORE1] GET /v3/items/FaisalX-4570 → 200 (tokens: 149, 471ms, cid=9afb9f2a-4d02-47ba-80a5-c070acfe8761)
[WALMART][STORE1] GET /v3/items/FaisalX-4558 → 200 (tokens: 149, 502ms, cid=62d9b2d6-0cb9-4459-8712-caf568e837ce)
[WALMART][STORE1] GET /v3/items/FaisalX-4617 → 200 (tokens: 149, 460ms, cid=e463ae29-11fe-439f-80ab-50017823ad39)
[WALMART][STORE1] GET /v3/items/FaisalX-4718 → 200 (tokens: 149, 484ms, cid=797b5e48-c39b-487f-b6ba-b79367851fc9)
[WALMART][STORE1] GET /v3/items/FaisalX-4735 → 200 (tokens: 149, 437ms, cid=28095468-f7e3-49a2-8ea7-f5c5d0fdcdb1)
[WALMART][STORE1] GET /v3/items/FaisalX-4697 → 200 (tokens: 149, 456ms, cid=ae4b9111-15b0-4897-8056-a088c2752794)
[WALMART][STORE1] GET /v3/items/FaisalX-4786 → 200 (tokens: 149, 504ms, cid=35d9186a-cc83-4004-9148-225a1b815e01)
[WALMART][STORE1] GET /v3/items/FaisalX-4849 → 200 (tokens: 149, 464ms, cid=03c0026f-2ae3-402a-92fb-ac854b929bec)
[WALMART][STORE1] GET /v3/items/FaisalX-4788 → 200 (tokens: 149, 437ms, cid=6f8c0548-0bd3-4967-9f15-258b33d8c6ac)
[WALMART][STORE1] GET /v3/items/FaisalX-4854 → 200 (tokens: 149, 492ms, cid=a74793b9-eb59-4585-972d-3e06e632766c)
[WALMART][STORE1] GET /v3/items/FaisalX-5029 → 200 (tokens: 149, 682ms, cid=28f8b367-a169-4319-90b5-e224d64dda28)
[WALMART][STORE1] GET /v3/items/FaisalX-5007 → 200 (tokens: 149, 506ms, cid=e134ccd5-1127-4d20-accc-7cd869c32aa4)
[WALMART][STORE1] GET /v3/items/FaisalX-5028 → 200 (tokens: 149, 479ms, cid=8088c003-7b92-4bf1-b307-cabcda93b845)
[WALMART][STORE1] GET /v3/items/FaisalX-5032 → 200 (tokens: 149, 468ms, cid=d8a1828e-102e-4383-9d7a-88ccd1cc2f87)
[WALMART][STORE1] GET /v3/items/FaisalX-5020 → 200 (tokens: 149, 565ms, cid=7e1afa25-8b12-4355-92c3-61d471fc2616)
[WALMART][STORE1] GET /v3/items/FaisalX-5017 → 200 (tokens: 149, 498ms, cid=d7e7f952-48c9-4f93-8317-13ad8236e6cf)
[WALMART][STORE1] GET /v3/items/FaisalX-5031 → 200 (tokens: 148, 483ms, cid=c76de230-8683-48c7-a360-e41bd5b6c1bb)
[WALMART][STORE1] GET /v3/items/FaisalX-5038 → 200 (tokens: 149, 480ms, cid=1e6d4ea8-aae5-4f05-94ff-e7defa9faa3a)
[WALMART][STORE1] GET /v3/items/FaisalX-5059 → 200 (tokens: 149, 478ms, cid=e06e3c09-47c0-407c-8050-08ee1218df7d)
[WALMART][STORE1] GET /v3/items/FaisalX-5117 → 200 (tokens: 149, 461ms, cid=57134088-cf39-412d-b24d-bc1da6b9d06b)
[WALMART][STORE1] GET /v3/items/FaisalX-5116 → 200 (tokens: 149, 474ms, cid=f0046085-4429-4218-b9fc-5cb58905a00e)
[WALMART][STORE1] GET /v3/items/FaisalX-5194 → 200 (tokens: 149, 439ms, cid=d588b298-4141-422c-9ba2-f33d20b21997)
[WALMART][STORE1] GET /v3/items/FaisalX-5195 → 200 (tokens: 149, 411ms, cid=2f3d052f-3576-4f77-9150-3ffa1d5d4c8a)
[WALMART][STORE1] GET /v3/items/FaisalX-5210 → 200 (tokens: 148, 548ms, cid=1ff73c8f-9b2e-4f01-9e0d-9cf06c9448be)
[WALMART][STORE1] GET /v3/items/FaisalX-5227 → 200 (tokens: 149, 693ms, cid=606b8030-f0f0-4c79-ab5b-96b9c95020b1)
[WALMART][STORE1] GET /v3/items/FaisalX-5212 → 200 (tokens: 149, 462ms, cid=b0582777-6399-443f-8baf-830685bf1342)
[WALMART][STORE1] GET /v3/items/FaisalX-5241 → 200 (tokens: 149, 582ms, cid=dad5fd61-5890-482f-9c84-e602bdefddf5)
[WALMART][STORE1] GET /v3/items/FaisalX-5243 → 200 (tokens: 149, 514ms, cid=423b6666-422f-44a3-b007-df8581eb070a)
[WALMART][STORE1] GET /v3/items/FaisalX-5213 → 200 (tokens: 148, 541ms, cid=02a0e53f-27ae-4da4-adcf-af36e180e8b4)
[WALMART][STORE1] GET /v3/items/FaisalX-5261 → 200 (tokens: 149, 447ms, cid=92e57c8f-441c-4680-8fbe-b61f0b67a2b3)
[WALMART][STORE1] GET /v3/items/FaisalX-5263 → 200 (tokens: 148, 438ms, cid=90a070ee-cb1b-4fd2-9e8e-8950505c6e36)
[WALMART][STORE1] GET /v3/items/FaisalX-5292 → 200 (tokens: 149, 434ms, cid=5d0c952c-5dd7-4a8e-bbb6-3b6e79499e3c)
[WALMART][STORE1] GET /v3/items/FaisalX-5291 → 200 (tokens: 149, 458ms, cid=4c2e7b3c-11b4-48ed-825d-fe62c15f77d2)
[WALMART][STORE1] GET /v3/items/FaisalX-5283 → 200 (tokens: 149, 465ms, cid=3eeefc3b-efba-4d78-b059-8e92c56d93d5)
[WALMART][STORE1] GET /v3/items/FaisalX-5290 → 200 (tokens: 149, 449ms, cid=2c698bed-9eb4-4dcb-9d67-b22415fa5cbb)
[WALMART][STORE1] GET /v3/items/FaisalX-5289 → 200 (tokens: 149, 455ms, cid=74d3636b-f888-4ca9-96e3-73717d1e225a)
[WALMART][STORE1] GET /v3/items/FaisalX-5274 → 200 (tokens: 149, 456ms, cid=c29f6e7b-6bcb-41ce-95c7-a22e73d4c599)
[WALMART][STORE1] GET /v3/items/FaisalX-5304 → 200 (tokens: 149, 473ms, cid=f0d4b395-c276-4e79-b851-54c04c38e3ca)
[WALMART][STORE1] GET /v3/items/FaisalX-5306 → 200 (tokens: 149, 447ms, cid=703a8fb0-311a-4c5b-ab72-5b840abb0d7e)
[WALMART][STORE1] GET /v3/items/FaisalX-5305 → 200 (tokens: 148, 490ms, cid=84c05688-dd87-4421-8dc2-4813d00239d5)
[WALMART][STORE1] GET /v3/items/FaisalX-5297 → 200 (tokens: 149, 454ms, cid=058795f4-be9a-402a-a732-86209ca58f12)
[WALMART][STORE1] GET /v3/items/FaisalX-5302 → 200 (tokens: 149, 517ms, cid=265a4261-5a58-4b51-a00e-959af56a2b27)
[WALMART][STORE1] GET /v3/items/FaisalX-5324 → 200 (tokens: 149, 427ms, cid=5d218c3d-74a6-4984-a461-c209b6a52680)
[WALMART][STORE1] GET /v3/items/FaisalX-5314 → 200 (tokens: 149, 480ms, cid=4a292332-a910-4e72-a42e-2a407d84c4a3)
[WALMART][STORE1] GET /v3/items/FaisalX-5320 → 200 (tokens: 149, 496ms, cid=bdb7c638-79de-4650-b33b-e0d1feb57c66)
[WALMART][STORE1] GET /v3/items/FaisalX-5322 → 200 (tokens: 149, 513ms, cid=276a15fe-e466-4fce-8e87-9e51f2c53483)
[WALMART][STORE1] GET /v3/items/FaisalX-5323 → 200 (tokens: 148, 479ms, cid=253dca47-2045-43fb-9ac4-ec60c194b911)
[WALMART][STORE1] GET /v3/items/FaisalX-5353 → 200 (tokens: 149, 458ms, cid=bc84bd2e-3862-47fb-943f-f5114132d7ec)
[WALMART][STORE1] GET /v3/items/FaisalX-5354 → 200 (tokens: 149, 395ms, cid=e37af6dc-f2c5-4506-b12c-a4030c51ba1e)
[WALMART][STORE1] GET /v3/items/FaisalX-5358 → 200 (tokens: 149, 475ms, cid=9298759e-4aba-4428-80c7-baea99b61a13)
[WALMART][STORE1] GET /v3/items/FaisalX-5377 → 200 (tokens: 149, 446ms, cid=aec5f7fb-7c09-49c3-badb-725a19a8b6fb)
[WALMART][STORE1] GET /v3/items/FaisalX-5388 → 200 (tokens: 149, 449ms, cid=16ad0d97-23f0-4294-971a-93b2dafef2a0)
[WALMART][STORE1] GET /v3/items/FaisalX-5369 → 200 (tokens: 149, 435ms, cid=3db54073-b51b-4c27-8f5a-b1e912022298)
[WALMART][STORE1] GET /v3/items/FaisalX-5395 → 200 (tokens: 148, 432ms, cid=599fd2b9-f799-4d69-8c38-f39ad564de5c)
[WALMART][STORE1] GET /v3/items/FaisalX-5390 → 200 (tokens: 147, 384ms, cid=fb077e74-f3a5-4473-babd-a5cfdd4e438e)
[WALMART][STORE1] GET /v3/items/FaisalX-5445 → 200 (tokens: 149, 514ms, cid=a9755f2d-e69f-4db1-bf9d-1b762e4260ae)
[WALMART][STORE1] GET /v3/items/FaisalX-5441 → 200 (tokens: 149, 467ms, cid=5169f1ae-940e-4167-80be-823a79854baa)
[WALMART][STORE1] GET /v3/items/FaisalX-5423 → 200 (tokens: 148, 461ms, cid=c9d07452-d12b-492e-a7cc-461e2ffda5a2)
[WALMART][STORE1] GET /v3/items/FaisalX-5447 → 200 (tokens: 149, 456ms, cid=26df8654-4035-4974-bd1a-c923cbf52741)
[WALMART][STORE1] GET /v3/items/FaisalX-5467 → 200 (tokens: 149, 480ms, cid=733105ea-0b49-436a-8913-ee5c29b667ff)
[WALMART][STORE1] GET /v3/items/FaisalX-5466 → 200 (tokens: 149, 453ms, cid=ba51201a-0a01-48d5-aefb-b770be07452f)
[WALMART][STORE1] GET /v3/items/FaisalX-5449 → 200 (tokens: 149, 469ms, cid=d19fbd3f-c887-4ebb-bc7a-46709346840e)
[WALMART][STORE1] GET /v3/items/FaisalX-5450 → 200 (tokens: 148, 426ms, cid=ac0554c2-7b2f-44d7-a3a9-2308bb8baaa7)
[WALMART][STORE1] GET /v3/items/FaisalX-5468 → 200 (tokens: 149, 465ms, cid=20ba9a7c-a650-43af-b742-d6263639b874)
[WALMART][STORE1] GET /v3/items/FaisalX-5489 → 200 (tokens: 149, 523ms, cid=426fe13a-4e2f-401d-a7ba-31bc94e22559)
[WALMART][STORE1] GET /v3/items/FaisalX-756 → 200 (tokens: 149, 490ms, cid=f051153b-9a50-4dbf-87a1-746d13da7a5b)
[WALMART][STORE1] GET /v3/items/FaisalX-5577 → 200 (tokens: 149, 439ms, cid=f646c152-0d4d-4949-bb8f-04684eaa945a)
[WALMART][STORE1] GET /v3/items/FaisalX-808 → 200 (tokens: 149, 488ms, cid=ab14f1c1-97c0-48c6-aac1-2f46c0b4d639)
[WALMART][STORE1] GET /v3/items/FaisalX-774 → 200 (tokens: 149, 462ms, cid=467982cc-9583-451d-bcac-42a5eb4db00f)
[WALMART][STORE1] GET /v3/items/FaisalX-794 → 200 (tokens: 148, 526ms, cid=0f19747f-6f16-43c7-a54a-c574df3a6503)
[WALMART][STORE1] GET /v3/items/FaisalX-776 → 200 (tokens: 149, 375ms, cid=b6e588df-8dd9-4af4-a8b9-13036bf48944)
[WALMART][STORE1] GET /v3/items/FaisalX-820 → 200 (tokens: 147, 456ms, cid=a1c715eb-a78a-4530-8f33-965398104f38)
[WALMART][STORE1] GET /v3/items/FaisalX-821 → 200 (tokens: 149, 456ms, cid=07361a6d-863e-4f6a-a6ff-42462a6e314a)
[WALMART][STORE1] GET /v3/items/FaisalX-809 → 200 (tokens: 148, 549ms, cid=7237d871-e738-465a-9085-23a660a7c2de)
[WALMART][STORE1] GET /v3/items/FaisalX-825 → 200 (tokens: 149, 671ms, cid=5f52569f-4f5f-40df-b2d4-1cab206f2de3)
[WALMART][STORE1] GET /v3/items/FaisalX-822 → 200 (tokens: 149, 505ms, cid=9a466eff-83bc-4a7f-9afd-05bb17cc3a7e)
built 142 MPItems

[WALMART][STORE1] POST /v3/feeds?feedType=MP_MAINTENANCE → 200 (tokens: 9, 1948ms, cid=e85e93b2-cf23-48bf-833f-f5f21f78203c)
  batch 1/3: feed 18C0D951989C5DD1… (50) draining…
[WALMART][STORE1] GET /v3/feeds/18C0D951989C5DD1AACEF81DBAE5D8A2%40AX8BBwA?includeDetails=true → 200 (tokens: 832, 446ms, cid=ce748f02-02e2-4cc4-807d-5ce70989cd8f)
[WALMART][STORE1] GET /v3/feeds/18C0D951989C5DD1AACEF81DBAE5D8A2%40AX8BBwA?includeDetails=true → 200 (tokens: 832, 636ms, cid=33beca1c-52e7-4332-97bf-765db715d35e)
[WALMART][STORE1] GET /v3/feeds/18C0D951989C5DD1AACEF81DBAE5D8A2%40AX8BBwA?includeDetails=true → 200 (tokens: 832, 377ms, cid=a5de6f21-61e3-4439-b0ab-1c56265ba8ce)
[WALMART][STORE1] GET /v3/feeds/18C0D951989C5DD1AACEF81DBAE5D8A2%40AX8BBwA?includeDetails=true → 200 (tokens: 832, 265ms, cid=e86d762d-b53d-4aff-989d-f19e027e85f1)
[WALMART][STORE1] GET /v3/feeds/18C0D951989C5DD1AACEF81DBAE5D8A2%40AX8BBwA?includeDetails=true → 200 (tokens: 832, 362ms, cid=95d3efe2-e5a1-4cc8-8cd0-0737282a3d42)
[WALMART][STORE1] GET /v3/feeds/18C0D951989C5DD1AACEF81DBAE5D8A2%40AX8BBwA?includeDetails=true → 200 (tokens: 832, 400ms, cid=2185d22f-024d-41a8-9d70-b3dd114767d4)
[WALMART][STORE1] GET /v3/feeds/18C0D951989C5DD1AACEF81DBAE5D8A2%40AX8BBwA?includeDetails=true → 200 (tokens: 832, 381ms, cid=6844ff74-4c87-4c54-8f0b-adc00792b043)
[WALMART][STORE1] GET /v3/feeds/18C0D951989C5DD1AACEF81DBAE5D8A2%40AX8BBwA?includeDetails=true → 200 (tokens: 832, 537ms, cid=41fbec18-e8fe-4df5-aeeb-e699c1563fbe)
[WALMART][STORE1] GET /v3/feeds/18C0D951989C5DD1AACEF81DBAE5D8A2%40AX8BBwA?includeDetails=true → 200 (tokens: 832, 372ms, cid=8551c878-2139-41c7-b794-fc0d9ce60654)
[WALMART][STORE1] GET /v3/feeds/18C0D951989C5DD1AACEF81DBAE5D8A2%40AX8BBwA?includeDetails=true → 200 (tokens: 832, 247ms, cid=8cdbe8a5-54c8-491c-bc3a-2808084f9ad9)
[WALMART][STORE1] GET /v3/feeds/18C0D951989C5DD1AACEF81DBAE5D8A2%40AX8BBwA?includeDetails=true → 200 (tokens: 832, 423ms, cid=60b36f08-68af-4eba-826c-c9223a93caf0)
[WALMART][STORE1] GET /v3/feeds/18C0D951989C5DD1AACEF81DBAE5D8A2%40AX8BBwA?includeDetails=true → 200 (tokens: 832, 262ms, cid=b688958c-4f8b-4bc3-99b6-5b083b0ec874)
[WALMART][STORE1] GET /v3/feeds/18C0D951989C5DD1AACEF81DBAE5D8A2%40AX8BBwA?includeDetails=true → 200 (tokens: 832, 523ms, cid=a35ceef4-8741-43ce-a771-9c32456b2885)
[WALMART][STORE1] GET /v3/feeds/18C0D951989C5DD1AACEF81DBAE5D8A2%40AX8BBwA?includeDetails=true → 200 (tokens: 832, 506ms, cid=78b35ce3-db3f-4173-8444-f9046dd676a1)
[WALMART][STORE1] GET /v3/feeds/18C0D951989C5DD1AACEF81DBAE5D8A2%40AX8BBwA?includeDetails=true → 200 (tokens: 832, 407ms, cid=e7b3b4f8-18e2-4884-9fdc-e82b840a85a1)
[WALMART][STORE1] GET /v3/feeds/18C0D951989C5DD1AACEF81DBAE5D8A2%40AX8BBwA?includeDetails=true → 200 (tokens: 832, 464ms, cid=beda4226-6f15-47bc-9a42-98260630e681)
[WALMART][STORE1] GET /v3/feeds/18C0D951989C5DD1AACEF81DBAE5D8A2%40AX8BBwA?includeDetails=true → 200 (tokens: 832, 309ms, cid=af4ae321-79eb-4517-9b0c-3543c4f25dc0)
[WALMART][STORE1] GET /v3/feeds/18C0D951989C5DD1AACEF81DBAE5D8A2%40AX8BBwA?includeDetails=true → 200 (tokens: 832, 289ms, cid=f1092ff5-e2db-4a96-a67a-070ac87fb37d)
[WALMART][STORE1] GET /v3/feeds/18C0D951989C5DD1AACEF81DBAE5D8A2%40AX8BBwA?includeDetails=true → 200 (tokens: 832, 438ms, cid=ced21eb9-f58d-460b-82cf-ac7f0630a652)
[WALMART][STORE1] GET /v3/feeds/18C0D951989C5DD1AACEF81DBAE5D8A2%40AX8BBwA?includeDetails=true → 200 (tokens: 832, 366ms, cid=723cf7d1-8c56-415b-b9b6-f59acfb81cdd)
[WALMART][STORE1] GET /v3/feeds/18C0D951989C5DD1AACEF81DBAE5D8A2%40AX8BBwA?includeDetails=true → 200 (tokens: 832, 451ms, cid=6543b697-7108-4a26-8170-7271b32f0519)
[WALMART][STORE1] GET /v3/feeds/18C0D951989C5DD1AACEF81DBAE5D8A2%40AX8BBwA?includeDetails=true → 200 (tokens: 832, 476ms, cid=fbe9c7b9-bf17-4f67-93c4-699511cb6863)
[WALMART][STORE1] GET /v3/feeds/18C0D951989C5DD1AACEF81DBAE5D8A2%40AX8BBwA?includeDetails=true → 200 (tokens: 832, 379ms, cid=41444e57-99a7-4190-a5b3-7ca54437f611)
[WALMART][STORE1] GET /v3/feeds/18C0D951989C5DD1AACEF81DBAE5D8A2%40AX8BBwA?includeDetails=true → 200 (tokens: 832, 412ms, cid=9e5dd127-a8bd-4803-b197-b68c271e238c)
[WALMART][STORE1] GET /v3/feeds/18C0D951989C5DD1AACEF81DBAE5D8A2%40AX8BBwA?includeDetails=true → 200 (tokens: 832, 398ms, cid=4b50d07e-8636-4cce-9f12-0f20e1d8ca31)
[WALMART][STORE1] GET /v3/feeds/18C0D951989C5DD1AACEF81DBAE5D8A2%40AX8BBwA?includeDetails=true → 200 (tokens: 832, 469ms, cid=5baa1c61-1299-4c5c-988b-b2647cd8f1c7)
[WALMART][STORE1] GET /v3/feeds/18C0D951989C5DD1AACEF81DBAE5D8A2%40AX8BBwA?includeDetails=true → 200 (tokens: 832, 480ms, cid=8f99b271-6f4c-4aae-89dd-7fdfae99d34c)
[WALMART][STORE1] GET /v3/feeds/18C0D951989C5DD1AACEF81DBAE5D8A2%40AX8BBwA?includeDetails=true → 200 (tokens: 832, 259ms, cid=0892a749-d5af-4c5d-b844-bc5ae8e4ac38)
[WALMART][STORE1] GET /v3/feeds/18C0D951989C5DD1AACEF81DBAE5D8A2%40AX8BBwA?includeDetails=true → 200 (tokens: 832, 384ms, cid=fa8e46ad-735b-4274-9a53-52845d2e4158)
[WALMART][STORE1] GET /v3/feeds/18C0D951989C5DD1AACEF81DBAE5D8A2%40AX8BBwA?includeDetails=true → 200 (tokens: 832, 495ms, cid=13b4718a-8103-42fe-92e2-dc3229cf230c)
[WALMART][STORE1] GET /v3/feeds/18C0D951989C5DD1AACEF81DBAE5D8A2%40AX8BBwA?includeDetails=true → 200 (tokens: 832, 284ms, cid=7a559cff-eba7-454b-9bdc-3e800b587bd2)
[WALMART][STORE1] GET /v3/feeds/18C0D951989C5DD1AACEF81DBAE5D8A2%40AX8BBwA?includeDetails=true → 200 (tokens: 832, 318ms, cid=b1159fdc-0c8e-4a7d-a39e-923b80c86dac)
[WALMART][STORE1] GET /v3/feeds/18C0D951989C5DD1AACEF81DBAE5D8A2%40AX8BBwA?includeDetails=true → 200 (tokens: 832, 522ms, cid=90ed3c58-c9f8-4988-bc31-940effc45615)
[WALMART][STORE1] GET /v3/feeds/18C0D951989C5DD1AACEF81DBAE5D8A2%40AX8BBwA?includeDetails=true → 200 (tokens: 832, 439ms, cid=b81113e9-85b0-42d5-8a21-70b1dca1a70f)
[WALMART][STORE1] GET /v3/feeds/18C0D951989C5DD1AACEF81DBAE5D8A2%40AX8BBwA?includeDetails=true → 200 (tokens: 832, 401ms, cid=002a93d4-3d1a-4f8c-85bb-1d51d2ab0f6c)
[WALMART][STORE1] GET /v3/feeds/18C0D951989C5DD1AACEF81DBAE5D8A2%40AX8BBwA?includeDetails=true → 200 (tokens: 832, 350ms, cid=83b06a97-d61e-4af4-a325-58e2ad4729bd)
[WALMART][STORE1] GET /v3/feeds/18C0D951989C5DD1AACEF81DBAE5D8A2%40AX8BBwA?includeDetails=true → 200 (tokens: 832, 436ms, cid=dfda8fe8-7dbc-4696-85ef-86d819a2496e)
[WALMART][STORE1] GET /v3/feeds/18C0D951989C5DD1AACEF81DBAE5D8A2%40AX8BBwA?includeDetails=true → 200 (tokens: 832, 357ms, cid=85d4a12a-58ea-4bd3-aa2d-e77c9fec1d1a)
[WALMART][STORE1] GET /v3/feeds/18C0D951989C5DD1AACEF81DBAE5D8A2%40AX8BBwA?includeDetails=true → 200 (tokens: 832, 265ms, cid=870872d7-4941-4433-8c0e-5b964e98d71c)
[WALMART][STORE1] GET /v3/feeds/18C0D951989C5DD1AACEF81DBAE5D8A2%40AX8BBwA?includeDetails=true → 200 (tokens: 832, 412ms, cid=d7486df9-4df1-4bbe-98ef-312e6caed679)
[WALMART][STORE1] GET /v3/feeds/18C0D951989C5DD1AACEF81DBAE5D8A2%40AX8BBwA?includeDetails=true → 200 (tokens: 832, 348ms, cid=c3bf9957-3387-4635-9106-298b5da5df6d)
[WALMART][STORE1] GET /v3/feeds/18C0D951989C5DD1AACEF81DBAE5D8A2%40AX8BBwA?includeDetails=true → 200 (tokens: 832, 387ms, cid=0834ce58-cc65-465c-b3f5-a993b3f69935)
[WALMART][STORE1] GET /v3/feeds/18C0D951989C5DD1AACEF81DBAE5D8A2%40AX8BBwA?includeDetails=true → 200 (tokens: 832, 1975ms, cid=442dc924-27ae-4798-9c76-68670575ca74)
[WALMART][STORE1] GET /v3/feeds/18C0D951989C5DD1AACEF81DBAE5D8A2%40AX8BBwA?includeDetails=true → 200 (tokens: 832, 385ms, cid=1e76f0ef-f89d-4619-bfbf-712f169b3e35)
[WALMART][STORE1] GET /v3/feeds/18C0D951989C5DD1AACEF81DBAE5D8A2%40AX8BBwA?includeDetails=true → 200 (tokens: 832, 412ms, cid=e7818e35-de31-4cd8-9b05-0809bb37ec7c)
[WALMART][STORE1] token issued, expires at 2026-07-10T06:45:46.959Z
[WALMART][STORE1] GET /v3/feeds/18C0D951989C5DD1AACEF81DBAE5D8A2%40AX8BBwA?includeDetails=true → 200 (tokens: 832, 473ms, cid=cd94405b-e793-4878-aaf3-d455b1ce63f5)
[WALMART][STORE1] GET /v3/feeds/18C0D951989C5DD1AACEF81DBAE5D8A2%40AX8BBwA?includeDetails=true → 200 (tokens: 832, 358ms, cid=b56ce0ff-5da9-4f80-aedb-7094324f6598)
[WALMART][STORE1] GET /v3/feeds/18C0D951989C5DD1AACEF81DBAE5D8A2%40AX8BBwA?includeDetails=true → 200 (tokens: 832, 582ms, cid=11a0d955-d888-4efd-b487-97656494f921)
[WALMART][STORE1] GET /v3/feeds/18C0D951989C5DD1AACEF81DBAE5D8A2%40AX8BBwA?includeDetails=true → 200 (tokens: 832, 253ms, cid=7316be72-7788-403e-ac60-ada26d34623e)
[WALMART][STORE1] GET /v3/feeds/18C0D951989C5DD1AACEF81DBAE5D8A2%40AX8BBwA?includeDetails=true → 200 (tokens: 832, 500ms, cid=548d86ce-7c36-4250-88af-5a6a16321a58)
[WALMART][STORE1] GET /v3/feeds/18C0D951989C5DD1AACEF81DBAE5D8A2%40AX8BBwA?includeDetails=true → 200 (tokens: 832, 366ms, cid=ddbf723c-2efb-4e3e-b56a-4f9357e275a9)
[WALMART][STORE1] GET /v3/feeds/18C0D951989C5DD1AACEF81DBAE5D8A2%40AX8BBwA?includeDetails=true → 200 (tokens: 832, 449ms, cid=cd70d549-cf1d-4803-a580-d11d80bc3be6)
[WALMART][STORE1] GET /v3/feeds/18C0D951989C5DD1AACEF81DBAE5D8A2%40AX8BBwA?includeDetails=true → 200 (tokens: 832, 449ms, cid=32918ab1-dd3d-41a1-8788-f8be2963931c)
[WALMART][STORE1] GET /v3/feeds/18C0D951989C5DD1AACEF81DBAE5D8A2%40AX8BBwA?includeDetails=true → 200 (tokens: 832, 453ms, cid=98a7abf1-bf11-4227-a05f-d31b4cc9ee2e)
[WALMART][STORE1] GET /v3/feeds/18C0D951989C5DD1AACEF81DBAE5D8A2%40AX8BBwA?includeDetails=true → 200 (tokens: 832, 631ms, cid=b7d5cd34-8a66-4a19-9562-be85e78532bd)
[WALMART][STORE1] GET /v3/feeds/18C0D951989C5DD1AACEF81DBAE5D8A2%40AX8BBwA?includeDetails=true → 200 (tokens: 832, 426ms, cid=37f3cec9-f185-4d21-bcd4-507df14f48ba)
[WALMART][STORE1] GET /v3/feeds/18C0D951989C5DD1AACEF81DBAE5D8A2%40AX8BBwA?includeDetails=true → 200 (tokens: 832, 368ms, cid=46d2b264-7ccd-4f60-97cf-70cb6261e8d7)
[WALMART][STORE1] GET /v3/feeds/18C0D951989C5DD1AACEF81DBAE5D8A2%40AX8BBwA?includeDetails=true → 200 (tokens: 832, 586ms, cid=6e9df5a2-e252-47ad-841e-e4f482025f74)
[WALMART][STORE1] GET /v3/feeds/18C0D951989C5DD1AACEF81DBAE5D8A2%40AX8BBwA?includeDetails=true → 200 (tokens: 832, 223ms, cid=d9f3feb3-70a7-4583-8c1d-2bb186c322f4)
  batch 1/3: INPROGRESS at budget — marked submitted
[WALMART][STORE1] POST /v3/feeds?feedType=MP_MAINTENANCE → 200 (tokens: 9, 639ms, cid=949d0d84-d4c8-4a90-85d3-1e7c2b1eb537)
  batch 2/3: feed 18C0DA276D1255B9… (50) draining…
[WALMART][STORE1] GET /v3/feeds/18C0DA276D1255B9BA77F977CCD2FBE1%40AX8BBgA?includeDetails=true → 200 (tokens: 832, 222ms, cid=331cce75-7645-4f5a-b022-d3036ed80235)
[WALMART][STORE1] GET /v3/feeds/18C0DA276D1255B9BA77F977CCD2FBE1%40AX8BBgA?includeDetails=true → 200 (tokens: 832, 354ms, cid=d6e47f55-e20b-4a55-ae33-3241023f1138)
[WALMART][STORE1] GET /v3/feeds/18C0DA276D1255B9BA77F977CCD2FBE1%40AX8BBgA?includeDetails=true → 200 (tokens: 832, 331ms, cid=fadd8998-cf1e-422b-b2d9-01855616ed5d)
[WALMART][STORE1] GET /v3/feeds/18C0DA276D1255B9BA77F977CCD2FBE1%40AX8BBgA?includeDetails=true → 200 (tokens: 832, 226ms, cid=912c1741-6c67-490d-9ac3-4cc13f2ad96b)
[WALMART][STORE1] GET /v3/feeds/18C0DA276D1255B9BA77F977CCD2FBE1%40AX8BBgA?includeDetails=true → 200 (tokens: 832, 362ms, cid=2659b04c-3029-4d63-a3ae-18d5eef261be)
[WALMART][STORE1] GET /v3/feeds/18C0DA276D1255B9BA77F977CCD2FBE1%40AX8BBgA?includeDetails=true → 200 (tokens: 832, 341ms, cid=c8aa5b6f-bcf6-49f1-b981-014fa4749565)
[WALMART][STORE1] GET /v3/feeds/18C0DA276D1255B9BA77F977CCD2FBE1%40AX8BBgA?includeDetails=true → 200 (tokens: 832, 735ms, cid=69cdd48a-ead4-4ce5-a54d-91c93dc56993)
[WALMART][STORE1] GET /v3/feeds/18C0DA276D1255B9BA77F977CCD2FBE1%40AX8BBgA?includeDetails=true → 200 (tokens: 832, 239ms, cid=0a41f9d7-d421-4b33-8b4a-e779fbec2260)
[WALMART][STORE1] GET /v3/feeds/18C0DA276D1255B9BA77F977CCD2FBE1%40AX8BBgA?includeDetails=true → 200 (tokens: 832, 472ms, cid=8f2add53-3ebf-4bed-a103-869ed850d2b2)
[WALMART][STORE1] GET /v3/feeds/18C0DA276D1255B9BA77F977CCD2FBE1%40AX8BBgA?includeDetails=true → 200 (tokens: 832, 392ms, cid=2b79da3d-3ccc-4e2b-b62b-b42a9a6cfea8)
[WALMART][STORE1] GET /v3/feeds/18C0DA276D1255B9BA77F977CCD2FBE1%40AX8BBgA?includeDetails=true → 200 (tokens: 832, 360ms, cid=a946f83d-899d-4d0a-a67d-ad1e1634fcdb)
[WALMART][STORE1] GET /v3/feeds/18C0DA276D1255B9BA77F977CCD2FBE1%40AX8BBgA?includeDetails=true → 200 (tokens: 832, 217ms, cid=f8e8dbb9-60af-47ed-aa36-1f457c05edc5)
[WALMART][STORE1] GET /v3/feeds/18C0DA276D1255B9BA77F977CCD2FBE1%40AX8BBgA?includeDetails=true → 200 (tokens: 832, 434ms, cid=adb861cf-a234-4903-8556-55ab7f1116d0)
[WALMART][STORE1] GET /v3/feeds/18C0DA276D1255B9BA77F977CCD2FBE1%40AX8BBgA?includeDetails=true → 200 (tokens: 832, 386ms, cid=dda6188b-7e90-4506-8243-13a2bb5f70ba)
[WALMART][STORE1] GET /v3/feeds/18C0DA276D1255B9BA77F977CCD2FBE1%40AX8BBgA?includeDetails=true → 200 (tokens: 832, 372ms, cid=57734dad-c17f-465d-b549-5dbe7e5f4c08)
[WALMART][STORE1] GET /v3/feeds/18C0DA276D1255B9BA77F977CCD2FBE1%40AX8BBgA?includeDetails=true → 200 (tokens: 832, 440ms, cid=04d2a182-f220-48ad-82a6-3f45959e557c)
[WALMART][STORE1] GET /v3/feeds/18C0DA276D1255B9BA77F977CCD2FBE1%40AX8BBgA?includeDetails=true → 200 (tokens: 832, 320ms, cid=c0f7827b-6c57-4eb1-808e-99e44c1b1158)
[WALMART][STORE1] GET /v3/feeds/18C0DA276D1255B9BA77F977CCD2FBE1%40AX8BBgA?includeDetails=true → 200 (tokens: 832, 256ms, cid=80f778a9-6c70-4f63-a0f1-cf4b5355785a)
[WALMART][STORE1] GET /v3/feeds/18C0DA276D1255B9BA77F977CCD2FBE1%40AX8BBgA?includeDetails=true → 200 (tokens: 832, 357ms, cid=7598684c-a05f-43d6-9512-3f5355440cef)
[WALMART][STORE1] GET /v3/feeds/18C0DA276D1255B9BA77F977CCD2FBE1%40AX8BBgA?includeDetails=true → 200 (tokens: 832, 465ms, cid=74e9e084-b380-49bd-9d43-5a3928d5c6a3)
[WALMART][STORE1] GET /v3/feeds/18C0DA276D1255B9BA77F977CCD2FBE1%40AX8BBgA?includeDetails=true → 200 (tokens: 832, 389ms, cid=3140b5c8-2fc8-444b-8777-b0af01db7cd6)
[WALMART][STORE1] GET /v3/feeds/18C0DA276D1255B9BA77F977CCD2FBE1%40AX8BBgA?includeDetails=true → 200 (tokens: 832, 257ms, cid=bd9bef0d-5b17-4197-ac7a-26cbbc5e7aa7)
[WALMART][STORE1] GET /v3/feeds/18C0DA276D1255B9BA77F977CCD2FBE1%40AX8BBgA?includeDetails=true → 200 (tokens: 832, 500ms, cid=97195df7-65b0-4d17-97e8-745627efc841)
[WALMART][STORE1] GET /v3/feeds/18C0DA276D1255B9BA77F977CCD2FBE1%40AX8BBgA?includeDetails=true → 200 (tokens: 832, 258ms, cid=fc424cfd-5462-4b8e-b202-d56df5a62503)
[WALMART][STORE1] GET /v3/feeds/18C0DA276D1255B9BA77F977CCD2FBE1%40AX8BBgA?includeDetails=true → 200 (tokens: 832, 234ms, cid=3f9ddcbc-c3a8-4515-9ab8-f32764089a7b)
[WALMART][STORE1] GET /v3/feeds/18C0DA276D1255B9BA77F977CCD2FBE1%40AX8BBgA?includeDetails=true → 200 (tokens: 832, 537ms, cid=661d3fe4-05da-42d0-95e7-c1d17c44a84c)
[WALMART][STORE1] GET /v3/feeds/18C0DA276D1255B9BA77F977CCD2FBE1%40AX8BBgA?includeDetails=true → 200 (tokens: 832, 366ms, cid=f6a31674-d4e5-447d-9d86-d02efd7a8d91)
[WALMART][STORE1] GET /v3/feeds/18C0DA276D1255B9BA77F977CCD2FBE1%40AX8BBgA?includeDetails=true → 200 (tokens: 832, 459ms, cid=e4f1bb52-a0f8-4929-8cf5-d5e28cc934c6)
[WALMART][STORE1] GET /v3/feeds/18C0DA276D1255B9BA77F977CCD2FBE1%40AX8BBgA?includeDetails=true → 200 (tokens: 832, 563ms, cid=309857c2-32f6-41ee-a5da-af360585a277)
[WALMART][STORE1] GET /v3/feeds/18C0DA276D1255B9BA77F977CCD2FBE1%40AX8BBgA?includeDetails=true → 200 (tokens: 832, 292ms, cid=f2d75685-97f7-4e9b-ac59-be084fde8bd8)
[WALMART][STORE1] GET /v3/feeds/18C0DA276D1255B9BA77F977CCD2FBE1%40AX8BBgA?includeDetails=true → 200 (tokens: 832, 325ms, cid=ec4c734e-5d8b-4b81-80cb-fd7c4691163f)
[WALMART][STORE1] GET /v3/feeds/18C0DA276D1255B9BA77F977CCD2FBE1%40AX8BBgA?includeDetails=true → 200 (tokens: 832, 260ms, cid=2107a405-e506-4890-b2fd-172df794b64d)
[WALMART][STORE1] GET /v3/feeds/18C0DA276D1255B9BA77F977CCD2FBE1%40AX8BBgA?includeDetails=true → 200 (tokens: 832, 289ms, cid=df82e622-367f-4579-8415-fe4d15b3bf71)
[WALMART][STORE1] GET /v3/feeds/18C0DA276D1255B9BA77F977CCD2FBE1%40AX8BBgA?includeDetails=true → 200 (tokens: 832, 333ms, cid=911ddb87-770f-4c89-aa2b-3e10dfc24729)
[WALMART][STORE1] GET /v3/feeds/18C0DA276D1255B9BA77F977CCD2FBE1%40AX8BBgA?includeDetails=true → 200 (tokens: 832, 247ms, cid=f48f7463-26a9-48a5-af3d-74843b5c2600)
[WALMART][STORE1] GET /v3/feeds/18C0DA276D1255B9BA77F977CCD2FBE1%40AX8BBgA?includeDetails=true → 200 (tokens: 832, 245ms, cid=7e6ca1e7-9f26-448d-9945-afdc3de41f79)
[WALMART][STORE1] GET /v3/feeds/18C0DA276D1255B9BA77F977CCD2FBE1%40AX8BBgA?includeDetails=true → 200 (tokens: 832, 275ms, cid=43a3d8fb-222c-4533-a68d-6629bb132acd)
[WALMART][STORE1] token issued, expires at 2026-07-10T06:58:58.966Z
[WALMART][STORE1] GET /v3/feeds/18C0DA276D1255B9BA77F977CCD2FBE1%40AX8BBgA?includeDetails=true → 200 (tokens: 832, 231ms, cid=a59d76f2-aaf7-439a-a1ef-179bea86e589)
[WALMART][STORE1] GET /v3/feeds/18C0DA276D1255B9BA77F977CCD2FBE1%40AX8BBgA?includeDetails=true → 200 (tokens: 832, 506ms, cid=93868224-4e7a-489c-87df-1a78f52a9b14)
[WALMART][STORE1] GET /v3/feeds/18C0DA276D1255B9BA77F977CCD2FBE1%40AX8BBgA?includeDetails=true → 200 (tokens: 832, 619ms, cid=0588ad7b-2cdb-4be2-9ac2-67e95b3b2c16)
[WALMART][STORE1] GET /v3/feeds/18C0DA276D1255B9BA77F977CCD2FBE1%40AX8BBgA?includeDetails=true → 200 (tokens: 832, 454ms, cid=4bc501d2-9bd6-439e-b3b0-2a6676094e84)
[WALMART][STORE1] GET /v3/feeds/18C0DA276D1255B9BA77F977CCD2FBE1%40AX8BBgA?includeDetails=true → 200 (tokens: 832, 359ms, cid=151c42af-82ad-4ed6-9c52-30e710a9f797)
[WALMART][STORE1] GET /v3/feeds/18C0DA276D1255B9BA77F977CCD2FBE1%40AX8BBgA?includeDetails=true → 200 (tokens: 832, 234ms, cid=7da1f7f3-3dc8-41d6-9d0b-3a21da060fd0)
[WALMART][STORE1] GET /v3/feeds/18C0DA276D1255B9BA77F977CCD2FBE1%40AX8BBgA?includeDetails=true → 200 (tokens: 832, 420ms, cid=a8c57c8f-e0b4-40d1-8afb-b3fa531f4983)
[WALMART][STORE1] GET /v3/feeds/18C0DA276D1255B9BA77F977CCD2FBE1%40AX8BBgA?includeDetails=true → 200 (tokens: 832, 361ms, cid=64b3c398-bef7-410b-a591-bb59f065e05a)
[WALMART][STORE1] GET /v3/feeds/18C0DA276D1255B9BA77F977CCD2FBE1%40AX8BBgA?includeDetails=true → 200 (tokens: 832, 405ms, cid=50f9e8ae-ab4a-4fe9-9483-0e2fdb590a7a)
[WALMART][STORE1] GET /v3/feeds/18C0DA276D1255B9BA77F977CCD2FBE1%40AX8BBgA?includeDetails=true → 200 (tokens: 832, 497ms, cid=e4f8ca9a-4b93-452f-82f9-72e90de123e3)
[WALMART][STORE1] GET /v3/feeds/18C0DA276D1255B9BA77F977CCD2FBE1%40AX8BBgA?includeDetails=true → 200 (tokens: 832, 542ms, cid=33de82ff-2acf-4961-8607-23f711ec039e)
[WALMART][STORE1] GET /v3/feeds/18C0DA276D1255B9BA77F977CCD2FBE1%40AX8BBgA?includeDetails=true → 200 (tokens: 832, 527ms, cid=d55a0e2f-5b2c-401f-8947-98db8a1272d2)
[WALMART][STORE1] GET /v3/feeds/18C0DA276D1255B9BA77F977CCD2FBE1%40AX8BBgA?includeDetails=true → 200 (tokens: 832, 252ms, cid=97072694-b7de-4436-ba99-ab28d6894c38)
[WALMART][STORE1] GET /v3/feeds/18C0DA276D1255B9BA77F977CCD2FBE1%40AX8BBgA?includeDetails=true → 200 (tokens: 832, 366ms, cid=d2396a70-3242-4d9e-a5b9-c549c8fd1faa)
[WALMART][STORE1] GET /v3/feeds/18C0DA276D1255B9BA77F977CCD2FBE1%40AX8BBgA?includeDetails=true → 200 (tokens: 832, 400ms, cid=0fd465c3-6b8c-4cb2-b0c5-d7bb98229146)
[WALMART][STORE1] GET /v3/feeds/18C0DA276D1255B9BA77F977CCD2FBE1%40AX8BBgA?includeDetails=true → 200 (tokens: 832, 344ms, cid=3c729a03-f912-4448-8548-efd73e6cd687)
[WALMART][STORE1] GET /v3/feeds/18C0DA276D1255B9BA77F977CCD2FBE1%40AX8BBgA?includeDetails=true → 200 (tokens: 832, 460ms, cid=02f5d0bd-57f9-4963-bdeb-9f388a8e4bdb)
[WALMART][STORE1] GET /v3/feeds/18C0DA276D1255B9BA77F977CCD2FBE1%40AX8BBgA?includeDetails=true → 200 (tokens: 832, 378ms, cid=1bd550c6-68e8-4ecd-a14d-1756b05e34fd)
[WALMART][STORE1] GET /v3/feeds/18C0DA276D1255B9BA77F977CCD2FBE1%40AX8BBgA?includeDetails=true → 200 (tokens: 832, 433ms, cid=a8399d53-6831-471b-b5c2-73b7109bad8e)
[WALMART][STORE1] GET /v3/feeds/18C0DA276D1255B9BA77F977CCD2FBE1%40AX8BBgA?includeDetails=true → 200 (tokens: 832, 489ms, cid=dab359f5-1e21-455f-af73-980334953afe)
[WALMART][STORE1] GET /v3/feeds/18C0DA276D1255B9BA77F977CCD2FBE1%40AX8BBgA?includeDetails=true → 200 (tokens: 832, 365ms, cid=e96ea064-3b37-4dd8-a1a0-1a8a972920c1)
[WALMART][STORE1] GET /v3/feeds/18C0DA276D1255B9BA77F977CCD2FBE1%40AX8BBgA?includeDetails=true → 200 (tokens: 832, 508ms, cid=197d83c8-904a-49f7-a921-759f0cfc5427)
  batch 2/3: INPROGRESS at budget — marked submitted
[WALMART][STORE1] POST /v3/feeds?feedType=MP_MAINTENANCE → 200 (tokens: 9, 625ms, cid=3c782ce7-1290-410c-9a8b-c3d5a5ffce41)
  batch 3/3: feed 18C0DAFBEC52510C… (42) draining…
[WALMART][STORE1] GET /v3/feeds/18C0DAFBEC52510CA61EB3409EA0D388%40AX8BBwA?includeDetails=true → 200 (tokens: 832, 399ms, cid=04f04e8c-f619-4ddd-a0bd-ed86b39ccb59)
[WALMART][STORE1] GET /v3/feeds/18C0DAFBEC52510CA61EB3409EA0D388%40AX8BBwA?includeDetails=true → 200 (tokens: 832, 409ms, cid=e4e8b7c3-2060-44d9-b860-28aa9657a52c)
[WALMART][STORE1] GET /v3/feeds/18C0DAFBEC52510CA61EB3409EA0D388%40AX8BBwA?includeDetails=true → 200 (tokens: 832, 369ms, cid=7736e92b-c69c-4949-8fe9-217717792d0e)
[WALMART][STORE1] GET /v3/feeds/18C0DAFBEC52510CA61EB3409EA0D388%40AX8BBwA?includeDetails=true → 200 (tokens: 832, 391ms, cid=51f18de5-353a-4095-ad65-f70f2d52588e)
[WALMART][STORE1] GET /v3/feeds/18C0DAFBEC52510CA61EB3409EA0D388%40AX8BBwA?includeDetails=true → 200 (tokens: 832, 385ms, cid=38813eed-4dda-4a33-ab2c-a1f385240344)
[WALMART][STORE1] GET /v3/feeds/18C0DAFBEC52510CA61EB3409EA0D388%40AX8BBwA?includeDetails=true → 200 (tokens: 832, 436ms, cid=538a505e-ec74-45ff-a144-65311e5d917f)
[WALMART][STORE1] GET /v3/feeds/18C0DAFBEC52510CA61EB3409EA0D388%40AX8BBwA?includeDetails=true → 200 (tokens: 832, 325ms, cid=6b849b74-711f-4dc0-8a47-3321fc4af87a)
[WALMART][STORE1] GET /v3/feeds/18C0DAFBEC52510CA61EB3409EA0D388%40AX8BBwA?includeDetails=true → 200 (tokens: 832, 403ms, cid=3e71bd93-9eeb-4a8d-8f25-dd17cdd68cd3)
[WALMART][STORE1] GET /v3/feeds/18C0DAFBEC52510CA61EB3409EA0D388%40AX8BBwA?includeDetails=true → 200 (tokens: 832, 247ms, cid=6c4e88e3-efab-41b4-87c5-49d4a85b9380)
[WALMART][STORE1] GET /v3/feeds/18C0DAFBEC52510CA61EB3409EA0D388%40AX8BBwA?includeDetails=true → 200 (tokens: 832, 326ms, cid=e7e65148-8013-4951-be1c-b6d47eadb882)
[WALMART][STORE1] GET /v3/feeds/18C0DAFBEC52510CA61EB3409EA0D388%40AX8BBwA?includeDetails=true → 200 (tokens: 832, 457ms, cid=2702311b-d185-4bdb-ad1a-4799f896b0ce)
[WALMART][STORE1] GET /v3/feeds/18C0DAFBEC52510CA61EB3409EA0D388%40AX8BBwA?includeDetails=true → 200 (tokens: 832, 500ms, cid=408e19c0-7aec-4db2-ab28-48bc35941577)
[WALMART][STORE1] GET /v3/feeds/18C0DAFBEC52510CA61EB3409EA0D388%40AX8BBwA?includeDetails=true → 200 (tokens: 832, 236ms, cid=6cfd1594-f7f6-4f28-a326-d87433bcaee2)
[WALMART][STORE1] GET /v3/feeds/18C0DAFBEC52510CA61EB3409EA0D388%40AX8BBwA?includeDetails=true → 200 (tokens: 832, 394ms, cid=bf4b5b69-8fcd-403a-84ef-a9a47dde7fba)
[WALMART][STORE1] GET /v3/feeds/18C0DAFBEC52510CA61EB3409EA0D388%40AX8BBwA?includeDetails=true → 200 (tokens: 832, 250ms, cid=af5eabc0-4d50-47be-b2d4-46b576c85bc1)
[WALMART][STORE1] GET /v3/feeds/18C0DAFBEC52510CA61EB3409EA0D388%40AX8BBwA?includeDetails=true → 200 (tokens: 832, 391ms, cid=68eacb16-efc7-4d64-9ddb-009b47c402b9)
[WALMART][STORE1] GET /v3/feeds/18C0DAFBEC52510CA61EB3409EA0D388%40AX8BBwA?includeDetails=true → 200 (tokens: 832, 376ms, cid=f05103d6-ad89-46a9-9c41-6cc272ebbf7d)
[WALMART][STORE1] GET /v3/feeds/18C0DAFBEC52510CA61EB3409EA0D388%40AX8BBwA?includeDetails=true → 200 (tokens: 832, 516ms, cid=b324319d-1db6-44cb-9564-584d72d38510)
[WALMART][STORE1] GET /v3/feeds/18C0DAFBEC52510CA61EB3409EA0D388%40AX8BBwA?includeDetails=true → 200 (tokens: 832, 414ms, cid=d6529092-d471-494a-b0b5-cf6d89caca05)
[WALMART][STORE1] GET /v3/feeds/18C0DAFBEC52510CA61EB3409EA0D388%40AX8BBwA?includeDetails=true → 200 (tokens: 832, 407ms, cid=18652e0a-68a8-4d43-bfd6-a61a77be9e95)
[WALMART][STORE1] GET /v3/feeds/18C0DAFBEC52510CA61EB3409EA0D388%40AX8BBwA?includeDetails=true → 200 (tokens: 832, 230ms, cid=ed307df8-ebd3-442d-932a-82d0262110f2)
[WALMART][STORE1] GET /v3/feeds/18C0DAFBEC52510CA61EB3409EA0D388%40AX8BBwA?includeDetails=true → 200 (tokens: 832, 394ms, cid=ec3ef35c-6093-4350-8013-fe17d376dff5)
[WALMART][STORE1] GET /v3/feeds/18C0DAFBEC52510CA61EB3409EA0D388%40AX8BBwA?includeDetails=true → 200 (tokens: 832, 376ms, cid=bdc06edf-a1d5-4645-b80b-6a017ef081f5)
[WALMART][STORE1] GET /v3/feeds/18C0DAFBEC52510CA61EB3409EA0D388%40AX8BBwA?includeDetails=true → 200 (tokens: 832, 402ms, cid=5804bf67-0f99-4ff7-b464-ca507ddcab81)
[WALMART][STORE1] GET /v3/feeds/18C0DAFBEC52510CA61EB3409EA0D388%40AX8BBwA?includeDetails=true → 200 (tokens: 832, 336ms, cid=b9817c88-7f37-4b5b-9e20-47ae5cb05468)
[WALMART][STORE1] GET /v3/feeds/18C0DAFBEC52510CA61EB3409EA0D388%40AX8BBwA?includeDetails=true → 200 (tokens: 832, 463ms, cid=b46518a6-a8a9-42a2-8d1d-f49b7acf4319)
[WALMART][STORE1] GET /v3/feeds/18C0DAFBEC52510CA61EB3409EA0D388%40AX8BBwA?includeDetails=true → 200 (tokens: 832, 418ms, cid=3afbc488-05a0-4ff9-b446-3a53b05d1bae)
[WALMART][STORE1] GET /v3/feeds/18C0DAFBEC52510CA61EB3409EA0D388%40AX8BBwA?includeDetails=true → 200 (tokens: 832, 219ms, cid=8aff0d06-ca85-42ac-bd54-2c8bea2d8b61)
[WALMART][STORE1] GET /v3/feeds/18C0DAFBEC52510CA61EB3409EA0D388%40AX8BBwA?includeDetails=true → 200 (tokens: 832, 398ms, cid=17d72f12-c2c2-4961-9aab-390741761229)
[WALMART][STORE1] token issued, expires at 2026-07-10T07:12:09.195Z
[WALMART][STORE1] GET /v3/feeds/18C0DAFBEC52510CA61EB3409EA0D388%40AX8BBwA?includeDetails=true → 200 (tokens: 832, 422ms, cid=0eb80694-a07c-493c-be7b-8d7ea2c49e8d)
[WALMART][STORE1] GET /v3/feeds/18C0DAFBEC52510CA61EB3409EA0D388%40AX8BBwA?includeDetails=true → 200 (tokens: 832, 239ms, cid=961ed7e5-831b-4d58-99d9-539b10fd95ca)
[WALMART][STORE1] GET /v3/feeds/18C0DAFBEC52510CA61EB3409EA0D388%40AX8BBwA?includeDetails=true → 200 (tokens: 832, 366ms, cid=e221c02d-4499-44af-ad3e-fbb513b6f3ea)
[WALMART][STORE1] GET /v3/feeds/18C0DAFBEC52510CA61EB3409EA0D388%40AX8BBwA?includeDetails=true → 200 (tokens: 832, 302ms, cid=af282fd5-b689-4124-ade2-74e78d58596b)
[WALMART][STORE1] GET /v3/feeds/18C0DAFBEC52510CA61EB3409EA0D388%40AX8BBwA?includeDetails=true → 200 (tokens: 832, 313ms, cid=c036e581-3b6b-412b-8320-123ceee8d3e7)
[WALMART][STORE1] GET /v3/feeds/18C0DAFBEC52510CA61EB3409EA0D388%40AX8BBwA?includeDetails=true → 200 (tokens: 832, 338ms, cid=785f9766-e711-4f71-9527-ae6ca99ea059)
[WALMART][STORE1] GET /v3/feeds/18C0DAFBEC52510CA61EB3409EA0D388%40AX8BBwA?includeDetails=true → 200 (tokens: 832, 264ms, cid=cb5412d2-25a5-4868-8d85-40c17f2b526a)
[WALMART][STORE1] GET /v3/feeds/18C0DAFBEC52510CA61EB3409EA0D388%40AX8BBwA?includeDetails=true → 200 (tokens: 832, 416ms, cid=7b29a6a1-5c41-4a98-b2f6-c87f9de4e353)
[WALMART][STORE1] GET /v3/feeds/18C0DAFBEC52510CA61EB3409EA0D388%40AX8BBwA?includeDetails=true → 200 (tokens: 832, 366ms, cid=0a536ec4-4037-4ebf-ac1b-52be4c45570d)
[WALMART][STORE1] GET /v3/feeds/18C0DAFBEC52510CA61EB3409EA0D388%40AX8BBwA?includeDetails=true → 200 (tokens: 832, 453ms, cid=2f28dfec-68f5-4e97-a908-598bb63bc50e)
[WALMART][STORE1] GET /v3/feeds/18C0DAFBEC52510CA61EB3409EA0D388%40AX8BBwA?includeDetails=true → 200 (tokens: 832, 337ms, cid=4839b4c9-1cf2-47d3-8fdb-a9739f312e71)
[WALMART][STORE1] GET /v3/feeds/18C0DAFBEC52510CA61EB3409EA0D388%40AX8BBwA?includeDetails=true → 200 (tokens: 832, 436ms, cid=392af1ea-a2c2-4b7e-99c6-928e8497defa)
[WALMART][STORE1] GET /v3/feeds/18C0DAFBEC52510CA61EB3409EA0D388%40AX8BBwA?includeDetails=true → 200 (tokens: 832, 347ms, cid=86aeef78-8323-47a2-bf93-ba0b5a972335)
[WALMART][STORE1] GET /v3/feeds/18C0DAFBEC52510CA61EB3409EA0D388%40AX8BBwA?includeDetails=true → 200 (tokens: 832, 373ms, cid=7d4515e8-789c-4faa-be6c-2d8e880d83eb)
[WALMART][STORE1] GET /v3/feeds/18C0DAFBEC52510CA61EB3409EA0D388%40AX8BBwA?includeDetails=true → 200 (tokens: 832, 589ms, cid=d6a89768-9671-467d-a610-127422824b3c)
[WALMART][STORE1] GET /v3/feeds/18C0DAFBEC52510CA61EB3409EA0D388%40AX8BBwA?includeDetails=true → 200 (tokens: 832, 376ms, cid=cd8aa2b9-7ff9-44ce-b621-fb7b8030d482)
[WALMART][STORE1] GET /v3/feeds/18C0DAFBEC52510CA61EB3409EA0D388%40AX8BBwA?includeDetails=true → 200 (tokens: 832, 253ms, cid=46cdfc09-6b56-45b7-bf21-bb08b6739798)
[WALMART][STORE1] GET /v3/feeds/18C0DAFBEC52510CA61EB3409EA0D388%40AX8BBwA?includeDetails=true → 200 (tokens: 832, 590ms, cid=ee529610-a9ea-4f92-9c33-08588f73ec2a)
[WALMART][STORE1] GET /v3/feeds/18C0DAFBEC52510CA61EB3409EA0D388%40AX8BBwA?includeDetails=true → 200 (tokens: 832, 384ms, cid=de9c3d47-0308-453c-a55a-18a1f77092e8)
[WALMART][STORE1] GET /v3/feeds/18C0DAFBEC52510CA61EB3409EA0D388%40AX8BBwA?includeDetails=true → 200 (tokens: 832, 436ms, cid=a3dd5bab-e370-426e-bfcd-737ef98c6356)
[WALMART][STORE1] GET /v3/feeds/18C0DAFBEC52510CA61EB3409EA0D388%40AX8BBwA?includeDetails=true → 200 (tokens: 832, 328ms, cid=445682f7-8da2-4fb0-bc74-4d992233f092)
[WALMART][STORE1] GET /v3/feeds/18C0DAFBEC52510CA61EB3409EA0D388%40AX8BBwA?includeDetails=true → 200 (tokens: 832, 353ms, cid=9e041ce8-b396-4cd7-821a-11243781d0ca)
[WALMART][STORE1] GET /v3/feeds/18C0DAFBEC52510CA61EB3409EA0D388%40AX8BBwA?includeDetails=true → 200 (tokens: 832, 307ms, cid=66d47dd1-a969-4cf1-a2ba-49c26f0376aa)
[WALMART][STORE1] GET /v3/feeds/18C0DAFBEC52510CA61EB3409EA0D388%40AX8BBwA?includeDetails=true → 200 (tokens: 832, 463ms, cid=ff2b773f-3033-4b86-a252-f5d1b6258f46)
[WALMART][STORE1] GET /v3/feeds/18C0DAFBEC52510CA61EB3409EA0D388%40AX8BBwA?includeDetails=true → 200 (tokens: 832, 225ms, cid=817c78d0-c8dc-4b7c-8187-d8fdcdfd9525)
[WALMART][STORE1] GET /v3/feeds/18C0DAFBEC52510CA61EB3409EA0D388%40AX8BBwA?includeDetails=true → 200 (tokens: 832, 245ms, cid=61ad185a-f02d-47fe-a557-c6cb78dd534d)
[WALMART][STORE1] GET /v3/feeds/18C0DAFBEC52510CA61EB3409EA0D388%40AX8BBwA?includeDetails=true → 200 (tokens: 832, 472ms, cid=1aa0a209-2287-4a64-9064-d6e5beaa83e3)
[WALMART][STORE1] GET /v3/feeds/18C0DAFBEC52510CA61EB3409EA0D388%40AX8BBwA?includeDetails=true → 200 (tokens: 832, 565ms, cid=bfa79860-a984-47e0-975e-08cdee15c5ef)
[WALMART][STORE1] GET /v3/feeds/18C0DAFBEC52510CA61EB3409EA0D388%40AX8BBwA?includeDetails=true → 200 (tokens: 832, 457ms, cid=1aae6d91-ff65-4858-b8fc-5fe2f82f58b2)
[WALMART][STORE1] GET /v3/feeds/18C0DAFBEC52510CA61EB3409EA0D388%40AX8BBwA?includeDetails=true → 200 (tokens: 832, 238ms, cid=f1d9ed62-a2cf-45f9-8aa5-bdc839949ebc)
  batch 3/3: INPROGRESS at budget — marked submitted

=== PUBLISH_GEN cumulative === applied 725 · qarth 69 · failed 0 · submitted 144 · post_failed 0 · build_skip 2
