GEN_OK ready 10

[WALMART][STORE1] token issued, expires at 2026-07-10T03:06:05.788Z
[WALMART][STORE1] GET /v3/items/FaisalX-3711 → 200 (tokens: 149, 844ms, cid=e638c6c7-b091-46ea-9bae-d7f8a9b71352)
[WALMART][STORE1] GET /v3/items/FaisalX-3583 → 200 (tokens: 149, 489ms, cid=a9a4f443-83ed-46fc-9425-c723dbc65943)
[WALMART][STORE1] GET /v3/items/FaisalX-3396 → 200 (tokens: 149, 446ms, cid=7ed04866-5664-4375-a8cb-dbe4c86aec74)
[WALMART][STORE1] GET /v3/items/FaisalX-3443 → 200 (tokens: 149, 457ms, cid=ce8c0a55-bef0-4fda-ab6e-6f10b0b8bf4a)
[WALMART][STORE1] GET /v3/items/FaisalX-3426 → 200 (tokens: 149, 541ms, cid=e7f8c12b-3efc-42b9-b241-7b28e70f0341)
[WALMART][STORE1] GET /v3/items/FaisalX-3422 → 200 (tokens: 149, 540ms, cid=572f065b-7896-4982-9d24-480c30b4fa7f)
[WALMART][STORE1] GET /v3/items/FaisalX-3442 → 200 (tokens: 149, 549ms, cid=ae52b92e-6f2e-4bd5-93ac-6e92ebe9d5f5)
[WALMART][STORE1] GET /v3/items/FaisalX-3534 → 200 (tokens: 149, 522ms, cid=6ff2c615-e269-401b-aaed-34b574f7b7ef)
[WALMART][STORE1] GET /v3/items/FaisalX-3500 → 200 (tokens: 149, 504ms, cid=f5a9a9a5-0b11-4c2f-b4e5-cb85b8c3e0c1)
[WALMART][STORE1] GET /v3/items/FaisalX-3494 → 200 (tokens: 149, 504ms, cid=25bf3543-8217-45d8-8a04-0cb51093ae70)
built 10 MPItems

[WALMART][STORE1] POST /v3/feeds?feedType=MP_MAINTENANCE → 200 (tokens: 9, 271ms, cid=8e6fbd4e-4343-49ec-8660-d161ee1165bb)
  batch 1/1: feed 18C0CDFB3E065C5A… (10) draining…
[WALMART][STORE1] GET /v3/feeds/18C0CDFB3E065C5A8D865F673527B725%40AX8BBgA?includeDetails=true → 200 (tokens: 832, 498ms, cid=c4b12ffe-8b12-421f-b0b9-3714194fd964)
[WALMART][STORE1] GET /v3/feeds/18C0CDFB3E065C5A8D865F673527B725%40AX8BBgA?includeDetails=true → 200 (tokens: 832, 321ms, cid=190107c0-a794-4301-8493-1abdf1ce5cd2)
[WALMART][STORE1] GET /v3/feeds/18C0CDFB3E065C5A8D865F673527B725%40AX8BBgA?includeDetails=true → 200 (tokens: 832, 465ms, cid=249cafa8-b1ad-449c-a12d-8c4771186508)
[WALMART][STORE1] GET /v3/feeds/18C0CDFB3E065C5A8D865F673527B725%40AX8BBgA?includeDetails=true → 200 (tokens: 832, 239ms, cid=504b4a13-381d-42c2-a194-52229a401ce8)
[WALMART][STORE1] GET /v3/feeds/18C0CDFB3E065C5A8D865F673527B725%40AX8BBgA?includeDetails=true → 200 (tokens: 832, 350ms, cid=bf9a8955-a463-4e1d-a05e-7600a328ee35)
[WALMART][STORE1] GET /v3/feeds/18C0CDFB3E065C5A8D865F673527B725%40AX8BBgA?includeDetails=true → 200 (tokens: 832, 402ms, cid=ca2a2fb3-ed7d-4e5c-b0f5-3b96ed29c12e)
[WALMART][STORE1] GET /v3/feeds/18C0CDFB3E065C5A8D865F673527B725%40AX8BBgA?includeDetails=true → 200 (tokens: 832, 522ms, cid=f53f36ed-9f5c-484f-b90a-329be1de0bd8)
[WALMART][STORE1] GET /v3/feeds/18C0CDFB3E065C5A8D865F673527B725%40AX8BBgA?includeDetails=true → 200 (tokens: 832, 494ms, cid=438b4679-0005-4712-96c5-ccb45b5af944)
[WALMART][STORE1] GET /v3/feeds/18C0CDFB3E065C5A8D865F673527B725%40AX8BBgA?includeDetails=true → 200 (tokens: 832, 417ms, cid=14447553-0dbe-43de-b04e-c91d264d45f1)
[WALMART][STORE1] GET /v3/feeds/18C0CDFB3E065C5A8D865F673527B725%40AX8BBgA?includeDetails=true → 200 (tokens: 832, 436ms, cid=b5f1ad8f-2e16-4922-80c9-cc567f4acbe4)
[WALMART][STORE1] GET /v3/feeds/18C0CDFB3E065C5A8D865F673527B725%40AX8BBgA?includeDetails=true → 200 (tokens: 832, 398ms, cid=ce188f97-8e11-41c9-8624-7a5ae048ce5c)
[WALMART][STORE1] GET /v3/feeds/18C0CDFB3E065C5A8D865F673527B725%40AX8BBgA?includeDetails=true → 200 (tokens: 832, 405ms, cid=5b51d15e-0a7a-4d19-a9aa-0c434c74809b)
[WALMART][STORE1] GET /v3/feeds/18C0CDFB3E065C5A8D865F673527B725%40AX8BBgA?includeDetails=true → 200 (tokens: 832, 391ms, cid=0fcd8e07-18c9-4305-8857-aff645f54099)
[WALMART][STORE1] GET /v3/feeds/18C0CDFB3E065C5A8D865F673527B725%40AX8BBgA?includeDetails=true → 200 (tokens: 832, 384ms, cid=6fe9d611-5d33-4bae-aade-d6a6438ca40c)
[WALMART][STORE1] GET /v3/feeds/18C0CDFB3E065C5A8D865F673527B725%40AX8BBgA?includeDetails=true → 200 (tokens: 832, 409ms, cid=67e00459-5d66-456a-b327-ba66e9d30bfc)
[WALMART][STORE1] GET /v3/feeds/18C0CDFB3E065C5A8D865F673527B725%40AX8BBgA?includeDetails=true → 200 (tokens: 832, 363ms, cid=6cf0f3bc-0927-4138-8ed7-a7a018776baa)
[WALMART][STORE1] GET /v3/feeds/18C0CDFB3E065C5A8D865F673527B725%40AX8BBgA?includeDetails=true → 200 (tokens: 832, 405ms, cid=7abb9024-7893-463e-8d8c-1aa40699298e)
[WALMART][STORE1] GET /v3/feeds/18C0CDFB3E065C5A8D865F673527B725%40AX8BBgA?includeDetails=true → 200 (tokens: 832, 443ms, cid=3f4f9932-a8e5-4ed4-a3c5-4c244e0a0f5d)
[WALMART][STORE1] GET /v3/feeds/18C0CDFB3E065C5A8D865F673527B725%40AX8BBgA?includeDetails=true → 200 (tokens: 832, 374ms, cid=983a2df8-2b95-43a3-83ba-bd41a6962889)
[WALMART][STORE1] GET /v3/feeds/18C0CDFB3E065C5A8D865F673527B725%40AX8BBgA?includeDetails=true → 200 (tokens: 832, 360ms, cid=d382fea2-49c2-4eab-86b8-cd9f1a828048)
[WALMART][STORE1] GET /v3/feeds/18C0CDFB3E065C5A8D865F673527B725%40AX8BBgA?includeDetails=true → 200 (tokens: 832, 225ms, cid=01fe7da2-3a57-4bc8-a6b5-09e65f98c066)
[WALMART][STORE1] GET /v3/feeds/18C0CDFB3E065C5A8D865F673527B725%40AX8BBgA?includeDetails=true → 200 (tokens: 832, 435ms, cid=afeddb84-ad75-40ff-847b-f91d7072db26)
[WALMART][STORE1] GET /v3/feeds/18C0CDFB3E065C5A8D865F673527B725%40AX8BBgA?includeDetails=true → 200 (tokens: 832, 318ms, cid=7539f82b-f1ec-45f9-8f7b-eadcef6f9fc0)
[WALMART][STORE1] GET /v3/feeds/18C0CDFB3E065C5A8D865F673527B725%40AX8BBgA?includeDetails=true → 200 (tokens: 832, 249ms, cid=51a02ee9-a178-48ed-b46a-9326bed158a6)
[WALMART][STORE1] GET /v3/feeds/18C0CDFB3E065C5A8D865F673527B725%40AX8BBgA?includeDetails=true → 200 (tokens: 832, 394ms, cid=7f13264d-e761-487b-9405-038d615a9484)
[WALMART][STORE1] GET /v3/feeds/18C0CDFB3E065C5A8D865F673527B725%40AX8BBgA?includeDetails=true → 200 (tokens: 832, 231ms, cid=64ebf7da-c261-4e6e-a84e-d8c3521148ba)
[WALMART][STORE1] GET /v3/feeds/18C0CDFB3E065C5A8D865F673527B725%40AX8BBgA?includeDetails=true → 200 (tokens: 832, 336ms, cid=9cd778cd-4b76-44f8-bed3-bb5091e37142)
[WALMART][STORE1] GET /v3/feeds/18C0CDFB3E065C5A8D865F673527B725%40AX8BBgA?includeDetails=true → 200 (tokens: 832, 511ms, cid=bb1311d3-63ce-451c-993d-b3784e07fc6b)
[WALMART][STORE1] GET /v3/feeds/18C0CDFB3E065C5A8D865F673527B725%40AX8BBgA?includeDetails=true → 200 (tokens: 832, 834ms, cid=06e70c14-9f1e-4b4e-942b-78768832108c)
[WALMART][STORE1] GET /v3/feeds/18C0CDFB3E065C5A8D865F673527B725%40AX8BBgA?includeDetails=true → 200 (tokens: 832, 493ms, cid=36f8ea0e-5ec0-48b5-98cc-c3d79c2da810)
[WALMART][STORE1] GET /v3/feeds/18C0CDFB3E065C5A8D865F673527B725%40AX8BBgA?includeDetails=true → 200 (tokens: 832, 657ms, cid=95d2b6f3-8106-4bdc-810e-737afaaa48d6)
[WALMART][STORE1] GET /v3/feeds/18C0CDFB3E065C5A8D865F673527B725%40AX8BBgA?includeDetails=true → 200 (tokens: 832, 452ms, cid=0ece6cae-aec5-47ef-b408-741b3df549f8)
[WALMART][STORE1] GET /v3/feeds/18C0CDFB3E065C5A8D865F673527B725%40AX8BBgA?includeDetails=true → 200 (tokens: 832, 751ms, cid=a525f30e-a53b-4e42-9cda-893b972cbc68)
[WALMART][STORE1] GET /v3/feeds/18C0CDFB3E065C5A8D865F673527B725%40AX8BBgA?includeDetails=true → 200 (tokens: 832, 498ms, cid=6280bf4b-cf4a-4157-b971-28220954e2a4)
[WALMART][STORE1] GET /v3/feeds/18C0CDFB3E065C5A8D865F673527B725%40AX8BBgA?includeDetails=true → 200 (tokens: 832, 266ms, cid=01047716-1734-482c-947c-56a7196126bb)
[WALMART][STORE1] GET /v3/feeds/18C0CDFB3E065C5A8D865F673527B725%40AX8BBgA?includeDetails=true → 200 (tokens: 832, 257ms, cid=bf03a0bb-df41-49ef-97cf-89c565eeeca9)
[WALMART][STORE1] GET /v3/feeds/18C0CDFB3E065C5A8D865F673527B725%40AX8BBgA?includeDetails=true → 200 (tokens: 832, 350ms, cid=6cad530e-9c27-4447-9c30-578ef7ea5382)
[WALMART][STORE1] GET /v3/feeds/18C0CDFB3E065C5A8D865F673527B725%40AX8BBgA?includeDetails=true → 200 (tokens: 832, 255ms, cid=179d3710-539f-49f0-80e2-e842616403b6)
[WALMART][STORE1] GET /v3/feeds/18C0CDFB3E065C5A8D865F673527B725%40AX8BBgA?includeDetails=true → 200 (tokens: 832, 428ms, cid=94511618-8a87-47f5-80a8-dee985eec3ce)
[WALMART][STORE1] GET /v3/feeds/18C0CDFB3E065C5A8D865F673527B725%40AX8BBgA?includeDetails=true → 200 (tokens: 832, 349ms, cid=85360036-baa1-4e56-929a-996f914c390f)
[WALMART][STORE1] GET /v3/feeds/18C0CDFB3E065C5A8D865F673527B725%40AX8BBgA?includeDetails=true → 200 (tokens: 832, 474ms, cid=5b420b46-dde5-4ef9-9e2b-cba8287c0059)
[WALMART][STORE1] GET /v3/feeds/18C0CDFB3E065C5A8D865F673527B725%40AX8BBgA?includeDetails=true → 200 (tokens: 832, 439ms, cid=991e28ce-2716-43c0-8ecb-fb140abd7d84)
[WALMART][STORE1] GET /v3/feeds/18C0CDFB3E065C5A8D865F673527B725%40AX8BBgA?includeDetails=true → 200 (tokens: 832, 344ms, cid=86e84c74-1a1d-42b4-b221-a2e6c3b9d7a4)
[WALMART][STORE1] GET /v3/feeds/18C0CDFB3E065C5A8D865F673527B725%40AX8BBgA?includeDetails=true → 200 (tokens: 832, 425ms, cid=3c632123-f400-46ba-aa65-491d37bb0b00)
[WALMART][STORE1] GET /v3/feeds/18C0CDFB3E065C5A8D865F673527B725%40AX8BBgA?includeDetails=true → 200 (tokens: 832, 339ms, cid=a17cc072-cd44-4c9a-9766-137dcd5f43f1)
[WALMART][STORE1] GET /v3/feeds/18C0CDFB3E065C5A8D865F673527B725%40AX8BBgA?includeDetails=true → 200 (tokens: 832, 517ms, cid=cabe0345-df22-474c-a73c-7f1063cd3182)
[WALMART][STORE1] GET /v3/feeds/18C0CDFB3E065C5A8D865F673527B725%40AX8BBgA?includeDetails=true → 200 (tokens: 832, 300ms, cid=d3747a98-0aea-4532-9fbe-16ea742416eb)
[WALMART][STORE1] GET /v3/feeds/18C0CDFB3E065C5A8D865F673527B725%40AX8BBgA?includeDetails=true → 200 (tokens: 832, 328ms, cid=a6071532-d15e-449d-ad40-273bedb65cfa)
[WALMART][STORE1] GET /v3/feeds/18C0CDFB3E065C5A8D865F673527B725%40AX8BBgA?includeDetails=true → 200 (tokens: 832, 434ms, cid=4d4064ea-4520-4399-aabe-d061dfe9ca5f)
[WALMART][STORE1] GET /v3/feeds/18C0CDFB3E065C5A8D865F673527B725%40AX8BBgA?includeDetails=true → 200 (tokens: 832, 684ms, cid=a834c0eb-fc08-4253-9156-af406725ef8d)
[WALMART][STORE1] token issued, expires at 2026-07-10T03:19:17.622Z
[WALMART][STORE1] GET /v3/feeds/18C0CDFB3E065C5A8D865F673527B725%40AX8BBgA?includeDetails=true → 200 (tokens: 832, 528ms, cid=0d6dba5b-e4b0-4803-b716-8abe182f7000)
[WALMART][STORE1] GET /v3/feeds/18C0CDFB3E065C5A8D865F673527B725%40AX8BBgA?includeDetails=true → 200 (tokens: 832, 659ms, cid=f2b97c59-3035-4388-afc3-b1346f2f4b6c)
[WALMART][STORE1] GET /v3/feeds/18C0CDFB3E065C5A8D865F673527B725%40AX8BBgA?includeDetails=true → 200 (tokens: 832, 411ms, cid=8663cfab-0d84-4d37-90c2-55fdaf7ef291)
[WALMART][STORE1] GET /v3/feeds/18C0CDFB3E065C5A8D865F673527B725%40AX8BBgA?includeDetails=true → 200 (tokens: 832, 474ms, cid=d83367f9-cedc-47d4-a93c-25f45e89e5cd)
[WALMART][STORE1] GET /v3/feeds/18C0CDFB3E065C5A8D865F673527B725%40AX8BBgA?includeDetails=true → 200 (tokens: 832, 304ms, cid=e3538414-e834-43f7-80b8-ddbe95e65d13)
[WALMART][STORE1] GET /v3/feeds/18C0CDFB3E065C5A8D865F673527B725%40AX8BBgA?includeDetails=true → 200 (tokens: 832, 488ms, cid=8e1e9c39-46ac-4f78-a64d-630636d0d58b)
[WALMART][STORE1] GET /v3/feeds/18C0CDFB3E065C5A8D865F673527B725%40AX8BBgA?includeDetails=true → 200 (tokens: 832, 270ms, cid=fe654695-0002-45b5-8c87-6b2b33280daa)
[WALMART][STORE1] GET /v3/feeds/18C0CDFB3E065C5A8D865F673527B725%40AX8BBgA?includeDetails=true → 200 (tokens: 832, 331ms, cid=4805df57-baf2-4892-8b3c-12bf4d32f544)
[WALMART][STORE1] GET /v3/feeds/18C0CDFB3E065C5A8D865F673527B725%40AX8BBgA?includeDetails=true → 200 (tokens: 832, 456ms, cid=621335a4-5562-493d-ba24-827861ea3900)
  batch 1/1: INPROGRESS at budget — marked submitted

=== PUBLISH_FIX cumulative === applied 2 · qarth 0 · failed 0 · submitted 88 · post_failed 0 · build_skip 0
